TpTrace Verbose: 0 : 19380, 1, 2023/02/14, 20:56:49.890, 8492759243678, vstest.console.dll, Version: 16.8.3
TpTrace Information: 0 : 19380, 1, 2023/02/14, 20:56:49.958, 8492759779752, vstest.console.dll, FilePatternParser: The given file C:\Users\MonPC\source\repos\allopromo\__tests\allopromo.IntegrationTests\bin\Release\net5.0\fine-code-coverage\build-output\allopromo.IntegrationTests.dll is a full path.
TpTrace Verbose: 0 : 19380, 1, 2023/02/14, 20:56:49.999, 8492760191826, vstest.console.dll, TestPluginCache.DiscoverTestExtensions: finding test extensions in assemblies ends with: RuntimeProvider.dll TPluginInfo: Microsoft.VisualStudio.TestPlatform.Common.ExtensionFramework.Utilities.TestRuntimePluginInformation TExtension: Microsoft.VisualStudio.TestPlatform.ObjectModel.Host.ITestRuntimeProvider
TpTrace Verbose: 0 : 19380, 1, 2023/02/14, 20:56:50.001, 8492760209006, vstest.console.dll, TestPluginCache.GetExtensionPaths: Filtered extension paths: 
TpTrace Verbose: 0 : 19380, 1, 2023/02/14, 20:56:50.001, 8492760213682, vstest.console.dll, TestPluginCache.GetExtensionPaths: Added default extension paths: C:\Program Files\dotnet\sdk\5.0.103\Extensions\Microsoft.Diagnostics.NETCore.Client.dll
C:\Program Files\dotnet\sdk\5.0.103\Extensions\Microsoft.TestPlatform.Extensions.BlameDataCollector.dll
C:\Program Files\dotnet\sdk\5.0.103\Extensions\Microsoft.TestPlatform.Extensions.EventLogCollector.dll
C:\Program Files\dotnet\sdk\5.0.103\Extensions\Microsoft.TestPlatform.TestHostRuntimeProvider.dll
C:\Program Files\dotnet\sdk\5.0.103\Extensions\Microsoft.VisualStudio.TestPlatform.Extensions.Html.TestLogger.dll
C:\Program Files\dotnet\sdk\5.0.103\Extensions\Microsoft.VisualStudio.TestPlatform.Extensions.Trx.TestLogger.dll
TpTrace Verbose: 0 : 19380, 1, 2023/02/14, 20:56:50.001, 8492760216041, vstest.console.dll, TestPluginCache.GetExtensionPaths: Added unfilterableExtensionPaths: 
TpTrace Information: 0 : 19380, 1, 2023/02/14, 20:56:50.005, 8492760251765, vstest.console.dll, AssemblyResolver.ctor: Creating AssemblyResolver with searchDirectories C:\Program Files\dotnet\sdk\5.0.103\Extensions,C:\Program Files\dotnet\sdk\5.0.103
TpTrace Verbose: 0 : 19380, 1, 2023/02/14, 20:56:50.010, 8492760300971, vstest.console.dll, TestPluginCache.DiscoverTestExtensions: Discovering the extensions using extension path.
TpTrace Verbose: 0 : 19380, 1, 2023/02/14, 20:56:50.010, 8492760307022, vstest.console.dll, TestPluginCache.GetExtensionPaths: Filtered extension paths: 
TpTrace Verbose: 0 : 19380, 1, 2023/02/14, 20:56:50.011, 8492760310178, vstest.console.dll, TestPluginCache.GetExtensionPaths: Added default extension paths: C:\Program Files\dotnet\sdk\5.0.103\Extensions\Microsoft.Diagnostics.NETCore.Client.dll
C:\Program Files\dotnet\sdk\5.0.103\Extensions\Microsoft.TestPlatform.Extensions.BlameDataCollector.dll
C:\Program Files\dotnet\sdk\5.0.103\Extensions\Microsoft.TestPlatform.Extensions.EventLogCollector.dll
C:\Program Files\dotnet\sdk\5.0.103\Extensions\Microsoft.TestPlatform.TestHostRuntimeProvider.dll
C:\Program Files\dotnet\sdk\5.0.103\Extensions\Microsoft.VisualStudio.TestPlatform.Extensions.Html.TestLogger.dll
C:\Program Files\dotnet\sdk\5.0.103\Extensions\Microsoft.VisualStudio.TestPlatform.Extensions.Trx.TestLogger.dll
TpTrace Verbose: 0 : 19380, 1, 2023/02/14, 20:56:50.011, 8492760312498, vstest.console.dll, TestPluginCache.GetExtensionPaths: Added unfilterableExtensionPaths: 
TpTrace Verbose: 0 : 19380, 1, 2023/02/14, 20:56:50.011, 8492760316672, vstest.console.dll, TestPluginCache.DiscoverTestExtensions: Discovering the extensions using allExtensionPaths: C:\Program Files\dotnet\sdk\5.0.103\Extensions\Microsoft.Diagnostics.NETCore.Client.dll
C:\Program Files\dotnet\sdk\5.0.103\Extensions\Microsoft.TestPlatform.Extensions.BlameDataCollector.dll
C:\Program Files\dotnet\sdk\5.0.103\Extensions\Microsoft.TestPlatform.Extensions.EventLogCollector.dll
C:\Program Files\dotnet\sdk\5.0.103\Extensions\Microsoft.TestPlatform.TestHostRuntimeProvider.dll
C:\Program Files\dotnet\sdk\5.0.103\Extensions\Microsoft.VisualStudio.TestPlatform.Extensions.Html.TestLogger.dll
C:\Program Files\dotnet\sdk\5.0.103\Extensions\Microsoft.VisualStudio.TestPlatform.Extensions.Trx.TestLogger.dll
TpTrace Information: 0 : 19380, 1, 2023/02/14, 20:56:50.012, 8492760323679, vstest.console.dll, AssemblyResolver.AddSearchDirectories: Adding more searchDirectories C:\Program Files\dotnet\sdk\5.0.103\Extensions,C:\Program Files\dotnet\sdk\5.0.103
TpTrace Information: 0 : 19380, 1, 2023/02/14, 20:56:50.013, 8492760328259, vstest.console.dll, AssemblyResolver.AddSearchDirectories: Adding more searchDirectories C:\Program Files\dotnet\sdk\5.0.103\Extensions,C:\Program Files\dotnet\sdk\5.0.103
TpTrace Information: 0 : 19380, 1, 2023/02/14, 20:56:50.013, 8492760331302, vstest.console.dll, AssemblyResolver.AddSearchDirectories: Adding more searchDirectories C:\Program Files\dotnet\sdk\5.0.103\Extensions,C:\Program Files\dotnet\sdk\5.0.103
TpTrace Information: 0 : 19380, 1, 2023/02/14, 20:56:50.013, 8492760333562, vstest.console.dll, AssemblyResolver.AddSearchDirectories: Adding more searchDirectories C:\Program Files\dotnet\sdk\5.0.103\Extensions,C:\Program Files\dotnet\sdk\5.0.103
TpTrace Information: 0 : 19380, 1, 2023/02/14, 20:56:50.013, 8492760335606, vstest.console.dll, AssemblyResolver.AddSearchDirectories: Adding more searchDirectories C:\Program Files\dotnet\sdk\5.0.103\Extensions,C:\Program Files\dotnet\sdk\5.0.103
TpTrace Information: 0 : 19380, 1, 2023/02/14, 20:56:50.014, 8492760338058, vstest.console.dll, AssemblyResolver.AddSearchDirectories: Adding more searchDirectories C:\Program Files\dotnet\sdk\5.0.103\Extensions,C:\Program Files\dotnet\sdk\5.0.103
TpTrace Information: 0 : 19380, 1, 2023/02/14, 20:56:50.015, 8492760355493, vstest.console.dll, AssemblyResolver.OnResolve: Microsoft.Diagnostics.NETCore.Client: Resolving assembly.
TpTrace Information: 0 : 19380, 1, 2023/02/14, 20:56:50.019, 8492760396685, vstest.console.dll, AssemblyResolver.OnResolve: Resolved assembly: Microsoft.Diagnostics.NETCore.Client, from path: C:\Program Files\dotnet\sdk\5.0.103\Extensions\Microsoft.Diagnostics.NETCore.Client.dll
TpTrace Information: 0 : 19380, 1, 2023/02/14, 20:56:50.029, 8492760496454, vstest.console.dll, AssemblyResolver.OnResolve: Microsoft.Bcl.AsyncInterfaces: Resolving assembly.
TpTrace Information: 0 : 19380, 1, 2023/02/14, 20:56:50.030, 8492760507055, vstest.console.dll, AssemblyResolver.OnResolve: Microsoft.Bcl.AsyncInterfaces: Failed to load assembly.
TpTrace Verbose: 0 : 19380, 1, 2023/02/14, 20:56:50.031, 8492760510499, vstest.console.dll, CurrentDomain_AssemblyResolve: Resolving assembly 'Microsoft.Bcl.AsyncInterfaces'.
TpTrace Information: 0 : 19380, 1, 2023/02/14, 20:56:50.031, 8492760514053, vstest.console.dll, AssemblyResolver.OnResolve: Microsoft.Bcl.AsyncInterfaces: Resolving assembly.
TpTrace Information: 0 : 19380, 1, 2023/02/14, 20:56:50.031, 8492760516254, vstest.console.dll, AssemblyResolver.OnResolve: Microsoft.Bcl.AsyncInterfaces: Resolved from cache.
TpTrace Verbose: 0 : 19380, 1, 2023/02/14, 20:56:50.032, 8492760518616, vstest.console.dll, CurrentDomain_AssemblyResolve: Resolving assembly 'Microsoft.Bcl.AsyncInterfaces'.
TpTrace Verbose: 0 : 19380, 1, 2023/02/14, 20:56:50.032, 8492760520949, vstest.console.dll, CurrentDomainAssemblyResolve: Failed to resolve assembly 'Microsoft.Bcl.AsyncInterfaces'.
TpTrace Verbose: 0 : 19380, 1, 2023/02/14, 20:56:50.036, 8492760563809, vstest.console.dll, CurrentDomainAssemblyResolve: Failed to resolve assembly 'Microsoft.Bcl.AsyncInterfaces'.
TpTrace Warning: 0 : 19380, 1, 2023/02/14, 20:56:50.130, 8492761506235, vstest.console.dll, TestPluginDiscoverer: Failed to get types from assembly 'Microsoft.Diagnostics.NETCore.Client, Version=0.2.2.41902, Culture=neutral, PublicKeyToken=31bf3856ad364e35'.  Skipping test extension scan for this assembly.  Error: System.Reflection.ReflectionTypeLoadException: Unable to load one or more of the requested types.
Could not load file or assembly 'Microsoft.Bcl.AsyncInterfaces, Version=1.0.0.0, Culture=neutral, PublicKeyToken=cc7b13ffcd2ddd51'. The system cannot find the file specified.
   at System.Reflection.RuntimeModule.GetTypes(RuntimeModule module)
   at System.Reflection.RuntimeModule.GetTypes()
   at System.Reflection.Assembly.GetTypes()
   at Microsoft.VisualStudio.TestPlatform.Common.ExtensionFramework.TestPluginDiscoverer.GetTestExtensionsFromAssembly[TPluginInfo,TExtension](Assembly assembly, Dictionary`2 pluginInfos)
System.IO.FileNotFoundException: Could not load file or assembly 'Microsoft.Bcl.AsyncInterfaces, Version=1.0.0.0, Culture=neutral, PublicKeyToken=cc7b13ffcd2ddd51'. The system cannot find the file specified.
File name: 'Microsoft.Bcl.AsyncInterfaces, Version=1.0.0.0, Culture=neutral, PublicKeyToken=cc7b13ffcd2ddd51'
TpTrace Warning: 0 : 19380, 1, 2023/02/14, 20:56:50.131, 8492761511426, vstest.console.dll, LoaderExceptions: System.IO.FileNotFoundException: Could not load file or assembly 'Microsoft.Bcl.AsyncInterfaces, Version=1.0.0.0, Culture=neutral, PublicKeyToken=cc7b13ffcd2ddd51'. The system cannot find the file specified.
File name: 'Microsoft.Bcl.AsyncInterfaces, Version=1.0.0.0, Culture=neutral, PublicKeyToken=cc7b13ffcd2ddd51'
TpTrace Information: 0 : 19380, 1, 2023/02/14, 20:56:50.131, 8492761516881, vstest.console.dll, AssemblyResolver.OnResolve: Microsoft.TestPlatform.Extensions.BlameDataCollector: Resolving assembly.
TpTrace Information: 0 : 19380, 1, 2023/02/14, 20:56:50.134, 8492761545401, vstest.console.dll, AssemblyResolver.OnResolve: Resolved assembly: Microsoft.TestPlatform.Extensions.BlameDataCollector, from path: C:\Program Files\dotnet\sdk\5.0.103\Extensions\Microsoft.TestPlatform.Extensions.BlameDataCollector.dll
TpTrace Information: 0 : 19380, 1, 2023/02/14, 20:56:50.142, 8492761619232, vstest.console.dll, AssemblyResolver.OnResolve: Microsoft.TestPlatform.Extensions.EventLogCollector: Resolving assembly.
TpTrace Information: 0 : 19380, 1, 2023/02/14, 20:56:50.144, 8492761642360, vstest.console.dll, AssemblyResolver.OnResolve: Resolved assembly: Microsoft.TestPlatform.Extensions.EventLogCollector, from path: C:\Program Files\dotnet\sdk\5.0.103\Extensions\Microsoft.TestPlatform.Extensions.EventLogCollector.dll
TpTrace Information: 0 : 19380, 1, 2023/02/14, 20:56:50.150, 8492761703674, vstest.console.dll, AssemblyResolver.OnResolve: Microsoft.TestPlatform.TestHostRuntimeProvider: Resolving assembly.
TpTrace Information: 0 : 19380, 1, 2023/02/14, 20:56:50.154, 8492761741625, vstest.console.dll, AssemblyResolver.OnResolve: Resolved assembly: Microsoft.TestPlatform.TestHostRuntimeProvider, from path: C:\Program Files\dotnet\sdk\5.0.103\Extensions\Microsoft.TestPlatform.TestHostRuntimeProvider.dll
TpTrace Information: 0 : 19380, 1, 2023/02/14, 20:56:50.162, 8492761821821, vstest.console.dll, AssemblyResolver.OnResolve: Microsoft.VisualStudio.TestPlatform.Extensions.Html.TestLogger: Resolving assembly.
TpTrace Information: 0 : 19380, 1, 2023/02/14, 20:56:50.164, 8492761847141, vstest.console.dll, AssemblyResolver.OnResolve: Resolved assembly: Microsoft.VisualStudio.TestPlatform.Extensions.Html.TestLogger, from path: C:\Program Files\dotnet\sdk\5.0.103\Extensions\Microsoft.VisualStudio.TestPlatform.Extensions.Html.TestLogger.dll
TpTrace Information: 0 : 19380, 1, 2023/02/14, 20:56:50.167, 8492761869706, vstest.console.dll, AssemblyResolver.OnResolve: Microsoft.VisualStudio.TestPlatform.Extensions.Trx.TestLogger: Resolving assembly.
TpTrace Information: 0 : 19380, 1, 2023/02/14, 20:56:50.172, 8492761927007, vstest.console.dll, AssemblyResolver.OnResolve: Resolved assembly: Microsoft.VisualStudio.TestPlatform.Extensions.Trx.TestLogger, from path: C:\Program Files\dotnet\sdk\5.0.103\Extensions\Microsoft.VisualStudio.TestPlatform.Extensions.Trx.TestLogger.dll
TpTrace Verbose: 0 : 19380, 1, 2023/02/14, 20:56:50.179, 8492761990310, vstest.console.dll, TestPluginCache: Discovered the extensions using extension path ''.
TpTrace Verbose: 0 : 19380, 1, 2023/02/14, 20:56:50.179, 8492761993398, vstest.console.dll, TestPluginCache: Discoverers are ''.
TpTrace Verbose: 0 : 19380, 1, 2023/02/14, 20:56:50.179, 8492761995424, vstest.console.dll, TestPluginCache: Executors are ''.
TpTrace Verbose: 0 : 19380, 1, 2023/02/14, 20:56:50.179, 8492761997418, vstest.console.dll, TestPluginCache: Executors2 are ''.
TpTrace Verbose: 0 : 19380, 1, 2023/02/14, 20:56:50.180, 8492761999638, vstest.console.dll, TestPluginCache: Setting providers are ''.
TpTrace Verbose: 0 : 19380, 1, 2023/02/14, 20:56:50.180, 8492762001728, vstest.console.dll, TestPluginCache: Loggers are ''.
TpTrace Information: 0 : 19380, 1, 2023/02/14, 20:56:50.206, 8492762258924, vstest.console.dll, RunTestsArgumentProcessor:Execute: Test run is starting.
TpTrace Verbose: 0 : 19380, 1, 2023/02/14, 20:56:50.206, 8492762262087, vstest.console.dll, RunTestsArgumentProcessor:Execute: Queuing Test run.
TpTrace Information: 0 : 19380, 1, 2023/02/14, 20:56:50.208, 8492762279416, vstest.console.dll, TestRequestManager.RunTests: run tests started.
TpTrace Information: 0 : 19380, 1, 2023/02/14, 20:56:50.224, 8492762444236, vstest.console.dll, AssemblyMetadataProvider.GetFrameWork: Determined framework:'.NETCoreApp,Version=v5.0' for source: 'C:\Users\MonPC\source\repos\allopromo\__tests\allopromo.IntegrationTests\bin\Release\net5.0\fine-code-coverage\build-output\allopromo.IntegrationTests.dll'
TpTrace Information: 0 : 19380, 1, 2023/02/14, 20:56:50.225, 8492762450683, vstest.console.dll, Determined framework for all sources: .NETCoreApp,Version=v5.0
TpTrace Information: 0 : 19380, 1, 2023/02/14, 20:56:50.226, 8492762466824, vstest.console.dll, AssemblyMetadataProvider.GetArchitecture: Determined architecture:AnyCPU info for assembly: C:\Users\MonPC\source\repos\allopromo\__tests\allopromo.IntegrationTests\bin\Release\net5.0\fine-code-coverage\build-output\allopromo.IntegrationTests.dll
TpTrace Information: 0 : 19380, 1, 2023/02/14, 20:56:50.236, 8492762560930, vstest.console.dll, Determined platform for all sources: X64
TpTrace Information: 0 : 19380, 1, 2023/02/14, 20:56:50.248, 8492762680305, vstest.console.dll, Compatible sources list : 
TpTrace Information: 0 : 19380, 1, 2023/02/14, 20:56:50.249, 8492762688474, vstest.console.dll, C:\Users\MonPC\source\repos\allopromo\__tests\allopromo.IntegrationTests\bin\Release\net5.0\fine-code-coverage\build-output\allopromo.IntegrationTests.dll
TpTrace Information: 0 : 19380, 1, 2023/02/14, 20:56:50.257, 8492762771222, vstest.console.dll, InferRunSettingsHelper.IsTestSettingsEnabled: Unable to navigate to RunSettings/MSTest. Current node: RunSettings
TpTrace Information: 0 : 19380, 1, 2023/02/14, 20:56:50.260, 8492762805831, vstest.console.dll, AssemblyResolver.OnResolve: Microsoft.VisualStudio.TestPlatform.Fakes: Resolving assembly.
TpTrace Information: 0 : 19380, 1, 2023/02/14, 20:56:50.263, 8492762834063, vstest.console.dll, AssemblyResolver.OnResolve: Microsoft.VisualStudio.TestPlatform.Fakes: Failed to load assembly.
TpTrace Information: 0 : 19380, 1, 2023/02/14, 20:56:50.265, 8492762853812, vstest.console.dll, Failed to create newly implemented Fakes Configurator. Reason:System.IO.FileNotFoundException: Could not load file or assembly 'Microsoft.VisualStudio.TestPlatform.Fakes, Version=16.0.0.0, Culture=neutral, PublicKeyToken=null'. The system cannot find the file specified.
File name: 'Microsoft.VisualStudio.TestPlatform.Fakes, Version=16.0.0.0, Culture=neutral, PublicKeyToken=null'
   at System.Reflection.RuntimeAssembly.InternalLoad(ObjectHandleOnStack assemblyName, ObjectHandleOnStack requestingAssembly, StackCrawlMarkHandle stackMark, Boolean throwOnFileNotFound, ObjectHandleOnStack assemblyLoadContext, ObjectHandleOnStack retAssembly)
   at System.Reflection.RuntimeAssembly.InternalLoad(AssemblyName assemblyName, RuntimeAssembly requestingAssembly, StackCrawlMark& stackMark, Boolean throwOnFileNotFound, AssemblyLoadContext assemblyLoadContext)
   at System.Reflection.Assembly.Load(String assemblyString)
   at Microsoft.VisualStudio.TestPlatform.Common.Utilities.FakesUtilities.TryGetFakesCrossPlatformDataCollectorConfigurator() 
TpTrace Verbose: 0 : 19380, 1, 2023/02/14, 20:56:50.283, 8492763035649, vstest.console.dll, TestPluginCache.DiscoverTestExtensions: finding test extensions in assemblies ends with: TestLogger.dll TPluginInfo: Microsoft.VisualStudio.TestPlatform.Common.ExtensionFramework.Utilities.TestLoggerPluginInformation TExtension: Microsoft.VisualStudio.TestPlatform.ObjectModel.Client.ITestLogger
TpTrace Verbose: 0 : 19380, 1, 2023/02/14, 20:56:50.284, 8492763039556, vstest.console.dll, TestPluginCache.GetExtensionPaths: Filtered extension paths: 
TpTrace Verbose: 0 : 19380, 1, 2023/02/14, 20:56:50.284, 8492763041572, vstest.console.dll, TestPluginCache.GetExtensionPaths: Added default extension paths: C:\Program Files\dotnet\sdk\5.0.103\Extensions\Microsoft.Diagnostics.NETCore.Client.dll
C:\Program Files\dotnet\sdk\5.0.103\Extensions\Microsoft.TestPlatform.Extensions.BlameDataCollector.dll
C:\Program Files\dotnet\sdk\5.0.103\Extensions\Microsoft.TestPlatform.Extensions.EventLogCollector.dll
C:\Program Files\dotnet\sdk\5.0.103\Extensions\Microsoft.TestPlatform.TestHostRuntimeProvider.dll
C:\Program Files\dotnet\sdk\5.0.103\Extensions\Microsoft.VisualStudio.TestPlatform.Extensions.Html.TestLogger.dll
C:\Program Files\dotnet\sdk\5.0.103\Extensions\Microsoft.VisualStudio.TestPlatform.Extensions.Trx.TestLogger.dll
TpTrace Verbose: 0 : 19380, 1, 2023/02/14, 20:56:50.284, 8492763043863, vstest.console.dll, TestPluginCache.GetExtensionPaths: Added unfilterableExtensionPaths: 
TpTrace Information: 0 : 19380, 1, 2023/02/14, 20:56:50.285, 8492763049871, vstest.console.dll, AssemblyResolver.AddSearchDirectories: Adding more searchDirectories C:\Program Files\dotnet\sdk\5.0.103\Extensions,C:\Program Files\dotnet\sdk\5.0.103
TpTrace Verbose: 0 : 19380, 1, 2023/02/14, 20:56:50.285, 8492763052692, vstest.console.dll, TestPluginCache.DiscoverTestExtensions: Discovering the extensions using extension path.
TpTrace Verbose: 0 : 19380, 1, 2023/02/14, 20:56:50.285, 8492763054497, vstest.console.dll, TestPluginCache.GetExtensionPaths: Filtered extension paths: 
TpTrace Verbose: 0 : 19380, 1, 2023/02/14, 20:56:50.285, 8492763056334, vstest.console.dll, TestPluginCache.GetExtensionPaths: Added default extension paths: C:\Program Files\dotnet\sdk\5.0.103\Extensions\Microsoft.Diagnostics.NETCore.Client.dll
C:\Program Files\dotnet\sdk\5.0.103\Extensions\Microsoft.TestPlatform.Extensions.BlameDataCollector.dll
C:\Program Files\dotnet\sdk\5.0.103\Extensions\Microsoft.TestPlatform.Extensions.EventLogCollector.dll
C:\Program Files\dotnet\sdk\5.0.103\Extensions\Microsoft.TestPlatform.TestHostRuntimeProvider.dll
C:\Program Files\dotnet\sdk\5.0.103\Extensions\Microsoft.VisualStudio.TestPlatform.Extensions.Html.TestLogger.dll
C:\Program Files\dotnet\sdk\5.0.103\Extensions\Microsoft.VisualStudio.TestPlatform.Extensions.Trx.TestLogger.dll
TpTrace Verbose: 0 : 19380, 1, 2023/02/14, 20:56:50.286, 8492763058646, vstest.console.dll, TestPluginCache.GetExtensionPaths: Added unfilterableExtensionPaths: 
TpTrace Verbose: 0 : 19380, 1, 2023/02/14, 20:56:50.286, 8492763060599, vstest.console.dll, TestPluginCache.DiscoverTestExtensions: Discovering the extensions using allExtensionPaths: C:\Program Files\dotnet\sdk\5.0.103\Extensions\Microsoft.Diagnostics.NETCore.Client.dll
C:\Program Files\dotnet\sdk\5.0.103\Extensions\Microsoft.TestPlatform.Extensions.BlameDataCollector.dll
C:\Program Files\dotnet\sdk\5.0.103\Extensions\Microsoft.TestPlatform.Extensions.EventLogCollector.dll
C:\Program Files\dotnet\sdk\5.0.103\Extensions\Microsoft.TestPlatform.TestHostRuntimeProvider.dll
C:\Program Files\dotnet\sdk\5.0.103\Extensions\Microsoft.VisualStudio.TestPlatform.Extensions.Html.TestLogger.dll
C:\Program Files\dotnet\sdk\5.0.103\Extensions\Microsoft.VisualStudio.TestPlatform.Extensions.Trx.TestLogger.dll
TpTrace Information: 0 : 19380, 1, 2023/02/14, 20:56:50.286, 8492763063651, vstest.console.dll, AssemblyResolver.AddSearchDirectories: Adding more searchDirectories C:\Program Files\dotnet\sdk\5.0.103\Extensions,C:\Program Files\dotnet\sdk\5.0.103
TpTrace Information: 0 : 19380, 1, 2023/02/14, 20:56:50.286, 8492763065684, vstest.console.dll, AssemblyResolver.AddSearchDirectories: Adding more searchDirectories C:\Program Files\dotnet\sdk\5.0.103\Extensions,C:\Program Files\dotnet\sdk\5.0.103
TpTrace Information: 0 : 19380, 1, 2023/02/14, 20:56:50.287, 8492763067902, vstest.console.dll, AssemblyResolver.AddSearchDirectories: Adding more searchDirectories C:\Program Files\dotnet\sdk\5.0.103\Extensions,C:\Program Files\dotnet\sdk\5.0.103
TpTrace Information: 0 : 19380, 1, 2023/02/14, 20:56:50.287, 8492763070195, vstest.console.dll, AssemblyResolver.AddSearchDirectories: Adding more searchDirectories C:\Program Files\dotnet\sdk\5.0.103\Extensions,C:\Program Files\dotnet\sdk\5.0.103
TpTrace Information: 0 : 19380, 1, 2023/02/14, 20:56:50.287, 8492763072083, vstest.console.dll, AssemblyResolver.AddSearchDirectories: Adding more searchDirectories C:\Program Files\dotnet\sdk\5.0.103\Extensions,C:\Program Files\dotnet\sdk\5.0.103
TpTrace Information: 0 : 19380, 1, 2023/02/14, 20:56:50.287, 8492763073969, vstest.console.dll, AssemblyResolver.AddSearchDirectories: Adding more searchDirectories C:\Program Files\dotnet\sdk\5.0.103\Extensions,C:\Program Files\dotnet\sdk\5.0.103
TpTrace Information: 0 : 19380, 1, 2023/02/14, 20:56:50.288, 8492763081841, vstest.console.dll, AssemblyResolver.OnResolve: Microsoft.Bcl.AsyncInterfaces: Resolving assembly.
TpTrace Information: 0 : 19380, 1, 2023/02/14, 20:56:50.288, 8492763084618, vstest.console.dll, AssemblyResolver.OnResolve: Microsoft.Bcl.AsyncInterfaces: Resolved from cache.
TpTrace Verbose: 0 : 19380, 1, 2023/02/14, 20:56:50.288, 8492763086826, vstest.console.dll, CurrentDomain_AssemblyResolve: Resolving assembly 'Microsoft.Bcl.AsyncInterfaces'.
TpTrace Information: 0 : 19380, 1, 2023/02/14, 20:56:50.289, 8492763089950, vstest.console.dll, AssemblyResolver.OnResolve: Microsoft.Bcl.AsyncInterfaces: Resolving assembly.
TpTrace Information: 0 : 19380, 1, 2023/02/14, 20:56:50.289, 8492763091730, vstest.console.dll, AssemblyResolver.OnResolve: Microsoft.Bcl.AsyncInterfaces: Resolved from cache.
TpTrace Verbose: 0 : 19380, 1, 2023/02/14, 20:56:50.289, 8492763094327, vstest.console.dll, CurrentDomain_AssemblyResolve: Resolving assembly 'Microsoft.Bcl.AsyncInterfaces'.
TpTrace Verbose: 0 : 19380, 1, 2023/02/14, 20:56:50.289, 8492763096066, vstest.console.dll, CurrentDomainAssemblyResolve: Failed to resolve assembly 'Microsoft.Bcl.AsyncInterfaces'.
TpTrace Verbose: 0 : 19380, 1, 2023/02/14, 20:56:50.290, 8492763102467, vstest.console.dll, CurrentDomainAssemblyResolve: Failed to resolve assembly 'Microsoft.Bcl.AsyncInterfaces'.
TpTrace Warning: 0 : 19380, 1, 2023/02/14, 20:56:50.291, 8492763114201, vstest.console.dll, TestPluginDiscoverer: Failed to get types from assembly 'Microsoft.Diagnostics.NETCore.Client, Version=0.2.2.41902, Culture=neutral, PublicKeyToken=31bf3856ad364e35'.  Skipping test extension scan for this assembly.  Error: System.Reflection.ReflectionTypeLoadException: Unable to load one or more of the requested types.
Could not load file or assembly 'Microsoft.Bcl.AsyncInterfaces, Version=1.0.0.0, Culture=neutral, PublicKeyToken=cc7b13ffcd2ddd51'. The system cannot find the file specified.
   at System.Reflection.RuntimeModule.GetTypes(RuntimeModule module)
   at System.Reflection.RuntimeModule.GetTypes()
   at System.Reflection.Assembly.GetTypes()
   at Microsoft.VisualStudio.TestPlatform.Common.ExtensionFramework.TestPluginDiscoverer.GetTestExtensionsFromAssembly[TPluginInfo,TExtension](Assembly assembly, Dictionary`2 pluginInfos)
System.IO.FileNotFoundException: Could not load file or assembly 'Microsoft.Bcl.AsyncInterfaces, Version=1.0.0.0, Culture=neutral, PublicKeyToken=cc7b13ffcd2ddd51'. The system cannot find the file specified.
File name: 'Microsoft.Bcl.AsyncInterfaces, Version=1.0.0.0, Culture=neutral, PublicKeyToken=cc7b13ffcd2ddd51'
TpTrace Warning: 0 : 19380, 1, 2023/02/14, 20:56:50.291, 8492763117097, vstest.console.dll, LoaderExceptions: System.IO.FileNotFoundException: Could not load file or assembly 'Microsoft.Bcl.AsyncInterfaces, Version=1.0.0.0, Culture=neutral, PublicKeyToken=cc7b13ffcd2ddd51'. The system cannot find the file specified.
File name: 'Microsoft.Bcl.AsyncInterfaces, Version=1.0.0.0, Culture=neutral, PublicKeyToken=cc7b13ffcd2ddd51'
TpTrace Verbose: 0 : 19380, 1, 2023/02/14, 20:56:50.293, 8492763133330, vstest.console.dll, TestPluginCache: Discovered the extensions using extension path ''.
TpTrace Verbose: 0 : 19380, 1, 2023/02/14, 20:56:50.293, 8492763136637, vstest.console.dll, TestPluginCache: Discoverers are ''.
TpTrace Verbose: 0 : 19380, 1, 2023/02/14, 20:56:50.294, 8492763139030, vstest.console.dll, TestPluginCache: Executors are ''.
TpTrace Verbose: 0 : 19380, 1, 2023/02/14, 20:56:50.294, 8492763140969, vstest.console.dll, TestPluginCache: Executors2 are ''.
TpTrace Verbose: 0 : 19380, 1, 2023/02/14, 20:56:50.294, 8492763142835, vstest.console.dll, TestPluginCache: Setting providers are ''.
TpTrace Verbose: 0 : 19380, 1, 2023/02/14, 20:56:50.295, 8492763150012, vstest.console.dll, TestPluginCache: Loggers are 'logger://Microsoft/TestPlatform/Extensions/Blame/v1,logger://Microsoft/TestPlatform/HtmlLogger/v1,logger://Microsoft/TestPlatform/TrxLogger/v1'.
TpTrace Information: 0 : 19380, 1, 2023/02/14, 20:56:50.298, 8492763182955, vstest.console.dll, TestPluginManager.CreateTestExtension: Attempting to load test extension: Microsoft.TestPlatform.Extensions.BlameDataCollector.BlameLogger
TpTrace Information: 0 : 19380, 1, 2023/02/14, 20:56:50.338, 8492763582458, vstest.console.dll, TestPluginManager.CreateTestExtension: Attempting to load test extension: Microsoft.VisualStudio.TestPlatform.CrossPlatEngine.Hosting.DefaultTestHostManager
TpTrace Information: 0 : 19380, 1, 2023/02/14, 20:56:50.339, 8492763595130, vstest.console.dll, TestPluginManager.CreateTestExtension: Attempting to load test extension: Microsoft.VisualStudio.TestPlatform.CrossPlatEngine.Hosting.DotnetTestHostManager
TpTrace Verbose: 0 : 19380, 1, 2023/02/14, 20:56:50.343, 8492763631568, vstest.console.dll, TestEngine: Initializing Parallel Execution as MaxCpuCount is set to: 1
TpTrace Information: 0 : 19380, 1, 2023/02/14, 20:56:50.345, 8492763653887, vstest.console.dll, InferRunSettingsHelper.IsTestSettingsEnabled: Unable to navigate to RunSettings/MSTest. Current node: RunSettings
TpTrace Verbose: 0 : 19380, 1, 2023/02/14, 20:56:50.397, 8492764168008, vstest.console.dll, TestRequestSender is acting as server
TpTrace Verbose: 0 : 19380, 4, 2023/02/14, 20:56:50.413, 8492764328864, vstest.console.dll, DataCollectionRequestSender.InitializeCommunication : Initialize communication. 
TpTrace Information: 0 : 19380, 4, 2023/02/14, 20:56:50.463, 8492764828069, vstest.console.dll, Listening on Endpoint : 127.0.0.1:61550
TpTrace Verbose: 0 : 19380, 4, 2023/02/14, 20:56:50.524, 8492765440678, vstest.console.dll, DotnetDataCollectionLauncher: Full path of dotnet.exe is C:\Program Files\dotnet\dotnet.exe
TpTrace Verbose: 0 : 19380, 4, 2023/02/14, 20:56:50.524, 8492765447850, vstest.console.dll, DotnetDataCollectionLauncher: Adding  --runtimeconfig "C:\Program Files\dotnet\sdk\5.0.103\datacollector.runtimeconfig.json" in args
TpTrace Verbose: 0 : 19380, 4, 2023/02/14, 20:56:50.525, 8492765452274, vstest.console.dll, DotnetDataCollectionLauncher: Adding  --depsfile "C:\Program Files\dotnet\sdk\5.0.103\datacollector.deps.json" in args
TpTrace Information: 0 : 19380, 4, 2023/02/14, 20:56:50.610, 8492766298100, vstest.console.dll, ProxyDataCollectionManager.Initialize: Launched datacollector processId: 3696 port: 61550
TpTrace Information: 0 : 19380, 4, 2023/02/14, 20:56:50.612, 8492766322215, vstest.console.dll, ProxyDataCollectionManager.Initialize: waiting for connection with timeout: 90 seconds
TpTrace Verbose: 0 : 19380, 4, 2023/02/14, 20:56:50.612, 8492766326096, vstest.console.dll, DataCollectionRequestSender.WaitForRequestHandlerConnection : Waiting for connection with timeout: 90000
TpTrace Information: 0 : 19380, 7, 2023/02/14, 20:56:51.345, 8492773652119, vstest.console.dll, Using the buffer size of 16384 bytes
TpTrace Information: 0 : 19380, 7, 2023/02/14, 20:56:51.345, 8492773655793, vstest.console.dll, Accepted Client request and set the flag
TpTrace Verbose: 0 : 19380, 4, 2023/02/14, 20:56:51.345, 8492773654518, vstest.console.dll, ProxyDataCollectionManager.InvokeDataCollectionServiceAction: Starting.
TpTrace Information: 0 : 19380, 4, 2023/02/14, 20:56:51.346, 8492773664136, vstest.console.dll, ProxyDataCollectionManager.BeforeTestRunStart: Get environment variable and port for datacollector processId: 3696 port: 61550
TpTrace Verbose: 0 : 19380, 4, 2023/02/14, 20:56:51.347, 8492773671096, vstest.console.dll, DataCollectionRequestSender.SendBeforeTestRunStartAndGetResult : Send BeforeTestRunStart message with settingsXml <RunSettings><RunConfiguration><ResultsDirectory>C:\Users\MonPC\source\repos\allopromo\__tests\allopromo.IntegrationTests\bin\Release\net5.0\fine-code-coverage\coverage-tool-output</ResultsDirectory><TargetPlatform>X64</TargetPlatform><TargetFrameworkVersion>.NETCoreApp,Version=v5.0</TargetFrameworkVersion><DesignMode>False</DesignMode><CollectSourceInformation>False</CollectSourceInformation><TestAdaptersPaths>C:\Program Files\dotnet\sdk\5.0.103\Extensions</TestAdaptersPaths></RunConfiguration><LoggerRunSettings><Loggers><Logger friendlyName="blame" enabled="True" /><Logger friendlyName="Console" uri="logger://microsoft/TestPlatform/ConsoleLogger/v1" assemblyQualifiedName="Microsoft.VisualStudio.TestPlatform.CommandLine.Internal.ConsoleLogger, vstest.console, Version=15.0.0.0, Culture=neutral, PublicKeyToken=b03f5f7f11d50a3a" codeBase="C:\Program Files\dotnet\sdk\5.0.103\vstest.console.dll" enabled="True" /></Loggers></LoggerRunSettings><DataCollectionRunSettings><DataCollectors><DataCollector friendlyName="blame" enabled="True"><Configuration><ResultsDirectory>C:\Users\MonPC\source\repos\allopromo\__tests\allopromo.IntegrationTests\bin\Release\net5.0\fine-code-coverage\coverage-tool-output</ResultsDirectory></Configuration></DataCollector></DataCollectors></DataCollectionRunSettings></RunSettings> and sources System.Linq.Enumerable+Concat2Iterator`1[System.String]: 
TpTrace Verbose: 0 : 19380, 4, 2023/02/14, 20:56:51.753, 8492777737311, vstest.console.dll, DataCollectionRequestSender.SendBeforeTestRunStartAndGetResult : Received message: (DataCollection.SendMessage) -> {
  "FriendlyName": null,
  "Uri": null,
  "TestCaseId": "00000000-0000-0000-0000-000000000000",
  "Message": "Logging DataCollector Diagnostics in file: C:\\Users\\MonPC\\source\\repos\\allopromo\\__tests\\allopromo.IntegrationTests\\bin\\Release\\net5.0\\fine-code-coverage\\coverage-tool-output\\diagnostics.datacollector.23-02-14_20-56-50_49471_4.log",
  "Level": 0
}
TpTrace Verbose: 0 : 19380, 4, 2023/02/14, 20:56:52.178, 8492781981388, vstest.console.dll, DataCollectionRequestSender.SendBeforeTestRunStartAndGetResult : Received message: (DataCollection.BeforeTestRunStartResult) -> {
  "EnvironmentVariables": {},
  "DataCollectionEventsPort": 61552
}
TpTrace Information: 0 : 19380, 4, 2023/02/14, 20:56:52.198, 8492782185780, vstest.console.dll, ProxyDataCollectionManager.BeforeTestRunStart: SendBeforeTestRunStartAndGetResult successful, env variable from datacollector:   and testhost port: 61552
TpTrace Information: 0 : 19380, 4, 2023/02/14, 20:56:52.199, 8492782189875, vstest.console.dll, ProxyDataCollectionManager.InvokeDataCollectionServiceAction: Completed.
TpTrace Verbose: 0 : 19380, 1, 2023/02/14, 20:56:52.199, 8492782195751, vstest.console.dll, TestRunRequest.ExecuteAsync: Creating test run request.
TpTrace Verbose: 0 : 19380, 1, 2023/02/14, 20:56:52.201, 8492782209102, vstest.console.dll, TestRunRequest.ExecuteAsync: Starting.
TpTrace Information: 0 : 19380, 1, 2023/02/14, 20:56:52.202, 8492782222681, vstest.console.dll, TestRunRequest.ExecuteAsync: Starting run with settings:TestRunCriteria:
   KeepAlive=False,FrequencyOfRunStatsChangeEvent=10,RunStatsChangeEventTimeout=00:00:01.5000000,TestCaseFilter=,TestExecutorLauncher=
   Settingsxml=<RunSettings>
  <RunConfiguration>
    <ResultsDirectory>C:\Users\MonPC\source\repos\allopromo\__tests\allopromo.IntegrationTests\bin\Release\net5.0\fine-code-coverage\coverage-tool-output</ResultsDirectory>
    <TargetPlatform>X64</TargetPlatform>
    <TargetFrameworkVersion>.NETCoreApp,Version=v5.0</TargetFrameworkVersion>
    <DesignMode>False</DesignMode>
    <CollectSourceInformation>False</CollectSourceInformation>
  </RunConfiguration>
  <LoggerRunSettings>
    <Loggers>
      <Logger friendlyName="blame" enabled="True" />
      <Logger friendlyName="Console" uri="logger://microsoft/TestPlatform/ConsoleLogger/v1" assemblyQualifiedName="Microsoft.VisualStudio.TestPlatform.CommandLine.Internal.ConsoleLogger, vstest.console, Version=15.0.0.0, Culture=neutral, PublicKeyToken=b03f5f7f11d50a3a" codeBase="C:\Program Files\dotnet\sdk\5.0.103\vstest.console.dll" enabled="True" />
    </Loggers>
  </LoggerRunSettings>
  <DataCollectionRunSettings>
    <DataCollectors>
      <DataCollector friendlyName="blame" enabled="True">
        <Configuration>
          <ResultsDirectory>C:\Users\MonPC\source\repos\allopromo\__tests\allopromo.IntegrationTests\bin\Release\net5.0\fine-code-coverage\coverage-tool-output</ResultsDirectory>
        </Configuration>
      </DataCollector>
    </DataCollectors>
  </DataCollectionRunSettings>
</RunSettings>

TpTrace Verbose: 0 : 19380, 1, 2023/02/14, 20:56:52.202, 8492782226440, vstest.console.dll, TestRunRequest.ExecuteAsync: Wait for the first run request is over.
TpTrace Verbose: 0 : 19380, 1, 2023/02/14, 20:56:52.204, 8492782246183, vstest.console.dll, ParallelProxyExecutionManager: Start execution. Total sources: 1
TpTrace Information: 0 : 19380, 1, 2023/02/14, 20:56:52.207, 8492782273403, vstest.console.dll, ProxyParallelExecutionManager: Triggering test run for next source: C:\Users\MonPC\source\repos\allopromo\__tests\allopromo.IntegrationTests\bin\Release\net5.0\fine-code-coverage\build-output\allopromo.IntegrationTests.dll
TpTrace Verbose: 0 : 19380, 1, 2023/02/14, 20:56:52.208, 8492782284028, vstest.console.dll, ProxyParallelExecutionManager: No sources available for execution.
TpTrace Information: 0 : 19380, 1, 2023/02/14, 20:56:52.208, 8492782287859, vstest.console.dll, TestRunRequest.ExecuteAsync: Started.
TpTrace Verbose: 0 : 19380, 1, 2023/02/14, 20:56:52.209, 8492782293046, vstest.console.dll, TestRunRequest.WaitForCompletion: Waiting with timeout -1.
TpTrace Verbose: 0 : 19380, 4, 2023/02/14, 20:56:52.210, 8492782303169, vstest.console.dll, ParallelProxyExecutionManager: Execution started. Started clients: 1
TpTrace Verbose: 0 : 19380, 4, 2023/02/14, 20:56:52.212, 8492782320070, vstest.console.dll, TestRunRequest:SendTestRunMessage: Starting.
TpTrace Information: 0 : 19380, 4, 2023/02/14, 20:56:52.212, 8492782326001, vstest.console.dll, TestRunRequest:SendTestRunMessage: Completed.
TpTrace Verbose: 0 : 19380, 4, 2023/02/14, 20:56:52.213, 8492782334908, vstest.console.dll, ProxyExecutionManager: Test host is always Lazy initialize.
TpTrace Verbose: 0 : 19380, 4, 2023/02/14, 20:56:52.215, 8492782350381, vstest.console.dll, TestRequestSender.InitializeCommunication: initialize communication. 
TpTrace Information: 0 : 19380, 4, 2023/02/14, 20:56:52.217, 8492782371144, vstest.console.dll, SocketServer.Start: Listening on endpoint : 127.0.0.1:61553
TpTrace Verbose: 0 : 19380, 4, 2023/02/14, 20:56:52.223, 8492782429903, vstest.console.dll, DotnetTestHostmanager: Adding  --runtimeconfig "C:\Users\MonPC\source\repos\allopromo\__tests\allopromo.IntegrationTests\bin\Release\net5.0\fine-code-coverage\build-output\allopromo.IntegrationTests.runtimeconfig.json" in args
TpTrace Verbose: 0 : 19380, 4, 2023/02/14, 20:56:52.223, 8492782437276, vstest.console.dll, DotnetTestHostmanager: Adding  --depsfile "C:\Users\MonPC\source\repos\allopromo\__tests\allopromo.IntegrationTests\bin\Release\net5.0\fine-code-coverage\build-output\allopromo.IntegrationTests.deps.json" in args
TpTrace Information: 0 : 19380, 4, 2023/02/14, 20:56:52.225, 8492782450629, vstest.console.dll, AssemblyResolver.OnResolve: Microsoft.Extensions.DependencyModel: Resolving assembly.
TpTrace Information: 0 : 19380, 4, 2023/02/14, 20:56:52.230, 8492782502164, vstest.console.dll, AssemblyResolver.OnResolve: Resolved assembly: Microsoft.Extensions.DependencyModel, from path: C:\Program Files\dotnet\sdk\5.0.103\Microsoft.Extensions.DependencyModel.dll
TpTrace Verbose: 0 : 19380, 4, 2023/02/14, 20:56:52.232, 8492782526357, vstest.console.dll, DotnetTestHostmanager: Reading file C:\Users\MonPC\source\repos\allopromo\__tests\allopromo.IntegrationTests\bin\Release\net5.0\fine-code-coverage\build-output\allopromo.IntegrationTests.deps.json to get path of testhost.dll
TpTrace Verbose: 0 : 19380, 4, 2023/02/14, 20:56:52.366, 8492783867278, vstest.console.dll, DotnetTestHostmanager: Relative path of testhost.dll with respect to package folder is microsoft.testplatform.testhost/16.5.0\lib/netcoreapp2.1/testhost.dll
TpTrace Verbose: 0 : 19380, 4, 2023/02/14, 20:56:52.370, 8492783903161, vstest.console.dll, DotnetTestHostmanager: Looking for path microsoft.testplatform.testhost/16.5.0\lib/netcoreapp2.1/testhost.dll in folder C:\Users\MonPC\.dotnet\store\|arch|\|tfm|
TpTrace Verbose: 0 : 19380, 4, 2023/02/14, 20:56:52.371, 8492783909411, vstest.console.dll, DotnetTestHostmanager: Looking for path microsoft.testplatform.testhost/16.5.0\lib/netcoreapp2.1/testhost.dll in folder C:\Users\MonPC\.nuget\packages
TpTrace Verbose: 0 : 19380, 4, 2023/02/14, 20:56:52.372, 8492783925664, vstest.console.dll, DotnetTestHostManager: Testhost.exe/testhost.x86.exe found at path: C:\Users\MonPC\.nuget\packages\microsoft.testplatform.testhost\16.5.0\build\netcoreapp2.1\x64\testhost.exe
TpTrace Verbose: 0 : 19380, 4, 2023/02/14, 20:56:52.373, 8492783930137, vstest.console.dll, DotnetTestHostmanager: Full path of host exe is C:\Users\MonPC\.nuget\packages\microsoft.testplatform.testhost\16.5.0\build\netcoreapp2.1\x64\testhost.exe
TpTrace Verbose: 0 : 19380, 9, 2023/02/14, 20:56:52.377, 8492783976025, vstest.console.dll, DotnetTestHostManager: Starting process 'C:\Users\MonPC\.nuget\packages\microsoft.testplatform.testhost\16.5.0\build\netcoreapp2.1\x64\testhost.exe' with command line ' --runtimeconfig "C:\Users\MonPC\source\repos\allopromo\__tests\allopromo.IntegrationTests\bin\Release\net5.0\fine-code-coverage\build-output\allopromo.IntegrationTests.runtimeconfig.json" --depsfile "C:\Users\MonPC\source\repos\allopromo\__tests\allopromo.IntegrationTests\bin\Release\net5.0\fine-code-coverage\build-output\allopromo.IntegrationTests.deps.json" --port 61553 --endpoint 127.0.0.1:061553 --role client --parentprocessid 19380 --diag "C:\Users\MonPC\source\repos\allopromo\__tests\allopromo.IntegrationTests\bin\Release\net5.0\fine-code-coverage\coverage-tool-output\diagnostics.host.23-02-14_20-56-52_21934_4.log" --tracelevel 4 --datacollectionport 61552 --telemetryoptedin false'
TpTrace Verbose: 0 : 19380, 9, 2023/02/14, 20:56:52.402, 8492784223383, vstest.console.dll, Test Runtime launched
TpTrace Verbose: 0 : 19380, 4, 2023/02/14, 20:56:52.410, 8492784303139, vstest.console.dll, TestRequestSender.WaitForRequestHandlerConnection: waiting for connection with timeout: 90000
TpTrace Verbose: 0 : 19380, 12, 2023/02/14, 20:56:53.574, 8492795947313, vstest.console.dll, SocketServer.OnClientConnected: Client connected for endPoint: 127.0.0.1:61553, starting MessageLoopAsync:
TpTrace Verbose: 0 : 19380, 12, 2023/02/14, 20:56:53.579, 8492795988655, vstest.console.dll, TcpClientExtensions.MessageLoopAsync: Polling on remoteEndPoint: 127.0.0.1:61554 localEndPoint: 127.0.0.1:61553
TpTrace Verbose: 0 : 19380, 12, 2023/02/14, 20:56:54.543, 8492805631177, vstest.console.dll, TcpClientExtensions.MessageLoopAsync: NotifyDataAvailable remoteEndPoint: 127.0.0.1:61554 localEndPoint: 127.0.0.1:61553
TpTrace Verbose: 0 : 19380, 12, 2023/02/14, 20:56:54.544, 8492805638729, vstest.console.dll, TestRequestSender.CheckVersionWithTestHost: onMessageReceived received message: (ProtocolVersion) -> 2
TpTrace Verbose: 0 : 19380, 12, 2023/02/14, 20:56:54.546, 8492805659514, vstest.console.dll, TcpClientExtensions.MessageLoopAsync: Polling on remoteEndPoint: 127.0.0.1:61554 localEndPoint: 127.0.0.1:61553
TpTrace Verbose: 0 : 19380, 4, 2023/02/14, 20:56:54.546, 8492805663157, vstest.console.dll, TestPluginCache.GetExtensionPaths: Filtered extension paths: 
TpTrace Verbose: 0 : 19380, 4, 2023/02/14, 20:56:54.546, 8492805666155, vstest.console.dll, TestPluginCache.GetExtensionPaths: Added default extension paths: C:\Program Files\dotnet\sdk\5.0.103\Extensions\Microsoft.Diagnostics.NETCore.Client.dll
C:\Program Files\dotnet\sdk\5.0.103\Extensions\Microsoft.TestPlatform.Extensions.BlameDataCollector.dll
C:\Program Files\dotnet\sdk\5.0.103\Extensions\Microsoft.TestPlatform.Extensions.EventLogCollector.dll
C:\Program Files\dotnet\sdk\5.0.103\Extensions\Microsoft.TestPlatform.TestHostRuntimeProvider.dll
C:\Program Files\dotnet\sdk\5.0.103\Extensions\Microsoft.VisualStudio.TestPlatform.Extensions.Html.TestLogger.dll
C:\Program Files\dotnet\sdk\5.0.103\Extensions\Microsoft.VisualStudio.TestPlatform.Extensions.Trx.TestLogger.dll
TpTrace Verbose: 0 : 19380, 4, 2023/02/14, 20:56:54.547, 8492805668591, vstest.console.dll, TestPluginCache.GetExtensionPaths: Added unfilterableExtensionPaths: 
TpTrace Verbose: 0 : 19380, 4, 2023/02/14, 20:56:54.564, 8492805846539, vstest.console.dll, TestRequestSender.InitializeExecution: Sending initializing execution with message: {"Version":2,"MessageType":"TestExecution.Initialize","Payload":["C:\\Users\\MonPC\\source\\repos\\allopromo\\__tests\\allopromo.IntegrationTests\\bin\\Release\\net5.0\\fine-code-coverage\\build-output\\NUnit3.TestAdapter.dll"]}
TpTrace Verbose: 0 : 19380, 12, 2023/02/14, 20:56:54.633, 8492806535163, vstest.console.dll, TcpClientExtensions.MessageLoopAsync: NotifyDataAvailable remoteEndPoint: 127.0.0.1:61554 localEndPoint: 127.0.0.1:61553
TpTrace Verbose: 0 : 19380, 12, 2023/02/14, 20:56:54.634, 8492806540881, vstest.console.dll, TestRequestSender.OnExecutionMessageReceived: Received message: {"Version":2,"MessageType":"TestSession.Message","Payload":{"MessageLevel":0,"Message":"Logging TestHost Diagnostics in file: C:\\Users\\MonPC\\source\\repos\\allopromo\\__tests\\allopromo.IntegrationTests\\bin\\Release\\net5.0\\fine-code-coverage\\coverage-tool-output\\diagnostics.host.23-02-14_20-56-52_21934_4.log"}}
TpTrace Verbose: 0 : 19380, 4, 2023/02/14, 20:56:54.637, 8492806575837, vstest.console.dll, TestRequestSender.StartTestRun: Sending test run with message: {"Version":2,"MessageType":"TestExecution.StartWithSources","Payload":{"AdapterSourceMap":{"_none_":["C:\\Users\\MonPC\\source\\repos\\allopromo\\__tests\\allopromo.IntegrationTests\\bin\\Release\\net5.0\\fine-code-coverage\\build-output\\allopromo.IntegrationTests.dll"]},"RunSettings":"<RunSettings>\r\n  <RunConfiguration>\r\n    <ResultsDirectory>C:\\Users\\MonPC\\source\\repos\\allopromo\\__tests\\allopromo.IntegrationTests\\bin\\Release\\net5.0\\fine-code-coverage\\coverage-tool-output</ResultsDirectory>\r\n    <TargetPlatform>X64</TargetPlatform>\r\n    <TargetFrameworkVersion>.NETCoreApp,Version=v5.0</TargetFrameworkVersion>\r\n    <DesignMode>False</DesignMode>\r\n    <CollectSourceInformation>False</CollectSourceInformation>\r\n  </RunConfiguration>\r\n  <LoggerRunSettings>\r\n    <Loggers>\r\n      <Logger friendlyName=\"blame\" enabled=\"True\" />\r\n      <Logger friendlyName=\"Console\" uri=\"logger://microsoft/TestPlatform/ConsoleLogger/v1\" assemblyQualifiedName=\"Microsoft.VisualStudio.TestPlatform.CommandLine.Internal.ConsoleLogger, vstest.console, Version=15.0.0.0, Culture=neutral, PublicKeyToken=b03f5f7f11d50a3a\" codeBase=\"C:\\Program Files\\dotnet\\sdk\\5.0.103\\vstest.console.dll\" enabled=\"True\" />\r\n    </Loggers>\r\n  </LoggerRunSettings>\r\n  <DataCollectionRunSettings>\r\n    <DataCollectors>\r\n      <DataCollector friendlyName=\"blame\" enabled=\"True\">\r\n        <Configuration>\r\n          <ResultsDirectory>C:\\Users\\MonPC\\source\\repos\\allopromo\\__tests\\allopromo.IntegrationTests\\bin\\Release\\net5.0\\fine-code-coverage\\coverage-tool-output</ResultsDirectory>\r\n        </Configuration>\r\n      </DataCollector>\r\n    </DataCollectors>\r\n  </DataCollectionRunSettings>\r\n</RunSettings>","TestExecutionContext":{"FrequencyOfRunStatsChangeEvent":10,"RunStatsChangeEventTimeout":"00:00:01.5000000","InIsolation":false,"KeepAlive":false,"AreTestCaseLevelEventsRequired":false,"IsDebug":false,"TestCaseFilter":null,"FilterOptions":null},"Package":null}}
TpTrace Verbose: 0 : 19380, 12, 2023/02/14, 20:56:54.643, 8492806634551, vstest.console.dll, TestRunRequest:SendTestRunMessage: Starting.
TpTrace Information: 0 : 19380, 12, 2023/02/14, 20:56:54.644, 8492806639077, vstest.console.dll, TestRunRequest:SendTestRunMessage: Completed.
TpTrace Verbose: 0 : 19380, 12, 2023/02/14, 20:56:54.644, 8492806642943, vstest.console.dll, TcpClientExtensions.MessageLoopAsync: Polling on remoteEndPoint: 127.0.0.1:61554 localEndPoint: 127.0.0.1:61553
TpTrace Verbose: 0 : 19380, 12, 2023/02/14, 20:56:55.655, 8492816749675, vstest.console.dll, TcpClientExtensions.MessageLoopAsync: Polling on remoteEndPoint: 127.0.0.1:61554 localEndPoint: 127.0.0.1:61553
TpTrace Verbose: 0 : 19380, 12, 2023/02/14, 20:56:55.711, 8492817316237, vstest.console.dll, TcpClientExtensions.MessageLoopAsync: NotifyDataAvailable remoteEndPoint: 127.0.0.1:61554 localEndPoint: 127.0.0.1:61553
TpTrace Verbose: 0 : 19380, 12, 2023/02/14, 20:56:55.712, 8492817320386, vstest.console.dll, TestRequestSender.OnExecutionMessageReceived: Received message: {"Version":2,"MessageType":"TestSession.Message","Payload":{"MessageLevel":0,"Message":"NUnit Adapter 3.16.1.0: Test execution started"}}
TpTrace Verbose: 0 : 19380, 12, 2023/02/14, 20:56:55.713, 8492817330682, vstest.console.dll, TestRunRequest:SendTestRunMessage: Starting.
TpTrace Information: 0 : 19380, 12, 2023/02/14, 20:56:55.713, 8492817334046, vstest.console.dll, TestRunRequest:SendTestRunMessage: Completed.
TpTrace Verbose: 0 : 19380, 12, 2023/02/14, 20:56:55.713, 8492817336071, vstest.console.dll, TcpClientExtensions.MessageLoopAsync: Polling on remoteEndPoint: 127.0.0.1:61554 localEndPoint: 127.0.0.1:61553
TpTrace Verbose: 0 : 19380, 12, 2023/02/14, 20:56:55.764, 8492817845371, vstest.console.dll, TcpClientExtensions.MessageLoopAsync: NotifyDataAvailable remoteEndPoint: 127.0.0.1:61554 localEndPoint: 127.0.0.1:61553
TpTrace Verbose: 0 : 19380, 12, 2023/02/14, 20:56:55.765, 8492817849978, vstest.console.dll, TestRequestSender.OnExecutionMessageReceived: Received message: {"Version":2,"MessageType":"TestSession.Message","Payload":{"MessageLevel":0,"Message":"Running all tests in C:\\Users\\MonPC\\source\\repos\\allopromo\\__tests\\allopromo.IntegrationTests\\bin\\Release\\net5.0\\fine-code-coverage\\build-output\\allopromo.IntegrationTests.dll"}}
TpTrace Verbose: 0 : 19380, 12, 2023/02/14, 20:56:55.766, 8492817858823, vstest.console.dll, TestRunRequest:SendTestRunMessage: Starting.
TpTrace Information: 0 : 19380, 12, 2023/02/14, 20:56:55.766, 8492817862383, vstest.console.dll, TestRunRequest:SendTestRunMessage: Completed.
TpTrace Verbose: 0 : 19380, 12, 2023/02/14, 20:56:55.766, 8492817864401, vstest.console.dll, TcpClientExtensions.MessageLoopAsync: Polling on remoteEndPoint: 127.0.0.1:61554 localEndPoint: 127.0.0.1:61553
TpTrace Verbose: 0 : 19380, 12, 2023/02/14, 20:56:56.594, 8492826138355, vstest.console.dll, TcpClientExtensions.MessageLoopAsync: NotifyDataAvailable remoteEndPoint: 127.0.0.1:61554 localEndPoint: 127.0.0.1:61553
TpTrace Verbose: 0 : 19380, 12, 2023/02/14, 20:56:56.594, 8492826142399, vstest.console.dll, TestRequestSender.OnExecutionMessageReceived: Received message: {"Version":2,"MessageType":"TestSession.Message","Payload":{"MessageLevel":0,"Message":"   NUnit3TestExecutor converted 1 of 1 NUnit test cases"}}
TpTrace Verbose: 0 : 19380, 12, 2023/02/14, 20:56:56.595, 8492826148425, vstest.console.dll, TestRunRequest:SendTestRunMessage: Starting.
TpTrace Information: 0 : 19380, 12, 2023/02/14, 20:56:56.595, 8492826152314, vstest.console.dll, TestRunRequest:SendTestRunMessage: Completed.
TpTrace Verbose: 0 : 19380, 12, 2023/02/14, 20:56:56.595, 8492826156224, vstest.console.dll, TcpClientExtensions.MessageLoopAsync: Polling on remoteEndPoint: 127.0.0.1:61554 localEndPoint: 127.0.0.1:61553
TpTrace Verbose: 0 : 19380, 12, 2023/02/14, 20:56:57.054, 8492830744265, vstest.console.dll, TcpClientExtensions.MessageLoopAsync: NotifyDataAvailable remoteEndPoint: 127.0.0.1:61554 localEndPoint: 127.0.0.1:61553
TpTrace Verbose: 0 : 19380, 12, 2023/02/14, 20:56:57.055, 8492830749389, vstest.console.dll, TestRequestSender.OnExecutionMessageReceived: Received message: {"Version":2,"MessageType":"TestExecution.StatsChange","Payload":{"NewTestResults":[],"TestRunStatistics":{"ExecutedTests":0,"Stats":{}},"ActiveTests":[{"Id":"79d05cb9-acd3-528f-75b2-02c999986531","FullyQualifiedName":"allopromo.IntegrationTests.Tests.Test1","DisplayName":"Test1","ExecutorUri":"executor://NUnit3TestExecutor","Source":"C:\\Users\\MonPC\\source\\repos\\allopromo\\__tests\\allopromo.IntegrationTests\\bin\\Release\\net5.0\\fine-code-coverage\\build-output\\allopromo.IntegrationTests.dll","CodeFilePath":null,"LineNumber":0,"Properties":[]}]}}
TpTrace Verbose: 0 : 19380, 12, 2023/02/14, 20:56:57.132, 8492831519860, vstest.console.dll, TestRunRequest:SendTestRunStatsChange: Starting.
TpTrace Verbose: 0 : 19380, 12, 2023/02/14, 20:56:57.132, 8492831525708, vstest.console.dll, InProgress is Test1
TpTrace Information: 0 : 19380, 12, 2023/02/14, 20:56:57.133, 8492831531233, vstest.console.dll, TestRunRequest:SendTestRunStatsChange: Completed.
TpTrace Verbose: 0 : 19380, 12, 2023/02/14, 20:56:57.133, 8492831534017, vstest.console.dll, TcpClientExtensions.MessageLoopAsync: Polling on remoteEndPoint: 127.0.0.1:61554 localEndPoint: 127.0.0.1:61553
TpTrace Verbose: 0 : 19380, 12, 2023/02/14, 20:56:57.393, 8492834135516, vstest.console.dll, TcpClientExtensions.MessageLoopAsync: NotifyDataAvailable remoteEndPoint: 127.0.0.1:61554 localEndPoint: 127.0.0.1:61553
TpTrace Verbose: 0 : 19380, 12, 2023/02/14, 20:56:57.394, 8492834141011, vstest.console.dll, TestRequestSender.OnExecutionMessageReceived: Received message: {"Version":2,"MessageType":"TestSession.Message","Payload":{"MessageLevel":0,"Message":"NUnit Adapter 3.16.1.0: Test execution complete"}}
TpTrace Verbose: 0 : 19380, 12, 2023/02/14, 20:56:57.395, 8492834148357, vstest.console.dll, TestRunRequest:SendTestRunMessage: Starting.
TpTrace Information: 0 : 19380, 12, 2023/02/14, 20:56:57.395, 8492834152050, vstest.console.dll, TestRunRequest:SendTestRunMessage: Completed.
TpTrace Verbose: 0 : 19380, 12, 2023/02/14, 20:56:57.395, 8492834154211, vstest.console.dll, TcpClientExtensions.MessageLoopAsync: Polling on remoteEndPoint: 127.0.0.1:61554 localEndPoint: 127.0.0.1:61553
TpTrace Verbose: 0 : 19380, 12, 2023/02/14, 20:56:57.578, 8492835983346, vstest.console.dll, TcpClientExtensions.MessageLoopAsync: NotifyDataAvailable remoteEndPoint: 127.0.0.1:61554 localEndPoint: 127.0.0.1:61553
TpTrace Verbose: 0 : 19380, 12, 2023/02/14, 20:56:57.579, 8492835988958, vstest.console.dll, TestRequestSender.OnExecutionMessageReceived: Received message: {"Version":2,"MessageType":"TestExecution.Completed","Payload":{"TestRunCompleteArgs":{"TestRunStatistics":{"ExecutedTests":1,"Stats":{"Passed":1}},"IsCanceled":false,"IsAborted":false,"Error":null,"AttachmentSets":[],"ElapsedTimeInRunningTests":"00:00:01.7866996","Metrics":{}},"LastRunTests":{"NewTestResults":[{"TestCase":{"Id":"79d05cb9-acd3-528f-75b2-02c999986531","FullyQualifiedName":"allopromo.IntegrationTests.Tests.Test1","DisplayName":"Test1","ExecutorUri":"executor://NUnit3TestExecutor","Source":"C:\\Users\\MonPC\\source\\repos\\allopromo\\__tests\\allopromo.IntegrationTests\\bin\\Release\\net5.0\\fine-code-coverage\\build-output\\allopromo.IntegrationTests.dll","CodeFilePath":null,"LineNumber":0,"Properties":[]},"Attachments":[],"Outcome":1,"ErrorMessage":null,"ErrorStackTrace":null,"DisplayName":"Test1","Messages":[],"ComputerName":"DESKTOP-51CUQQV","Duration":"00:00:00.1730750","StartTime":"2023-02-15T01:56:56+00:00","EndTime":"2023-02-15T01:56:57+00:00","Properties":[]}],"TestRunStatistics":{"ExecutedTests":1,"Stats":{"Passed":1}},"ActiveTests":[]},"RunAttachments":[],"ExecutorUris":["executor://nunit3testexecutor/"]}}
TpTrace Verbose: 0 : 19380, 12, 2023/02/14, 20:56:57.580, 8492836003627, vstest.console.dll, TestRequestSender.EndSession: Sending end session.
TpTrace Verbose: 0 : 19380, 12, 2023/02/14, 20:56:57.581, 8492836009271, vstest.console.dll, ProxyOperationManager.Close: waiting for test host to exit for 100 ms
TpTrace Warning: 0 : 19380, 12, 2023/02/14, 20:56:57.679, 8492836991781, vstest.console.dll, ProxyOperationManager: Timed out waiting for test host to exit. Will terminate process.
TpTrace Verbose: 0 : 19380, 12, 2023/02/14, 20:56:57.689, 8492837092112, vstest.console.dll, ProxyDataCollectionManager.InvokeDataCollectionServiceAction: Starting.
TpTrace Information: 0 : 19380, 12, 2023/02/14, 20:56:57.689, 8492837094890, vstest.console.dll, ProxyDataCollectionManager.AfterTestRunEnd: Get attachment set for datacollector processId: 3696 port: 61550
TpTrace Verbose: 0 : 19380, 12, 2023/02/14, 20:56:57.690, 8492837098072, vstest.console.dll, DataCollectionRequestSender.SendAfterTestRunStartAndGetResult : Send AfterTestRunEnd message with isCancelled: False
TpTrace Verbose: 0 : 19380, 12, 2023/02/14, 20:56:57.698, 8492837178147, vstest.console.dll, DataCollectionRequestSender.SendAfterTestRunStartAndGetResult : Received message: (DataCollection.AfterTestRunEndResult) -> []
TpTrace Information: 0 : 19380, 12, 2023/02/14, 20:56:57.704, 8492837244745, vstest.console.dll, ProxyDataCollectionManager.InvokeDataCollectionServiceAction: Completed.
TpTrace Warning: 0 : 19380, 6, 2023/02/14, 20:56:57.730, 8492837507185, vstest.console.dll, DataCollectionLauncher.ErrorReceivedCallback datacollector standard error line: 
TpTrace Information: 0 : 19380, 7, 2023/02/14, 20:56:57.743, 8492837629366, vstest.console.dll, DataCollectionLauncher.ExitCallBack: Data collector exited with exitcode: 0 error: ''
TpTrace Verbose: 0 : 19380, 12, 2023/02/14, 20:56:57.874, 8492838938559, vstest.console.dll, TestRunRequest:SendTestRunStatsChange: Starting.
TpTrace Information: 0 : 19380, 12, 2023/02/14, 20:56:57.874, 8492838945665, vstest.console.dll, TestRunRequest:SendTestRunStatsChange: Completed.
TpTrace Verbose: 0 : 19380, 12, 2023/02/14, 20:56:57.875, 8492838953324, vstest.console.dll, ParallelProxyExecutionManager: HandlePartialRunComplete: Total completed clients = 1, Run complete = True, Run canceled: False.
TpTrace Verbose: 0 : 19380, 12, 2023/02/14, 20:56:57.960, 8492839799460, vstest.console.dll, TestRunRequest:TestRunComplete: Starting. IsAborted:False IsCanceled:False.
TpTrace Verbose: 0 : 19380, 12, 2023/02/14, 20:56:57.961, 8492839809284, vstest.console.dll, TestLoggerManager.HandleTestRunComplete: Ignoring as the object is disposed.
TpTrace Information: 0 : 19380, 12, 2023/02/14, 20:56:57.962, 8492839822108, vstest.console.dll, TestRunRequest:TestRunComplete: Completed.
TpTrace Verbose: 0 : 19380, 1, 2023/02/14, 20:56:57.962, 8492839822570, vstest.console.dll, TestRunRequest.Dispose: Starting.
TpTrace Verbose: 0 : 19380, 12, 2023/02/14, 20:56:57.962, 8492839825417, vstest.console.dll, TestRequestSender.SetOperationComplete: Setting operation complete.
TpTrace Information: 0 : 19380, 1, 2023/02/14, 20:56:57.963, 8492839828050, vstest.console.dll, TestRunRequest.Dispose: Completed.
TpTrace Information: 0 : 19380, 12, 2023/02/14, 20:56:57.963, 8492839830703, vstest.console.dll, SocketServer.Stop: Stop server endPoint: 127.0.0.1:61553
TpTrace Information: 0 : 19380, 1, 2023/02/14, 20:56:57.963, 8492839833232, vstest.console.dll, TestRequestManager.RunTests: run tests completed.
TpTrace Information: 0 : 19380, 12, 2023/02/14, 20:56:57.963, 8492839834461, vstest.console.dll, SocketServer.Stop: Cancellation requested. Stopping message loop.
TpTrace Information: 0 : 19380, 12, 2023/02/14, 20:56:57.964, 8492839838661, vstest.console.dll, SocketServer.PrivateStop: Stop server endPoint: 127.0.0.1:61553 error: 
TpTrace Information: 0 : 19380, 1, 2023/02/14, 20:56:57.964, 8492839838622, vstest.console.dll, RunTestsArgumentProcessor:Execute: Test run is completed.
TpTrace Verbose: 0 : 19380, 1, 2023/02/14, 20:56:57.964, 8492839842741, vstest.console.dll, Executor.Execute: Exiting with exit code of 0
TpTrace Verbose: 0 : 19380, 12, 2023/02/14, 20:56:57.967, 8492839868822, vstest.console.dll, LengthPrefixCommunicationChannel.Dispose: Dispose reader and writer.
TpTrace Information: 0 : 19380, 12, 2023/02/14, 20:56:58.029, 8492840493728, vstest.console.dll, SocketServer.Stop: Raise disconnected event endPoint: 127.0.0.1:61553 error: 
TpTrace Verbose: 0 : 19380, 12, 2023/02/14, 20:56:58.030, 8492840498530, vstest.console.dll, TestRequestSender: OnTestRunAbort: Operation is already complete. Skip error message.
TpTrace Verbose: 0 : 19380, 12, 2023/02/14, 20:56:58.030, 8492840500742, vstest.console.dll, TcpClientExtensions.MessageLoopAsync: exiting MessageLoopAsync remoteEndPoint: 127.0.0.1:61554 localEndPoint: 127.0.0.1:61553
