TpTrace Verbose: 0 : 19824, 1, 2023/02/09, 19:24:36.967, 4117043662713, vstest.console.dll, Version: 16.8.3
TpTrace Information: 0 : 19824, 1, 2023/02/09, 19:24:37.032, 4117044186532, vstest.console.dll, FilePatternParser: The given file C:\Users\MonPC\source\repos\allopromo\allopromo.Admin.UnitTests\bin\Release\netcoreapp3.1\fine-code-coverage\build-output\allopromo.Admin.UnitTests.dll is a full path.
TpTrace Verbose: 0 : 19824, 1, 2023/02/09, 19:24:37.074, 4117044605521, vstest.console.dll, TestPluginCache.DiscoverTestExtensions: finding test extensions in assemblies ends with: RuntimeProvider.dll TPluginInfo: Microsoft.VisualStudio.TestPlatform.Common.ExtensionFramework.Utilities.TestRuntimePluginInformation TExtension: Microsoft.VisualStudio.TestPlatform.ObjectModel.Host.ITestRuntimeProvider
TpTrace Verbose: 0 : 19824, 1, 2023/02/09, 19:24:37.076, 4117044627542, vstest.console.dll, TestPluginCache.GetExtensionPaths: Filtered extension paths: 
TpTrace Verbose: 0 : 19824, 1, 2023/02/09, 19:24:37.077, 4117044633066, vstest.console.dll, TestPluginCache.GetExtensionPaths: Added default extension paths: C:\Program Files\dotnet\sdk\5.0.103\Extensions\Microsoft.Diagnostics.NETCore.Client.dll
C:\Program Files\dotnet\sdk\5.0.103\Extensions\Microsoft.TestPlatform.Extensions.BlameDataCollector.dll
C:\Program Files\dotnet\sdk\5.0.103\Extensions\Microsoft.TestPlatform.Extensions.EventLogCollector.dll
C:\Program Files\dotnet\sdk\5.0.103\Extensions\Microsoft.TestPlatform.TestHostRuntimeProvider.dll
C:\Program Files\dotnet\sdk\5.0.103\Extensions\Microsoft.VisualStudio.TestPlatform.Extensions.Html.TestLogger.dll
C:\Program Files\dotnet\sdk\5.0.103\Extensions\Microsoft.VisualStudio.TestPlatform.Extensions.Trx.TestLogger.dll
TpTrace Verbose: 0 : 19824, 1, 2023/02/09, 19:24:37.077, 4117044635917, vstest.console.dll, TestPluginCache.GetExtensionPaths: Added unfilterableExtensionPaths: 
TpTrace Information: 0 : 19824, 1, 2023/02/09, 19:24:37.081, 4117044676609, vstest.console.dll, AssemblyResolver.ctor: Creating AssemblyResolver with searchDirectories C:\Program Files\dotnet\sdk\5.0.103\Extensions,C:\Program Files\dotnet\sdk\5.0.103
TpTrace Verbose: 0 : 19824, 1, 2023/02/09, 19:24:37.085, 4117044717824, vstest.console.dll, TestPluginCache.DiscoverTestExtensions: Discovering the extensions using extension path.
TpTrace Verbose: 0 : 19824, 1, 2023/02/09, 19:24:37.086, 4117044723930, vstest.console.dll, TestPluginCache.GetExtensionPaths: Filtered extension paths: 
TpTrace Verbose: 0 : 19824, 1, 2023/02/09, 19:24:37.086, 4117044726669, vstest.console.dll, TestPluginCache.GetExtensionPaths: Added default extension paths: C:\Program Files\dotnet\sdk\5.0.103\Extensions\Microsoft.Diagnostics.NETCore.Client.dll
C:\Program Files\dotnet\sdk\5.0.103\Extensions\Microsoft.TestPlatform.Extensions.BlameDataCollector.dll
C:\Program Files\dotnet\sdk\5.0.103\Extensions\Microsoft.TestPlatform.Extensions.EventLogCollector.dll
C:\Program Files\dotnet\sdk\5.0.103\Extensions\Microsoft.TestPlatform.TestHostRuntimeProvider.dll
C:\Program Files\dotnet\sdk\5.0.103\Extensions\Microsoft.VisualStudio.TestPlatform.Extensions.Html.TestLogger.dll
C:\Program Files\dotnet\sdk\5.0.103\Extensions\Microsoft.VisualStudio.TestPlatform.Extensions.Trx.TestLogger.dll
TpTrace Verbose: 0 : 19824, 1, 2023/02/09, 19:24:37.087, 4117044728932, vstest.console.dll, TestPluginCache.GetExtensionPaths: Added unfilterableExtensionPaths: 
TpTrace Verbose: 0 : 19824, 1, 2023/02/09, 19:24:37.087, 4117044733007, vstest.console.dll, TestPluginCache.DiscoverTestExtensions: Discovering the extensions using allExtensionPaths: C:\Program Files\dotnet\sdk\5.0.103\Extensions\Microsoft.Diagnostics.NETCore.Client.dll
C:\Program Files\dotnet\sdk\5.0.103\Extensions\Microsoft.TestPlatform.Extensions.BlameDataCollector.dll
C:\Program Files\dotnet\sdk\5.0.103\Extensions\Microsoft.TestPlatform.Extensions.EventLogCollector.dll
C:\Program Files\dotnet\sdk\5.0.103\Extensions\Microsoft.TestPlatform.TestHostRuntimeProvider.dll
C:\Program Files\dotnet\sdk\5.0.103\Extensions\Microsoft.VisualStudio.TestPlatform.Extensions.Html.TestLogger.dll
C:\Program Files\dotnet\sdk\5.0.103\Extensions\Microsoft.VisualStudio.TestPlatform.Extensions.Trx.TestLogger.dll
TpTrace Information: 0 : 19824, 1, 2023/02/09, 19:24:37.088, 4117044738903, vstest.console.dll, AssemblyResolver.AddSearchDirectories: Adding more searchDirectories C:\Program Files\dotnet\sdk\5.0.103\Extensions,C:\Program Files\dotnet\sdk\5.0.103
TpTrace Information: 0 : 19824, 1, 2023/02/09, 19:24:37.088, 4117044745961, vstest.console.dll, AssemblyResolver.AddSearchDirectories: Adding more searchDirectories C:\Program Files\dotnet\sdk\5.0.103\Extensions,C:\Program Files\dotnet\sdk\5.0.103
TpTrace Information: 0 : 19824, 1, 2023/02/09, 19:24:37.089, 4117044750054, vstest.console.dll, AssemblyResolver.AddSearchDirectories: Adding more searchDirectories C:\Program Files\dotnet\sdk\5.0.103\Extensions,C:\Program Files\dotnet\sdk\5.0.103
TpTrace Information: 0 : 19824, 1, 2023/02/09, 19:24:37.089, 4117044752732, vstest.console.dll, AssemblyResolver.AddSearchDirectories: Adding more searchDirectories C:\Program Files\dotnet\sdk\5.0.103\Extensions,C:\Program Files\dotnet\sdk\5.0.103
TpTrace Information: 0 : 19824, 1, 2023/02/09, 19:24:37.089, 4117044755287, vstest.console.dll, AssemblyResolver.AddSearchDirectories: Adding more searchDirectories C:\Program Files\dotnet\sdk\5.0.103\Extensions,C:\Program Files\dotnet\sdk\5.0.103
TpTrace Information: 0 : 19824, 1, 2023/02/09, 19:24:37.089, 4117044757679, vstest.console.dll, AssemblyResolver.AddSearchDirectories: Adding more searchDirectories C:\Program Files\dotnet\sdk\5.0.103\Extensions,C:\Program Files\dotnet\sdk\5.0.103
TpTrace Information: 0 : 19824, 1, 2023/02/09, 19:24:37.093, 4117044798056, vstest.console.dll, AssemblyResolver.OnResolve: Microsoft.Diagnostics.NETCore.Client: Resolving assembly.
TpTrace Information: 0 : 19824, 1, 2023/02/09, 19:24:37.100, 4117044862915, vstest.console.dll, AssemblyResolver.OnResolve: Resolved assembly: Microsoft.Diagnostics.NETCore.Client, from path: C:\Program Files\dotnet\sdk\5.0.103\Extensions\Microsoft.Diagnostics.NETCore.Client.dll
TpTrace Information: 0 : 19824, 1, 2023/02/09, 19:24:37.112, 4117044986285, vstest.console.dll, AssemblyResolver.OnResolve: Microsoft.Bcl.AsyncInterfaces: Resolving assembly.
TpTrace Information: 0 : 19824, 1, 2023/02/09, 19:24:37.113, 4117044996658, vstest.console.dll, AssemblyResolver.OnResolve: Microsoft.Bcl.AsyncInterfaces: Failed to load assembly.
TpTrace Verbose: 0 : 19824, 1, 2023/02/09, 19:24:37.114, 4117045003111, vstest.console.dll, CurrentDomain_AssemblyResolve: Resolving assembly 'Microsoft.Bcl.AsyncInterfaces'.
TpTrace Information: 0 : 19824, 1, 2023/02/09, 19:24:37.114, 4117045007967, vstest.console.dll, AssemblyResolver.OnResolve: Microsoft.Bcl.AsyncInterfaces: Resolving assembly.
TpTrace Information: 0 : 19824, 1, 2023/02/09, 19:24:37.115, 4117045011172, vstest.console.dll, AssemblyResolver.OnResolve: Microsoft.Bcl.AsyncInterfaces: Resolved from cache.
TpTrace Verbose: 0 : 19824, 1, 2023/02/09, 19:24:37.115, 4117045015234, vstest.console.dll, CurrentDomain_AssemblyResolve: Resolving assembly 'Microsoft.Bcl.AsyncInterfaces'.
TpTrace Verbose: 0 : 19824, 1, 2023/02/09, 19:24:37.115, 4117045018164, vstest.console.dll, CurrentDomainAssemblyResolve: Failed to resolve assembly 'Microsoft.Bcl.AsyncInterfaces'.
TpTrace Verbose: 0 : 19824, 1, 2023/02/09, 19:24:37.126, 4117045128494, vstest.console.dll, CurrentDomainAssemblyResolve: Failed to resolve assembly 'Microsoft.Bcl.AsyncInterfaces'.
TpTrace Warning: 0 : 19824, 1, 2023/02/09, 19:24:37.231, 4117046171612, vstest.console.dll, TestPluginDiscoverer: Failed to get types from assembly 'Microsoft.Diagnostics.NETCore.Client, Version=0.2.2.41902, Culture=neutral, PublicKeyToken=31bf3856ad364e35'.  Skipping test extension scan for this assembly.  Error: System.Reflection.ReflectionTypeLoadException: Unable to load one or more of the requested types.
Could not load file or assembly 'Microsoft.Bcl.AsyncInterfaces, Version=1.0.0.0, Culture=neutral, PublicKeyToken=cc7b13ffcd2ddd51'. The system cannot find the file specified.
   at System.Reflection.RuntimeModule.GetTypes(RuntimeModule module)
   at System.Reflection.RuntimeModule.GetTypes()
   at System.Reflection.Assembly.GetTypes()
   at Microsoft.VisualStudio.TestPlatform.Common.ExtensionFramework.TestPluginDiscoverer.GetTestExtensionsFromAssembly[TPluginInfo,TExtension](Assembly assembly, Dictionary`2 pluginInfos)
System.IO.FileNotFoundException: Could not load file or assembly 'Microsoft.Bcl.AsyncInterfaces, Version=1.0.0.0, Culture=neutral, PublicKeyToken=cc7b13ffcd2ddd51'. The system cannot find the file specified.
File name: 'Microsoft.Bcl.AsyncInterfaces, Version=1.0.0.0, Culture=neutral, PublicKeyToken=cc7b13ffcd2ddd51'
TpTrace Warning: 0 : 19824, 1, 2023/02/09, 19:24:37.231, 4117046176801, vstest.console.dll, LoaderExceptions: System.IO.FileNotFoundException: Could not load file or assembly 'Microsoft.Bcl.AsyncInterfaces, Version=1.0.0.0, Culture=neutral, PublicKeyToken=cc7b13ffcd2ddd51'. The system cannot find the file specified.
File name: 'Microsoft.Bcl.AsyncInterfaces, Version=1.0.0.0, Culture=neutral, PublicKeyToken=cc7b13ffcd2ddd51'
TpTrace Information: 0 : 19824, 1, 2023/02/09, 19:24:37.232, 4117046183182, vstest.console.dll, AssemblyResolver.OnResolve: Microsoft.TestPlatform.Extensions.BlameDataCollector: Resolving assembly.
TpTrace Information: 0 : 19824, 1, 2023/02/09, 19:24:37.238, 4117046246911, vstest.console.dll, AssemblyResolver.OnResolve: Resolved assembly: Microsoft.TestPlatform.Extensions.BlameDataCollector, from path: C:\Program Files\dotnet\sdk\5.0.103\Extensions\Microsoft.TestPlatform.Extensions.BlameDataCollector.dll
TpTrace Information: 0 : 19824, 1, 2023/02/09, 19:24:37.244, 4117046300019, vstest.console.dll, AssemblyResolver.OnResolve: Microsoft.TestPlatform.Extensions.EventLogCollector: Resolving assembly.
TpTrace Information: 0 : 19824, 1, 2023/02/09, 19:24:37.247, 4117046332848, vstest.console.dll, AssemblyResolver.OnResolve: Resolved assembly: Microsoft.TestPlatform.Extensions.EventLogCollector, from path: C:\Program Files\dotnet\sdk\5.0.103\Extensions\Microsoft.TestPlatform.Extensions.EventLogCollector.dll
TpTrace Information: 0 : 19824, 1, 2023/02/09, 19:24:37.257, 4117046429844, vstest.console.dll, AssemblyResolver.OnResolve: Microsoft.TestPlatform.TestHostRuntimeProvider: Resolving assembly.
TpTrace Information: 0 : 19824, 1, 2023/02/09, 19:24:37.262, 4117046483008, vstest.console.dll, AssemblyResolver.OnResolve: Resolved assembly: Microsoft.TestPlatform.TestHostRuntimeProvider, from path: C:\Program Files\dotnet\sdk\5.0.103\Extensions\Microsoft.TestPlatform.TestHostRuntimeProvider.dll
TpTrace Information: 0 : 19824, 1, 2023/02/09, 19:24:37.271, 4117046569202, vstest.console.dll, AssemblyResolver.OnResolve: Microsoft.VisualStudio.TestPlatform.Extensions.Html.TestLogger: Resolving assembly.
TpTrace Information: 0 : 19824, 1, 2023/02/09, 19:24:37.275, 4117046617647, vstest.console.dll, AssemblyResolver.OnResolve: Resolved assembly: Microsoft.VisualStudio.TestPlatform.Extensions.Html.TestLogger, from path: C:\Program Files\dotnet\sdk\5.0.103\Extensions\Microsoft.VisualStudio.TestPlatform.Extensions.Html.TestLogger.dll
TpTrace Information: 0 : 19824, 1, 2023/02/09, 19:24:37.277, 4117046631532, vstest.console.dll, AssemblyResolver.OnResolve: Microsoft.VisualStudio.TestPlatform.Extensions.Trx.TestLogger: Resolving assembly.
TpTrace Information: 0 : 19824, 1, 2023/02/09, 19:24:37.288, 4117046745784, vstest.console.dll, AssemblyResolver.OnResolve: Resolved assembly: Microsoft.VisualStudio.TestPlatform.Extensions.Trx.TestLogger, from path: C:\Program Files\dotnet\sdk\5.0.103\Extensions\Microsoft.VisualStudio.TestPlatform.Extensions.Trx.TestLogger.dll
TpTrace Verbose: 0 : 19824, 1, 2023/02/09, 19:24:37.298, 4117046840949, vstest.console.dll, TestPluginCache: Discovered the extensions using extension path ''.
TpTrace Verbose: 0 : 19824, 1, 2023/02/09, 19:24:37.298, 4117046844205, vstest.console.dll, TestPluginCache: Discoverers are ''.
TpTrace Verbose: 0 : 19824, 1, 2023/02/09, 19:24:37.298, 4117046846529, vstest.console.dll, TestPluginCache: Executors are ''.
TpTrace Verbose: 0 : 19824, 1, 2023/02/09, 19:24:37.299, 4117046851001, vstest.console.dll, TestPluginCache: Executors2 are ''.
TpTrace Verbose: 0 : 19824, 1, 2023/02/09, 19:24:37.299, 4117046855089, vstest.console.dll, TestPluginCache: Setting providers are ''.
TpTrace Verbose: 0 : 19824, 1, 2023/02/09, 19:24:37.299, 4117046857966, vstest.console.dll, TestPluginCache: Loggers are ''.
TpTrace Information: 0 : 19824, 1, 2023/02/09, 19:24:37.338, 4117047238923, vstest.console.dll, RunTestsArgumentProcessor:Execute: Test run is starting.
TpTrace Verbose: 0 : 19824, 1, 2023/02/09, 19:24:37.340, 4117047259679, vstest.console.dll, RunTestsArgumentProcessor:Execute: Queuing Test run.
TpTrace Information: 0 : 19824, 1, 2023/02/09, 19:24:37.342, 4117047279725, vstest.console.dll, TestRequestManager.RunTests: run tests started.
TpTrace Information: 0 : 19824, 1, 2023/02/09, 19:24:37.363, 4117047497730, vstest.console.dll, AssemblyMetadataProvider.GetFrameWork: Determined framework:'.NETCoreApp,Version=v3.1' for source: 'C:\Users\MonPC\source\repos\allopromo\allopromo.Admin.UnitTests\bin\Release\netcoreapp3.1\fine-code-coverage\build-output\allopromo.Admin.UnitTests.dll'
TpTrace Information: 0 : 19824, 1, 2023/02/09, 19:24:37.364, 4117047505131, vstest.console.dll, Determined framework for all sources: .NETCoreApp,Version=v3.1
TpTrace Information: 0 : 19824, 1, 2023/02/09, 19:24:37.366, 4117047525318, vstest.console.dll, AssemblyMetadataProvider.GetArchitecture: Determined architecture:AnyCPU info for assembly: C:\Users\MonPC\source\repos\allopromo\allopromo.Admin.UnitTests\bin\Release\netcoreapp3.1\fine-code-coverage\build-output\allopromo.Admin.UnitTests.dll
TpTrace Information: 0 : 19824, 1, 2023/02/09, 19:24:37.373, 4117047591161, vstest.console.dll, Determined platform for all sources: X64
TpTrace Information: 0 : 19824, 1, 2023/02/09, 19:24:37.399, 4117047856118, vstest.console.dll, Compatible sources list : 
TpTrace Information: 0 : 19824, 1, 2023/02/09, 19:24:37.400, 4117047862159, vstest.console.dll, C:\Users\MonPC\source\repos\allopromo\allopromo.Admin.UnitTests\bin\Release\netcoreapp3.1\fine-code-coverage\build-output\allopromo.Admin.UnitTests.dll
TpTrace Information: 0 : 19824, 1, 2023/02/09, 19:24:37.436, 4117048220427, vstest.console.dll, InferRunSettingsHelper.IsTestSettingsEnabled: Unable to navigate to RunSettings/MSTest. Current node: RunSettings
TpTrace Information: 0 : 19824, 1, 2023/02/09, 19:24:37.441, 4117048272631, vstest.console.dll, AssemblyResolver.OnResolve: Microsoft.VisualStudio.TestPlatform.Fakes: Resolving assembly.
TpTrace Information: 0 : 19824, 1, 2023/02/09, 19:24:37.442, 4117048283276, vstest.console.dll, AssemblyResolver.OnResolve: Microsoft.VisualStudio.TestPlatform.Fakes: Failed to load assembly.
TpTrace Information: 0 : 19824, 1, 2023/02/09, 19:24:37.445, 4117048311884, vstest.console.dll, Failed to create newly implemented Fakes Configurator. Reason:System.IO.FileNotFoundException: Could not load file or assembly 'Microsoft.VisualStudio.TestPlatform.Fakes, Version=16.0.0.0, Culture=neutral, PublicKeyToken=null'. The system cannot find the file specified.
File name: 'Microsoft.VisualStudio.TestPlatform.Fakes, Version=16.0.0.0, Culture=neutral, PublicKeyToken=null'
   at System.Reflection.RuntimeAssembly.InternalLoad(ObjectHandleOnStack assemblyName, ObjectHandleOnStack requestingAssembly, StackCrawlMarkHandle stackMark, Boolean throwOnFileNotFound, ObjectHandleOnStack assemblyLoadContext, ObjectHandleOnStack retAssembly)
   at System.Reflection.RuntimeAssembly.InternalLoad(AssemblyName assemblyName, RuntimeAssembly requestingAssembly, StackCrawlMark& stackMark, Boolean throwOnFileNotFound, AssemblyLoadContext assemblyLoadContext)
   at System.Reflection.Assembly.Load(String assemblyString)
   at Microsoft.VisualStudio.TestPlatform.Common.Utilities.FakesUtilities.TryGetFakesCrossPlatformDataCollectorConfigurator() 
TpTrace Verbose: 0 : 19824, 1, 2023/02/09, 19:24:37.528, 4117049141800, vstest.console.dll, TestPluginCache.DiscoverTestExtensions: finding test extensions in assemblies ends with: TestLogger.dll TPluginInfo: Microsoft.VisualStudio.TestPlatform.Common.ExtensionFramework.Utilities.TestLoggerPluginInformation TExtension: Microsoft.VisualStudio.TestPlatform.ObjectModel.Client.ITestLogger
TpTrace Verbose: 0 : 19824, 1, 2023/02/09, 19:24:37.528, 4117049145741, vstest.console.dll, TestPluginCache.GetExtensionPaths: Filtered extension paths: 
TpTrace Verbose: 0 : 19824, 1, 2023/02/09, 19:24:37.528, 4117049148152, vstest.console.dll, TestPluginCache.GetExtensionPaths: Added default extension paths: C:\Program Files\dotnet\sdk\5.0.103\Extensions\Microsoft.Diagnostics.NETCore.Client.dll
C:\Program Files\dotnet\sdk\5.0.103\Extensions\Microsoft.TestPlatform.Extensions.BlameDataCollector.dll
C:\Program Files\dotnet\sdk\5.0.103\Extensions\Microsoft.TestPlatform.Extensions.EventLogCollector.dll
C:\Program Files\dotnet\sdk\5.0.103\Extensions\Microsoft.TestPlatform.TestHostRuntimeProvider.dll
C:\Program Files\dotnet\sdk\5.0.103\Extensions\Microsoft.VisualStudio.TestPlatform.Extensions.Html.TestLogger.dll
C:\Program Files\dotnet\sdk\5.0.103\Extensions\Microsoft.VisualStudio.TestPlatform.Extensions.Trx.TestLogger.dll
TpTrace Verbose: 0 : 19824, 1, 2023/02/09, 19:24:37.529, 4117049151105, vstest.console.dll, TestPluginCache.GetExtensionPaths: Added unfilterableExtensionPaths: 
TpTrace Information: 0 : 19824, 1, 2023/02/09, 19:24:37.529, 4117049157408, vstest.console.dll, AssemblyResolver.AddSearchDirectories: Adding more searchDirectories C:\Program Files\dotnet\sdk\5.0.103\Extensions,C:\Program Files\dotnet\sdk\5.0.103
TpTrace Verbose: 0 : 19824, 1, 2023/02/09, 19:24:37.530, 4117049161509, vstest.console.dll, TestPluginCache.DiscoverTestExtensions: Discovering the extensions using extension path.
TpTrace Verbose: 0 : 19824, 1, 2023/02/09, 19:24:37.530, 4117049163657, vstest.console.dll, TestPluginCache.GetExtensionPaths: Filtered extension paths: 
TpTrace Verbose: 0 : 19824, 1, 2023/02/09, 19:24:37.530, 4117049165592, vstest.console.dll, TestPluginCache.GetExtensionPaths: Added default extension paths: C:\Program Files\dotnet\sdk\5.0.103\Extensions\Microsoft.Diagnostics.NETCore.Client.dll
C:\Program Files\dotnet\sdk\5.0.103\Extensions\Microsoft.TestPlatform.Extensions.BlameDataCollector.dll
C:\Program Files\dotnet\sdk\5.0.103\Extensions\Microsoft.TestPlatform.Extensions.EventLogCollector.dll
C:\Program Files\dotnet\sdk\5.0.103\Extensions\Microsoft.TestPlatform.TestHostRuntimeProvider.dll
C:\Program Files\dotnet\sdk\5.0.103\Extensions\Microsoft.VisualStudio.TestPlatform.Extensions.Html.TestLogger.dll
C:\Program Files\dotnet\sdk\5.0.103\Extensions\Microsoft.VisualStudio.TestPlatform.Extensions.Trx.TestLogger.dll
TpTrace Verbose: 0 : 19824, 1, 2023/02/09, 19:24:37.530, 4117049167904, vstest.console.dll, TestPluginCache.GetExtensionPaths: Added unfilterableExtensionPaths: 
TpTrace Verbose: 0 : 19824, 1, 2023/02/09, 19:24:37.531, 4117049170503, vstest.console.dll, TestPluginCache.DiscoverTestExtensions: Discovering the extensions using allExtensionPaths: C:\Program Files\dotnet\sdk\5.0.103\Extensions\Microsoft.Diagnostics.NETCore.Client.dll
C:\Program Files\dotnet\sdk\5.0.103\Extensions\Microsoft.TestPlatform.Extensions.BlameDataCollector.dll
C:\Program Files\dotnet\sdk\5.0.103\Extensions\Microsoft.TestPlatform.Extensions.EventLogCollector.dll
C:\Program Files\dotnet\sdk\5.0.103\Extensions\Microsoft.TestPlatform.TestHostRuntimeProvider.dll
C:\Program Files\dotnet\sdk\5.0.103\Extensions\Microsoft.VisualStudio.TestPlatform.Extensions.Html.TestLogger.dll
C:\Program Files\dotnet\sdk\5.0.103\Extensions\Microsoft.VisualStudio.TestPlatform.Extensions.Trx.TestLogger.dll
TpTrace Information: 0 : 19824, 1, 2023/02/09, 19:24:37.531, 4117049173798, vstest.console.dll, AssemblyResolver.AddSearchDirectories: Adding more searchDirectories C:\Program Files\dotnet\sdk\5.0.103\Extensions,C:\Program Files\dotnet\sdk\5.0.103
TpTrace Information: 0 : 19824, 1, 2023/02/09, 19:24:37.531, 4117049176312, vstest.console.dll, AssemblyResolver.AddSearchDirectories: Adding more searchDirectories C:\Program Files\dotnet\sdk\5.0.103\Extensions,C:\Program Files\dotnet\sdk\5.0.103
TpTrace Information: 0 : 19824, 1, 2023/02/09, 19:24:37.531, 4117049178575, vstest.console.dll, AssemblyResolver.AddSearchDirectories: Adding more searchDirectories C:\Program Files\dotnet\sdk\5.0.103\Extensions,C:\Program Files\dotnet\sdk\5.0.103
TpTrace Information: 0 : 19824, 1, 2023/02/09, 19:24:37.532, 4117049181576, vstest.console.dll, AssemblyResolver.AddSearchDirectories: Adding more searchDirectories C:\Program Files\dotnet\sdk\5.0.103\Extensions,C:\Program Files\dotnet\sdk\5.0.103
TpTrace Information: 0 : 19824, 1, 2023/02/09, 19:24:37.532, 4117049183660, vstest.console.dll, AssemblyResolver.AddSearchDirectories: Adding more searchDirectories C:\Program Files\dotnet\sdk\5.0.103\Extensions,C:\Program Files\dotnet\sdk\5.0.103
TpTrace Information: 0 : 19824, 1, 2023/02/09, 19:24:37.532, 4117049185677, vstest.console.dll, AssemblyResolver.AddSearchDirectories: Adding more searchDirectories C:\Program Files\dotnet\sdk\5.0.103\Extensions,C:\Program Files\dotnet\sdk\5.0.103
TpTrace Information: 0 : 19824, 1, 2023/02/09, 19:24:37.533, 4117049194167, vstest.console.dll, AssemblyResolver.OnResolve: Microsoft.Bcl.AsyncInterfaces: Resolving assembly.
TpTrace Information: 0 : 19824, 1, 2023/02/09, 19:24:37.533, 4117049196952, vstest.console.dll, AssemblyResolver.OnResolve: Microsoft.Bcl.AsyncInterfaces: Resolved from cache.
TpTrace Verbose: 0 : 19824, 1, 2023/02/09, 19:24:37.534, 4117049199146, vstest.console.dll, CurrentDomain_AssemblyResolve: Resolving assembly 'Microsoft.Bcl.AsyncInterfaces'.
TpTrace Information: 0 : 19824, 1, 2023/02/09, 19:24:37.534, 4117049208295, vstest.console.dll, AssemblyResolver.OnResolve: Microsoft.Bcl.AsyncInterfaces: Resolving assembly.
TpTrace Information: 0 : 19824, 1, 2023/02/09, 19:24:37.535, 4117049212979, vstest.console.dll, AssemblyResolver.OnResolve: Microsoft.Bcl.AsyncInterfaces: Resolved from cache.
TpTrace Verbose: 0 : 19824, 1, 2023/02/09, 19:24:37.535, 4117049216524, vstest.console.dll, CurrentDomain_AssemblyResolve: Resolving assembly 'Microsoft.Bcl.AsyncInterfaces'.
TpTrace Verbose: 0 : 19824, 1, 2023/02/09, 19:24:37.535, 4117049218693, vstest.console.dll, CurrentDomainAssemblyResolve: Failed to resolve assembly 'Microsoft.Bcl.AsyncInterfaces'.
TpTrace Verbose: 0 : 19824, 1, 2023/02/09, 19:24:37.536, 4117049225242, vstest.console.dll, CurrentDomainAssemblyResolve: Failed to resolve assembly 'Microsoft.Bcl.AsyncInterfaces'.
TpTrace Warning: 0 : 19824, 1, 2023/02/09, 19:24:37.538, 4117049243442, vstest.console.dll, TestPluginDiscoverer: Failed to get types from assembly 'Microsoft.Diagnostics.NETCore.Client, Version=0.2.2.41902, Culture=neutral, PublicKeyToken=31bf3856ad364e35'.  Skipping test extension scan for this assembly.  Error: System.Reflection.ReflectionTypeLoadException: Unable to load one or more of the requested types.
Could not load file or assembly 'Microsoft.Bcl.AsyncInterfaces, Version=1.0.0.0, Culture=neutral, PublicKeyToken=cc7b13ffcd2ddd51'. The system cannot find the file specified.
   at System.Reflection.RuntimeModule.GetTypes(RuntimeModule module)
   at System.Reflection.RuntimeModule.GetTypes()
   at System.Reflection.Assembly.GetTypes()
   at Microsoft.VisualStudio.TestPlatform.Common.ExtensionFramework.TestPluginDiscoverer.GetTestExtensionsFromAssembly[TPluginInfo,TExtension](Assembly assembly, Dictionary`2 pluginInfos)
System.IO.FileNotFoundException: Could not load file or assembly 'Microsoft.Bcl.AsyncInterfaces, Version=1.0.0.0, Culture=neutral, PublicKeyToken=cc7b13ffcd2ddd51'. The system cannot find the file specified.
File name: 'Microsoft.Bcl.AsyncInterfaces, Version=1.0.0.0, Culture=neutral, PublicKeyToken=cc7b13ffcd2ddd51'
TpTrace Warning: 0 : 19824, 1, 2023/02/09, 19:24:37.538, 4117049248622, vstest.console.dll, LoaderExceptions: System.IO.FileNotFoundException: Could not load file or assembly 'Microsoft.Bcl.AsyncInterfaces, Version=1.0.0.0, Culture=neutral, PublicKeyToken=cc7b13ffcd2ddd51'. The system cannot find the file specified.
File name: 'Microsoft.Bcl.AsyncInterfaces, Version=1.0.0.0, Culture=neutral, PublicKeyToken=cc7b13ffcd2ddd51'
TpTrace Verbose: 0 : 19824, 1, 2023/02/09, 19:24:37.540, 4117049267664, vstest.console.dll, TestPluginCache: Discovered the extensions using extension path ''.
TpTrace Verbose: 0 : 19824, 1, 2023/02/09, 19:24:37.541, 4117049271219, vstest.console.dll, TestPluginCache: Discoverers are ''.
TpTrace Verbose: 0 : 19824, 1, 2023/02/09, 19:24:37.541, 4117049273362, vstest.console.dll, TestPluginCache: Executors are ''.
TpTrace Verbose: 0 : 19824, 1, 2023/02/09, 19:24:37.541, 4117049275245, vstest.console.dll, TestPluginCache: Executors2 are ''.
TpTrace Verbose: 0 : 19824, 1, 2023/02/09, 19:24:37.541, 4117049277105, vstest.console.dll, TestPluginCache: Setting providers are ''.
TpTrace Verbose: 0 : 19824, 1, 2023/02/09, 19:24:37.542, 4117049281981, vstest.console.dll, TestPluginCache: Loggers are 'logger://Microsoft/TestPlatform/Extensions/Blame/v1,logger://Microsoft/TestPlatform/HtmlLogger/v1,logger://Microsoft/TestPlatform/TrxLogger/v1'.
TpTrace Information: 0 : 19824, 1, 2023/02/09, 19:24:37.545, 4117049315470, vstest.console.dll, TestPluginManager.CreateTestExtension: Attempting to load test extension: Microsoft.TestPlatform.Extensions.BlameDataCollector.BlameLogger
TpTrace Information: 0 : 19824, 1, 2023/02/09, 19:24:37.608, 4117049941432, vstest.console.dll, TestPluginManager.CreateTestExtension: Attempting to load test extension: Microsoft.VisualStudio.TestPlatform.CrossPlatEngine.Hosting.DefaultTestHostManager
TpTrace Information: 0 : 19824, 1, 2023/02/09, 19:24:37.609, 4117049958792, vstest.console.dll, TestPluginManager.CreateTestExtension: Attempting to load test extension: Microsoft.VisualStudio.TestPlatform.CrossPlatEngine.Hosting.DotnetTestHostManager
TpTrace Verbose: 0 : 19824, 1, 2023/02/09, 19:24:37.657, 4117050437762, vstest.console.dll, TestEngine: Initializing Parallel Execution as MaxCpuCount is set to: 1
TpTrace Information: 0 : 19824, 1, 2023/02/09, 19:24:37.665, 4117050515451, vstest.console.dll, InferRunSettingsHelper.IsTestSettingsEnabled: Unable to navigate to RunSettings/MSTest. Current node: RunSettings
TpTrace Verbose: 0 : 19824, 1, 2023/02/09, 19:24:37.764, 4117051501915, vstest.console.dll, TestRequestSender is acting as server
TpTrace Verbose: 0 : 19824, 4, 2023/02/09, 19:24:37.784, 4117051708389, vstest.console.dll, DataCollectionRequestSender.InitializeCommunication : Initialize communication. 
TpTrace Information: 0 : 19824, 4, 2023/02/09, 19:24:37.891, 4117052776722, vstest.console.dll, Listening on Endpoint : 127.0.0.1:58961
TpTrace Verbose: 0 : 19824, 4, 2023/02/09, 19:24:37.994, 4117053800446, vstest.console.dll, DotnetDataCollectionLauncher: Full path of dotnet.exe is C:\Program Files\dotnet\dotnet.exe
TpTrace Verbose: 0 : 19824, 4, 2023/02/09, 19:24:37.995, 4117053813332, vstest.console.dll, DotnetDataCollectionLauncher: Adding  --runtimeconfig "C:\Program Files\dotnet\sdk\5.0.103\datacollector.runtimeconfig.json" in args
TpTrace Verbose: 0 : 19824, 4, 2023/02/09, 19:24:37.996, 4117053819132, vstest.console.dll, DotnetDataCollectionLauncher: Adding  --depsfile "C:\Program Files\dotnet\sdk\5.0.103\datacollector.deps.json" in args
TpTrace Information: 0 : 19824, 4, 2023/02/09, 19:24:38.101, 4117054869773, vstest.console.dll, ProxyDataCollectionManager.Initialize: Launched datacollector processId: 1076 port: 58961
TpTrace Information: 0 : 19824, 4, 2023/02/09, 19:24:38.101, 4117054875249, vstest.console.dll, ProxyDataCollectionManager.Initialize: waiting for connection with timeout: 90 seconds
TpTrace Verbose: 0 : 19824, 4, 2023/02/09, 19:24:38.101, 4117054878686, vstest.console.dll, DataCollectionRequestSender.WaitForRequestHandlerConnection : Waiting for connection with timeout: 90000
TpTrace Information: 0 : 19824, 8, 2023/02/09, 19:24:39.164, 4117065507858, vstest.console.dll, Using the buffer size of 16384 bytes
TpTrace Verbose: 0 : 19824, 4, 2023/02/09, 19:24:39.165, 4117065511374, vstest.console.dll, ProxyDataCollectionManager.InvokeDataCollectionServiceAction: Starting.
TpTrace Information: 0 : 19824, 8, 2023/02/09, 19:24:39.165, 4117065512371, vstest.console.dll, Accepted Client request and set the flag
TpTrace Information: 0 : 19824, 4, 2023/02/09, 19:24:39.165, 4117065517232, vstest.console.dll, ProxyDataCollectionManager.BeforeTestRunStart: Get environment variable and port for datacollector processId: 1076 port: 58961
TpTrace Verbose: 0 : 19824, 4, 2023/02/09, 19:24:39.166, 4117065523414, vstest.console.dll, DataCollectionRequestSender.SendBeforeTestRunStartAndGetResult : Send BeforeTestRunStart message with settingsXml <RunSettings><RunConfiguration><ResultsDirectory>C:\Users\MonPC\source\repos\allopromo\allopromo.Admin.UnitTests\bin\Release\netcoreapp3.1\fine-code-coverage\coverage-tool-output</ResultsDirectory><TargetPlatform>X64</TargetPlatform><TargetFrameworkVersion>.NETCoreApp,Version=v3.1</TargetFrameworkVersion><DesignMode>False</DesignMode><CollectSourceInformation>False</CollectSourceInformation><TestAdaptersPaths>C:\Program Files\dotnet\sdk\5.0.103\Extensions</TestAdaptersPaths></RunConfiguration><LoggerRunSettings><Loggers><Logger friendlyName="blame" enabled="True" /><Logger friendlyName="Console" uri="logger://microsoft/TestPlatform/ConsoleLogger/v1" assemblyQualifiedName="Microsoft.VisualStudio.TestPlatform.CommandLine.Internal.ConsoleLogger, vstest.console, Version=15.0.0.0, Culture=neutral, PublicKeyToken=b03f5f7f11d50a3a" codeBase="C:\Program Files\dotnet\sdk\5.0.103\vstest.console.dll" enabled="True" /></Loggers></LoggerRunSettings><DataCollectionRunSettings><DataCollectors><DataCollector friendlyName="blame" enabled="True"><Configuration><ResultsDirectory>C:\Users\MonPC\source\repos\allopromo\allopromo.Admin.UnitTests\bin\Release\netcoreapp3.1\fine-code-coverage\coverage-tool-output</ResultsDirectory></Configuration></DataCollector></DataCollectors></DataCollectionRunSettings></RunSettings> and sources System.Linq.Enumerable+Concat2Iterator`1[System.String]: 
TpTrace Verbose: 0 : 19824, 4, 2023/02/09, 19:24:39.640, 4117070265677, vstest.console.dll, DataCollectionRequestSender.SendBeforeTestRunStartAndGetResult : Received message: (DataCollection.SendMessage) -> {
  "FriendlyName": null,
  "Uri": null,
  "TestCaseId": "00000000-0000-0000-0000-000000000000",
  "Message": "Logging DataCollector Diagnostics in file: C:\\Users\\MonPC\\source\\repos\\allopromo\\allopromo.Admin.UnitTests\\bin\\Release\\netcoreapp3.1\\fine-code-coverage\\coverage-tool-output\\diagnostics.datacollector.23-02-09_19-24-37_94100_4.log",
  "Level": 0
}
TpTrace Verbose: 0 : 19824, 4, 2023/02/09, 19:24:40.188, 4117075744482, vstest.console.dll, DataCollectionRequestSender.SendBeforeTestRunStartAndGetResult : Received message: (DataCollection.BeforeTestRunStartResult) -> {
  "EnvironmentVariables": {},
  "DataCollectionEventsPort": 58964
}
TpTrace Information: 0 : 19824, 4, 2023/02/09, 19:24:40.205, 4117075916977, vstest.console.dll, ProxyDataCollectionManager.BeforeTestRunStart: SendBeforeTestRunStartAndGetResult successful, env variable from datacollector:   and testhost port: 58964
TpTrace Information: 0 : 19824, 4, 2023/02/09, 19:24:40.206, 4117075921219, vstest.console.dll, ProxyDataCollectionManager.InvokeDataCollectionServiceAction: Completed.
TpTrace Verbose: 0 : 19824, 1, 2023/02/09, 19:24:40.206, 4117075926993, vstest.console.dll, TestRunRequest.ExecuteAsync: Creating test run request.
TpTrace Verbose: 0 : 19824, 1, 2023/02/09, 19:24:40.208, 4117075948176, vstest.console.dll, TestRunRequest.ExecuteAsync: Starting.
TpTrace Information: 0 : 19824, 1, 2023/02/09, 19:24:40.210, 4117075968296, vstest.console.dll, TestRunRequest.ExecuteAsync: Starting run with settings:TestRunCriteria:
   KeepAlive=False,FrequencyOfRunStatsChangeEvent=10,RunStatsChangeEventTimeout=00:00:01.5000000,TestCaseFilter=,TestExecutorLauncher=
   Settingsxml=<RunSettings>
  <RunConfiguration>
    <ResultsDirectory>C:\Users\MonPC\source\repos\allopromo\allopromo.Admin.UnitTests\bin\Release\netcoreapp3.1\fine-code-coverage\coverage-tool-output</ResultsDirectory>
    <TargetPlatform>X64</TargetPlatform>
    <TargetFrameworkVersion>.NETCoreApp,Version=v3.1</TargetFrameworkVersion>
    <DesignMode>False</DesignMode>
    <CollectSourceInformation>False</CollectSourceInformation>
  </RunConfiguration>
  <LoggerRunSettings>
    <Loggers>
      <Logger friendlyName="blame" enabled="True" />
      <Logger friendlyName="Console" uri="logger://microsoft/TestPlatform/ConsoleLogger/v1" assemblyQualifiedName="Microsoft.VisualStudio.TestPlatform.CommandLine.Internal.ConsoleLogger, vstest.console, Version=15.0.0.0, Culture=neutral, PublicKeyToken=b03f5f7f11d50a3a" codeBase="C:\Program Files\dotnet\sdk\5.0.103\vstest.console.dll" enabled="True" />
    </Loggers>
  </LoggerRunSettings>
  <DataCollectionRunSettings>
    <DataCollectors>
      <DataCollector friendlyName="blame" enabled="True">
        <Configuration>
          <ResultsDirectory>C:\Users\MonPC\source\repos\allopromo\allopromo.Admin.UnitTests\bin\Release\netcoreapp3.1\fine-code-coverage\coverage-tool-output</ResultsDirectory>
        </Configuration>
      </DataCollector>
    </DataCollectors>
  </DataCollectionRunSettings>
</RunSettings>

TpTrace Verbose: 0 : 19824, 1, 2023/02/09, 19:24:40.211, 4117075972116, vstest.console.dll, TestRunRequest.ExecuteAsync: Wait for the first run request is over.
TpTrace Verbose: 0 : 19824, 1, 2023/02/09, 19:24:40.213, 4117075992037, vstest.console.dll, ParallelProxyExecutionManager: Start execution. Total sources: 1
TpTrace Information: 0 : 19824, 1, 2023/02/09, 19:24:40.216, 4117076021462, vstest.console.dll, ProxyParallelExecutionManager: Triggering test run for next source: C:\Users\MonPC\source\repos\allopromo\allopromo.Admin.UnitTests\bin\Release\netcoreapp3.1\fine-code-coverage\build-output\allopromo.Admin.UnitTests.dll
TpTrace Verbose: 0 : 19824, 1, 2023/02/09, 19:24:40.217, 4117076031217, vstest.console.dll, ProxyParallelExecutionManager: No sources available for execution.
TpTrace Information: 0 : 19824, 1, 2023/02/09, 19:24:40.217, 4117076034786, vstest.console.dll, TestRunRequest.ExecuteAsync: Started.
TpTrace Verbose: 0 : 19824, 1, 2023/02/09, 19:24:40.218, 4117076039242, vstest.console.dll, TestRunRequest.WaitForCompletion: Waiting with timeout -1.
TpTrace Verbose: 0 : 19824, 4, 2023/02/09, 19:24:40.219, 4117076054334, vstest.console.dll, ParallelProxyExecutionManager: Execution started. Started clients: 1
TpTrace Verbose: 0 : 19824, 4, 2023/02/09, 19:24:40.220, 4117076067017, vstest.console.dll, TestRunRequest:SendTestRunMessage: Starting.
TpTrace Information: 0 : 19824, 4, 2023/02/09, 19:24:40.221, 4117076073166, vstest.console.dll, TestRunRequest:SendTestRunMessage: Completed.
TpTrace Verbose: 0 : 19824, 4, 2023/02/09, 19:24:40.222, 4117076082768, vstest.console.dll, ProxyExecutionManager: Test host is always Lazy initialize.
TpTrace Verbose: 0 : 19824, 4, 2023/02/09, 19:24:40.223, 4117076097059, vstest.console.dll, TestRequestSender.InitializeCommunication: initialize communication. 
TpTrace Information: 0 : 19824, 4, 2023/02/09, 19:24:40.227, 4117076134976, vstest.console.dll, SocketServer.Start: Listening on endpoint : 127.0.0.1:58965
TpTrace Verbose: 0 : 19824, 4, 2023/02/09, 19:24:40.232, 4117076178985, vstest.console.dll, DotnetTestHostmanager: Adding  --runtimeconfig "C:\Users\MonPC\source\repos\allopromo\allopromo.Admin.UnitTests\bin\Release\netcoreapp3.1\fine-code-coverage\build-output\allopromo.Admin.UnitTests.runtimeconfig.json" in args
TpTrace Verbose: 0 : 19824, 4, 2023/02/09, 19:24:40.232, 4117076184469, vstest.console.dll, DotnetTestHostmanager: Adding  --depsfile "C:\Users\MonPC\source\repos\allopromo\allopromo.Admin.UnitTests\bin\Release\netcoreapp3.1\fine-code-coverage\build-output\allopromo.Admin.UnitTests.deps.json" in args
TpTrace Information: 0 : 19824, 4, 2023/02/09, 19:24:40.233, 4117076196593, vstest.console.dll, AssemblyResolver.OnResolve: Microsoft.Extensions.DependencyModel: Resolving assembly.
TpTrace Information: 0 : 19824, 4, 2023/02/09, 19:24:40.238, 4117076241297, vstest.console.dll, AssemblyResolver.OnResolve: Resolved assembly: Microsoft.Extensions.DependencyModel, from path: C:\Program Files\dotnet\sdk\5.0.103\Microsoft.Extensions.DependencyModel.dll
TpTrace Verbose: 0 : 19824, 4, 2023/02/09, 19:24:40.239, 4117076255270, vstest.console.dll, DotnetTestHostmanager: Reading file C:\Users\MonPC\source\repos\allopromo\allopromo.Admin.UnitTests\bin\Release\netcoreapp3.1\fine-code-coverage\build-output\allopromo.Admin.UnitTests.deps.json to get path of testhost.dll
TpTrace Verbose: 0 : 19824, 4, 2023/02/09, 19:24:40.387, 4117077734949, vstest.console.dll, DotnetTestHostmanager: Relative path of testhost.dll with respect to package folder is microsoft.testplatform.testhost/16.5.0\lib/netcoreapp2.1/testhost.dll
TpTrace Verbose: 0 : 19824, 4, 2023/02/09, 19:24:40.390, 4117077762722, vstest.console.dll, DotnetTestHostmanager: Looking for path microsoft.testplatform.testhost/16.5.0\lib/netcoreapp2.1/testhost.dll in folder C:\Users\MonPC\.dotnet\store\|arch|\|tfm|
TpTrace Verbose: 0 : 19824, 4, 2023/02/09, 19:24:40.390, 4117077767964, vstest.console.dll, DotnetTestHostmanager: Looking for path microsoft.testplatform.testhost/16.5.0\lib/netcoreapp2.1/testhost.dll in folder C:\Users\MonPC\.nuget\packages
TpTrace Verbose: 0 : 19824, 4, 2023/02/09, 19:24:40.391, 4117077777443, vstest.console.dll, DotnetTestHostManager: Testhost.exe/testhost.x86.exe found at path: C:\Users\MonPC\.nuget\packages\microsoft.testplatform.testhost\16.5.0\build\netcoreapp2.1\x64\testhost.exe
TpTrace Verbose: 0 : 19824, 4, 2023/02/09, 19:24:40.392, 4117077780856, vstest.console.dll, DotnetTestHostmanager: Full path of host exe is C:\Users\MonPC\.nuget\packages\microsoft.testplatform.testhost\16.5.0\build\netcoreapp2.1\x64\testhost.exe
TpTrace Verbose: 0 : 19824, 10, 2023/02/09, 19:24:40.397, 4117077838472, vstest.console.dll, DotnetTestHostManager: Starting process 'C:\Users\MonPC\.nuget\packages\microsoft.testplatform.testhost\16.5.0\build\netcoreapp2.1\x64\testhost.exe' with command line ' --runtimeconfig "C:\Users\MonPC\source\repos\allopromo\allopromo.Admin.UnitTests\bin\Release\netcoreapp3.1\fine-code-coverage\build-output\allopromo.Admin.UnitTests.runtimeconfig.json" --depsfile "C:\Users\MonPC\source\repos\allopromo\allopromo.Admin.UnitTests\bin\Release\netcoreapp3.1\fine-code-coverage\build-output\allopromo.Admin.UnitTests.deps.json" --port 58965 --endpoint 127.0.0.1:058965 --role client --parentprocessid 19824 --diag "C:\Users\MonPC\source\repos\allopromo\allopromo.Admin.UnitTests\bin\Release\netcoreapp3.1\fine-code-coverage\coverage-tool-output\diagnostics.host.23-02-09_19-24-40_23046_4.log" --tracelevel 4 --datacollectionport 58964 --telemetryoptedin false'
TpTrace Verbose: 0 : 19824, 10, 2023/02/09, 19:24:40.441, 4117078275468, vstest.console.dll, Test Runtime launched
TpTrace Verbose: 0 : 19824, 4, 2023/02/09, 19:24:40.450, 4117078361259, vstest.console.dll, TestRequestSender.WaitForRequestHandlerConnection: waiting for connection with timeout: 90000
TpTrace Verbose: 0 : 19824, 6, 2023/02/09, 19:24:42.234, 4117096203435, vstest.console.dll, SocketServer.OnClientConnected: Client connected for endPoint: 127.0.0.1:58965, starting MessageLoopAsync:
TpTrace Verbose: 0 : 19824, 6, 2023/02/09, 19:24:42.244, 4117096303884, vstest.console.dll, TcpClientExtensions.MessageLoopAsync: Polling on remoteEndPoint: 127.0.0.1:58967 localEndPoint: 127.0.0.1:58965
TpTrace Verbose: 0 : 19824, 6, 2023/02/09, 19:24:43.247, 4117106335861, vstest.console.dll, TcpClientExtensions.MessageLoopAsync: NotifyDataAvailable remoteEndPoint: 127.0.0.1:58967 localEndPoint: 127.0.0.1:58965
TpTrace Verbose: 0 : 19824, 6, 2023/02/09, 19:24:43.248, 4117106343361, vstest.console.dll, TestRequestSender.CheckVersionWithTestHost: onMessageReceived received message: (ProtocolVersion) -> 2
TpTrace Verbose: 0 : 19824, 6, 2023/02/09, 19:24:43.249, 4117106357698, vstest.console.dll, TcpClientExtensions.MessageLoopAsync: Polling on remoteEndPoint: 127.0.0.1:58967 localEndPoint: 127.0.0.1:58965
TpTrace Verbose: 0 : 19824, 4, 2023/02/09, 19:24:43.250, 4117106361734, vstest.console.dll, TestPluginCache.GetExtensionPaths: Filtered extension paths: 
TpTrace Verbose: 0 : 19824, 4, 2023/02/09, 19:24:43.250, 4117106365003, vstest.console.dll, TestPluginCache.GetExtensionPaths: Added default extension paths: C:\Program Files\dotnet\sdk\5.0.103\Extensions\Microsoft.Diagnostics.NETCore.Client.dll
C:\Program Files\dotnet\sdk\5.0.103\Extensions\Microsoft.TestPlatform.Extensions.BlameDataCollector.dll
C:\Program Files\dotnet\sdk\5.0.103\Extensions\Microsoft.TestPlatform.Extensions.EventLogCollector.dll
C:\Program Files\dotnet\sdk\5.0.103\Extensions\Microsoft.TestPlatform.TestHostRuntimeProvider.dll
C:\Program Files\dotnet\sdk\5.0.103\Extensions\Microsoft.VisualStudio.TestPlatform.Extensions.Html.TestLogger.dll
C:\Program Files\dotnet\sdk\5.0.103\Extensions\Microsoft.VisualStudio.TestPlatform.Extensions.Trx.TestLogger.dll
TpTrace Verbose: 0 : 19824, 4, 2023/02/09, 19:24:43.250, 4117106367288, vstest.console.dll, TestPluginCache.GetExtensionPaths: Added unfilterableExtensionPaths: 
TpTrace Verbose: 0 : 19824, 4, 2023/02/09, 19:24:43.266, 4117106526612, vstest.console.dll, TestRequestSender.InitializeExecution: Sending initializing execution with message: {"Version":2,"MessageType":"TestExecution.Initialize","Payload":["C:\\Users\\MonPC\\source\\repos\\allopromo\\allopromo.Admin.UnitTests\\bin\\Release\\netcoreapp3.1\\fine-code-coverage\\build-output\\NUnit3.TestAdapter.dll"]}
TpTrace Verbose: 0 : 19824, 4, 2023/02/09, 19:24:43.337, 4117107237817, vstest.console.dll, TestRequestSender.StartTestRun: Sending test run with message: {"Version":2,"MessageType":"TestExecution.StartWithSources","Payload":{"AdapterSourceMap":{"_none_":["C:\\Users\\MonPC\\source\\repos\\allopromo\\allopromo.Admin.UnitTests\\bin\\Release\\netcoreapp3.1\\fine-code-coverage\\build-output\\allopromo.Admin.UnitTests.dll"]},"RunSettings":"<RunSettings>\r\n  <RunConfiguration>\r\n    <ResultsDirectory>C:\\Users\\MonPC\\source\\repos\\allopromo\\allopromo.Admin.UnitTests\\bin\\Release\\netcoreapp3.1\\fine-code-coverage\\coverage-tool-output</ResultsDirectory>\r\n    <TargetPlatform>X64</TargetPlatform>\r\n    <TargetFrameworkVersion>.NETCoreApp,Version=v3.1</TargetFrameworkVersion>\r\n    <DesignMode>False</DesignMode>\r\n    <CollectSourceInformation>False</CollectSourceInformation>\r\n  </RunConfiguration>\r\n  <LoggerRunSettings>\r\n    <Loggers>\r\n      <Logger friendlyName=\"blame\" enabled=\"True\" />\r\n      <Logger friendlyName=\"Console\" uri=\"logger://microsoft/TestPlatform/ConsoleLogger/v1\" assemblyQualifiedName=\"Microsoft.VisualStudio.TestPlatform.CommandLine.Internal.ConsoleLogger, vstest.console, Version=15.0.0.0, Culture=neutral, PublicKeyToken=b03f5f7f11d50a3a\" codeBase=\"C:\\Program Files\\dotnet\\sdk\\5.0.103\\vstest.console.dll\" enabled=\"True\" />\r\n    </Loggers>\r\n  </LoggerRunSettings>\r\n  <DataCollectionRunSettings>\r\n    <DataCollectors>\r\n      <DataCollector friendlyName=\"blame\" enabled=\"True\">\r\n        <Configuration>\r\n          <ResultsDirectory>C:\\Users\\MonPC\\source\\repos\\allopromo\\allopromo.Admin.UnitTests\\bin\\Release\\netcoreapp3.1\\fine-code-coverage\\coverage-tool-output</ResultsDirectory>\r\n        </Configuration>\r\n      </DataCollector>\r\n    </DataCollectors>\r\n  </DataCollectionRunSettings>\r\n</RunSettings>","TestExecutionContext":{"FrequencyOfRunStatsChangeEvent":10,"RunStatsChangeEventTimeout":"00:00:01.5000000","InIsolation":false,"KeepAlive":false,"AreTestCaseLevelEventsRequired":false,"IsDebug":false,"TestCaseFilter":null,"FilterOptions":null},"Package":null}}
TpTrace Verbose: 0 : 19824, 6, 2023/02/09, 19:24:43.353, 4117107396976, vstest.console.dll, TcpClientExtensions.MessageLoopAsync: NotifyDataAvailable remoteEndPoint: 127.0.0.1:58967 localEndPoint: 127.0.0.1:58965
TpTrace Verbose: 0 : 19824, 6, 2023/02/09, 19:24:43.354, 4117107403644, vstest.console.dll, TestRequestSender.OnExecutionMessageReceived: Received message: {"Version":2,"MessageType":"TestSession.Message","Payload":{"MessageLevel":0,"Message":"Logging TestHost Diagnostics in file: C:\\Users\\MonPC\\source\\repos\\allopromo\\allopromo.Admin.UnitTests\\bin\\Release\\netcoreapp3.1\\fine-code-coverage\\coverage-tool-output\\diagnostics.host.23-02-09_19-24-40_23046_4.log"}}
TpTrace Verbose: 0 : 19824, 6, 2023/02/09, 19:24:43.362, 4117107488036, vstest.console.dll, TestRunRequest:SendTestRunMessage: Starting.
TpTrace Information: 0 : 19824, 6, 2023/02/09, 19:24:43.363, 4117107493038, vstest.console.dll, TestRunRequest:SendTestRunMessage: Completed.
TpTrace Verbose: 0 : 19824, 6, 2023/02/09, 19:24:43.363, 4117107495664, vstest.console.dll, TcpClientExtensions.MessageLoopAsync: Polling on remoteEndPoint: 127.0.0.1:58967 localEndPoint: 127.0.0.1:58965
TpTrace Verbose: 0 : 19824, 6, 2023/02/09, 19:24:44.369, 4117117551175, vstest.console.dll, TcpClientExtensions.MessageLoopAsync: Polling on remoteEndPoint: 127.0.0.1:58967 localEndPoint: 127.0.0.1:58965
TpTrace Verbose: 0 : 19824, 6, 2023/02/09, 19:24:44.665, 4117120517023, vstest.console.dll, TcpClientExtensions.MessageLoopAsync: NotifyDataAvailable remoteEndPoint: 127.0.0.1:58967 localEndPoint: 127.0.0.1:58965
TpTrace Verbose: 0 : 19824, 6, 2023/02/09, 19:24:44.666, 4117120521436, vstest.console.dll, TestRequestSender.OnExecutionMessageReceived: Received message: {"Version":2,"MessageType":"TestSession.Message","Payload":{"MessageLevel":0,"Message":"NUnit Adapter 3.16.1.0: Test execution started"}}
TpTrace Verbose: 0 : 19824, 6, 2023/02/09, 19:24:44.667, 4117120532251, vstest.console.dll, TestRunRequest:SendTestRunMessage: Starting.
TpTrace Information: 0 : 19824, 6, 2023/02/09, 19:24:44.667, 4117120535759, vstest.console.dll, TestRunRequest:SendTestRunMessage: Completed.
TpTrace Verbose: 0 : 19824, 6, 2023/02/09, 19:24:44.668, 4117120540354, vstest.console.dll, TcpClientExtensions.MessageLoopAsync: Polling on remoteEndPoint: 127.0.0.1:58967 localEndPoint: 127.0.0.1:58965
TpTrace Verbose: 0 : 19824, 6, 2023/02/09, 19:24:44.714, 4117121002878, vstest.console.dll, TcpClientExtensions.MessageLoopAsync: NotifyDataAvailable remoteEndPoint: 127.0.0.1:58967 localEndPoint: 127.0.0.1:58965
TpTrace Verbose: 0 : 19824, 6, 2023/02/09, 19:24:44.714, 4117121007517, vstest.console.dll, TestRequestSender.OnExecutionMessageReceived: Received message: {"Version":2,"MessageType":"TestSession.Message","Payload":{"MessageLevel":0,"Message":"Running all tests in C:\\Users\\MonPC\\source\\repos\\allopromo\\allopromo.Admin.UnitTests\\bin\\Release\\netcoreapp3.1\\fine-code-coverage\\build-output\\allopromo.Admin.UnitTests.dll"}}
TpTrace Verbose: 0 : 19824, 6, 2023/02/09, 19:24:44.715, 4117121014583, vstest.console.dll, TestRunRequest:SendTestRunMessage: Starting.
TpTrace Information: 0 : 19824, 6, 2023/02/09, 19:24:44.716, 4117121019126, vstest.console.dll, TestRunRequest:SendTestRunMessage: Completed.
TpTrace Verbose: 0 : 19824, 6, 2023/02/09, 19:24:44.716, 4117121021336, vstest.console.dll, TcpClientExtensions.MessageLoopAsync: Polling on remoteEndPoint: 127.0.0.1:58967 localEndPoint: 127.0.0.1:58965
TpTrace Verbose: 0 : 19824, 6, 2023/02/09, 19:24:45.717, 4117131031879, vstest.console.dll, TcpClientExtensions.MessageLoopAsync: Polling on remoteEndPoint: 127.0.0.1:58967 localEndPoint: 127.0.0.1:58965
TpTrace Verbose: 0 : 19824, 6, 2023/02/09, 19:24:45.830, 4117132164620, vstest.console.dll, TcpClientExtensions.MessageLoopAsync: NotifyDataAvailable remoteEndPoint: 127.0.0.1:58967 localEndPoint: 127.0.0.1:58965
TpTrace Verbose: 0 : 19824, 6, 2023/02/09, 19:24:45.831, 4117132171508, vstest.console.dll, TestRequestSender.OnExecutionMessageReceived: Received message: {"Version":2,"MessageType":"TestSession.Message","Payload":{"MessageLevel":0,"Message":"   NUnit3TestExecutor converted 6 of 6 NUnit test cases"}}
TpTrace Verbose: 0 : 19824, 6, 2023/02/09, 19:24:45.831, 4117132178258, vstest.console.dll, TestRunRequest:SendTestRunMessage: Starting.
TpTrace Information: 0 : 19824, 6, 2023/02/09, 19:24:45.832, 4117132182175, vstest.console.dll, TestRunRequest:SendTestRunMessage: Completed.
TpTrace Verbose: 0 : 19824, 6, 2023/02/09, 19:24:45.832, 4117132184237, vstest.console.dll, TcpClientExtensions.MessageLoopAsync: Polling on remoteEndPoint: 127.0.0.1:58967 localEndPoint: 127.0.0.1:58965
TpTrace Verbose: 0 : 19824, 6, 2023/02/09, 19:24:46.130, 4117135163146, vstest.console.dll, TcpClientExtensions.MessageLoopAsync: NotifyDataAvailable remoteEndPoint: 127.0.0.1:58967 localEndPoint: 127.0.0.1:58965
TpTrace Verbose: 0 : 19824, 6, 2023/02/09, 19:24:46.130, 4117135168448, vstest.console.dll, TestRequestSender.OnExecutionMessageReceived: Received message: {"Version":2,"MessageType":"TestExecution.StatsChange","Payload":{"NewTestResults":[],"TestRunStatistics":{"ExecutedTests":0,"Stats":{}},"ActiveTests":[{"Id":"828ff996-3015-3d42-90b5-be2b065d4e2f","FullyQualifiedName":"allopromo.Admin.UnitTests.Controllers.AccountControllerTests.Create","DisplayName":"Create","ExecutorUri":"executor://NUnit3TestExecutor","Source":"C:\\Users\\MonPC\\source\\repos\\allopromo\\allopromo.Admin.UnitTests\\bin\\Release\\netcoreapp3.1\\fine-code-coverage\\build-output\\allopromo.Admin.UnitTests.dll","CodeFilePath":null,"LineNumber":0,"Properties":[]}]}}
TpTrace Verbose: 0 : 19824, 6, 2023/02/09, 19:24:46.207, 4117135932616, vstest.console.dll, TestRunRequest:SendTestRunStatsChange: Starting.
TpTrace Verbose: 0 : 19824, 6, 2023/02/09, 19:24:46.208, 4117135942677, vstest.console.dll, InProgress is Create
TpTrace Information: 0 : 19824, 6, 2023/02/09, 19:24:46.211, 4117135976731, vstest.console.dll, TestRunRequest:SendTestRunStatsChange: Completed.
TpTrace Verbose: 0 : 19824, 6, 2023/02/09, 19:24:46.212, 4117135979968, vstest.console.dll, TcpClientExtensions.MessageLoopAsync: Polling on remoteEndPoint: 127.0.0.1:58967 localEndPoint: 127.0.0.1:58965
TpTrace Verbose: 0 : 19824, 6, 2023/02/09, 19:24:47.227, 4117146131236, vstest.console.dll, TcpClientExtensions.MessageLoopAsync: Polling on remoteEndPoint: 127.0.0.1:58967 localEndPoint: 127.0.0.1:58965
TpTrace Verbose: 0 : 19824, 6, 2023/02/09, 19:24:47.660, 4117150460821, vstest.console.dll, TcpClientExtensions.MessageLoopAsync: NotifyDataAvailable remoteEndPoint: 127.0.0.1:58967 localEndPoint: 127.0.0.1:58965
TpTrace Verbose: 0 : 19824, 6, 2023/02/09, 19:24:47.660, 4117150467455, vstest.console.dll, TestRequestSender.OnExecutionMessageReceived: Received message: {"Version":2,"MessageType":"TestSession.Message","Payload":{"MessageLevel":0,"Message":"NUnit Adapter 3.16.1.0: Test execution complete"}}
TpTrace Verbose: 0 : 19824, 6, 2023/02/09, 19:24:47.661, 4117150473696, vstest.console.dll, TestRunRequest:SendTestRunMessage: Starting.
TpTrace Information: 0 : 19824, 6, 2023/02/09, 19:24:47.661, 4117150477222, vstest.console.dll, TestRunRequest:SendTestRunMessage: Completed.
TpTrace Verbose: 0 : 19824, 6, 2023/02/09, 19:24:47.662, 4117150479492, vstest.console.dll, TcpClientExtensions.MessageLoopAsync: Polling on remoteEndPoint: 127.0.0.1:58967 localEndPoint: 127.0.0.1:58965
TpTrace Verbose: 0 : 19824, 6, 2023/02/09, 19:24:47.720, 4117151059093, vstest.console.dll, TcpClientExtensions.MessageLoopAsync: NotifyDataAvailable remoteEndPoint: 127.0.0.1:58967 localEndPoint: 127.0.0.1:58965
TpTrace Verbose: 0 : 19824, 6, 2023/02/09, 19:24:47.721, 4117151072273, vstest.console.dll, TestRequestSender.OnExecutionMessageReceived: Received message: {"Version":2,"MessageType":"TestExecution.StatsChange","Payload":{"NewTestResults":[{"TestCase":{"Id":"828ff996-3015-3d42-90b5-be2b065d4e2f","FullyQualifiedName":"allopromo.Admin.UnitTests.Controllers.AccountControllerTests.Create","DisplayName":"Create","ExecutorUri":"executor://NUnit3TestExecutor","Source":"C:\\Users\\MonPC\\source\\repos\\allopromo\\allopromo.Admin.UnitTests\\bin\\Release\\netcoreapp3.1\\fine-code-coverage\\build-output\\allopromo.Admin.UnitTests.dll","CodeFilePath":null,"LineNumber":0,"Properties":[]},"Attachments":[],"Outcome":1,"ErrorMessage":null,"ErrorStackTrace":null,"DisplayName":"Create","Messages":[],"ComputerName":"DESKTOP-51CUQQV","Duration":"00:00:00.0222140","StartTime":"2023-02-10T00:24:45+00:00","EndTime":"2023-02-10T00:24:46+00:00","Properties":[]},{"TestCase":{"Id":"5d1b0b82-53b9-21fe-0180-657d0c65ba39","FullyQualifiedName":"allopromo.Admin.UnitTests.Controllers.AccountControllerTests.Login","DisplayName":"Login","ExecutorUri":"executor://NUnit3TestExecutor","Source":"C:\\Users\\MonPC\\source\\repos\\allopromo\\allopromo.Admin.UnitTests\\bin\\Release\\netcoreapp3.1\\fine-code-coverage\\build-output\\allopromo.Admin.UnitTests.dll","CodeFilePath":null,"LineNumber":0,"Properties":[]},"Attachments":[],"Outcome":1,"ErrorMessage":null,"ErrorStackTrace":null,"DisplayName":"Login","Messages":[],"ComputerName":"DESKTOP-51CUQQV","Duration":"00:00:00.0003410","StartTime":"2023-02-10T00:24:46+00:00","EndTime":"2023-02-10T00:24:46+00:00","Properties":[]},{"TestCase":{"Id":"9ca356f0-56a0-391a-e1b4-cca660f5d2b1","FullyQualifiedName":"allopromo.Admin.UnitTests.Controllers.DepartmentControllerTests.DepartmentController_Create_Should_Return_BadRequest_When_Department_IS_Null","DisplayName":"DepartmentController_Create_Should_Return_BadRequest_When_Department_IS_Null","ExecutorUri":"executor://NUnit3TestExecutor","Source":"C:\\Users\\MonPC\\source\\repos\\allopromo\\allopromo.Admin.UnitTests\\bin\\Release\\netcoreapp3.1\\fine-code-coverage\\build-output\\allopromo.Admin.UnitTests.dll","CodeFilePath":null,"LineNumber":0,"Properties":[]},"Attachments":[],"Outcome":2,"ErrorMessage":"System.NullReferenceException : Object reference not set to an instance of an object.","ErrorStackTrace":"   at allopromo.Admin.UnitTests.Controllers.DepartmentControllerTests.DepartmentController_Create_Should_Return_BadRequest_When_Department_IS_Null() in C:\\Users\\MonPC\\source\\repos\\allopromo\\allopromo.Admin.UnitTests\\Controllers\\DepartmentControllerTests.cs:line 40","DisplayName":"DepartmentController_Create_Should_Return_BadRequest_When_Department_IS_Null","Messages":[],"ComputerName":"DESKTOP-51CUQQV","Duration":"00:00:00.2533970","StartTime":"2023-02-10T00:24:46+00:00","EndTime":"2023-02-10T00:24:46+00:00","Properties":[]},{"TestCase":{"Id":"9a60651f-2c28-cc25-7401-522eb0cba0e6","FullyQualifiedName":"allopromo.Admin.UnitTests.Controllers.DepartmentControllerTests.DepartmentController_Get_Should_Return_Departments","DisplayName":"DepartmentController_Get_Should_Return_Departments","ExecutorUri":"executor://NUnit3TestExecutor","Source":"C:\\Users\\MonPC\\source\\repos\\allopromo\\allopromo.Admin.UnitTests\\bin\\Release\\netcoreapp3.1\\fine-code-coverage\\build-output\\allopromo.Admin.UnitTests.dll","CodeFilePath":null,"LineNumber":0,"Properties":[]},"Attachments":[],"Outcome":2,"ErrorMessage":"System.NullReferenceException : Object reference not set to an instance of an object.","ErrorStackTrace":"   at allopromo.Admin.UnitTests.Controllers.DepartmentControllerTests.DepartmentController_Get_Should_Return_Departments() in C:\\Users\\MonPC\\source\\repos\\allopromo\\allopromo.Admin.UnitTests\\Controllers\\DepartmentControllerTests.cs:line 53","DisplayName":"DepartmentController_Get_Should_Return_Departments","Messages":[],"ComputerName":"DESKTOP-51CUQQV","Duration":"00:00:00.1497020","StartTime":"2023-02-10T00:24:46+00:00","EndTime":"2023-02-10T00:24:46+00:00","Properties":[]},{"TestCase":{"Id":"c0572e24-f4f6-4ac6-b5f0-c65c63600b39","FullyQualifiedName":"allopromo.Admin.UnitTests.Controllers.HomeControllerTests.AccountController_Login_Should_Return_LoginFailed","DisplayName":"AccountController_Login_Should_Return_LoginFailed","ExecutorUri":"executor://NUnit3TestExecutor","Source":"C:\\Users\\MonPC\\source\\repos\\allopromo\\allopromo.Admin.UnitTests\\bin\\Release\\netcoreapp3.1\\fine-code-coverage\\build-output\\allopromo.Admin.UnitTests.dll","CodeFilePath":null,"LineNumber":0,"Properties":[]},"Attachments":[],"Outcome":1,"ErrorMessage":null,"ErrorStackTrace":null,"DisplayName":"AccountController_Login_Should_Return_LoginFailed","Messages":[],"ComputerName":"DESKTOP-51CUQQV","Duration":"00:00:00.7121570","StartTime":"2023-02-10T00:24:46+00:00","EndTime":"2023-02-10T00:24:47+00:00","Properties":[]},{"TestCase":{"Id":"f5382b2f-5533-837a-f2a7-89e95fc94465","FullyQualifiedName":"allopromo.Admin.UnitTests.Controllers.HomeControllerTests.HomeController_Login_Should_Return_Succeded","DisplayName":"HomeController_Login_Should_Return_Succeded","ExecutorUri":"executor://NUnit3TestExecutor","Source":"C:\\Users\\MonPC\\source\\repos\\allopromo\\allopromo.Admin.UnitTests\\bin\\Release\\netcoreapp3.1\\fine-code-coverage\\build-output\\allopromo.Admin.UnitTests.dll","CodeFilePath":null,"LineNumber":0,"Properties":[]},"Attachments":[],"Outcome":1,"ErrorMessage":null,"ErrorStackTrace":null,"DisplayName":"HomeController_Login_Should_Return_Succeded","Messages":[],"ComputerName":"DESKTOP-51CUQQV","Duration":"00:00:00.0004220","StartTime":"2023-02-10T00:24:47+00:00","EndTime":"2023-02-10T00:24:47+00:00","Properties":[]}],"TestRunStatistics":{"ExecutedTests":6,"Stats":{"Passed":4,"Failed":2}},"ActiveTests":[]}}
TpTrace Verbose: 0 : 19824, 6, 2023/02/09, 19:24:47.764, 4117151504567, vstest.console.dll, TestRunRequest:SendTestRunStatsChange: Starting.
TpTrace Information: 0 : 19824, 6, 2023/02/09, 19:24:47.765, 4117151513775, vstest.console.dll, TestRunRequest:SendTestRunStatsChange: Completed.
TpTrace Verbose: 0 : 19824, 6, 2023/02/09, 19:24:47.765, 4117151516434, vstest.console.dll, TcpClientExtensions.MessageLoopAsync: Polling on remoteEndPoint: 127.0.0.1:58967 localEndPoint: 127.0.0.1:58965
TpTrace Verbose: 0 : 19824, 6, 2023/02/09, 19:24:47.787, 4117151735184, vstest.console.dll, TcpClientExtensions.MessageLoopAsync: NotifyDataAvailable remoteEndPoint: 127.0.0.1:58967 localEndPoint: 127.0.0.1:58965
TpTrace Verbose: 0 : 19824, 6, 2023/02/09, 19:24:47.788, 4117151739825, vstest.console.dll, TestRequestSender.OnExecutionMessageReceived: Received message: {"Version":2,"MessageType":"TestExecution.Completed","Payload":{"TestRunCompleteArgs":{"TestRunStatistics":{"ExecutedTests":6,"Stats":{"Passed":4,"Failed":2}},"IsCanceled":false,"IsAborted":false,"Error":null,"AttachmentSets":[],"ElapsedTimeInRunningTests":"00:00:03.1718185","Metrics":{}},"LastRunTests":{"NewTestResults":[],"TestRunStatistics":{"ExecutedTests":6,"Stats":{"Passed":4,"Failed":2}},"ActiveTests":[]},"RunAttachments":[],"ExecutorUris":["executor://nunit3testexecutor/"]}}
TpTrace Verbose: 0 : 19824, 6, 2023/02/09, 19:24:47.788, 4117151745033, vstest.console.dll, TestRequestSender.EndSession: Sending end session.
TpTrace Verbose: 0 : 19824, 6, 2023/02/09, 19:24:47.789, 4117151750078, vstest.console.dll, ProxyOperationManager.Close: waiting for test host to exit for 100 ms
TpTrace Warning: 0 : 19824, 6, 2023/02/09, 19:24:47.883, 4117152698823, vstest.console.dll, ProxyOperationManager: Timed out waiting for test host to exit. Will terminate process.
TpTrace Warning: 0 : 19824, 12, 2023/02/09, 19:24:48.020, 4117154060542, vstest.console.dll, TestHostManagerCallbacks.ErrorReceivedCallback Test host standard error line: 
TpTrace Verbose: 0 : 19824, 6, 2023/02/09, 19:24:48.038, 4117154248695, vstest.console.dll, TestHostProvider.ExitCallBack: Host exited starting callback.
TpTrace Information: 0 : 19824, 6, 2023/02/09, 19:24:48.039, 4117154254771, vstest.console.dll, TestHostManagerCallbacks.ExitCallBack: Testhost processId: 2732 exited with exitcode: 0 error: ''
TpTrace Verbose: 0 : 19824, 6, 2023/02/09, 19:24:48.039, 4117154258267, vstest.console.dll, DotnetTestHostManager.OnHostExited: invoking OnHostExited callback
TpTrace Verbose: 0 : 19824, 6, 2023/02/09, 19:24:48.040, 4117154260774, vstest.console.dll, CrossPlatEngine.TestHostManagerHostExited: calling on client process exit callback.
TpTrace Information: 0 : 19824, 6, 2023/02/09, 19:24:48.040, 4117154263163, vstest.console.dll, TestRequestSender.OnClientProcessExit: Test host process exited. Standard error: 
TpTrace Information: 0 : 19824, 6, 2023/02/09, 19:24:48.040, 4117154265138, vstest.console.dll, SocketServer.Stop: Stop server endPoint: 127.0.0.1:58965
TpTrace Information: 0 : 19824, 6, 2023/02/09, 19:24:48.040, 4117154266659, vstest.console.dll, SocketServer.Stop: Cancellation requested. Stopping message loop.
TpTrace Verbose: 0 : 19824, 6, 2023/02/09, 19:24:48.043, 4117154296478, vstest.console.dll, ProxyDataCollectionManager.InvokeDataCollectionServiceAction: Starting.
TpTrace Information: 0 : 19824, 6, 2023/02/09, 19:24:48.044, 4117154300094, vstest.console.dll, ProxyDataCollectionManager.AfterTestRunEnd: Get attachment set for datacollector processId: 1076 port: 58961
TpTrace Verbose: 0 : 19824, 6, 2023/02/09, 19:24:48.044, 4117154303064, vstest.console.dll, DataCollectionRequestSender.SendAfterTestRunStartAndGetResult : Send AfterTestRunEnd message with isCancelled: False
TpTrace Verbose: 0 : 19824, 6, 2023/02/09, 19:24:48.051, 4117154369968, vstest.console.dll, DataCollectionRequestSender.SendAfterTestRunStartAndGetResult : Received message: (DataCollection.AfterTestRunEndResult) -> []
TpTrace Information: 0 : 19824, 6, 2023/02/09, 19:24:48.054, 4117154404835, vstest.console.dll, ProxyDataCollectionManager.InvokeDataCollectionServiceAction: Completed.
TpTrace Warning: 0 : 19824, 7, 2023/02/09, 19:24:48.073, 4117154592415, vstest.console.dll, DataCollectionLauncher.ErrorReceivedCallback datacollector standard error line: 
TpTrace Information: 0 : 19824, 8, 2023/02/09, 19:24:48.089, 4117154752366, vstest.console.dll, DataCollectionLauncher.ExitCallBack: Data collector exited with exitcode: 0 error: ''
TpTrace Verbose: 0 : 19824, 6, 2023/02/09, 19:24:48.119, 4117155049922, vstest.console.dll, TestRunRequest:SendTestRunStatsChange: Starting.
TpTrace Information: 0 : 19824, 6, 2023/02/09, 19:24:48.119, 4117155052749, vstest.console.dll, TestRunRequest:SendTestRunStatsChange: Completed.
TpTrace Verbose: 0 : 19824, 6, 2023/02/09, 19:24:48.120, 4117155061857, vstest.console.dll, ParallelProxyExecutionManager: HandlePartialRunComplete: Total completed clients = 1, Run complete = True, Run canceled: False.
TpTrace Verbose: 0 : 19824, 6, 2023/02/09, 19:24:48.190, 4117155768022, vstest.console.dll, TestRunRequest:TestRunComplete: Starting. IsAborted:False IsCanceled:False.
TpTrace Verbose: 0 : 19824, 6, 2023/02/09, 19:24:48.191, 4117155778204, vstest.console.dll, TestLoggerManager.HandleTestRunComplete: Ignoring as the object is disposed.
TpTrace Information: 0 : 19824, 6, 2023/02/09, 19:24:48.193, 4117155789303, vstest.console.dll, TestRunRequest:TestRunComplete: Completed.
TpTrace Verbose: 0 : 19824, 1, 2023/02/09, 19:24:48.193, 4117155791369, vstest.console.dll, TestRunRequest.Dispose: Starting.
TpTrace Verbose: 0 : 19824, 6, 2023/02/09, 19:24:48.193, 4117155792731, vstest.console.dll, TestRequestSender.SetOperationComplete: Setting operation complete.
TpTrace Information: 0 : 19824, 1, 2023/02/09, 19:24:48.193, 4117155795749, vstest.console.dll, TestRunRequest.Dispose: Completed.
TpTrace Information: 0 : 19824, 6, 2023/02/09, 19:24:48.193, 4117155798137, vstest.console.dll, SocketServer.Stop: Stop server endPoint: 127.0.0.1:58965
TpTrace Information: 0 : 19824, 6, 2023/02/09, 19:24:48.194, 4117155802825, vstest.console.dll, SocketServer.Stop: Cancellation requested. Stopping message loop.
TpTrace Information: 0 : 19824, 1, 2023/02/09, 19:24:48.194, 4117155801035, vstest.console.dll, TestRequestManager.RunTests: run tests completed.
TpTrace Information: 0 : 19824, 6, 2023/02/09, 19:24:48.194, 4117155806243, vstest.console.dll, SocketServer.PrivateStop: Stop server endPoint: 127.0.0.1:58965 error: 
TpTrace Information: 0 : 19824, 1, 2023/02/09, 19:24:48.195, 4117155809689, vstest.console.dll, RunTestsArgumentProcessor:Execute: Test run is completed.
TpTrace Verbose: 0 : 19824, 1, 2023/02/09, 19:24:48.195, 4117155811811, vstest.console.dll, Executor.Execute: Exiting with exit code of 1
