TpTrace Verbose: 0 : 17424, 1, 2023/04/08, 05:44:07.590, 11828914421631, vstest.console.dll, Version: 16.8.3
TpTrace Information: 0 : 17424, 1, 2023/04/08, 05:44:07.645, 11828914875259, vstest.console.dll, FilePatternParser: The given file C:\Users\MonPC\source\repos\allopromo\allopromo.Api.UnitTests\bin\Release\netcoreapp3.1\fine-code-coverage\build-output\allopromo.Api.UnitTests.dll is a full path.
TpTrace Verbose: 0 : 17424, 1, 2023/04/08, 05:44:07.687, 11828915292465, vstest.console.dll, TestPluginCache.DiscoverTestExtensions: finding test extensions in assemblies ends with: RuntimeProvider.dll TPluginInfo: Microsoft.VisualStudio.TestPlatform.Common.ExtensionFramework.Utilities.TestRuntimePluginInformation TExtension: Microsoft.VisualStudio.TestPlatform.ObjectModel.Host.ITestRuntimeProvider
TpTrace Verbose: 0 : 17424, 1, 2023/04/08, 05:44:07.689, 11828915308356, vstest.console.dll, TestPluginCache.GetExtensionPaths: Filtered extension paths: 
TpTrace Verbose: 0 : 17424, 1, 2023/04/08, 05:44:07.689, 11828915312691, vstest.console.dll, TestPluginCache.GetExtensionPaths: Added default extension paths: C:\Program Files\dotnet\sdk\5.0.103\Extensions\Microsoft.Diagnostics.NETCore.Client.dll
C:\Program Files\dotnet\sdk\5.0.103\Extensions\Microsoft.TestPlatform.Extensions.BlameDataCollector.dll
C:\Program Files\dotnet\sdk\5.0.103\Extensions\Microsoft.TestPlatform.Extensions.EventLogCollector.dll
C:\Program Files\dotnet\sdk\5.0.103\Extensions\Microsoft.TestPlatform.TestHostRuntimeProvider.dll
C:\Program Files\dotnet\sdk\5.0.103\Extensions\Microsoft.VisualStudio.TestPlatform.Extensions.Html.TestLogger.dll
C:\Program Files\dotnet\sdk\5.0.103\Extensions\Microsoft.VisualStudio.TestPlatform.Extensions.Trx.TestLogger.dll
TpTrace Verbose: 0 : 17424, 1, 2023/04/08, 05:44:07.689, 11828915315120, vstest.console.dll, TestPluginCache.GetExtensionPaths: Added unfilterableExtensionPaths: 
TpTrace Information: 0 : 17424, 1, 2023/04/08, 05:44:07.693, 11828915349295, vstest.console.dll, AssemblyResolver.ctor: Creating AssemblyResolver with searchDirectories C:\Program Files\dotnet\sdk\5.0.103\Extensions,C:\Program Files\dotnet\sdk\5.0.103
TpTrace Verbose: 0 : 17424, 1, 2023/04/08, 05:44:07.697, 11828915395384, vstest.console.dll, TestPluginCache.DiscoverTestExtensions: Discovering the extensions using extension path.
TpTrace Verbose: 0 : 17424, 1, 2023/04/08, 05:44:07.707, 11828915492573, vstest.console.dll, TestPluginCache.GetExtensionPaths: Filtered extension paths: 
TpTrace Verbose: 0 : 17424, 1, 2023/04/08, 05:44:07.708, 11828915502910, vstest.console.dll, TestPluginCache.GetExtensionPaths: Added default extension paths: C:\Program Files\dotnet\sdk\5.0.103\Extensions\Microsoft.Diagnostics.NETCore.Client.dll
C:\Program Files\dotnet\sdk\5.0.103\Extensions\Microsoft.TestPlatform.Extensions.BlameDataCollector.dll
C:\Program Files\dotnet\sdk\5.0.103\Extensions\Microsoft.TestPlatform.Extensions.EventLogCollector.dll
C:\Program Files\dotnet\sdk\5.0.103\Extensions\Microsoft.TestPlatform.TestHostRuntimeProvider.dll
C:\Program Files\dotnet\sdk\5.0.103\Extensions\Microsoft.VisualStudio.TestPlatform.Extensions.Html.TestLogger.dll
C:\Program Files\dotnet\sdk\5.0.103\Extensions\Microsoft.VisualStudio.TestPlatform.Extensions.Trx.TestLogger.dll
TpTrace Verbose: 0 : 17424, 1, 2023/04/08, 05:44:07.709, 11828915506407, vstest.console.dll, TestPluginCache.GetExtensionPaths: Added unfilterableExtensionPaths: 
TpTrace Verbose: 0 : 17424, 1, 2023/04/08, 05:44:07.709, 11828915510178, vstest.console.dll, TestPluginCache.DiscoverTestExtensions: Discovering the extensions using allExtensionPaths: C:\Program Files\dotnet\sdk\5.0.103\Extensions\Microsoft.Diagnostics.NETCore.Client.dll
C:\Program Files\dotnet\sdk\5.0.103\Extensions\Microsoft.TestPlatform.Extensions.BlameDataCollector.dll
C:\Program Files\dotnet\sdk\5.0.103\Extensions\Microsoft.TestPlatform.Extensions.EventLogCollector.dll
C:\Program Files\dotnet\sdk\5.0.103\Extensions\Microsoft.TestPlatform.TestHostRuntimeProvider.dll
C:\Program Files\dotnet\sdk\5.0.103\Extensions\Microsoft.VisualStudio.TestPlatform.Extensions.Html.TestLogger.dll
C:\Program Files\dotnet\sdk\5.0.103\Extensions\Microsoft.VisualStudio.TestPlatform.Extensions.Trx.TestLogger.dll
TpTrace Information: 0 : 17424, 1, 2023/04/08, 05:44:07.710, 11828915516694, vstest.console.dll, AssemblyResolver.AddSearchDirectories: Adding more searchDirectories C:\Program Files\dotnet\sdk\5.0.103\Extensions,C:\Program Files\dotnet\sdk\5.0.103
TpTrace Information: 0 : 17424, 1, 2023/04/08, 05:44:07.710, 11828915521213, vstest.console.dll, AssemblyResolver.AddSearchDirectories: Adding more searchDirectories C:\Program Files\dotnet\sdk\5.0.103\Extensions,C:\Program Files\dotnet\sdk\5.0.103
TpTrace Information: 0 : 17424, 1, 2023/04/08, 05:44:07.710, 11828915524990, vstest.console.dll, AssemblyResolver.AddSearchDirectories: Adding more searchDirectories C:\Program Files\dotnet\sdk\5.0.103\Extensions,C:\Program Files\dotnet\sdk\5.0.103
TpTrace Information: 0 : 17424, 1, 2023/04/08, 05:44:07.711, 11828915527534, vstest.console.dll, AssemblyResolver.AddSearchDirectories: Adding more searchDirectories C:\Program Files\dotnet\sdk\5.0.103\Extensions,C:\Program Files\dotnet\sdk\5.0.103
TpTrace Information: 0 : 17424, 1, 2023/04/08, 05:44:07.711, 11828915530248, vstest.console.dll, AssemblyResolver.AddSearchDirectories: Adding more searchDirectories C:\Program Files\dotnet\sdk\5.0.103\Extensions,C:\Program Files\dotnet\sdk\5.0.103
TpTrace Information: 0 : 17424, 1, 2023/04/08, 05:44:07.711, 11828915532424, vstest.console.dll, AssemblyResolver.AddSearchDirectories: Adding more searchDirectories C:\Program Files\dotnet\sdk\5.0.103\Extensions,C:\Program Files\dotnet\sdk\5.0.103
TpTrace Information: 0 : 17424, 1, 2023/04/08, 05:44:07.715, 11828915573146, vstest.console.dll, AssemblyResolver.OnResolve: Microsoft.Diagnostics.NETCore.Client: Resolving assembly.
TpTrace Information: 0 : 17424, 1, 2023/04/08, 05:44:07.723, 11828915647380, vstest.console.dll, AssemblyResolver.OnResolve: Resolved assembly: Microsoft.Diagnostics.NETCore.Client, from path: C:\Program Files\dotnet\sdk\5.0.103\Extensions\Microsoft.Diagnostics.NETCore.Client.dll
TpTrace Information: 0 : 17424, 1, 2023/04/08, 05:44:07.731, 11828915733483, vstest.console.dll, AssemblyResolver.OnResolve: Microsoft.Bcl.AsyncInterfaces: Resolving assembly.
TpTrace Information: 0 : 17424, 1, 2023/04/08, 05:44:07.733, 11828915751413, vstest.console.dll, AssemblyResolver.OnResolve: Microsoft.Bcl.AsyncInterfaces: Failed to load assembly.
TpTrace Verbose: 0 : 17424, 1, 2023/04/08, 05:44:07.733, 11828915754865, vstest.console.dll, CurrentDomain_AssemblyResolve: Resolving assembly 'Microsoft.Bcl.AsyncInterfaces'.
TpTrace Information: 0 : 17424, 1, 2023/04/08, 05:44:07.734, 11828915758238, vstest.console.dll, AssemblyResolver.OnResolve: Microsoft.Bcl.AsyncInterfaces: Resolving assembly.
TpTrace Information: 0 : 17424, 1, 2023/04/08, 05:44:07.734, 11828915760441, vstest.console.dll, AssemblyResolver.OnResolve: Microsoft.Bcl.AsyncInterfaces: Resolved from cache.
TpTrace Verbose: 0 : 17424, 1, 2023/04/08, 05:44:07.734, 11828915762394, vstest.console.dll, CurrentDomain_AssemblyResolve: Resolving assembly 'Microsoft.Bcl.AsyncInterfaces'.
TpTrace Verbose: 0 : 17424, 1, 2023/04/08, 05:44:07.734, 11828915764778, vstest.console.dll, CurrentDomainAssemblyResolve: Failed to resolve assembly 'Microsoft.Bcl.AsyncInterfaces'.
TpTrace Verbose: 0 : 17424, 1, 2023/04/08, 05:44:07.743, 11828915852867, vstest.console.dll, CurrentDomainAssemblyResolve: Failed to resolve assembly 'Microsoft.Bcl.AsyncInterfaces'.
TpTrace Warning: 0 : 17424, 1, 2023/04/08, 05:44:07.834, 11828916759232, vstest.console.dll, TestPluginDiscoverer: Failed to get types from assembly 'Microsoft.Diagnostics.NETCore.Client, Version=0.2.2.41902, Culture=neutral, PublicKeyToken=31bf3856ad364e35'.  Skipping test extension scan for this assembly.  Error: System.Reflection.ReflectionTypeLoadException: Unable to load one or more of the requested types.
Could not load file or assembly 'Microsoft.Bcl.AsyncInterfaces, Version=1.0.0.0, Culture=neutral, PublicKeyToken=cc7b13ffcd2ddd51'. The system cannot find the file specified.
   at System.Reflection.RuntimeModule.GetTypes(RuntimeModule module)
   at System.Reflection.RuntimeModule.GetTypes()
   at System.Reflection.Assembly.GetTypes()
   at Microsoft.VisualStudio.TestPlatform.Common.ExtensionFramework.TestPluginDiscoverer.GetTestExtensionsFromAssembly[TPluginInfo,TExtension](Assembly assembly, Dictionary`2 pluginInfos)
System.IO.FileNotFoundException: Could not load file or assembly 'Microsoft.Bcl.AsyncInterfaces, Version=1.0.0.0, Culture=neutral, PublicKeyToken=cc7b13ffcd2ddd51'. The system cannot find the file specified.
File name: 'Microsoft.Bcl.AsyncInterfaces, Version=1.0.0.0, Culture=neutral, PublicKeyToken=cc7b13ffcd2ddd51'
TpTrace Warning: 0 : 17424, 1, 2023/04/08, 05:44:07.834, 11828916763710, vstest.console.dll, LoaderExceptions: System.IO.FileNotFoundException: Could not load file or assembly 'Microsoft.Bcl.AsyncInterfaces, Version=1.0.0.0, Culture=neutral, PublicKeyToken=cc7b13ffcd2ddd51'. The system cannot find the file specified.
File name: 'Microsoft.Bcl.AsyncInterfaces, Version=1.0.0.0, Culture=neutral, PublicKeyToken=cc7b13ffcd2ddd51'
TpTrace Information: 0 : 17424, 1, 2023/04/08, 05:44:07.835, 11828916768490, vstest.console.dll, AssemblyResolver.OnResolve: Microsoft.TestPlatform.Extensions.BlameDataCollector: Resolving assembly.
TpTrace Information: 0 : 17424, 1, 2023/04/08, 05:44:07.841, 11828916832904, vstest.console.dll, AssemblyResolver.OnResolve: Resolved assembly: Microsoft.TestPlatform.Extensions.BlameDataCollector, from path: C:\Program Files\dotnet\sdk\5.0.103\Extensions\Microsoft.TestPlatform.Extensions.BlameDataCollector.dll
TpTrace Information: 0 : 17424, 1, 2023/04/08, 05:44:07.845, 11828916875161, vstest.console.dll, AssemblyResolver.OnResolve: Microsoft.TestPlatform.Extensions.EventLogCollector: Resolving assembly.
TpTrace Information: 0 : 17424, 1, 2023/04/08, 05:44:07.851, 11828916927383, vstest.console.dll, AssemblyResolver.OnResolve: Resolved assembly: Microsoft.TestPlatform.Extensions.EventLogCollector, from path: C:\Program Files\dotnet\sdk\5.0.103\Extensions\Microsoft.TestPlatform.Extensions.EventLogCollector.dll
TpTrace Information: 0 : 17424, 1, 2023/04/08, 05:44:07.859, 11828917008980, vstest.console.dll, AssemblyResolver.OnResolve: Microsoft.TestPlatform.TestHostRuntimeProvider: Resolving assembly.
TpTrace Information: 0 : 17424, 1, 2023/04/08, 05:44:07.864, 11828917060891, vstest.console.dll, AssemblyResolver.OnResolve: Resolved assembly: Microsoft.TestPlatform.TestHostRuntimeProvider, from path: C:\Program Files\dotnet\sdk\5.0.103\Extensions\Microsoft.TestPlatform.TestHostRuntimeProvider.dll
TpTrace Information: 0 : 17424, 1, 2023/04/08, 05:44:07.869, 11828917108275, vstest.console.dll, AssemblyResolver.OnResolve: Microsoft.VisualStudio.TestPlatform.Extensions.Html.TestLogger: Resolving assembly.
TpTrace Information: 0 : 17424, 1, 2023/04/08, 05:44:07.872, 11828917140000, vstest.console.dll, AssemblyResolver.OnResolve: Resolved assembly: Microsoft.VisualStudio.TestPlatform.Extensions.Html.TestLogger, from path: C:\Program Files\dotnet\sdk\5.0.103\Extensions\Microsoft.VisualStudio.TestPlatform.Extensions.Html.TestLogger.dll
TpTrace Information: 0 : 17424, 1, 2023/04/08, 05:44:07.873, 11828917152586, vstest.console.dll, AssemblyResolver.OnResolve: Microsoft.VisualStudio.TestPlatform.Extensions.Trx.TestLogger: Resolving assembly.
TpTrace Information: 0 : 17424, 1, 2023/04/08, 05:44:07.880, 11828917222501, vstest.console.dll, AssemblyResolver.OnResolve: Resolved assembly: Microsoft.VisualStudio.TestPlatform.Extensions.Trx.TestLogger, from path: C:\Program Files\dotnet\sdk\5.0.103\Extensions\Microsoft.VisualStudio.TestPlatform.Extensions.Trx.TestLogger.dll
TpTrace Verbose: 0 : 17424, 1, 2023/04/08, 05:44:07.886, 11828917278173, vstest.console.dll, TestPluginCache: Discovered the extensions using extension path ''.
TpTrace Verbose: 0 : 17424, 1, 2023/04/08, 05:44:07.886, 11828917281147, vstest.console.dll, TestPluginCache: Discoverers are ''.
TpTrace Verbose: 0 : 17424, 1, 2023/04/08, 05:44:07.886, 11828917282920, vstest.console.dll, TestPluginCache: Executors are ''.
TpTrace Verbose: 0 : 17424, 1, 2023/04/08, 05:44:07.886, 11828917285051, vstest.console.dll, TestPluginCache: Executors2 are ''.
TpTrace Verbose: 0 : 17424, 1, 2023/04/08, 05:44:07.887, 11828917286843, vstest.console.dll, TestPluginCache: Setting providers are ''.
TpTrace Verbose: 0 : 17424, 1, 2023/04/08, 05:44:07.887, 11828917288841, vstest.console.dll, TestPluginCache: Loggers are ''.
TpTrace Information: 0 : 17424, 1, 2023/04/08, 05:44:07.906, 11828917484056, vstest.console.dll, RunTestsArgumentProcessor:Execute: Test run is starting.
TpTrace Verbose: 0 : 17424, 1, 2023/04/08, 05:44:07.907, 11828917486979, vstest.console.dll, RunTestsArgumentProcessor:Execute: Queuing Test run.
TpTrace Information: 0 : 17424, 1, 2023/04/08, 05:44:07.907, 11828917495662, vstest.console.dll, TestRequestManager.RunTests: run tests started.
TpTrace Information: 0 : 17424, 1, 2023/04/08, 05:44:07.935, 11828917774975, vstest.console.dll, AssemblyMetadataProvider.GetFrameWork: Determined framework:'.NETCoreApp,Version=v3.1' for source: 'C:\Users\MonPC\source\repos\allopromo\allopromo.Api.UnitTests\bin\Release\netcoreapp3.1\fine-code-coverage\build-output\allopromo.Api.UnitTests.dll'
TpTrace Information: 0 : 17424, 1, 2023/04/08, 05:44:07.936, 11828917782783, vstest.console.dll, Determined framework for all sources: .NETCoreApp,Version=v3.1
TpTrace Information: 0 : 17424, 1, 2023/04/08, 05:44:07.938, 11828917801336, vstest.console.dll, AssemblyMetadataProvider.GetArchitecture: Determined architecture:AnyCPU info for assembly: C:\Users\MonPC\source\repos\allopromo\allopromo.Api.UnitTests\bin\Release\netcoreapp3.1\fine-code-coverage\build-output\allopromo.Api.UnitTests.dll
TpTrace Information: 0 : 17424, 1, 2023/04/08, 05:44:07.945, 11828917866092, vstest.console.dll, Determined platform for all sources: X64
TpTrace Information: 0 : 17424, 1, 2023/04/08, 05:44:07.954, 11828917964538, vstest.console.dll, Compatible sources list : 
TpTrace Information: 0 : 17424, 1, 2023/04/08, 05:44:07.955, 11828917968321, vstest.console.dll, C:\Users\MonPC\source\repos\allopromo\allopromo.Api.UnitTests\bin\Release\netcoreapp3.1\fine-code-coverage\build-output\allopromo.Api.UnitTests.dll
TpTrace Information: 0 : 17424, 1, 2023/04/08, 05:44:07.970, 11828918116632, vstest.console.dll, InferRunSettingsHelper.IsTestSettingsEnabled: Unable to navigate to RunSettings/MSTest. Current node: RunSettings
TpTrace Information: 0 : 17424, 1, 2023/04/08, 05:44:07.974, 11828918156295, vstest.console.dll, AssemblyResolver.OnResolve: Microsoft.VisualStudio.TestPlatform.Fakes: Resolving assembly.
TpTrace Information: 0 : 17424, 1, 2023/04/08, 05:44:07.974, 11828918164478, vstest.console.dll, AssemblyResolver.OnResolve: Microsoft.VisualStudio.TestPlatform.Fakes: Failed to load assembly.
TpTrace Information: 0 : 17424, 1, 2023/04/08, 05:44:07.977, 11828918193711, vstest.console.dll, Failed to create newly implemented Fakes Configurator. Reason:System.IO.FileNotFoundException: Could not load file or assembly 'Microsoft.VisualStudio.TestPlatform.Fakes, Version=16.0.0.0, Culture=neutral, PublicKeyToken=null'. The system cannot find the file specified.
File name: 'Microsoft.VisualStudio.TestPlatform.Fakes, Version=16.0.0.0, Culture=neutral, PublicKeyToken=null'
   at System.Reflection.RuntimeAssembly.InternalLoad(ObjectHandleOnStack assemblyName, ObjectHandleOnStack requestingAssembly, StackCrawlMarkHandle stackMark, Boolean throwOnFileNotFound, ObjectHandleOnStack assemblyLoadContext, ObjectHandleOnStack retAssembly)
   at System.Reflection.RuntimeAssembly.InternalLoad(AssemblyName assemblyName, RuntimeAssembly requestingAssembly, StackCrawlMark& stackMark, Boolean throwOnFileNotFound, AssemblyLoadContext assemblyLoadContext)
   at System.Reflection.Assembly.Load(String assemblyString)
   at Microsoft.VisualStudio.TestPlatform.Common.Utilities.FakesUtilities.TryGetFakesCrossPlatformDataCollectorConfigurator() 
TpTrace Verbose: 0 : 17424, 1, 2023/04/08, 05:44:07.998, 11828918395897, vstest.console.dll, TestPluginCache.DiscoverTestExtensions: finding test extensions in assemblies ends with: TestLogger.dll TPluginInfo: Microsoft.VisualStudio.TestPlatform.Common.ExtensionFramework.Utilities.TestLoggerPluginInformation TExtension: Microsoft.VisualStudio.TestPlatform.ObjectModel.Client.ITestLogger
TpTrace Verbose: 0 : 17424, 1, 2023/04/08, 05:44:07.998, 11828918400025, vstest.console.dll, TestPluginCache.GetExtensionPaths: Filtered extension paths: 
TpTrace Verbose: 0 : 17424, 1, 2023/04/08, 05:44:07.998, 11828918402096, vstest.console.dll, TestPluginCache.GetExtensionPaths: Added default extension paths: C:\Program Files\dotnet\sdk\5.0.103\Extensions\Microsoft.Diagnostics.NETCore.Client.dll
C:\Program Files\dotnet\sdk\5.0.103\Extensions\Microsoft.TestPlatform.Extensions.BlameDataCollector.dll
C:\Program Files\dotnet\sdk\5.0.103\Extensions\Microsoft.TestPlatform.Extensions.EventLogCollector.dll
C:\Program Files\dotnet\sdk\5.0.103\Extensions\Microsoft.TestPlatform.TestHostRuntimeProvider.dll
C:\Program Files\dotnet\sdk\5.0.103\Extensions\Microsoft.VisualStudio.TestPlatform.Extensions.Html.TestLogger.dll
C:\Program Files\dotnet\sdk\5.0.103\Extensions\Microsoft.VisualStudio.TestPlatform.Extensions.Trx.TestLogger.dll
TpTrace Verbose: 0 : 17424, 1, 2023/04/08, 05:44:07.998, 11828918404577, vstest.console.dll, TestPluginCache.GetExtensionPaths: Added unfilterableExtensionPaths: 
TpTrace Information: 0 : 17424, 1, 2023/04/08, 05:44:07.999, 11828918410231, vstest.console.dll, AssemblyResolver.AddSearchDirectories: Adding more searchDirectories C:\Program Files\dotnet\sdk\5.0.103\Extensions,C:\Program Files\dotnet\sdk\5.0.103
TpTrace Verbose: 0 : 17424, 1, 2023/04/08, 05:44:07.999, 11828918412989, vstest.console.dll, TestPluginCache.DiscoverTestExtensions: Discovering the extensions using extension path.
TpTrace Verbose: 0 : 17424, 1, 2023/04/08, 05:44:07.999, 11828918415082, vstest.console.dll, TestPluginCache.GetExtensionPaths: Filtered extension paths: 
TpTrace Verbose: 0 : 17424, 1, 2023/04/08, 05:44:08.000, 11828918416958, vstest.console.dll, TestPluginCache.GetExtensionPaths: Added default extension paths: C:\Program Files\dotnet\sdk\5.0.103\Extensions\Microsoft.Diagnostics.NETCore.Client.dll
C:\Program Files\dotnet\sdk\5.0.103\Extensions\Microsoft.TestPlatform.Extensions.BlameDataCollector.dll
C:\Program Files\dotnet\sdk\5.0.103\Extensions\Microsoft.TestPlatform.Extensions.EventLogCollector.dll
C:\Program Files\dotnet\sdk\5.0.103\Extensions\Microsoft.TestPlatform.TestHostRuntimeProvider.dll
C:\Program Files\dotnet\sdk\5.0.103\Extensions\Microsoft.VisualStudio.TestPlatform.Extensions.Html.TestLogger.dll
C:\Program Files\dotnet\sdk\5.0.103\Extensions\Microsoft.VisualStudio.TestPlatform.Extensions.Trx.TestLogger.dll
TpTrace Verbose: 0 : 17424, 1, 2023/04/08, 05:44:08.000, 11828918419157, vstest.console.dll, TestPluginCache.GetExtensionPaths: Added unfilterableExtensionPaths: 
TpTrace Verbose: 0 : 17424, 1, 2023/04/08, 05:44:08.000, 11828918421096, vstest.console.dll, TestPluginCache.DiscoverTestExtensions: Discovering the extensions using allExtensionPaths: C:\Program Files\dotnet\sdk\5.0.103\Extensions\Microsoft.Diagnostics.NETCore.Client.dll
C:\Program Files\dotnet\sdk\5.0.103\Extensions\Microsoft.TestPlatform.Extensions.BlameDataCollector.dll
C:\Program Files\dotnet\sdk\5.0.103\Extensions\Microsoft.TestPlatform.Extensions.EventLogCollector.dll
C:\Program Files\dotnet\sdk\5.0.103\Extensions\Microsoft.TestPlatform.TestHostRuntimeProvider.dll
C:\Program Files\dotnet\sdk\5.0.103\Extensions\Microsoft.VisualStudio.TestPlatform.Extensions.Html.TestLogger.dll
C:\Program Files\dotnet\sdk\5.0.103\Extensions\Microsoft.VisualStudio.TestPlatform.Extensions.Trx.TestLogger.dll
TpTrace Information: 0 : 17424, 1, 2023/04/08, 05:44:08.000, 11828918424043, vstest.console.dll, AssemblyResolver.AddSearchDirectories: Adding more searchDirectories C:\Program Files\dotnet\sdk\5.0.103\Extensions,C:\Program Files\dotnet\sdk\5.0.103
TpTrace Information: 0 : 17424, 1, 2023/04/08, 05:44:08.001, 11828918426157, vstest.console.dll, AssemblyResolver.AddSearchDirectories: Adding more searchDirectories C:\Program Files\dotnet\sdk\5.0.103\Extensions,C:\Program Files\dotnet\sdk\5.0.103
TpTrace Information: 0 : 17424, 1, 2023/04/08, 05:44:08.001, 11828918428192, vstest.console.dll, AssemblyResolver.AddSearchDirectories: Adding more searchDirectories C:\Program Files\dotnet\sdk\5.0.103\Extensions,C:\Program Files\dotnet\sdk\5.0.103
TpTrace Information: 0 : 17424, 1, 2023/04/08, 05:44:08.001, 11828918430362, vstest.console.dll, AssemblyResolver.AddSearchDirectories: Adding more searchDirectories C:\Program Files\dotnet\sdk\5.0.103\Extensions,C:\Program Files\dotnet\sdk\5.0.103
TpTrace Information: 0 : 17424, 1, 2023/04/08, 05:44:08.001, 11828918432260, vstest.console.dll, AssemblyResolver.AddSearchDirectories: Adding more searchDirectories C:\Program Files\dotnet\sdk\5.0.103\Extensions,C:\Program Files\dotnet\sdk\5.0.103
TpTrace Information: 0 : 17424, 1, 2023/04/08, 05:44:08.001, 11828918434276, vstest.console.dll, AssemblyResolver.AddSearchDirectories: Adding more searchDirectories C:\Program Files\dotnet\sdk\5.0.103\Extensions,C:\Program Files\dotnet\sdk\5.0.103
TpTrace Information: 0 : 17424, 1, 2023/04/08, 05:44:08.002, 11828918441392, vstest.console.dll, AssemblyResolver.OnResolve: Microsoft.Bcl.AsyncInterfaces: Resolving assembly.
TpTrace Information: 0 : 17424, 1, 2023/04/08, 05:44:08.002, 11828918443592, vstest.console.dll, AssemblyResolver.OnResolve: Microsoft.Bcl.AsyncInterfaces: Resolved from cache.
TpTrace Verbose: 0 : 17424, 1, 2023/04/08, 05:44:08.003, 11828918445770, vstest.console.dll, CurrentDomain_AssemblyResolve: Resolving assembly 'Microsoft.Bcl.AsyncInterfaces'.
TpTrace Information: 0 : 17424, 1, 2023/04/08, 05:44:08.003, 11828918448381, vstest.console.dll, AssemblyResolver.OnResolve: Microsoft.Bcl.AsyncInterfaces: Resolving assembly.
TpTrace Information: 0 : 17424, 1, 2023/04/08, 05:44:08.003, 11828918450150, vstest.console.dll, AssemblyResolver.OnResolve: Microsoft.Bcl.AsyncInterfaces: Resolved from cache.
TpTrace Verbose: 0 : 17424, 1, 2023/04/08, 05:44:08.003, 11828918452398, vstest.console.dll, CurrentDomain_AssemblyResolve: Resolving assembly 'Microsoft.Bcl.AsyncInterfaces'.
TpTrace Verbose: 0 : 17424, 1, 2023/04/08, 05:44:08.003, 11828918454320, vstest.console.dll, CurrentDomainAssemblyResolve: Failed to resolve assembly 'Microsoft.Bcl.AsyncInterfaces'.
TpTrace Verbose: 0 : 17424, 1, 2023/04/08, 05:44:08.004, 11828918462753, vstest.console.dll, CurrentDomainAssemblyResolve: Failed to resolve assembly 'Microsoft.Bcl.AsyncInterfaces'.
TpTrace Warning: 0 : 17424, 1, 2023/04/08, 05:44:08.006, 11828918475828, vstest.console.dll, TestPluginDiscoverer: Failed to get types from assembly 'Microsoft.Diagnostics.NETCore.Client, Version=0.2.2.41902, Culture=neutral, PublicKeyToken=31bf3856ad364e35'.  Skipping test extension scan for this assembly.  Error: System.Reflection.ReflectionTypeLoadException: Unable to load one or more of the requested types.
Could not load file or assembly 'Microsoft.Bcl.AsyncInterfaces, Version=1.0.0.0, Culture=neutral, PublicKeyToken=cc7b13ffcd2ddd51'. The system cannot find the file specified.
   at System.Reflection.RuntimeModule.GetTypes(RuntimeModule module)
   at System.Reflection.RuntimeModule.GetTypes()
   at System.Reflection.Assembly.GetTypes()
   at Microsoft.VisualStudio.TestPlatform.Common.ExtensionFramework.TestPluginDiscoverer.GetTestExtensionsFromAssembly[TPluginInfo,TExtension](Assembly assembly, Dictionary`2 pluginInfos)
System.IO.FileNotFoundException: Could not load file or assembly 'Microsoft.Bcl.AsyncInterfaces, Version=1.0.0.0, Culture=neutral, PublicKeyToken=cc7b13ffcd2ddd51'. The system cannot find the file specified.
File name: 'Microsoft.Bcl.AsyncInterfaces, Version=1.0.0.0, Culture=neutral, PublicKeyToken=cc7b13ffcd2ddd51'
TpTrace Warning: 0 : 17424, 1, 2023/04/08, 05:44:08.006, 11828918478865, vstest.console.dll, LoaderExceptions: System.IO.FileNotFoundException: Could not load file or assembly 'Microsoft.Bcl.AsyncInterfaces, Version=1.0.0.0, Culture=neutral, PublicKeyToken=cc7b13ffcd2ddd51'. The system cannot find the file specified.
File name: 'Microsoft.Bcl.AsyncInterfaces, Version=1.0.0.0, Culture=neutral, PublicKeyToken=cc7b13ffcd2ddd51'
TpTrace Verbose: 0 : 17424, 1, 2023/04/08, 05:44:08.007, 11828918494397, vstest.console.dll, TestPluginCache: Discovered the extensions using extension path ''.
TpTrace Verbose: 0 : 17424, 1, 2023/04/08, 05:44:08.008, 11828918497216, vstest.console.dll, TestPluginCache: Discoverers are ''.
TpTrace Verbose: 0 : 17424, 1, 2023/04/08, 05:44:08.008, 11828918498985, vstest.console.dll, TestPluginCache: Executors are ''.
TpTrace Verbose: 0 : 17424, 1, 2023/04/08, 05:44:08.008, 11828918500756, vstest.console.dll, TestPluginCache: Executors2 are ''.
TpTrace Verbose: 0 : 17424, 1, 2023/04/08, 05:44:08.008, 11828918502516, vstest.console.dll, TestPluginCache: Setting providers are ''.
TpTrace Verbose: 0 : 17424, 1, 2023/04/08, 05:44:08.009, 11828918506592, vstest.console.dll, TestPluginCache: Loggers are 'logger://Microsoft/TestPlatform/Extensions/Blame/v1,logger://Microsoft/TestPlatform/HtmlLogger/v1,logger://Microsoft/TestPlatform/TrxLogger/v1'.
TpTrace Information: 0 : 17424, 1, 2023/04/08, 05:44:08.011, 11828918535339, vstest.console.dll, TestPluginManager.CreateTestExtension: Attempting to load test extension: Microsoft.TestPlatform.Extensions.BlameDataCollector.BlameLogger
TpTrace Information: 0 : 17424, 1, 2023/04/08, 05:44:08.044, 11828918861443, vstest.console.dll, TestPluginManager.CreateTestExtension: Attempting to load test extension: Microsoft.VisualStudio.TestPlatform.CrossPlatEngine.Hosting.DefaultTestHostManager
TpTrace Information: 0 : 17424, 1, 2023/04/08, 05:44:08.045, 11828918872072, vstest.console.dll, TestPluginManager.CreateTestExtension: Attempting to load test extension: Microsoft.VisualStudio.TestPlatform.CrossPlatEngine.Hosting.DotnetTestHostManager
TpTrace Verbose: 0 : 17424, 1, 2023/04/08, 05:44:08.047, 11828918895162, vstest.console.dll, TestEngine: Initializing Parallel Execution as MaxCpuCount is set to: 1
TpTrace Information: 0 : 17424, 1, 2023/04/08, 05:44:08.049, 11828918915552, vstest.console.dll, InferRunSettingsHelper.IsTestSettingsEnabled: Unable to navigate to RunSettings/MSTest. Current node: RunSettings
TpTrace Verbose: 0 : 17424, 1, 2023/04/08, 05:44:08.109, 11828919509872, vstest.console.dll, TestRequestSender is acting as server
TpTrace Verbose: 0 : 17424, 4, 2023/04/08, 05:44:08.128, 11828919703214, vstest.console.dll, DataCollectionRequestSender.InitializeCommunication : Initialize communication. 
TpTrace Information: 0 : 17424, 4, 2023/04/08, 05:44:08.177, 11828920194451, vstest.console.dll, Listening on Endpoint : 127.0.0.1:60163
TpTrace Verbose: 0 : 17424, 4, 2023/04/08, 05:44:08.229, 11828920708659, vstest.console.dll, DotnetDataCollectionLauncher: Full path of dotnet.exe is C:\Program Files\dotnet\dotnet.exe
TpTrace Verbose: 0 : 17424, 4, 2023/04/08, 05:44:08.230, 11828920719894, vstest.console.dll, DotnetDataCollectionLauncher: Adding  --runtimeconfig "C:\Program Files\dotnet\sdk\5.0.103\datacollector.runtimeconfig.json" in args
TpTrace Verbose: 0 : 17424, 4, 2023/04/08, 05:44:08.231, 11828920726003, vstest.console.dll, DotnetDataCollectionLauncher: Adding  --depsfile "C:\Program Files\dotnet\sdk\5.0.103\datacollector.deps.json" in args
TpTrace Information: 0 : 17424, 4, 2023/04/08, 05:44:08.273, 11828921153327, vstest.console.dll, ProxyDataCollectionManager.Initialize: Launched datacollector processId: 15556 port: 60163
TpTrace Information: 0 : 17424, 4, 2023/04/08, 05:44:08.275, 11828921168006, vstest.console.dll, ProxyDataCollectionManager.Initialize: waiting for connection with timeout: 90 seconds
TpTrace Verbose: 0 : 17424, 4, 2023/04/08, 05:44:08.275, 11828921171106, vstest.console.dll, DataCollectionRequestSender.WaitForRequestHandlerConnection : Waiting for connection with timeout: 90000
TpTrace Information: 0 : 17424, 7, 2023/04/08, 05:44:09.001, 11828928428811, vstest.console.dll, Using the buffer size of 16384 bytes
TpTrace Verbose: 0 : 17424, 4, 2023/04/08, 05:44:09.001, 11828928430856, vstest.console.dll, ProxyDataCollectionManager.InvokeDataCollectionServiceAction: Starting.
TpTrace Information: 0 : 17424, 7, 2023/04/08, 05:44:09.001, 11828928432043, vstest.console.dll, Accepted Client request and set the flag
TpTrace Information: 0 : 17424, 4, 2023/04/08, 05:44:09.002, 11828928437065, vstest.console.dll, ProxyDataCollectionManager.BeforeTestRunStart: Get environment variable and port for datacollector processId: 15556 port: 60163
TpTrace Verbose: 0 : 17424, 4, 2023/04/08, 05:44:09.002, 11828928443382, vstest.console.dll, DataCollectionRequestSender.SendBeforeTestRunStartAndGetResult : Send BeforeTestRunStart message with settingsXml <RunSettings><RunConfiguration><ResultsDirectory>C:\Users\MonPC\source\repos\allopromo\allopromo.Api.UnitTests\bin\Release\netcoreapp3.1\fine-code-coverage\coverage-tool-output</ResultsDirectory><TargetPlatform>X64</TargetPlatform><TargetFrameworkVersion>.NETCoreApp,Version=v3.1</TargetFrameworkVersion><DesignMode>False</DesignMode><CollectSourceInformation>False</CollectSourceInformation><TestAdaptersPaths>C:\Program Files\dotnet\sdk\5.0.103\Extensions</TestAdaptersPaths></RunConfiguration><LoggerRunSettings><Loggers><Logger friendlyName="blame" enabled="True" /><Logger friendlyName="Console" uri="logger://microsoft/TestPlatform/ConsoleLogger/v1" assemblyQualifiedName="Microsoft.VisualStudio.TestPlatform.CommandLine.Internal.ConsoleLogger, vstest.console, Version=15.0.0.0, Culture=neutral, PublicKeyToken=b03f5f7f11d50a3a" codeBase="C:\Program Files\dotnet\sdk\5.0.103\vstest.console.dll" enabled="True" /></Loggers></LoggerRunSettings><DataCollectionRunSettings><DataCollectors><DataCollector friendlyName="blame" enabled="True"><Configuration><ResultsDirectory>C:\Users\MonPC\source\repos\allopromo\allopromo.Api.UnitTests\bin\Release\netcoreapp3.1\fine-code-coverage\coverage-tool-output</ResultsDirectory></Configuration></DataCollector></DataCollectors></DataCollectionRunSettings></RunSettings> and sources System.Linq.Enumerable+Concat2Iterator`1[System.String]: 
TpTrace Verbose: 0 : 17424, 4, 2023/04/08, 05:44:09.391, 11828932329174, vstest.console.dll, DataCollectionRequestSender.SendBeforeTestRunStartAndGetResult : Received message: (DataCollection.SendMessage) -> {
  "FriendlyName": null,
  "Uri": null,
  "TestCaseId": "00000000-0000-0000-0000-000000000000",
  "Message": "Logging DataCollector Diagnostics in file: C:\\Users\\MonPC\\source\\repos\\allopromo\\allopromo.Api.UnitTests\\bin\\Release\\netcoreapp3.1\\fine-code-coverage\\coverage-tool-output\\diagnostics.datacollector.23-04-08_05-44-08_20465_4.log",
  "Level": 0
}
TpTrace Verbose: 0 : 17424, 4, 2023/04/08, 05:44:09.686, 11828935281308, vstest.console.dll, DataCollectionRequestSender.SendBeforeTestRunStartAndGetResult : Received message: (DataCollection.BeforeTestRunStartResult) -> {
  "EnvironmentVariables": {},
  "DataCollectionEventsPort": 60165
}
TpTrace Information: 0 : 17424, 4, 2023/04/08, 05:44:09.703, 11828935453263, vstest.console.dll, ProxyDataCollectionManager.BeforeTestRunStart: SendBeforeTestRunStartAndGetResult successful, env variable from datacollector:   and testhost port: 60165
TpTrace Information: 0 : 17424, 4, 2023/04/08, 05:44:09.704, 11828935456975, vstest.console.dll, ProxyDataCollectionManager.InvokeDataCollectionServiceAction: Completed.
TpTrace Verbose: 0 : 17424, 1, 2023/04/08, 05:44:09.704, 11828935462450, vstest.console.dll, TestRunRequest.ExecuteAsync: Creating test run request.
TpTrace Verbose: 0 : 17424, 1, 2023/04/08, 05:44:09.705, 11828935473322, vstest.console.dll, TestRunRequest.ExecuteAsync: Starting.
TpTrace Information: 0 : 17424, 1, 2023/04/08, 05:44:09.707, 11828935494535, vstest.console.dll, TestRunRequest.ExecuteAsync: Starting run with settings:TestRunCriteria:
   KeepAlive=False,FrequencyOfRunStatsChangeEvent=10,RunStatsChangeEventTimeout=00:00:01.5000000,TestCaseFilter=,TestExecutorLauncher=
   Settingsxml=<RunSettings>
  <RunConfiguration>
    <ResultsDirectory>C:\Users\MonPC\source\repos\allopromo\allopromo.Api.UnitTests\bin\Release\netcoreapp3.1\fine-code-coverage\coverage-tool-output</ResultsDirectory>
    <TargetPlatform>X64</TargetPlatform>
    <TargetFrameworkVersion>.NETCoreApp,Version=v3.1</TargetFrameworkVersion>
    <DesignMode>False</DesignMode>
    <CollectSourceInformation>False</CollectSourceInformation>
  </RunConfiguration>
  <LoggerRunSettings>
    <Loggers>
      <Logger friendlyName="blame" enabled="True" />
      <Logger friendlyName="Console" uri="logger://microsoft/TestPlatform/ConsoleLogger/v1" assemblyQualifiedName="Microsoft.VisualStudio.TestPlatform.CommandLine.Internal.ConsoleLogger, vstest.console, Version=15.0.0.0, Culture=neutral, PublicKeyToken=b03f5f7f11d50a3a" codeBase="C:\Program Files\dotnet\sdk\5.0.103\vstest.console.dll" enabled="True" />
    </Loggers>
  </LoggerRunSettings>
  <DataCollectionRunSettings>
    <DataCollectors>
      <DataCollector friendlyName="blame" enabled="True">
        <Configuration>
          <ResultsDirectory>C:\Users\MonPC\source\repos\allopromo\allopromo.Api.UnitTests\bin\Release\netcoreapp3.1\fine-code-coverage\coverage-tool-output</ResultsDirectory>
        </Configuration>
      </DataCollector>
    </DataCollectors>
  </DataCollectionRunSettings>
</RunSettings>

TpTrace Verbose: 0 : 17424, 1, 2023/04/08, 05:44:09.708, 11828935498087, vstest.console.dll, TestRunRequest.ExecuteAsync: Wait for the first run request is over.
TpTrace Verbose: 0 : 17424, 1, 2023/04/08, 05:44:09.709, 11828935515500, vstest.console.dll, ParallelProxyExecutionManager: Start execution. Total sources: 1
TpTrace Information: 0 : 17424, 1, 2023/04/08, 05:44:09.712, 11828935540642, vstest.console.dll, ProxyParallelExecutionManager: Triggering test run for next source: C:\Users\MonPC\source\repos\allopromo\allopromo.Api.UnitTests\bin\Release\netcoreapp3.1\fine-code-coverage\build-output\allopromo.Api.UnitTests.dll
TpTrace Verbose: 0 : 17424, 4, 2023/04/08, 05:44:09.713, 11828935549141, vstest.console.dll, ParallelProxyExecutionManager: Execution started. Started clients: 1
TpTrace Verbose: 0 : 17424, 1, 2023/04/08, 05:44:09.713, 11828935550609, vstest.console.dll, ProxyParallelExecutionManager: No sources available for execution.
TpTrace Information: 0 : 17424, 1, 2023/04/08, 05:44:09.713, 11828935555186, vstest.console.dll, TestRunRequest.ExecuteAsync: Started.
TpTrace Verbose: 0 : 17424, 1, 2023/04/08, 05:44:09.714, 11828935559032, vstest.console.dll, TestRunRequest.WaitForCompletion: Waiting with timeout -1.
TpTrace Verbose: 0 : 17424, 4, 2023/04/08, 05:44:09.714, 11828935561697, vstest.console.dll, TestRunRequest:SendTestRunMessage: Starting.
TpTrace Information: 0 : 17424, 4, 2023/04/08, 05:44:09.715, 11828935567165, vstest.console.dll, TestRunRequest:SendTestRunMessage: Completed.
TpTrace Verbose: 0 : 17424, 4, 2023/04/08, 05:44:09.716, 11828935576841, vstest.console.dll, ProxyExecutionManager: Test host is always Lazy initialize.
TpTrace Verbose: 0 : 17424, 4, 2023/04/08, 05:44:09.717, 11828935587627, vstest.console.dll, TestRequestSender.InitializeCommunication: initialize communication. 
TpTrace Information: 0 : 17424, 4, 2023/04/08, 05:44:09.719, 11828935612223, vstest.console.dll, SocketServer.Start: Listening on endpoint : 127.0.0.1:60166
TpTrace Verbose: 0 : 17424, 4, 2023/04/08, 05:44:09.722, 11828935644673, vstest.console.dll, DotnetTestHostmanager: Adding  --runtimeconfig "C:\Users\MonPC\source\repos\allopromo\allopromo.Api.UnitTests\bin\Release\netcoreapp3.1\fine-code-coverage\build-output\allopromo.Api.UnitTests.runtimeconfig.json" in args
TpTrace Verbose: 0 : 17424, 4, 2023/04/08, 05:44:09.723, 11828935651698, vstest.console.dll, DotnetTestHostmanager: Adding  --depsfile "C:\Users\MonPC\source\repos\allopromo\allopromo.Api.UnitTests\bin\Release\netcoreapp3.1\fine-code-coverage\build-output\allopromo.Api.UnitTests.deps.json" in args
TpTrace Verbose: 0 : 17424, 4, 2023/04/08, 05:44:09.724, 11828935662990, vstest.console.dll, DotnetTestHostManager: Testhost.exe/testhost.x86.exe found at path: C:\Users\MonPC\source\repos\allopromo\allopromo.Api.UnitTests\bin\Release\netcoreapp3.1\fine-code-coverage\build-output\testhost.exe
TpTrace Verbose: 0 : 17424, 4, 2023/04/08, 05:44:09.725, 11828935667019, vstest.console.dll, DotnetTestHostmanager: Full path of host exe is C:\Users\MonPC\source\repos\allopromo\allopromo.Api.UnitTests\bin\Release\netcoreapp3.1\fine-code-coverage\build-output\testhost.exe
TpTrace Verbose: 0 : 17424, 10, 2023/04/08, 05:44:09.728, 11828935699053, vstest.console.dll, DotnetTestHostManager: Starting process 'C:\Users\MonPC\source\repos\allopromo\allopromo.Api.UnitTests\bin\Release\netcoreapp3.1\fine-code-coverage\build-output\testhost.exe' with command line ' --runtimeconfig "C:\Users\MonPC\source\repos\allopromo\allopromo.Api.UnitTests\bin\Release\netcoreapp3.1\fine-code-coverage\build-output\allopromo.Api.UnitTests.runtimeconfig.json" --depsfile "C:\Users\MonPC\source\repos\allopromo\allopromo.Api.UnitTests\bin\Release\netcoreapp3.1\fine-code-coverage\build-output\allopromo.Api.UnitTests.deps.json" --port 60166 --endpoint 127.0.0.1:060166 --role client --parentprocessid 17424 --diag "C:\Users\MonPC\source\repos\allopromo\allopromo.Api.UnitTests\bin\Release\netcoreapp3.1\fine-code-coverage\coverage-tool-output\diagnostics.host.23-04-08_05-44-09_72116_4.log" --tracelevel 4 --datacollectionport 60165 --telemetryoptedin false'
TpTrace Verbose: 0 : 17424, 10, 2023/04/08, 05:44:09.756, 11828935983712, vstest.console.dll, Test Runtime launched
TpTrace Verbose: 0 : 17424, 4, 2023/04/08, 05:44:09.760, 11828936019167, vstest.console.dll, TestRequestSender.WaitForRequestHandlerConnection: waiting for connection with timeout: 90000
TpTrace Verbose: 0 : 17424, 12, 2023/04/08, 05:44:10.879, 11828947208923, vstest.console.dll, SocketServer.OnClientConnected: Client connected for endPoint: 127.0.0.1:60166, starting MessageLoopAsync:
TpTrace Verbose: 0 : 17424, 12, 2023/04/08, 05:44:10.880, 11828947216971, vstest.console.dll, TcpClientExtensions.MessageLoopAsync: Polling on remoteEndPoint: 127.0.0.1:60167 localEndPoint: 127.0.0.1:60166
TpTrace Verbose: 0 : 17424, 12, 2023/04/08, 05:44:11.611, 11828954525882, vstest.console.dll, TcpClientExtensions.MessageLoopAsync: NotifyDataAvailable remoteEndPoint: 127.0.0.1:60167 localEndPoint: 127.0.0.1:60166
TpTrace Verbose: 0 : 17424, 12, 2023/04/08, 05:44:11.611, 11828954532558, vstest.console.dll, TestRequestSender.CheckVersionWithTestHost: onMessageReceived received message: (ProtocolVersion) -> 2
TpTrace Verbose: 0 : 17424, 12, 2023/04/08, 05:44:11.613, 11828954547347, vstest.console.dll, TcpClientExtensions.MessageLoopAsync: Polling on remoteEndPoint: 127.0.0.1:60167 localEndPoint: 127.0.0.1:60166
TpTrace Verbose: 0 : 17424, 4, 2023/04/08, 05:44:11.613, 11828954550711, vstest.console.dll, TestPluginCache.GetExtensionPaths: Filtered extension paths: 
TpTrace Verbose: 0 : 17424, 4, 2023/04/08, 05:44:11.613, 11828954554371, vstest.console.dll, TestPluginCache.GetExtensionPaths: Added default extension paths: C:\Program Files\dotnet\sdk\5.0.103\Extensions\Microsoft.Diagnostics.NETCore.Client.dll
C:\Program Files\dotnet\sdk\5.0.103\Extensions\Microsoft.TestPlatform.Extensions.BlameDataCollector.dll
C:\Program Files\dotnet\sdk\5.0.103\Extensions\Microsoft.TestPlatform.Extensions.EventLogCollector.dll
C:\Program Files\dotnet\sdk\5.0.103\Extensions\Microsoft.TestPlatform.TestHostRuntimeProvider.dll
C:\Program Files\dotnet\sdk\5.0.103\Extensions\Microsoft.VisualStudio.TestPlatform.Extensions.Html.TestLogger.dll
C:\Program Files\dotnet\sdk\5.0.103\Extensions\Microsoft.VisualStudio.TestPlatform.Extensions.Trx.TestLogger.dll
TpTrace Verbose: 0 : 17424, 4, 2023/04/08, 05:44:11.614, 11828954557655, vstest.console.dll, TestPluginCache.GetExtensionPaths: Added unfilterableExtensionPaths: 
TpTrace Verbose: 0 : 17424, 4, 2023/04/08, 05:44:11.630, 11828954716072, vstest.console.dll, TestRequestSender.InitializeExecution: Sending initializing execution with message: {"Version":2,"MessageType":"TestExecution.Initialize","Payload":["C:\\Users\\MonPC\\source\\repos\\allopromo\\allopromo.Api.UnitTests\\bin\\Release\\netcoreapp3.1\\fine-code-coverage\\build-output\\NUnit3.TestAdapter.dll"]}
TpTrace Verbose: 0 : 17424, 12, 2023/04/08, 05:44:11.675, 11828955172928, vstest.console.dll, TcpClientExtensions.MessageLoopAsync: NotifyDataAvailable remoteEndPoint: 127.0.0.1:60167 localEndPoint: 127.0.0.1:60166
TpTrace Verbose: 0 : 17424, 12, 2023/04/08, 05:44:11.676, 11828955178764, vstest.console.dll, TestRequestSender.OnExecutionMessageReceived: Received message: {"Version":2,"MessageType":"TestSession.Message","Payload":{"MessageLevel":0,"Message":"Logging TestHost Diagnostics in file: C:\\Users\\MonPC\\source\\repos\\allopromo\\allopromo.Api.UnitTests\\bin\\Release\\netcoreapp3.1\\fine-code-coverage\\coverage-tool-output\\diagnostics.host.23-04-08_05-44-09_72116_4.log"}}
TpTrace Verbose: 0 : 17424, 12, 2023/04/08, 05:44:11.686, 11828955283123, vstest.console.dll, TestRunRequest:SendTestRunMessage: Starting.
TpTrace Information: 0 : 17424, 12, 2023/04/08, 05:44:11.687, 11828955289929, vstest.console.dll, TestRunRequest:SendTestRunMessage: Completed.
TpTrace Verbose: 0 : 17424, 12, 2023/04/08, 05:44:11.687, 11828955294485, vstest.console.dll, TcpClientExtensions.MessageLoopAsync: Polling on remoteEndPoint: 127.0.0.1:60167 localEndPoint: 127.0.0.1:60166
TpTrace Verbose: 0 : 17424, 4, 2023/04/08, 05:44:11.688, 11828955303794, vstest.console.dll, TestRequestSender.StartTestRun: Sending test run with message: {"Version":2,"MessageType":"TestExecution.StartWithSources","Payload":{"AdapterSourceMap":{"_none_":["C:\\Users\\MonPC\\source\\repos\\allopromo\\allopromo.Api.UnitTests\\bin\\Release\\netcoreapp3.1\\fine-code-coverage\\build-output\\allopromo.Api.UnitTests.dll"]},"RunSettings":"<RunSettings>\r\n  <RunConfiguration>\r\n    <ResultsDirectory>C:\\Users\\MonPC\\source\\repos\\allopromo\\allopromo.Api.UnitTests\\bin\\Release\\netcoreapp3.1\\fine-code-coverage\\coverage-tool-output</ResultsDirectory>\r\n    <TargetPlatform>X64</TargetPlatform>\r\n    <TargetFrameworkVersion>.NETCoreApp,Version=v3.1</TargetFrameworkVersion>\r\n    <DesignMode>False</DesignMode>\r\n    <CollectSourceInformation>False</CollectSourceInformation>\r\n  </RunConfiguration>\r\n  <LoggerRunSettings>\r\n    <Loggers>\r\n      <Logger friendlyName=\"blame\" enabled=\"True\" />\r\n      <Logger friendlyName=\"Console\" uri=\"logger://microsoft/TestPlatform/ConsoleLogger/v1\" assemblyQualifiedName=\"Microsoft.VisualStudio.TestPlatform.CommandLine.Internal.ConsoleLogger, vstest.console, Version=15.0.0.0, Culture=neutral, PublicKeyToken=b03f5f7f11d50a3a\" codeBase=\"C:\\Program Files\\dotnet\\sdk\\5.0.103\\vstest.console.dll\" enabled=\"True\" />\r\n    </Loggers>\r\n  </LoggerRunSettings>\r\n  <DataCollectionRunSettings>\r\n    <DataCollectors>\r\n      <DataCollector friendlyName=\"blame\" enabled=\"True\">\r\n        <Configuration>\r\n          <ResultsDirectory>C:\\Users\\MonPC\\source\\repos\\allopromo\\allopromo.Api.UnitTests\\bin\\Release\\netcoreapp3.1\\fine-code-coverage\\coverage-tool-output</ResultsDirectory>\r\n        </Configuration>\r\n      </DataCollector>\r\n    </DataCollectors>\r\n  </DataCollectionRunSettings>\r\n</RunSettings>","TestExecutionContext":{"FrequencyOfRunStatsChangeEvent":10,"RunStatsChangeEventTimeout":"00:00:01.5000000","InIsolation":false,"KeepAlive":false,"AreTestCaseLevelEventsRequired":false,"IsDebug":false,"TestCaseFilter":null,"FilterOptions":null},"Package":null}}
TpTrace Verbose: 0 : 17424, 12, 2023/04/08, 05:44:12.698, 11828965405153, vstest.console.dll, TcpClientExtensions.MessageLoopAsync: Polling on remoteEndPoint: 127.0.0.1:60167 localEndPoint: 127.0.0.1:60166
TpTrace Verbose: 0 : 17424, 12, 2023/04/08, 05:44:12.720, 11828965620893, vstest.console.dll, TcpClientExtensions.MessageLoopAsync: NotifyDataAvailable remoteEndPoint: 127.0.0.1:60167 localEndPoint: 127.0.0.1:60166
TpTrace Verbose: 0 : 17424, 12, 2023/04/08, 05:44:12.720, 11828965624759, vstest.console.dll, TestRequestSender.OnExecutionMessageReceived: Received message: {"Version":2,"MessageType":"TestSession.Message","Payload":{"MessageLevel":0,"Message":"NUnit Adapter 3.16.1.0: Test execution started"}}
TpTrace Verbose: 0 : 17424, 12, 2023/04/08, 05:44:12.721, 11828965634635, vstest.console.dll, TestRunRequest:SendTestRunMessage: Starting.
TpTrace Information: 0 : 17424, 12, 2023/04/08, 05:44:12.722, 11828965637802, vstest.console.dll, TestRunRequest:SendTestRunMessage: Completed.
TpTrace Verbose: 0 : 17424, 12, 2023/04/08, 05:44:12.722, 11828965639792, vstest.console.dll, TcpClientExtensions.MessageLoopAsync: Polling on remoteEndPoint: 127.0.0.1:60167 localEndPoint: 127.0.0.1:60166
TpTrace Verbose: 0 : 17424, 12, 2023/04/08, 05:44:12.758, 11828966004668, vstest.console.dll, TcpClientExtensions.MessageLoopAsync: NotifyDataAvailable remoteEndPoint: 127.0.0.1:60167 localEndPoint: 127.0.0.1:60166
TpTrace Verbose: 0 : 17424, 12, 2023/04/08, 05:44:12.759, 11828966008905, vstest.console.dll, TestRequestSender.OnExecutionMessageReceived: Received message: {"Version":2,"MessageType":"TestSession.Message","Payload":{"MessageLevel":0,"Message":"Running all tests in C:\\Users\\MonPC\\source\\repos\\allopromo\\allopromo.Api.UnitTests\\bin\\Release\\netcoreapp3.1\\fine-code-coverage\\build-output\\allopromo.Api.UnitTests.dll"}}
TpTrace Verbose: 0 : 17424, 12, 2023/04/08, 05:44:12.760, 11828966016413, vstest.console.dll, TestRunRequest:SendTestRunMessage: Starting.
TpTrace Information: 0 : 17424, 12, 2023/04/08, 05:44:12.760, 11828966019942, vstest.console.dll, TestRunRequest:SendTestRunMessage: Completed.
TpTrace Verbose: 0 : 17424, 12, 2023/04/08, 05:44:12.760, 11828966022067, vstest.console.dll, TcpClientExtensions.MessageLoopAsync: Polling on remoteEndPoint: 127.0.0.1:60167 localEndPoint: 127.0.0.1:60166
TpTrace Verbose: 0 : 17424, 12, 2023/04/08, 05:44:13.643, 11828974849554, vstest.console.dll, TcpClientExtensions.MessageLoopAsync: NotifyDataAvailable remoteEndPoint: 127.0.0.1:60167 localEndPoint: 127.0.0.1:60166
TpTrace Verbose: 0 : 17424, 12, 2023/04/08, 05:44:13.643, 11828974853524, vstest.console.dll, TestRequestSender.OnExecutionMessageReceived: Received message: {"Version":2,"MessageType":"TestSession.Message","Payload":{"MessageLevel":0,"Message":"   NUnit3TestExecutor converted 34 of 34 NUnit test cases"}}
TpTrace Verbose: 0 : 17424, 12, 2023/04/08, 05:44:13.644, 11828974859885, vstest.console.dll, TestRunRequest:SendTestRunMessage: Starting.
TpTrace Information: 0 : 17424, 12, 2023/04/08, 05:44:13.644, 11828974863174, vstest.console.dll, TestRunRequest:SendTestRunMessage: Completed.
TpTrace Verbose: 0 : 17424, 12, 2023/04/08, 05:44:13.644, 11828974865471, vstest.console.dll, TcpClientExtensions.MessageLoopAsync: Polling on remoteEndPoint: 127.0.0.1:60167 localEndPoint: 127.0.0.1:60166
TpTrace Verbose: 0 : 17424, 12, 2023/04/08, 05:44:14.389, 11828982314312, vstest.console.dll, TcpClientExtensions.MessageLoopAsync: NotifyDataAvailable remoteEndPoint: 127.0.0.1:60167 localEndPoint: 127.0.0.1:60166
TpTrace Verbose: 0 : 17424, 12, 2023/04/08, 05:44:14.390, 11828982321232, vstest.console.dll, TestRequestSender.OnExecutionMessageReceived: Received message: {"Version":2,"MessageType":"TestExecution.StatsChange","Payload":{"NewTestResults":[],"TestRunStatistics":{"ExecutedTests":0,"Stats":{}},"ActiveTests":[{"Id":"67cfbab9-f2a1-5247-08f6-4c0f5cbe65bf","FullyQualifiedName":"allopromo.Api.UnitTests.CitiesControllerTests.CitiesController_GetCurrentCity_RETURN_Cities","DisplayName":"CitiesController_GetCurrentCity_RETURN_Cities","ExecutorUri":"executor://NUnit3TestExecutor","Source":"C:\\Users\\MonPC\\source\\repos\\allopromo\\allopromo.Api.UnitTests\\bin\\Release\\netcoreapp3.1\\fine-code-coverage\\build-output\\allopromo.Api.UnitTests.dll","CodeFilePath":null,"LineNumber":0,"Properties":[]}]}}
TpTrace Verbose: 0 : 17424, 12, 2023/04/08, 05:44:14.486, 11828983276554, vstest.console.dll, TestRunRequest:SendTestRunStatsChange: Starting.
TpTrace Verbose: 0 : 17424, 12, 2023/04/08, 05:44:14.486, 11828983281005, vstest.console.dll, InProgress is CitiesController_GetCurrentCity_RETURN_Cities
TpTrace Information: 0 : 17424, 12, 2023/04/08, 05:44:14.486, 11828983284556, vstest.console.dll, TestRunRequest:SendTestRunStatsChange: Completed.
TpTrace Verbose: 0 : 17424, 12, 2023/04/08, 05:44:14.487, 11828983286497, vstest.console.dll, TcpClientExtensions.MessageLoopAsync: Polling on remoteEndPoint: 127.0.0.1:60167 localEndPoint: 127.0.0.1:60166
TpTrace Verbose: 0 : 17424, 12, 2023/04/08, 05:44:15.180, 11828990224524, vstest.console.dll, TcpClientExtensions.MessageLoopAsync: NotifyDataAvailable remoteEndPoint: 127.0.0.1:60167 localEndPoint: 127.0.0.1:60166
TpTrace Verbose: 0 : 17424, 12, 2023/04/08, 05:44:15.182, 11828990238601, vstest.console.dll, TestRequestSender.OnExecutionMessageReceived: Received message: {"Version":2,"MessageType":"TestExecution.StatsChange","Payload":{"NewTestResults":[{"TestCase":{"Id":"67cfbab9-f2a1-5247-08f6-4c0f5cbe65bf","FullyQualifiedName":"allopromo.Api.UnitTests.CitiesControllerTests.CitiesController_GetCurrentCity_RETURN_Cities","DisplayName":"CitiesController_GetCurrentCity_RETURN_Cities","ExecutorUri":"executor://NUnit3TestExecutor","Source":"C:\\Users\\MonPC\\source\\repos\\allopromo\\allopromo.Api.UnitTests\\bin\\Release\\netcoreapp3.1\\fine-code-coverage\\build-output\\allopromo.Api.UnitTests.dll","CodeFilePath":null,"LineNumber":0,"Properties":[]},"Attachments":[],"Outcome":1,"ErrorMessage":null,"ErrorStackTrace":null,"DisplayName":"CitiesController_GetCurrentCity_RETURN_Cities","Messages":[],"ComputerName":"DESKTOP-51CUQQV","Duration":"00:00:00.2315930","StartTime":"2023-04-08T09:44:14.2628611+00:00","EndTime":"2023-04-08T09:44:14.4940882+00:00","Properties":[]},{"TestCase":{"Id":"4d8714c4-56fd-465c-46af-1ee6c55b100d","FullyQualifiedName":"allopromo.Api.UnitTests.CitiesControllerTests.CitiesController_GetCurrentCity_RETURN_City","DisplayName":"CitiesController_GetCurrentCity_RETURN_City","ExecutorUri":"executor://NUnit3TestExecutor","Source":"C:\\Users\\MonPC\\source\\repos\\allopromo\\allopromo.Api.UnitTests\\bin\\Release\\netcoreapp3.1\\fine-code-coverage\\build-output\\allopromo.Api.UnitTests.dll","CodeFilePath":null,"LineNumber":0,"Properties":[]},"Attachments":[],"Outcome":1,"ErrorMessage":null,"ErrorStackTrace":null,"DisplayName":"CitiesController_GetCurrentCity_RETURN_City","Messages":[],"ComputerName":"DESKTOP-51CUQQV","Duration":"00:00:00.0814750","StartTime":"2023-04-08T09:44:14.5060147+00:00","EndTime":"2023-04-08T09:44:14.5874829+00:00","Properties":[]},{"TestCase":{"Id":"6af802fc-2214-c0b9-c36a-d471947eb127","FullyQualifiedName":"allopromo.Api.UnitTests.CitiesControllerTests.PostCreatesCityTest()","DisplayName":"PostCreatesCityTest()","ExecutorUri":"executor://NUnit3TestExecutor","Source":"C:\\Users\\MonPC\\source\\repos\\allopromo\\allopromo.Api.UnitTests\\bin\\Release\\netcoreapp3.1\\fine-code-coverage\\build-output\\allopromo.Api.UnitTests.dll","CodeFilePath":null,"LineNumber":0,"Properties":[]},"Attachments":[],"Outcome":1,"ErrorMessage":null,"ErrorStackTrace":null,"DisplayName":"PostCreatesCityTest()","Messages":[],"ComputerName":"DESKTOP-51CUQQV","Duration":"00:00:00.0003620","StartTime":"2023-04-08T09:44:14.6200076+00:00","EndTime":"2023-04-08T09:44:14.6203712+00:00","Properties":[]},{"TestCase":{"Id":"f6adc5fd-74c0-899e-aaae-6d304b538aa9","FullyQualifiedName":"allopromo.Api.UnitTests.CitiesControllerTests.PostCreatesCityTest1()","DisplayName":"PostCreatesCityTest1()","ExecutorUri":"executor://NUnit3TestExecutor","Source":"C:\\Users\\MonPC\\source\\repos\\allopromo\\allopromo.Api.UnitTests\\bin\\Release\\netcoreapp3.1\\fine-code-coverage\\build-output\\allopromo.Api.UnitTests.dll","CodeFilePath":null,"LineNumber":0,"Properties":[]},"Attachments":[],"Outcome":1,"ErrorMessage":null,"ErrorStackTrace":null,"DisplayName":"PostCreatesCityTest1()","Messages":[],"ComputerName":"DESKTOP-51CUQQV","Duration":"00:00:00.0002850","StartTime":"2023-04-08T09:44:14.6471425+00:00","EndTime":"2023-04-08T09:44:14.6474294+00:00","Properties":[]},{"TestCase":{"Id":"173a4edd-a7e1-f485-2d04-246a982b6180","FullyQualifiedName":"allopromo.Api.UnitTests.Controllers.StoreCategoriesControllerTests.PostCreateShouldSaveCustomerAndReturnDetailsView","DisplayName":"PostCreateShouldSaveCustomerAndReturnDetailsView","ExecutorUri":"executor://NUnit3TestExecutor","Source":"C:\\Users\\MonPC\\source\\repos\\allopromo\\allopromo.Api.UnitTests\\bin\\Release\\netcoreapp3.1\\fine-code-coverage\\build-output\\allopromo.Api.UnitTests.dll","CodeFilePath":null,"LineNumber":0,"Properties":[]},"Attachments":[],"Outcome":1,"ErrorMessage":null,"ErrorStackTrace":null,"DisplayName":"PostCreateShouldSaveCustomerAndReturnDetailsView","Messages":[],"ComputerName":"DESKTOP-51CUQQV","Duration":"00:00:00.0002850","StartTime":"2023-04-08T09:44:14.7002436+00:00","EndTime":"2023-04-08T09:44:14.7005318+00:00","Properties":[]},{"TestCase":{"Id":"bfc834aa-6efb-209d-80b9-efa89575f975","FullyQualifiedName":"allopromo.Api.UnitTests.DepartmentControllerTests.GetDepartmentS_SHOULD_RETURN_Departments","DisplayName":"GetDepartmentS_SHOULD_RETURN_Departments","ExecutorUri":"executor://NUnit3TestExecutor","Source":"C:\\Users\\MonPC\\source\\repos\\allopromo\\allopromo.Api.UnitTests\\bin\\Release\\netcoreapp3.1\\fine-code-coverage\\build-output\\allopromo.Api.UnitTests.dll","CodeFilePath":null,"LineNumber":0,"Properties":[]},"Attachments":[],"Outcome":1,"ErrorMessage":null,"ErrorStackTrace":null,"DisplayName":"GetDepartmentS_SHOULD_RETURN_Departments","Messages":[],"ComputerName":"DESKTOP-51CUQQV","Duration":"00:00:00.0341480","StartTime":"2023-04-08T09:44:14.820543+00:00","EndTime":"2023-04-08T09:44:14.8546914+00:00","Properties":[]},{"TestCase":{"Id":"9455f936-64da-0424-0157-e63b93868bbb","FullyQualifiedName":"allopromo.Api.UnitTests.DepartmentControllerTests.PostDepartment_SHOULD_Return_CreatedDeparmentDto","DisplayName":"PostDepartment_SHOULD_Return_CreatedDeparmentDto","ExecutorUri":"executor://NUnit3TestExecutor","Source":"C:\\Users\\MonPC\\source\\repos\\allopromo\\allopromo.Api.UnitTests\\bin\\Release\\netcoreapp3.1\\fine-code-coverage\\build-output\\allopromo.Api.UnitTests.dll","CodeFilePath":null,"LineNumber":0,"Properties":[]},"Attachments":[],"Outcome":1,"ErrorMessage":null,"ErrorStackTrace":null,"DisplayName":"PostDepartment_SHOULD_Return_CreatedDeparmentDto","Messages":[],"ComputerName":"DESKTOP-51CUQQV","Duration":"00:00:00.0051880","StartTime":"2023-04-08T09:44:14.8908472+00:00","EndTime":"2023-04-08T09:44:14.896036+00:00","Properties":[]},{"TestCase":{"Id":"70252f55-0f68-e915-585d-ae803eca28bc","FullyQualifiedName":"allopromo.Api.UnitTests.StoreControllerTest.GetStoreByCategoryId_ShouldReturn_StoresbyCategoryId","DisplayName":"GetStoreByCategoryId_ShouldReturn_StoresbyCategoryId","ExecutorUri":"executor://NUnit3TestExecutor","Source":"C:\\Users\\MonPC\\source\\repos\\allopromo\\allopromo.Api.UnitTests\\bin\\Release\\netcoreapp3.1\\fine-code-coverage\\build-output\\allopromo.Api.UnitTests.dll","CodeFilePath":null,"LineNumber":0,"Properties":[]},"Attachments":[],"Outcome":1,"ErrorMessage":null,"ErrorStackTrace":null,"DisplayName":"GetStoreByCategoryId_ShouldReturn_StoresbyCategoryId","Messages":[],"ComputerName":"DESKTOP-51CUQQV","Duration":"00:00:00.1437740","StartTime":"2023-04-08T09:44:14.9739173+00:00","EndTime":"2023-04-08T09:44:15.1176917+00:00","Properties":[]},{"TestCase":{"Id":"dd178f78-5a75-90d6-c632-57fda979e6ba","FullyQualifiedName":"allopromo.Api.UnitTests.StoreControllerTest.PostCreateShouldSaveCustomerAndReturnDetailsView","DisplayName":"PostCreateShouldSaveCustomerAndReturnDetailsView","ExecutorUri":"executor://NUnit3TestExecutor","Source":"C:\\Users\\MonPC\\source\\repos\\allopromo\\allopromo.Api.UnitTests\\bin\\Release\\netcoreapp3.1\\fine-code-coverage\\build-output\\allopromo.Api.UnitTests.dll","CodeFilePath":null,"LineNumber":0,"Properties":[]},"Attachments":[],"Outcome":1,"ErrorMessage":null,"ErrorStackTrace":null,"DisplayName":"PostCreateShouldSaveCustomerAndReturnDetailsView","Messages":[],"ComputerName":"DESKTOP-51CUQQV","Duration":"00:00:00.0009110","StartTime":"2023-04-08T09:44:15.1300532+00:00","EndTime":"2023-04-08T09:44:15.1309654+00:00","Properties":[]}],"TestRunStatistics":{"ExecutedTests":9,"Stats":{"Passed":9}},"ActiveTests":[{"Id":"87f7cdc7-2492-77bc-3253-6cafb0ca8b80","FullyQualifiedName":"allopromo.Api.UnitTests.StoreControllerTest.PutStoreCategory_SHOULD_Update","DisplayName":"PutStoreCategory_SHOULD_Update","ExecutorUri":"executor://NUnit3TestExecutor","Source":"C:\\Users\\MonPC\\source\\repos\\allopromo\\allopromo.Api.UnitTests\\bin\\Release\\netcoreapp3.1\\fine-code-coverage\\build-output\\allopromo.Api.UnitTests.dll","CodeFilePath":null,"LineNumber":0,"Properties":[]}]}}
TpTrace Verbose: 0 : 17424, 12, 2023/04/08, 05:44:15.229, 11828990710057, vstest.console.dll, TestRunRequest:SendTestRunStatsChange: Starting.
TpTrace Verbose: 0 : 17424, 12, 2023/04/08, 05:44:15.229, 11828990712761, vstest.console.dll, InProgress is PutStoreCategory_SHOULD_Update
TpTrace Information: 0 : 17424, 12, 2023/04/08, 05:44:15.230, 11828990721581, vstest.console.dll, TestRunRequest:SendTestRunStatsChange: Completed.
TpTrace Verbose: 0 : 17424, 12, 2023/04/08, 05:44:15.230, 11828990724267, vstest.console.dll, TcpClientExtensions.MessageLoopAsync: Polling on remoteEndPoint: 127.0.0.1:60167 localEndPoint: 127.0.0.1:60166
TpTrace Verbose: 0 : 17424, 12, 2023/04/08, 05:44:15.897, 11828997395505, vstest.console.dll, TcpClientExtensions.MessageLoopAsync: NotifyDataAvailable remoteEndPoint: 127.0.0.1:60167 localEndPoint: 127.0.0.1:60166
TpTrace Verbose: 0 : 17424, 12, 2023/04/08, 05:44:15.899, 11828997415158, vstest.console.dll, TestRequestSender.OnExecutionMessageReceived: Received message: {"Version":2,"MessageType":"TestExecution.StatsChange","Payload":{"NewTestResults":[{"TestCase":{"Id":"87f7cdc7-2492-77bc-3253-6cafb0ca8b80","FullyQualifiedName":"allopromo.Api.UnitTests.StoreControllerTest.PutStoreCategory_SHOULD_Update","DisplayName":"PutStoreCategory_SHOULD_Update","ExecutorUri":"executor://NUnit3TestExecutor","Source":"C:\\Users\\MonPC\\source\\repos\\allopromo\\allopromo.Api.UnitTests\\bin\\Release\\netcoreapp3.1\\fine-code-coverage\\build-output\\allopromo.Api.UnitTests.dll","CodeFilePath":null,"LineNumber":0,"Properties":[]},"Attachments":[],"Outcome":1,"ErrorMessage":null,"ErrorStackTrace":null,"DisplayName":"PutStoreCategory_SHOULD_Update","Messages":[],"ComputerName":"DESKTOP-51CUQQV","Duration":"00:00:00.0008680","StartTime":"2023-04-08T09:44:15.1606843+00:00","EndTime":"2023-04-08T09:44:15.1615536+00:00","Properties":[]},{"TestCase":{"Id":"f678d7db-1f2e-a906-bcd6-6e3cea0e943d","FullyQualifiedName":"allopromo.Api.UnitTests.StoreControllerTest.StoreController_CreateProductAsync_SHOULD_Return_CreatedProduct","DisplayName":"StoreController_CreateProductAsync_SHOULD_Return_CreatedProduct","ExecutorUri":"executor://NUnit3TestExecutor","Source":"C:\\Users\\MonPC\\source\\repos\\allopromo\\allopromo.Api.UnitTests\\bin\\Release\\netcoreapp3.1\\fine-code-coverage\\build-output\\allopromo.Api.UnitTests.dll","CodeFilePath":null,"LineNumber":0,"Properties":[]},"Attachments":[],"Outcome":2,"ErrorMessage":"System.AggregateException : One or more errors occurred. (Mapper not initialized. Call Initialize with appropriate configuration. If you are trying to use mapper instances through a container or otherwise, make sure you do not have any calls to the static Mapper.Map methods, and if you're using ProjectTo or UseAsDataSource extension methods, make sure you pass in the appropriate IConfigurationProvider instance.)\r\n  ----> System.InvalidOperationException : Mapper not initialized. Call Initialize with appropriate configuration. If you are trying to use mapper instances through a container or otherwise, make sure you do not have any calls to the static Mapper.Map methods, and if you're using ProjectTo or UseAsDataSource extension methods, make sure you pass in the appropriate IConfigurationProvider instance.","ErrorStackTrace":"   at System.Threading.Tasks.Task.ThrowIfExceptional(Boolean includeTaskCanceledExceptions)\r\n   at System.Threading.Tasks.Task`1.GetResultCore(Boolean waitCompletionNotification)\r\n   at System.Threading.Tasks.Task`1.get_Result()\r\n   at allopromo.Api.UnitTests.StoreControllerTest.StoreController_CreateProductAsync_SHOULD_Return_CreatedProduct() in C:\\Users\\MonPC\\source\\repos\\allopromo\\allopromo.Api.UnitTests\\Controllers\\StoreControllerTests.cs:line 109\r\n--InvalidOperationException\r\n   at AutoMapper.Mapper.get_Instance()\r\n   at AutoMapper.Mapper.Map[TDestination](Object source)\r\n   at allopromo.Api.Controllers.StoreController.CreateProductAsync(ProductDto product) in C:\\Users\\MonPC\\source\\repos\\allopromo\\allopromo.Api\\Controllers\\StoreController.cs:line 125","DisplayName":"StoreController_CreateProductAsync_SHOULD_Return_CreatedProduct","Messages":[],"ComputerName":"DESKTOP-51CUQQV","Duration":"00:00:00.5378970","StartTime":"2023-04-08T09:44:15.2118785+00:00","EndTime":"2023-04-08T09:44:15.7497782+00:00","Properties":[]},{"TestCase":{"Id":"ab508305-8b33-752c-9fb9-54b43e736747","FullyQualifiedName":"allopromo.Api.UnitTests.StoreControllerTest.StoreController_CreateProductAsync_SHOULD_Return_NotAuthenticated_IfUserNotAuthenticated","DisplayName":"StoreController_CreateProductAsync_SHOULD_Return_NotAuthenticated_IfUserNotAuthenticated","ExecutorUri":"executor://NUnit3TestExecutor","Source":"C:\\Users\\MonPC\\source\\repos\\allopromo\\allopromo.Api.UnitTests\\bin\\Release\\netcoreapp3.1\\fine-code-coverage\\build-output\\allopromo.Api.UnitTests.dll","CodeFilePath":null,"LineNumber":0,"Properties":[]},"Attachments":[],"Outcome":2,"ErrorMessage":"System.AggregateException : One or more errors occurred. (Object reference not set to an instance of an object.)\r\n  ----> System.NullReferenceException : Object reference not set to an instance of an object.","ErrorStackTrace":"   at System.Threading.Tasks.Task.ThrowIfExceptional(Boolean includeTaskCanceledExceptions)\r\n   at System.Threading.Tasks.Task`1.GetResultCore(Boolean waitCompletionNotification)\r\n   at System.Threading.Tasks.Task`1.get_Result()\r\n   at allopromo.Api.UnitTests.StoreControllerTest.StoreController_CreateProductAsync_SHOULD_Return_NotAuthenticated_IfUserNotAuthenticated() in C:\\Users\\MonPC\\source\\repos\\allopromo\\allopromo.Api.UnitTests\\Controllers\\StoreControllerTests.cs:line 121\r\n--NullReferenceException\r\n   at allopromo.Api.Controllers.StoreController.CreateProductAsync(ProductDto product) in C:\\Users\\MonPC\\source\\repos\\allopromo\\allopromo.Api\\Controllers\\StoreController.cs:line 116","DisplayName":"StoreController_CreateProductAsync_SHOULD_Return_NotAuthenticated_IfUserNotAuthenticated","Messages":[],"ComputerName":"DESKTOP-51CUQQV","Duration":"00:00:00.0049070","StartTime":"2023-04-08T09:44:15.7740724+00:00","EndTime":"2023-04-08T09:44:15.778981+00:00","Properties":[]},{"TestCase":{"Id":"6ac95dd2-3f9f-6406-f364-64f4c8678348","FullyQualifiedName":"allopromo.Api.UnitTests.StoreControllerTest.StoreController_CreateProductAsync_SHOULD_Return_UnauthorizedAccess","DisplayName":"StoreController_CreateProductAsync_SHOULD_Return_UnauthorizedAccess","ExecutorUri":"executor://NUnit3TestExecutor","Source":"C:\\Users\\MonPC\\source\\repos\\allopromo\\allopromo.Api.UnitTests\\bin\\Release\\netcoreapp3.1\\fine-code-coverage\\build-output\\allopromo.Api.UnitTests.dll","CodeFilePath":null,"LineNumber":0,"Properties":[]},"Attachments":[],"Outcome":1,"ErrorMessage":null,"ErrorStackTrace":null,"DisplayName":"StoreController_CreateProductAsync_SHOULD_Return_UnauthorizedAccess","Messages":[],"ComputerName":"DESKTOP-51CUQQV","Duration":"00:00:00.0114889","StartTime":"2023-04-08T09:44:15.8042883+00:00","EndTime":"2023-04-08T09:44:15.815778+00:00","Properties":[]},{"TestCase":{"Id":"555fbf02-547f-e0e2-c9ce-cd18b415189c","FullyQualifiedName":"allopromo.Api.UnitTests.StoreControllerTest.StoreController_DeleteStoreCategory_SHOULD_Delete","DisplayName":"StoreController_DeleteStoreCategory_SHOULD_Delete","ExecutorUri":"executor://NUnit3TestExecutor","Source":"C:\\Users\\MonPC\\source\\repos\\allopromo\\allopromo.Api.UnitTests\\bin\\Release\\netcoreapp3.1\\fine-code-coverage\\build-output\\allopromo.Api.UnitTests.dll","CodeFilePath":null,"LineNumber":0,"Properties":[]},"Attachments":[],"Outcome":1,"ErrorMessage":null,"ErrorStackTrace":null,"DisplayName":"StoreController_DeleteStoreCategory_SHOULD_Delete","Messages":[],"ComputerName":"DESKTOP-51CUQQV","Duration":"00:00:00.0013600","StartTime":"2023-04-08T09:44:15.8352118+00:00","EndTime":"2023-04-08T09:44:15.8365737+00:00","Properties":[]},{"TestCase":{"Id":"64253142-87de-a5ef-5b8b-bf976c89199d","FullyQualifiedName":"allopromo.Api.UnitTests.StoreControllerTest.StoreController_DeleteStoreCategory_SHOULD_NotReturnNotfound","DisplayName":"StoreController_DeleteStoreCategory_SHOULD_NotReturnNotfound","ExecutorUri":"executor://NUnit3TestExecutor","Source":"C:\\Users\\MonPC\\source\\repos\\allopromo\\allopromo.Api.UnitTests\\bin\\Release\\netcoreapp3.1\\fine-code-coverage\\build-output\\allopromo.Api.UnitTests.dll","CodeFilePath":null,"LineNumber":0,"Properties":[]},"Attachments":[],"Outcome":1,"ErrorMessage":null,"ErrorStackTrace":null,"DisplayName":"StoreController_DeleteStoreCategory_SHOULD_NotReturnNotfound","Messages":[],"ComputerName":"DESKTOP-51CUQQV","Duration":"00:00:00.0016760","StartTime":"2023-04-08T09:44:15.8527636+00:00","EndTime":"2023-04-08T09:44:15.8544386+00:00","Properties":[]},{"TestCase":{"Id":"b7fee329-9500-3e2a-b5cf-23a25b786c4a","FullyQualifiedName":"allopromo.Api.UnitTests.StoreControllerTest.StoreController_Get_StoresWithLimit_Rerturns_OnlyLimitedStores","DisplayName":"StoreController_Get_StoresWithLimit_Rerturns_OnlyLimitedStores","ExecutorUri":"executor://NUnit3TestExecutor","Source":"C:\\Users\\MonPC\\source\\repos\\allopromo\\allopromo.Api.UnitTests\\bin\\Release\\netcoreapp3.1\\fine-code-coverage\\build-output\\allopromo.Api.UnitTests.dll","CodeFilePath":null,"LineNumber":0,"Properties":[]},"Attachments":[],"Outcome":1,"ErrorMessage":null,"ErrorStackTrace":null,"DisplayName":"StoreController_Get_StoresWithLimit_Rerturns_OnlyLimitedStores","Messages":[],"ComputerName":"DESKTOP-51CUQQV","Duration":"00:00:00.0049260","StartTime":"2023-04-08T09:44:15.8596714+00:00","EndTime":"2023-04-08T09:44:15.8645977+00:00","Properties":[]},{"TestCase":{"Id":"a6ec2678-c5d6-b3fe-7fa8-9a0f74c26c2f","FullyQualifiedName":"allopromo.Api.UnitTests.StoreControllerTest.StoreController_GetProductsByCategoryIdAsync_SHOULD_Return_Products","DisplayName":"StoreController_GetProductsByCategoryIdAsync_SHOULD_Return_Products","ExecutorUri":"executor://NUnit3TestExecutor","Source":"C:\\Users\\MonPC\\source\\repos\\allopromo\\allopromo.Api.UnitTests\\bin\\Release\\netcoreapp3.1\\fine-code-coverage\\build-output\\allopromo.Api.UnitTests.dll","CodeFilePath":null,"LineNumber":0,"Properties":[]},"Attachments":[],"Outcome":1,"ErrorMessage":null,"ErrorStackTrace":null,"DisplayName":"StoreController_GetProductsByCategoryIdAsync_SHOULD_Return_Products","Messages":[],"ComputerName":"DESKTOP-51CUQQV","Duration":"00:00:00.0010219","StartTime":"2023-04-08T09:44:15.8742441+00:00","EndTime":"2023-04-08T09:44:15.8752669+00:00","Properties":[]},{"TestCase":{"Id":"52e40e16-8eeb-866c-2c81-191ecf41b827","FullyQualifiedName":"allopromo.Api.UnitTests.StoreControllerTest.StoreController_GetStorCategoryThumbnail_SHOULD_ReTurnImageDirectory","DisplayName":"StoreController_GetStorCategoryThumbnail_SHOULD_ReTurnImageDirectory","ExecutorUri":"executor://NUnit3TestExecutor","Source":"C:\\Users\\MonPC\\source\\repos\\allopromo\\allopromo.Api.UnitTests\\bin\\Release\\netcoreapp3.1\\fine-code-coverage\\build-output\\allopromo.Api.UnitTests.dll","CodeFilePath":null,"LineNumber":0,"Properties":[]},"Attachments":[],"Outcome":1,"ErrorMessage":null,"ErrorStackTrace":null,"DisplayName":"StoreController_GetStorCategoryThumbnail_SHOULD_ReTurnImageDirectory","Messages":[],"ComputerName":"DESKTOP-51CUQQV","Duration":"00:00:00.0008580","StartTime":"2023-04-08T09:44:15.8851714+00:00","EndTime":"2023-04-08T09:44:15.8860288+00:00","Properties":[]}],"TestRunStatistics":{"ExecutedTests":18,"Stats":{"Passed":16,"Failed":2}},"ActiveTests":[{"Id":"80aa1482-d578-c5ed-3fec-a81b90355c4e","FullyQualifiedName":"allopromo.Api.UnitTests.StoreControllerTest.StoreController_ModifyStoreCategory_SHOULD_ReturnStatus","DisplayName":"StoreController_ModifyStoreCategory_SHOULD_ReturnStatus","ExecutorUri":"executor://NUnit3TestExecutor","Source":"C:\\Users\\MonPC\\source\\repos\\allopromo\\allopromo.Api.UnitTests\\bin\\Release\\netcoreapp3.1\\fine-code-coverage\\build-output\\allopromo.Api.UnitTests.dll","CodeFilePath":null,"LineNumber":0,"Properties":[]}]}}
TpTrace Verbose: 0 : 17424, 12, 2023/04/08, 05:44:15.912, 11828997540214, vstest.console.dll, TestRunRequest:SendTestRunStatsChange: Starting.
TpTrace Verbose: 0 : 17424, 12, 2023/04/08, 05:44:15.912, 11828997542838, vstest.console.dll, InProgress is StoreController_ModifyStoreCategory_SHOULD_ReturnStatus
TpTrace Information: 0 : 17424, 12, 2023/04/08, 05:44:15.913, 11828997547479, vstest.console.dll, TestRunRequest:SendTestRunStatsChange: Completed.
TpTrace Verbose: 0 : 17424, 12, 2023/04/08, 05:44:15.913, 11828997550225, vstest.console.dll, TcpClientExtensions.MessageLoopAsync: Polling on remoteEndPoint: 127.0.0.1:60167 localEndPoint: 127.0.0.1:60166
TpTrace Verbose: 0 : 17424, 12, 2023/04/08, 05:44:16.922, 11829007644923, vstest.console.dll, TcpClientExtensions.MessageLoopAsync: Polling on remoteEndPoint: 127.0.0.1:60167 localEndPoint: 127.0.0.1:60166
TpTrace Verbose: 0 : 17424, 12, 2023/04/08, 05:44:17.407, 11829012493124, vstest.console.dll, TcpClientExtensions.MessageLoopAsync: NotifyDataAvailable remoteEndPoint: 127.0.0.1:60167 localEndPoint: 127.0.0.1:60166
TpTrace Verbose: 0 : 17424, 12, 2023/04/08, 05:44:17.409, 11829012511846, vstest.console.dll, TestRequestSender.OnExecutionMessageReceived: Received message: {"Version":2,"MessageType":"TestExecution.StatsChange","Payload":{"NewTestResults":[{"TestCase":{"Id":"80aa1482-d578-c5ed-3fec-a81b90355c4e","FullyQualifiedName":"allopromo.Api.UnitTests.StoreControllerTest.StoreController_ModifyStoreCategory_SHOULD_ReturnStatus","DisplayName":"StoreController_ModifyStoreCategory_SHOULD_ReturnStatus","ExecutorUri":"executor://NUnit3TestExecutor","Source":"C:\\Users\\MonPC\\source\\repos\\allopromo\\allopromo.Api.UnitTests\\bin\\Release\\netcoreapp3.1\\fine-code-coverage\\build-output\\allopromo.Api.UnitTests.dll","CodeFilePath":null,"LineNumber":0,"Properties":[]},"Attachments":[],"Outcome":1,"ErrorMessage":null,"ErrorStackTrace":null,"DisplayName":"StoreController_ModifyStoreCategory_SHOULD_ReturnStatus","Messages":[],"ComputerName":"DESKTOP-51CUQQV","Duration":"00:00:00.0063990","StartTime":"2023-04-08T09:44:15.896409+00:00","EndTime":"2023-04-08T09:44:15.9028064+00:00","Properties":[]},{"TestCase":{"Id":"338842fa-adcb-fbc8-be38-5513ae69668a","FullyQualifiedName":"allopromo.Api.UnitTests.StoreControllerTest.StoreController_Put_StoreCategory_Null_SHOULD_ReturnStoreNotFoundResult","DisplayName":"StoreController_Put_StoreCategory_Null_SHOULD_ReturnStoreNotFoundResult","ExecutorUri":"executor://NUnit3TestExecutor","Source":"C:\\Users\\MonPC\\source\\repos\\allopromo\\allopromo.Api.UnitTests\\bin\\Release\\netcoreapp3.1\\fine-code-coverage\\build-output\\allopromo.Api.UnitTests.dll","CodeFilePath":null,"LineNumber":0,"Properties":[]},"Attachments":[],"Outcome":1,"ErrorMessage":null,"ErrorStackTrace":null,"DisplayName":"StoreController_Put_StoreCategory_Null_SHOULD_ReturnStoreNotFoundResult","Messages":[],"ComputerName":"DESKTOP-51CUQQV","Duration":"00:00:00.0013020","StartTime":"2023-04-08T09:44:15.9234009+00:00","EndTime":"2023-04-08T09:44:15.9247031+00:00","Properties":[]},{"TestCase":{"Id":"c9f78699-6493-44b1-3702-f900669cfd02","FullyQualifiedName":"allopromo.Api.UnitTests.StoreControllerTest.StoreController_Put_StoreCategory_SHOULD_ModifyStoreCategory","DisplayName":"StoreController_Put_StoreCategory_SHOULD_ModifyStoreCategory","ExecutorUri":"executor://NUnit3TestExecutor","Source":"C:\\Users\\MonPC\\source\\repos\\allopromo\\allopromo.Api.UnitTests\\bin\\Release\\netcoreapp3.1\\fine-code-coverage\\build-output\\allopromo.Api.UnitTests.dll","CodeFilePath":null,"LineNumber":0,"Properties":[]},"Attachments":[],"Outcome":1,"ErrorMessage":null,"ErrorStackTrace":null,"DisplayName":"StoreController_Put_StoreCategory_SHOULD_ModifyStoreCategory","Messages":[],"ComputerName":"DESKTOP-51CUQQV","Duration":"00:00:00.0020200","StartTime":"2023-04-08T09:44:15.9374154+00:00","EndTime":"2023-04-08T09:44:15.9394373+00:00","Properties":[]},{"TestCase":{"Id":"16e8199a-f0d0-79f6-ea62-cf63ba31ba56","FullyQualifiedName":"allopromo.Api.UnitTests.StoreControllerTest.StoreCrontroller_CreateStore_ReturnsStoreCreated_RaisesNotificationEvent","DisplayName":"StoreCrontroller_CreateStore_ReturnsStoreCreated_RaisesNotificationEvent","ExecutorUri":"executor://NUnit3TestExecutor","Source":"C:\\Users\\MonPC\\source\\repos\\allopromo\\allopromo.Api.UnitTests\\bin\\Release\\netcoreapp3.1\\fine-code-coverage\\build-output\\allopromo.Api.UnitTests.dll","CodeFilePath":null,"LineNumber":0,"Properties":[]},"Attachments":[],"Outcome":1,"ErrorMessage":null,"ErrorStackTrace":null,"DisplayName":"StoreCrontroller_CreateStore_ReturnsStoreCreated_RaisesNotificationEvent","Messages":[],"ComputerName":"DESKTOP-51CUQQV","Duration":"00:00:00.0045300","StartTime":"2023-04-08T09:44:15.9540394+00:00","EndTime":"2023-04-08T09:44:15.9585708+00:00","Properties":[]},{"TestCase":{"Id":"195f8ea6-b525-1de0-e20f-cf392abc8c88","FullyQualifiedName":"allopromo.Api.UnitTests.StoreControllerTest.StoreCrontroller_CreateStoreAsync_ReturnsStoreCreated_RaisesNotificationEventAsync","DisplayName":"StoreCrontroller_CreateStoreAsync_ReturnsStoreCreated_RaisesNotificationEventAsync","ExecutorUri":"executor://NUnit3TestExecutor","Source":"C:\\Users\\MonPC\\source\\repos\\allopromo\\allopromo.Api.UnitTests\\bin\\Release\\netcoreapp3.1\\fine-code-coverage\\build-output\\allopromo.Api.UnitTests.dll","CodeFilePath":null,"LineNumber":0,"Properties":[]},"Attachments":[],"Outcome":1,"ErrorMessage":null,"ErrorStackTrace":null,"DisplayName":"StoreCrontroller_CreateStoreAsync_ReturnsStoreCreated_RaisesNotificationEventAsync","Messages":[],"ComputerName":"DESKTOP-51CUQQV","Duration":"00:00:00.1055640","StartTime":"2023-04-08T09:44:15.9743306+00:00","EndTime":"2023-04-08T09:44:16.0798954+00:00","Properties":[]},{"TestCase":{"Id":"552452fa-3cf4-5f62-9171-07534e668171","FullyQualifiedName":"allopromo.Api.UnitTests.UserControllerTests.UserController_CreateUser_Returns_NotFound","DisplayName":"UserController_CreateUser_Returns_NotFound","ExecutorUri":"executor://NUnit3TestExecutor","Source":"C:\\Users\\MonPC\\source\\repos\\allopromo\\allopromo.Api.UnitTests\\bin\\Release\\netcoreapp3.1\\fine-code-coverage\\build-output\\allopromo.Api.UnitTests.dll","CodeFilePath":null,"LineNumber":0,"Properties":[]},"Attachments":[],"Outcome":1,"ErrorMessage":null,"ErrorStackTrace":null,"DisplayName":"UserController_CreateUser_Returns_NotFound","Messages":[],"ComputerName":"DESKTOP-51CUQQV","Duration":"00:00:00.0446430","StartTime":"2023-04-08T09:44:16.9999812+00:00","EndTime":"2023-04-08T09:44:17.0446235+00:00","Properties":[]},{"TestCase":{"Id":"e8f30966-0354-24d5-7848-b6c74d3f96ab","FullyQualifiedName":"allopromo.Api.UnitTests.UserControllerTests.UserController_CreateUser_UserIsInvalid_OrNull_SHOULD_ThrowAnException","DisplayName":"UserController_CreateUser_UserIsInvalid_OrNull_SHOULD_ThrowAnException","ExecutorUri":"executor://NUnit3TestExecutor","Source":"C:\\Users\\MonPC\\source\\repos\\allopromo\\allopromo.Api.UnitTests\\bin\\Release\\netcoreapp3.1\\fine-code-coverage\\build-output\\allopromo.Api.UnitTests.dll","CodeFilePath":null,"LineNumber":0,"Properties":[]},"Attachments":[],"Outcome":2,"ErrorMessage":"System.InvalidOperationException : Mapper already initialized. You must call Initialize once per application domain/process.","ErrorStackTrace":"   at AutoMapper.Mapper.set_Configuration(IConfigurationProvider value)\r\n   at AutoMapper.Mapper.Initialize(Action`1 config)\r\n   at allopromo.Api.Controllers.UserController..ctor(IUserService userService) in C:\\Users\\MonPC\\source\\repos\\allopromo\\allopromo.Api\\Controllers\\UserController.cs:line 51\r\n   at allopromo.Api.UnitTests.UserControllerTests.UserController_CreateUser_UserIsInvalid_OrNull_SHOULD_ThrowAnException() in C:\\Users\\MonPC\\source\\repos\\allopromo\\allopromo.Api.UnitTests\\Controllers\\UserControllerTests.cs:line 119","DisplayName":"UserController_CreateUser_UserIsInvalid_OrNull_SHOULD_ThrowAnException","Messages":[],"ComputerName":"DESKTOP-51CUQQV","Duration":"00:00:00.0583530","StartTime":"2023-04-08T09:44:17.0526708+00:00","EndTime":"2023-04-08T09:44:17.1110251+00:00","Properties":[]},{"TestCase":{"Id":"c9cde23c-6ffa-b546-a755-142a1206c18d","FullyQualifiedName":"allopromo.Api.UnitTests.UserControllerTests.UserController_CreateUser_UserValid_Password_Invalid_Or_Empty_ReturnsException","DisplayName":"UserController_CreateUser_UserValid_Password_Invalid_Or_Empty_ReturnsException","ExecutorUri":"executor://NUnit3TestExecutor","Source":"C:\\Users\\MonPC\\source\\repos\\allopromo\\allopromo.Api.UnitTests\\bin\\Release\\netcoreapp3.1\\fine-code-coverage\\build-output\\allopromo.Api.UnitTests.dll","CodeFilePath":null,"LineNumber":0,"Properties":[]},"Attachments":[],"Outcome":2,"ErrorMessage":"System.InvalidOperationException : Mapper already initialized. You must call Initialize once per application domain/process.","ErrorStackTrace":"   at AutoMapper.Mapper.set_Configuration(IConfigurationProvider value)\r\n   at AutoMapper.Mapper.Initialize(Action`1 config)\r\n   at allopromo.Api.Controllers.UserController..ctor(IUserService userService) in C:\\Users\\MonPC\\source\\repos\\allopromo\\allopromo.Api\\Controllers\\UserController.cs:line 51\r\n   at allopromo.Api.UnitTests.UserControllerTests.UserController_CreateUser_UserValid_Password_Invalid_Or_Empty_ReturnsException() in C:\\Users\\MonPC\\source\\repos\\allopromo\\allopromo.Api.UnitTests\\Controllers\\UserControllerTests.cs:line 108\r\n   at NUnit.Framework.Internal.TaskAwaitAdapter.GenericAdapter`1.GetResult()\r\n   at NUnit.Framework.Internal.AsyncToSyncAdapter.Await(Func`1 invoke)\r\n   at NUnit.Framework.Internal.Commands.TestMethodCommand.RunTestMethod(TestExecutionContext context)\r\n   at NUnit.Framework.Internal.Commands.TestMethodCommand.Execute(TestExecutionContext context)\r\n   at NUnit.Framework.Internal.Execution.SimpleWorkItem.<>c__DisplayClass4_0.<PerformWork>b__0()\r\n   at NUnit.Framework.Internal.ContextUtils.<>c__DisplayClass1_0`1.<DoIsolated>b__0(Object _)\r\n   at System.Threading.ExecutionContext.RunInternal(ExecutionContext executionContext, ContextCallback callback, Object state)\r\n--- End of stack trace from previous location where exception was thrown ---\r\n   at System.Threading.ExecutionContext.RunInternal(ExecutionContext executionContext, ContextCallback callback, Object state)\r\n   at System.Threading.ExecutionContext.Run(ExecutionContext executionContext, ContextCallback callback, Object state)\r\n   at NUnit.Framework.Internal.ContextUtils.DoIsolated(ContextCallback callback, Object state)\r\n   at NUnit.Framework.Internal.ContextUtils.DoIsolated[T](Func`1 func)\r\n   at NUnit.Framework.Internal.Execution.SimpleWorkItem.PerformWork()","DisplayName":"UserController_CreateUser_UserValid_Password_Invalid_Or_Empty_ReturnsException","Messages":[],"ComputerName":"DESKTOP-51CUQQV","Duration":"00:00:00.0641070","StartTime":"2023-04-08T09:44:17.1282355+00:00","EndTime":"2023-04-08T09:44:17.1926996+00:00","Properties":[]},{"TestCase":{"Id":"928e2050-2512-a679-6d7d-293fa5115f63","FullyQualifiedName":"allopromo.Api.UnitTests.UserControllerTests.UserController_CreateUser_UserValid_PasswordValid_ReturnsOkCreated","DisplayName":"UserController_CreateUser_UserValid_PasswordValid_ReturnsOkCreated","ExecutorUri":"executor://NUnit3TestExecutor","Source":"C:\\Users\\MonPC\\source\\repos\\allopromo\\allopromo.Api.UnitTests\\bin\\Release\\netcoreapp3.1\\fine-code-coverage\\build-output\\allopromo.Api.UnitTests.dll","CodeFilePath":null,"LineNumber":0,"Properties":[]},"Attachments":[],"Outcome":2,"ErrorMessage":"  Expected: <Microsoft.AspNetCore.Mvc.BadRequestResult>\r\n  But was:  <Microsoft.AspNetCore.Mvc.OkObjectResult>\r\n","ErrorStackTrace":"   at allopromo.Api.UnitTests.UserControllerTests.UserController_CreateUser_UserValid_PasswordValid_ReturnsOkCreated() in C:\\Users\\MonPC\\source\\repos\\allopromo\\allopromo.Api.UnitTests\\Controllers\\UserControllerTests.cs:line 60\r\n   at NUnit.Framework.Internal.TaskAwaitAdapter.GenericAdapter`1.GetResult()\r\n   at NUnit.Framework.Internal.AsyncToSyncAdapter.Await(Func`1 invoke)\r\n   at NUnit.Framework.Internal.Commands.TestMethodCommand.RunTestMethod(TestExecutionContext context)\r\n   at NUnit.Framework.Internal.Commands.TestMethodCommand.Execute(TestExecutionContext context)\r\n   at NUnit.Framework.Internal.Execution.SimpleWorkItem.<>c__DisplayClass4_0.<PerformWork>b__0()\r\n   at NUnit.Framework.Internal.ContextUtils.<>c__DisplayClass1_0`1.<DoIsolated>b__0(Object _)\r\n","DisplayName":"UserController_CreateUser_UserValid_PasswordValid_ReturnsOkCreated","Messages":[],"ComputerName":"DESKTOP-51CUQQV","Duration":"00:00:00.1983320","StartTime":"2023-04-08T09:44:17.1957202+00:00","EndTime":"2023-04-08T09:44:17.3940523+00:00","Properties":[]}],"TestRunStatistics":{"ExecutedTests":27,"Stats":{"Passed":22,"Failed":5}},"ActiveTests":[{"Id":"05dad48f-0e50-ed7c-4ea1-d1837b8d0ec5","FullyQualifiedName":"allopromo.Api.UnitTests.UserControllerTests.UserController_GetUsers_ShouldReturnUsers_ByRole","DisplayName":"UserController_GetUsers_ShouldReturnUsers_ByRole","ExecutorUri":"executor://NUnit3TestExecutor","Source":"C:\\Users\\MonPC\\source\\repos\\allopromo\\allopromo.Api.UnitTests\\bin\\Release\\netcoreapp3.1\\fine-code-coverage\\build-output\\allopromo.Api.UnitTests.dll","CodeFilePath":null,"LineNumber":0,"Properties":[]}]}}
TpTrace Verbose: 0 : 17424, 12, 2023/04/08, 05:44:17.422, 11829012641953, vstest.console.dll, TestRunRequest:SendTestRunStatsChange: Starting.
TpTrace Verbose: 0 : 17424, 12, 2023/04/08, 05:44:17.422, 11829012645203, vstest.console.dll, InProgress is UserController_GetUsers_ShouldReturnUsers_ByRole
TpTrace Information: 0 : 17424, 12, 2023/04/08, 05:44:17.423, 11829012648602, vstest.console.dll, TestRunRequest:SendTestRunStatsChange: Completed.
TpTrace Verbose: 0 : 17424, 12, 2023/04/08, 05:44:17.423, 11829012650593, vstest.console.dll, TcpClientExtensions.MessageLoopAsync: Polling on remoteEndPoint: 127.0.0.1:60167 localEndPoint: 127.0.0.1:60166
TpTrace Verbose: 0 : 17424, 12, 2023/04/08, 05:44:17.577, 11829014190366, vstest.console.dll, TcpClientExtensions.MessageLoopAsync: NotifyDataAvailable remoteEndPoint: 127.0.0.1:60167 localEndPoint: 127.0.0.1:60166
TpTrace Verbose: 0 : 17424, 12, 2023/04/08, 05:44:17.577, 11829014194476, vstest.console.dll, TestRequestSender.OnExecutionMessageReceived: Received message: {"Version":2,"MessageType":"TestSession.Message","Payload":{"MessageLevel":0,"Message":"NUnit Adapter 3.16.1.0: Test execution complete"}}
TpTrace Verbose: 0 : 17424, 12, 2023/04/08, 05:44:17.578, 11829014199251, vstest.console.dll, TestRunRequest:SendTestRunMessage: Starting.
TpTrace Information: 0 : 17424, 12, 2023/04/08, 05:44:17.578, 11829014202536, vstest.console.dll, TestRunRequest:SendTestRunMessage: Completed.
TpTrace Verbose: 0 : 17424, 12, 2023/04/08, 05:44:17.578, 11829014204766, vstest.console.dll, TcpClientExtensions.MessageLoopAsync: Polling on remoteEndPoint: 127.0.0.1:60167 localEndPoint: 127.0.0.1:60166
TpTrace Verbose: 0 : 17424, 12, 2023/04/08, 05:44:17.680, 11829015216545, vstest.console.dll, TcpClientExtensions.MessageLoopAsync: NotifyDataAvailable remoteEndPoint: 127.0.0.1:60167 localEndPoint: 127.0.0.1:60166
TpTrace Verbose: 0 : 17424, 12, 2023/04/08, 05:44:17.681, 11829015227697, vstest.console.dll, TestRequestSender.OnExecutionMessageReceived: Received message: {"Version":2,"MessageType":"TestExecution.Completed","Payload":{"TestRunCompleteArgs":{"TestRunStatistics":{"ExecutedTests":34,"Stats":{"Passed":28,"Failed":6}},"IsCanceled":false,"IsAborted":false,"Error":null,"AttachmentSets":[],"ElapsedTimeInRunningTests":"00:00:05.0296588","Metrics":{}},"LastRunTests":{"NewTestResults":[{"TestCase":{"Id":"05dad48f-0e50-ed7c-4ea1-d1837b8d0ec5","FullyQualifiedName":"allopromo.Api.UnitTests.UserControllerTests.UserController_GetUsers_ShouldReturnUsers_ByRole","DisplayName":"UserController_GetUsers_ShouldReturnUsers_ByRole","ExecutorUri":"executor://NUnit3TestExecutor","Source":"C:\\Users\\MonPC\\source\\repos\\allopromo\\allopromo.Api.UnitTests\\bin\\Release\\netcoreapp3.1\\fine-code-coverage\\build-output\\allopromo.Api.UnitTests.dll","CodeFilePath":null,"LineNumber":0,"Properties":[]},"Attachments":[],"Outcome":1,"ErrorMessage":null,"ErrorStackTrace":null,"DisplayName":"UserController_GetUsers_ShouldReturnUsers_ByRole","Messages":[],"ComputerName":"DESKTOP-51CUQQV","Duration":"00:00:00.0049430","StartTime":"2023-04-08T09:44:17.4017306+00:00","EndTime":"2023-04-08T09:44:17.406811+00:00","Properties":[]},{"TestCase":{"Id":"d20d5979-b1d3-08a4-73f9-d8ac53cf5185","FullyQualifiedName":"allopromo.Api.UnitTests.UserControllerTests.UserController_LOGIN_ReturnsBad_Request_OrNotFound","DisplayName":"UserController_LOGIN_ReturnsBad_Request_OrNotFound","ExecutorUri":"executor://NUnit3TestExecutor","Source":"C:\\Users\\MonPC\\source\\repos\\allopromo\\allopromo.Api.UnitTests\\bin\\Release\\netcoreapp3.1\\fine-code-coverage\\build-output\\allopromo.Api.UnitTests.dll","CodeFilePath":null,"LineNumber":0,"Properties":[]},"Attachments":[],"Outcome":1,"ErrorMessage":null,"ErrorStackTrace":null,"DisplayName":"UserController_LOGIN_ReturnsBad_Request_OrNotFound","Messages":[],"ComputerName":"DESKTOP-51CUQQV","Duration":"00:00:00.0018670","StartTime":"2023-04-08T09:44:17.4075617+00:00","EndTime":"2023-04-08T09:44:17.4094303+00:00","Properties":[]},{"TestCase":{"Id":"da516fb3-bb18-9339-70aa-95512a3b5920","FullyQualifiedName":"allopromo.Api.UnitTests.UserControllerTests.UserController_LOGIN_SHOULD_Return_UserOK","DisplayName":"UserController_LOGIN_SHOULD_Return_UserOK","ExecutorUri":"executor://NUnit3TestExecutor","Source":"C:\\Users\\MonPC\\source\\repos\\allopromo\\allopromo.Api.UnitTests\\bin\\Release\\netcoreapp3.1\\fine-code-coverage\\build-output\\allopromo.Api.UnitTests.dll","CodeFilePath":null,"LineNumber":0,"Properties":[]},"Attachments":[],"Outcome":2,"ErrorMessage":"  Expected: <System.Threading.Tasks.Task`1[Microsoft.AspNetCore.Mvc.IActionResult]>\r\n  But was:  <Microsoft.AspNetCore.Mvc.OkObjectResult>\r\n","ErrorStackTrace":"   at allopromo.Api.UnitTests.UserControllerTests.UserController_LOGIN_SHOULD_Return_UserOK() in C:\\Users\\MonPC\\source\\repos\\allopromo\\allopromo.Api.UnitTests\\Controllers\\UserControllerTests.cs:line 91\r\n","DisplayName":"UserController_LOGIN_SHOULD_Return_UserOK","Messages":[],"ComputerName":"DESKTOP-51CUQQV","Duration":"00:00:00.0533670","StartTime":"2023-04-08T09:44:17.4131755+00:00","EndTime":"2023-04-08T09:44:17.4665435+00:00","Properties":[]},{"TestCase":{"Id":"14a5a8f0-aa8d-eef3-96a0-1bf52e37e7ab","FullyQualifiedName":"allopromo.Api.UnitTests.UserControllerTests.UserController_LOGIN_SHOULD_ReturnsNull","DisplayName":"UserController_LOGIN_SHOULD_ReturnsNull","ExecutorUri":"executor://NUnit3TestExecutor","Source":"C:\\Users\\MonPC\\source\\repos\\allopromo\\allopromo.Api.UnitTests\\bin\\Release\\netcoreapp3.1\\fine-code-coverage\\build-output\\allopromo.Api.UnitTests.dll","CodeFilePath":null,"LineNumber":0,"Properties":[]},"Attachments":[],"Outcome":1,"ErrorMessage":null,"ErrorStackTrace":null,"DisplayName":"UserController_LOGIN_SHOULD_ReturnsNull","Messages":[],"ComputerName":"DESKTOP-51CUQQV","Duration":"00:00:00.0005500","StartTime":"2023-04-08T09:44:17.492338+00:00","EndTime":"2023-04-08T09:44:17.4928917+00:00","Properties":[]},{"TestCase":{"Id":"af9db9a1-2e75-f21c-19ee-657e098f9d57","FullyQualifiedName":"alloPromoTests.ApiControllers.RoleControllerTest.UserController_CreatesUser_ReturnCreated_User()","DisplayName":"UserController_CreatesUser_ReturnCreated_User()","ExecutorUri":"executor://NUnit3TestExecutor","Source":"C:\\Users\\MonPC\\source\\repos\\allopromo\\allopromo.Api.UnitTests\\bin\\Release\\netcoreapp3.1\\fine-code-coverage\\build-output\\allopromo.Api.UnitTests.dll","CodeFilePath":null,"LineNumber":0,"Properties":[]},"Attachments":[],"Outcome":1,"ErrorMessage":null,"ErrorStackTrace":null,"DisplayName":"UserController_CreatesUser_ReturnCreated_User()","Messages":[],"ComputerName":"DESKTOP-51CUQQV","Duration":"00:00:00.0003500","StartTime":"2023-04-08T09:44:17.5076603+00:00","EndTime":"2023-04-08T09:44:17.5080118+00:00","Properties":[]},{"TestCase":{"Id":"7b87d1e1-62f0-aef2-9436-442284065dee","FullyQualifiedName":"alloPromoTests.ApiControllers.RoleControllerTest.UserController_CreatesUser_UserNull_ReturnsException()","DisplayName":"UserController_CreatesUser_UserNull_ReturnsException()","ExecutorUri":"executor://NUnit3TestExecutor","Source":"C:\\Users\\MonPC\\source\\repos\\allopromo\\allopromo.Api.UnitTests\\bin\\Release\\netcoreapp3.1\\fine-code-coverage\\build-output\\allopromo.Api.UnitTests.dll","CodeFilePath":null,"LineNumber":0,"Properties":[]},"Attachments":[],"Outcome":1,"ErrorMessage":null,"ErrorStackTrace":null,"DisplayName":"UserController_CreatesUser_UserNull_ReturnsException()","Messages":[],"ComputerName":"DESKTOP-51CUQQV","Duration":"00:00:00.0002830","StartTime":"2023-04-08T09:44:17.5201522+00:00","EndTime":"2023-04-08T09:44:17.5204381+00:00","Properties":[]},{"TestCase":{"Id":"ba7a0ea3-ee78-e6f9-043e-47a251ed954c","FullyQualifiedName":"alloPromoTests.ApiControllers.RoleControllerTest.UserController_GetUser_Returns_UserWithRole()","DisplayName":"UserController_GetUser_Returns_UserWithRole()","ExecutorUri":"executor://NUnit3TestExecutor","Source":"C:\\Users\\MonPC\\source\\repos\\allopromo\\allopromo.Api.UnitTests\\bin\\Release\\netcoreapp3.1\\fine-code-coverage\\build-output\\allopromo.Api.UnitTests.dll","CodeFilePath":null,"LineNumber":0,"Properties":[]},"Attachments":[],"Outcome":1,"ErrorMessage":null,"ErrorStackTrace":null,"DisplayName":"UserController_GetUser_Returns_UserWithRole()","Messages":[],"ComputerName":"DESKTOP-51CUQQV","Duration":"00:00:00.0003240","StartTime":"2023-04-08T09:44:17.5337918+00:00","EndTime":"2023-04-08T09:44:17.5341192+00:00","Properties":[]}],"TestRunStatistics":{"ExecutedTests":34,"Stats":{"Passed":28,"Failed":6}},"ActiveTests":[]},"RunAttachments":[],"ExecutorUris":["executor://nunit3testexecutor/"]}}
TpTrace Verbose: 0 : 17424, 12, 2023/04/08, 05:44:17.682, 11829015243175, vstest.console.dll, TestRequestSender.EndSession: Sending end session.
TpTrace Verbose: 0 : 17424, 12, 2023/04/08, 05:44:17.683, 11829015251478, vstest.console.dll, ProxyOperationManager.Close: waiting for test host to exit for 100 ms
TpTrace Warning: 0 : 17424, 12, 2023/04/08, 05:44:17.793, 11829016353417, vstest.console.dll, ProxyOperationManager: Timed out waiting for test host to exit. Will terminate process.
TpTrace Warning: 0 : 17424, 10, 2023/04/08, 05:44:17.907, 11829017493475, vstest.console.dll, TestHostManagerCallbacks.ErrorReceivedCallback Test host standard error line: 
TpTrace Verbose: 0 : 17424, 12, 2023/04/08, 05:44:17.929, 11829017707181, vstest.console.dll, TestHostProvider.ExitCallBack: Host exited starting callback.
TpTrace Information: 0 : 17424, 12, 2023/04/08, 05:44:17.929, 11829017711227, vstest.console.dll, TestHostManagerCallbacks.ExitCallBack: Testhost processId: 11120 exited with exitcode: 0 error: ''
TpTrace Verbose: 0 : 17424, 12, 2023/04/08, 05:44:17.929, 11829017714101, vstest.console.dll, DotnetTestHostManager.OnHostExited: invoking OnHostExited callback
TpTrace Verbose: 0 : 17424, 12, 2023/04/08, 05:44:17.930, 11829017716712, vstest.console.dll, CrossPlatEngine.TestHostManagerHostExited: calling on client process exit callback.
TpTrace Information: 0 : 17424, 12, 2023/04/08, 05:44:17.930, 11829017719300, vstest.console.dll, TestRequestSender.OnClientProcessExit: Test host process exited. Standard error: 
TpTrace Information: 0 : 17424, 12, 2023/04/08, 05:44:17.930, 11829017721870, vstest.console.dll, SocketServer.Stop: Stop server endPoint: 127.0.0.1:60166
TpTrace Information: 0 : 17424, 12, 2023/04/08, 05:44:17.930, 11829017724016, vstest.console.dll, SocketServer.Stop: Cancellation requested. Stopping message loop.
TpTrace Verbose: 0 : 17424, 12, 2023/04/08, 05:44:17.933, 11829017749944, vstest.console.dll, ProxyDataCollectionManager.InvokeDataCollectionServiceAction: Starting.
TpTrace Information: 0 : 17424, 12, 2023/04/08, 05:44:17.933, 11829017752668, vstest.console.dll, ProxyDataCollectionManager.AfterTestRunEnd: Get attachment set for datacollector processId: 15556 port: 60163
TpTrace Verbose: 0 : 17424, 12, 2023/04/08, 05:44:17.933, 11829017755488, vstest.console.dll, DataCollectionRequestSender.SendAfterTestRunStartAndGetResult : Send AfterTestRunEnd message with isCancelled: False
TpTrace Verbose: 0 : 17424, 12, 2023/04/08, 05:44:17.939, 11829017813264, vstest.console.dll, DataCollectionRequestSender.SendAfterTestRunStartAndGetResult : Received message: (DataCollection.AfterTestRunEndResult) -> []
TpTrace Information: 0 : 17424, 12, 2023/04/08, 05:44:17.944, 11829017861112, vstest.console.dll, ProxyDataCollectionManager.InvokeDataCollectionServiceAction: Completed.
TpTrace Warning: 0 : 17424, 6, 2023/04/08, 05:44:18.011, 11829018534244, vstest.console.dll, DataCollectionLauncher.ErrorReceivedCallback datacollector standard error line: 
TpTrace Information: 0 : 17424, 11, 2023/04/08, 05:44:18.063, 11829019053499, vstest.console.dll, DataCollectionLauncher.ExitCallBack: Data collector exited with exitcode: 0 error: ''
TpTrace Verbose: 0 : 17424, 12, 2023/04/08, 05:44:18.097, 11829019388993, vstest.console.dll, TestRunRequest:SendTestRunStatsChange: Starting.
TpTrace Information: 0 : 17424, 12, 2023/04/08, 05:44:18.097, 11829019393373, vstest.console.dll, TestRunRequest:SendTestRunStatsChange: Completed.
TpTrace Verbose: 0 : 17424, 12, 2023/04/08, 05:44:18.098, 11829019404475, vstest.console.dll, ParallelProxyExecutionManager: HandlePartialRunComplete: Total completed clients = 1, Run complete = True, Run canceled: False.
TpTrace Verbose: 0 : 17424, 12, 2023/04/08, 05:44:18.211, 11829020533302, vstest.console.dll, TestRunRequest:TestRunComplete: Starting. IsAborted:False IsCanceled:False.
TpTrace Verbose: 0 : 17424, 12, 2023/04/08, 05:44:18.212, 11829020539371, vstest.console.dll, TestLoggerManager.HandleTestRunComplete: Ignoring as the object is disposed.
TpTrace Information: 0 : 17424, 12, 2023/04/08, 05:44:18.213, 11829020549705, vstest.console.dll, TestRunRequest:TestRunComplete: Completed.
TpTrace Verbose: 0 : 17424, 1, 2023/04/08, 05:44:18.213, 11829020550715, vstest.console.dll, TestRunRequest.Dispose: Starting.
TpTrace Verbose: 0 : 17424, 12, 2023/04/08, 05:44:18.213, 11829020552893, vstest.console.dll, TestRequestSender.SetOperationComplete: Setting operation complete.
TpTrace Information: 0 : 17424, 1, 2023/04/08, 05:44:18.214, 11829020556045, vstest.console.dll, TestRunRequest.Dispose: Completed.
TpTrace Information: 0 : 17424, 12, 2023/04/08, 05:44:18.214, 11829020558781, vstest.console.dll, SocketServer.Stop: Stop server endPoint: 127.0.0.1:60166
TpTrace Information: 0 : 17424, 1, 2023/04/08, 05:44:18.214, 11829020561509, vstest.console.dll, TestRequestManager.RunTests: run tests completed.
TpTrace Information: 0 : 17424, 12, 2023/04/08, 05:44:18.214, 11829020562878, vstest.console.dll, SocketServer.Stop: Cancellation requested. Stopping message loop.
TpTrace Information: 0 : 17424, 1, 2023/04/08, 05:44:18.215, 11829020567536, vstest.console.dll, RunTestsArgumentProcessor:Execute: Test run is completed.
TpTrace Information: 0 : 17424, 12, 2023/04/08, 05:44:18.215, 11829020568401, vstest.console.dll, SocketServer.PrivateStop: Stop server endPoint: 127.0.0.1:60166 error: 
TpTrace Verbose: 0 : 17424, 1, 2023/04/08, 05:44:18.215, 11829020570273, vstest.console.dll, Executor.Execute: Exiting with exit code of 1
TpTrace Verbose: 0 : 17424, 12, 2023/04/08, 05:44:18.217, 11829020591636, vstest.console.dll, LengthPrefixCommunicationChannel.Dispose: Dispose reader and writer.
