TpTrace Verbose: 0 : 16308, 1, 2023/02/17, 23:53:57.464, 2426310820073, vstest.console.dll, Version: 16.8.3
TpTrace Information: 0 : 16308, 1, 2023/02/17, 23:53:57.532, 2426311364109, vstest.console.dll, FilePatternParser: The given file C:\Users\MonPC\source\repos\allopromo\allopromo.Infrastructures.UnitTest\bin\Release\netcoreapp3.1\fine-code-coverage\build-output\allopromo.Infrastructure.UnitTests.dll is a full path.
TpTrace Verbose: 0 : 16308, 1, 2023/02/17, 23:53:57.571, 2426311752126, vstest.console.dll, TestPluginCache.DiscoverTestExtensions: finding test extensions in assemblies ends with: RuntimeProvider.dll TPluginInfo: Microsoft.VisualStudio.TestPlatform.Common.ExtensionFramework.Utilities.TestRuntimePluginInformation TExtension: Microsoft.VisualStudio.TestPlatform.ObjectModel.Host.ITestRuntimeProvider
TpTrace Verbose: 0 : 16308, 1, 2023/02/17, 23:53:57.573, 2426311772635, vstest.console.dll, TestPluginCache.GetExtensionPaths: Filtered extension paths: 
TpTrace Verbose: 0 : 16308, 1, 2023/02/17, 23:53:57.573, 2426311779982, vstest.console.dll, TestPluginCache.GetExtensionPaths: Added default extension paths: C:\Program Files\dotnet\sdk\5.0.103\Extensions\Microsoft.Diagnostics.NETCore.Client.dll
C:\Program Files\dotnet\sdk\5.0.103\Extensions\Microsoft.TestPlatform.Extensions.BlameDataCollector.dll
C:\Program Files\dotnet\sdk\5.0.103\Extensions\Microsoft.TestPlatform.Extensions.EventLogCollector.dll
C:\Program Files\dotnet\sdk\5.0.103\Extensions\Microsoft.TestPlatform.TestHostRuntimeProvider.dll
C:\Program Files\dotnet\sdk\5.0.103\Extensions\Microsoft.VisualStudio.TestPlatform.Extensions.Html.TestLogger.dll
C:\Program Files\dotnet\sdk\5.0.103\Extensions\Microsoft.VisualStudio.TestPlatform.Extensions.Trx.TestLogger.dll
TpTrace Verbose: 0 : 16308, 1, 2023/02/17, 23:53:57.574, 2426311782738, vstest.console.dll, TestPluginCache.GetExtensionPaths: Added unfilterableExtensionPaths: 
TpTrace Information: 0 : 16308, 1, 2023/02/17, 23:53:57.578, 2426311825411, vstest.console.dll, AssemblyResolver.ctor: Creating AssemblyResolver with searchDirectories C:\Program Files\dotnet\sdk\5.0.103\Extensions,C:\Program Files\dotnet\sdk\5.0.103
TpTrace Verbose: 0 : 16308, 1, 2023/02/17, 23:53:57.582, 2426311863578, vstest.console.dll, TestPluginCache.DiscoverTestExtensions: Discovering the extensions using extension path.
TpTrace Verbose: 0 : 16308, 1, 2023/02/17, 23:53:57.582, 2426311868970, vstest.console.dll, TestPluginCache.GetExtensionPaths: Filtered extension paths: 
TpTrace Verbose: 0 : 16308, 1, 2023/02/17, 23:53:57.583, 2426311871569, vstest.console.dll, TestPluginCache.GetExtensionPaths: Added default extension paths: C:\Program Files\dotnet\sdk\5.0.103\Extensions\Microsoft.Diagnostics.NETCore.Client.dll
C:\Program Files\dotnet\sdk\5.0.103\Extensions\Microsoft.TestPlatform.Extensions.BlameDataCollector.dll
C:\Program Files\dotnet\sdk\5.0.103\Extensions\Microsoft.TestPlatform.Extensions.EventLogCollector.dll
C:\Program Files\dotnet\sdk\5.0.103\Extensions\Microsoft.TestPlatform.TestHostRuntimeProvider.dll
C:\Program Files\dotnet\sdk\5.0.103\Extensions\Microsoft.VisualStudio.TestPlatform.Extensions.Html.TestLogger.dll
C:\Program Files\dotnet\sdk\5.0.103\Extensions\Microsoft.VisualStudio.TestPlatform.Extensions.Trx.TestLogger.dll
TpTrace Verbose: 0 : 16308, 1, 2023/02/17, 23:53:57.583, 2426311873457, vstest.console.dll, TestPluginCache.GetExtensionPaths: Added unfilterableExtensionPaths: 
TpTrace Verbose: 0 : 16308, 1, 2023/02/17, 23:53:57.583, 2426311877280, vstest.console.dll, TestPluginCache.DiscoverTestExtensions: Discovering the extensions using allExtensionPaths: C:\Program Files\dotnet\sdk\5.0.103\Extensions\Microsoft.Diagnostics.NETCore.Client.dll
C:\Program Files\dotnet\sdk\5.0.103\Extensions\Microsoft.TestPlatform.Extensions.BlameDataCollector.dll
C:\Program Files\dotnet\sdk\5.0.103\Extensions\Microsoft.TestPlatform.Extensions.EventLogCollector.dll
C:\Program Files\dotnet\sdk\5.0.103\Extensions\Microsoft.TestPlatform.TestHostRuntimeProvider.dll
C:\Program Files\dotnet\sdk\5.0.103\Extensions\Microsoft.VisualStudio.TestPlatform.Extensions.Html.TestLogger.dll
C:\Program Files\dotnet\sdk\5.0.103\Extensions\Microsoft.VisualStudio.TestPlatform.Extensions.Trx.TestLogger.dll
TpTrace Information: 0 : 16308, 1, 2023/02/17, 23:53:57.584, 2426311883521, vstest.console.dll, AssemblyResolver.AddSearchDirectories: Adding more searchDirectories C:\Program Files\dotnet\sdk\5.0.103\Extensions,C:\Program Files\dotnet\sdk\5.0.103
TpTrace Information: 0 : 16308, 1, 2023/02/17, 23:53:57.584, 2426311888301, vstest.console.dll, AssemblyResolver.AddSearchDirectories: Adding more searchDirectories C:\Program Files\dotnet\sdk\5.0.103\Extensions,C:\Program Files\dotnet\sdk\5.0.103
TpTrace Information: 0 : 16308, 1, 2023/02/17, 23:53:57.585, 2426311891907, vstest.console.dll, AssemblyResolver.AddSearchDirectories: Adding more searchDirectories C:\Program Files\dotnet\sdk\5.0.103\Extensions,C:\Program Files\dotnet\sdk\5.0.103
TpTrace Information: 0 : 16308, 1, 2023/02/17, 23:53:57.585, 2426311894331, vstest.console.dll, AssemblyResolver.AddSearchDirectories: Adding more searchDirectories C:\Program Files\dotnet\sdk\5.0.103\Extensions,C:\Program Files\dotnet\sdk\5.0.103
TpTrace Information: 0 : 16308, 1, 2023/02/17, 23:53:57.585, 2426311896478, vstest.console.dll, AssemblyResolver.AddSearchDirectories: Adding more searchDirectories C:\Program Files\dotnet\sdk\5.0.103\Extensions,C:\Program Files\dotnet\sdk\5.0.103
TpTrace Information: 0 : 16308, 1, 2023/02/17, 23:53:57.585, 2426311898796, vstest.console.dll, AssemblyResolver.AddSearchDirectories: Adding more searchDirectories C:\Program Files\dotnet\sdk\5.0.103\Extensions,C:\Program Files\dotnet\sdk\5.0.103
TpTrace Information: 0 : 16308, 1, 2023/02/17, 23:53:57.590, 2426311946042, vstest.console.dll, AssemblyResolver.OnResolve: Microsoft.Diagnostics.NETCore.Client: Resolving assembly.
TpTrace Information: 0 : 16308, 1, 2023/02/17, 23:53:57.596, 2426312008850, vstest.console.dll, AssemblyResolver.OnResolve: Resolved assembly: Microsoft.Diagnostics.NETCore.Client, from path: C:\Program Files\dotnet\sdk\5.0.103\Extensions\Microsoft.Diagnostics.NETCore.Client.dll
TpTrace Information: 0 : 16308, 1, 2023/02/17, 23:53:57.608, 2426312125615, vstest.console.dll, AssemblyResolver.OnResolve: Microsoft.Bcl.AsyncInterfaces: Resolving assembly.
TpTrace Information: 0 : 16308, 1, 2023/02/17, 23:53:57.609, 2426312134287, vstest.console.dll, AssemblyResolver.OnResolve: Microsoft.Bcl.AsyncInterfaces: Failed to load assembly.
TpTrace Verbose: 0 : 16308, 1, 2023/02/17, 23:53:57.609, 2426312137346, vstest.console.dll, CurrentDomain_AssemblyResolve: Resolving assembly 'Microsoft.Bcl.AsyncInterfaces'.
TpTrace Information: 0 : 16308, 1, 2023/02/17, 23:53:57.610, 2426312141124, vstest.console.dll, AssemblyResolver.OnResolve: Microsoft.Bcl.AsyncInterfaces: Resolving assembly.
TpTrace Information: 0 : 16308, 1, 2023/02/17, 23:53:57.610, 2426312143600, vstest.console.dll, AssemblyResolver.OnResolve: Microsoft.Bcl.AsyncInterfaces: Resolved from cache.
TpTrace Verbose: 0 : 16308, 1, 2023/02/17, 23:53:57.610, 2426312145521, vstest.console.dll, CurrentDomain_AssemblyResolve: Resolving assembly 'Microsoft.Bcl.AsyncInterfaces'.
TpTrace Verbose: 0 : 16308, 1, 2023/02/17, 23:53:57.610, 2426312147710, vstest.console.dll, CurrentDomainAssemblyResolve: Failed to resolve assembly 'Microsoft.Bcl.AsyncInterfaces'.
TpTrace Verbose: 0 : 16308, 1, 2023/02/17, 23:53:57.652, 2426312567839, vstest.console.dll, CurrentDomainAssemblyResolve: Failed to resolve assembly 'Microsoft.Bcl.AsyncInterfaces'.
TpTrace Warning: 0 : 16308, 1, 2023/02/17, 23:53:57.755, 2426313594885, vstest.console.dll, TestPluginDiscoverer: Failed to get types from assembly 'Microsoft.Diagnostics.NETCore.Client, Version=0.2.2.41902, Culture=neutral, PublicKeyToken=31bf3856ad364e35'.  Skipping test extension scan for this assembly.  Error: System.Reflection.ReflectionTypeLoadException: Unable to load one or more of the requested types.
Could not load file or assembly 'Microsoft.Bcl.AsyncInterfaces, Version=1.0.0.0, Culture=neutral, PublicKeyToken=cc7b13ffcd2ddd51'. The system cannot find the file specified.
   at System.Reflection.RuntimeModule.GetTypes(RuntimeModule module)
   at System.Reflection.RuntimeModule.GetTypes()
   at System.Reflection.Assembly.GetTypes()
   at Microsoft.VisualStudio.TestPlatform.Common.ExtensionFramework.TestPluginDiscoverer.GetTestExtensionsFromAssembly[TPluginInfo,TExtension](Assembly assembly, Dictionary`2 pluginInfos)
System.IO.FileNotFoundException: Could not load file or assembly 'Microsoft.Bcl.AsyncInterfaces, Version=1.0.0.0, Culture=neutral, PublicKeyToken=cc7b13ffcd2ddd51'. The system cannot find the file specified.
File name: 'Microsoft.Bcl.AsyncInterfaces, Version=1.0.0.0, Culture=neutral, PublicKeyToken=cc7b13ffcd2ddd51'
TpTrace Warning: 0 : 16308, 1, 2023/02/17, 23:53:57.756, 2426313604842, vstest.console.dll, LoaderExceptions: System.IO.FileNotFoundException: Could not load file or assembly 'Microsoft.Bcl.AsyncInterfaces, Version=1.0.0.0, Culture=neutral, PublicKeyToken=cc7b13ffcd2ddd51'. The system cannot find the file specified.
File name: 'Microsoft.Bcl.AsyncInterfaces, Version=1.0.0.0, Culture=neutral, PublicKeyToken=cc7b13ffcd2ddd51'
TpTrace Information: 0 : 16308, 1, 2023/02/17, 23:53:57.757, 2426313610934, vstest.console.dll, AssemblyResolver.OnResolve: Microsoft.TestPlatform.Extensions.BlameDataCollector: Resolving assembly.
TpTrace Information: 0 : 16308, 1, 2023/02/17, 23:53:57.764, 2426313687295, vstest.console.dll, AssemblyResolver.OnResolve: Resolved assembly: Microsoft.TestPlatform.Extensions.BlameDataCollector, from path: C:\Program Files\dotnet\sdk\5.0.103\Extensions\Microsoft.TestPlatform.Extensions.BlameDataCollector.dll
TpTrace Information: 0 : 16308, 1, 2023/02/17, 23:53:57.768, 2426313724203, vstest.console.dll, AssemblyResolver.OnResolve: Microsoft.TestPlatform.Extensions.EventLogCollector: Resolving assembly.
TpTrace Information: 0 : 16308, 1, 2023/02/17, 23:53:57.771, 2426313757574, vstest.console.dll, AssemblyResolver.OnResolve: Resolved assembly: Microsoft.TestPlatform.Extensions.EventLogCollector, from path: C:\Program Files\dotnet\sdk\5.0.103\Extensions\Microsoft.TestPlatform.Extensions.EventLogCollector.dll
TpTrace Information: 0 : 16308, 1, 2023/02/17, 23:53:57.780, 2426313849812, vstest.console.dll, AssemblyResolver.OnResolve: Microsoft.TestPlatform.TestHostRuntimeProvider: Resolving assembly.
TpTrace Information: 0 : 16308, 1, 2023/02/17, 23:53:57.784, 2426313888221, vstest.console.dll, AssemblyResolver.OnResolve: Resolved assembly: Microsoft.TestPlatform.TestHostRuntimeProvider, from path: C:\Program Files\dotnet\sdk\5.0.103\Extensions\Microsoft.TestPlatform.TestHostRuntimeProvider.dll
TpTrace Information: 0 : 16308, 1, 2023/02/17, 23:53:57.790, 2426313942676, vstest.console.dll, AssemblyResolver.OnResolve: Microsoft.VisualStudio.TestPlatform.Extensions.Html.TestLogger: Resolving assembly.
TpTrace Information: 0 : 16308, 1, 2023/02/17, 23:53:57.794, 2426313984783, vstest.console.dll, AssemblyResolver.OnResolve: Resolved assembly: Microsoft.VisualStudio.TestPlatform.Extensions.Html.TestLogger, from path: C:\Program Files\dotnet\sdk\5.0.103\Extensions\Microsoft.VisualStudio.TestPlatform.Extensions.Html.TestLogger.dll
TpTrace Information: 0 : 16308, 1, 2023/02/17, 23:53:57.796, 2426314004747, vstest.console.dll, AssemblyResolver.OnResolve: Microsoft.VisualStudio.TestPlatform.Extensions.Trx.TestLogger: Resolving assembly.
TpTrace Information: 0 : 16308, 1, 2023/02/17, 23:53:57.803, 2426314071693, vstest.console.dll, AssemblyResolver.OnResolve: Resolved assembly: Microsoft.VisualStudio.TestPlatform.Extensions.Trx.TestLogger, from path: C:\Program Files\dotnet\sdk\5.0.103\Extensions\Microsoft.VisualStudio.TestPlatform.Extensions.Trx.TestLogger.dll
TpTrace Verbose: 0 : 16308, 1, 2023/02/17, 23:53:57.809, 2426314132463, vstest.console.dll, TestPluginCache: Discovered the extensions using extension path ''.
TpTrace Verbose: 0 : 16308, 1, 2023/02/17, 23:53:57.809, 2426314135695, vstest.console.dll, TestPluginCache: Discoverers are ''.
TpTrace Verbose: 0 : 16308, 1, 2023/02/17, 23:53:57.809, 2426314138047, vstest.console.dll, TestPluginCache: Executors are ''.
TpTrace Verbose: 0 : 16308, 1, 2023/02/17, 23:53:57.810, 2426314140190, vstest.console.dll, TestPluginCache: Executors2 are ''.
TpTrace Verbose: 0 : 16308, 1, 2023/02/17, 23:53:57.810, 2426314142472, vstest.console.dll, TestPluginCache: Setting providers are ''.
TpTrace Verbose: 0 : 16308, 1, 2023/02/17, 23:53:57.810, 2426314144214, vstest.console.dll, TestPluginCache: Loggers are ''.
TpTrace Information: 0 : 16308, 1, 2023/02/17, 23:53:57.838, 2426314425860, vstest.console.dll, RunTestsArgumentProcessor:Execute: Test run is starting.
TpTrace Verbose: 0 : 16308, 1, 2023/02/17, 23:53:57.839, 2426314430400, vstest.console.dll, RunTestsArgumentProcessor:Execute: Queuing Test run.
TpTrace Information: 0 : 16308, 1, 2023/02/17, 23:53:57.840, 2426314441965, vstest.console.dll, TestRequestManager.RunTests: run tests started.
TpTrace Information: 0 : 16308, 1, 2023/02/17, 23:53:57.864, 2426314685674, vstest.console.dll, AssemblyMetadataProvider.GetFrameWork: Determined framework:'.NETCoreApp,Version=v3.1' for source: 'C:\Users\MonPC\source\repos\allopromo\allopromo.Infrastructures.UnitTest\bin\Release\netcoreapp3.1\fine-code-coverage\build-output\allopromo.Infrastructure.UnitTests.dll'
TpTrace Information: 0 : 16308, 1, 2023/02/17, 23:53:57.865, 2426314693684, vstest.console.dll, Determined framework for all sources: .NETCoreApp,Version=v3.1
TpTrace Information: 0 : 16308, 1, 2023/02/17, 23:53:57.867, 2426314716240, vstest.console.dll, AssemblyMetadataProvider.GetArchitecture: Determined architecture:AnyCPU info for assembly: C:\Users\MonPC\source\repos\allopromo\allopromo.Infrastructures.UnitTest\bin\Release\netcoreapp3.1\fine-code-coverage\build-output\allopromo.Infrastructure.UnitTests.dll
TpTrace Information: 0 : 16308, 1, 2023/02/17, 23:53:57.876, 2426314808010, vstest.console.dll, Determined platform for all sources: X64
TpTrace Information: 0 : 16308, 1, 2023/02/17, 23:53:57.888, 2426314920824, vstest.console.dll, Compatible sources list : 
TpTrace Information: 0 : 16308, 1, 2023/02/17, 23:53:57.888, 2426314924794, vstest.console.dll, C:\Users\MonPC\source\repos\allopromo\allopromo.Infrastructures.UnitTest\bin\Release\netcoreapp3.1\fine-code-coverage\build-output\allopromo.Infrastructure.UnitTests.dll
TpTrace Information: 0 : 16308, 1, 2023/02/17, 23:53:57.908, 2426315126678, vstest.console.dll, InferRunSettingsHelper.IsTestSettingsEnabled: Unable to navigate to RunSettings/MSTest. Current node: RunSettings
TpTrace Information: 0 : 16308, 1, 2023/02/17, 23:53:57.913, 2426315171586, vstest.console.dll, AssemblyResolver.OnResolve: Microsoft.VisualStudio.TestPlatform.Fakes: Resolving assembly.
TpTrace Information: 0 : 16308, 1, 2023/02/17, 23:53:57.914, 2426315180973, vstest.console.dll, AssemblyResolver.OnResolve: Microsoft.VisualStudio.TestPlatform.Fakes: Failed to load assembly.
TpTrace Information: 0 : 16308, 1, 2023/02/17, 23:53:57.918, 2426315220803, vstest.console.dll, Failed to create newly implemented Fakes Configurator. Reason:System.IO.FileNotFoundException: Could not load file or assembly 'Microsoft.VisualStudio.TestPlatform.Fakes, Version=16.0.0.0, Culture=neutral, PublicKeyToken=null'. The system cannot find the file specified.
File name: 'Microsoft.VisualStudio.TestPlatform.Fakes, Version=16.0.0.0, Culture=neutral, PublicKeyToken=null'
   at System.Reflection.RuntimeAssembly.InternalLoad(ObjectHandleOnStack assemblyName, ObjectHandleOnStack requestingAssembly, StackCrawlMarkHandle stackMark, Boolean throwOnFileNotFound, ObjectHandleOnStack assemblyLoadContext, ObjectHandleOnStack retAssembly)
   at System.Reflection.RuntimeAssembly.InternalLoad(AssemblyName assemblyName, RuntimeAssembly requestingAssembly, StackCrawlMark& stackMark, Boolean throwOnFileNotFound, AssemblyLoadContext assemblyLoadContext)
   at System.Reflection.Assembly.Load(String assemblyString)
   at Microsoft.VisualStudio.TestPlatform.Common.Utilities.FakesUtilities.TryGetFakesCrossPlatformDataCollectorConfigurator() 
TpTrace Verbose: 0 : 16308, 1, 2023/02/17, 23:53:57.944, 2426315488473, vstest.console.dll, TestPluginCache.DiscoverTestExtensions: finding test extensions in assemblies ends with: TestLogger.dll TPluginInfo: Microsoft.VisualStudio.TestPlatform.Common.ExtensionFramework.Utilities.TestLoggerPluginInformation TExtension: Microsoft.VisualStudio.TestPlatform.ObjectModel.Client.ITestLogger
TpTrace Verbose: 0 : 16308, 1, 2023/02/17, 23:53:57.945, 2426315492431, vstest.console.dll, TestPluginCache.GetExtensionPaths: Filtered extension paths: 
TpTrace Verbose: 0 : 16308, 1, 2023/02/17, 23:53:57.945, 2426315494444, vstest.console.dll, TestPluginCache.GetExtensionPaths: Added default extension paths: C:\Program Files\dotnet\sdk\5.0.103\Extensions\Microsoft.Diagnostics.NETCore.Client.dll
C:\Program Files\dotnet\sdk\5.0.103\Extensions\Microsoft.TestPlatform.Extensions.BlameDataCollector.dll
C:\Program Files\dotnet\sdk\5.0.103\Extensions\Microsoft.TestPlatform.Extensions.EventLogCollector.dll
C:\Program Files\dotnet\sdk\5.0.103\Extensions\Microsoft.TestPlatform.TestHostRuntimeProvider.dll
C:\Program Files\dotnet\sdk\5.0.103\Extensions\Microsoft.VisualStudio.TestPlatform.Extensions.Html.TestLogger.dll
C:\Program Files\dotnet\sdk\5.0.103\Extensions\Microsoft.VisualStudio.TestPlatform.Extensions.Trx.TestLogger.dll
TpTrace Verbose: 0 : 16308, 1, 2023/02/17, 23:53:57.945, 2426315496855, vstest.console.dll, TestPluginCache.GetExtensionPaths: Added unfilterableExtensionPaths: 
TpTrace Information: 0 : 16308, 1, 2023/02/17, 23:53:57.946, 2426315503380, vstest.console.dll, AssemblyResolver.AddSearchDirectories: Adding more searchDirectories C:\Program Files\dotnet\sdk\5.0.103\Extensions,C:\Program Files\dotnet\sdk\5.0.103
TpTrace Verbose: 0 : 16308, 1, 2023/02/17, 23:53:57.946, 2426315506915, vstest.console.dll, TestPluginCache.DiscoverTestExtensions: Discovering the extensions using extension path.
TpTrace Verbose: 0 : 16308, 1, 2023/02/17, 23:53:57.946, 2426315509401, vstest.console.dll, TestPluginCache.GetExtensionPaths: Filtered extension paths: 
TpTrace Verbose: 0 : 16308, 1, 2023/02/17, 23:53:57.947, 2426315511658, vstest.console.dll, TestPluginCache.GetExtensionPaths: Added default extension paths: C:\Program Files\dotnet\sdk\5.0.103\Extensions\Microsoft.Diagnostics.NETCore.Client.dll
C:\Program Files\dotnet\sdk\5.0.103\Extensions\Microsoft.TestPlatform.Extensions.BlameDataCollector.dll
C:\Program Files\dotnet\sdk\5.0.103\Extensions\Microsoft.TestPlatform.Extensions.EventLogCollector.dll
C:\Program Files\dotnet\sdk\5.0.103\Extensions\Microsoft.TestPlatform.TestHostRuntimeProvider.dll
C:\Program Files\dotnet\sdk\5.0.103\Extensions\Microsoft.VisualStudio.TestPlatform.Extensions.Html.TestLogger.dll
C:\Program Files\dotnet\sdk\5.0.103\Extensions\Microsoft.VisualStudio.TestPlatform.Extensions.Trx.TestLogger.dll
TpTrace Verbose: 0 : 16308, 1, 2023/02/17, 23:53:57.947, 2426315514421, vstest.console.dll, TestPluginCache.GetExtensionPaths: Added unfilterableExtensionPaths: 
TpTrace Verbose: 0 : 16308, 1, 2023/02/17, 23:53:57.947, 2426315516684, vstest.console.dll, TestPluginCache.DiscoverTestExtensions: Discovering the extensions using allExtensionPaths: C:\Program Files\dotnet\sdk\5.0.103\Extensions\Microsoft.Diagnostics.NETCore.Client.dll
C:\Program Files\dotnet\sdk\5.0.103\Extensions\Microsoft.TestPlatform.Extensions.BlameDataCollector.dll
C:\Program Files\dotnet\sdk\5.0.103\Extensions\Microsoft.TestPlatform.Extensions.EventLogCollector.dll
C:\Program Files\dotnet\sdk\5.0.103\Extensions\Microsoft.TestPlatform.TestHostRuntimeProvider.dll
C:\Program Files\dotnet\sdk\5.0.103\Extensions\Microsoft.VisualStudio.TestPlatform.Extensions.Html.TestLogger.dll
C:\Program Files\dotnet\sdk\5.0.103\Extensions\Microsoft.VisualStudio.TestPlatform.Extensions.Trx.TestLogger.dll
TpTrace Information: 0 : 16308, 1, 2023/02/17, 23:53:57.948, 2426315521134, vstest.console.dll, AssemblyResolver.AddSearchDirectories: Adding more searchDirectories C:\Program Files\dotnet\sdk\5.0.103\Extensions,C:\Program Files\dotnet\sdk\5.0.103
TpTrace Information: 0 : 16308, 1, 2023/02/17, 23:53:57.948, 2426315523824, vstest.console.dll, AssemblyResolver.AddSearchDirectories: Adding more searchDirectories C:\Program Files\dotnet\sdk\5.0.103\Extensions,C:\Program Files\dotnet\sdk\5.0.103
TpTrace Information: 0 : 16308, 1, 2023/02/17, 23:53:57.948, 2426315525940, vstest.console.dll, AssemblyResolver.AddSearchDirectories: Adding more searchDirectories C:\Program Files\dotnet\sdk\5.0.103\Extensions,C:\Program Files\dotnet\sdk\5.0.103
TpTrace Information: 0 : 16308, 1, 2023/02/17, 23:53:57.948, 2426315528286, vstest.console.dll, AssemblyResolver.AddSearchDirectories: Adding more searchDirectories C:\Program Files\dotnet\sdk\5.0.103\Extensions,C:\Program Files\dotnet\sdk\5.0.103
TpTrace Information: 0 : 16308, 1, 2023/02/17, 23:53:57.949, 2426315530750, vstest.console.dll, AssemblyResolver.AddSearchDirectories: Adding more searchDirectories C:\Program Files\dotnet\sdk\5.0.103\Extensions,C:\Program Files\dotnet\sdk\5.0.103
TpTrace Information: 0 : 16308, 1, 2023/02/17, 23:53:57.949, 2426315533042, vstest.console.dll, AssemblyResolver.AddSearchDirectories: Adding more searchDirectories C:\Program Files\dotnet\sdk\5.0.103\Extensions,C:\Program Files\dotnet\sdk\5.0.103
TpTrace Information: 0 : 16308, 1, 2023/02/17, 23:53:57.950, 2426315542248, vstest.console.dll, AssemblyResolver.OnResolve: Microsoft.Bcl.AsyncInterfaces: Resolving assembly.
TpTrace Information: 0 : 16308, 1, 2023/02/17, 23:53:57.950, 2426315545036, vstest.console.dll, AssemblyResolver.OnResolve: Microsoft.Bcl.AsyncInterfaces: Resolved from cache.
TpTrace Verbose: 0 : 16308, 1, 2023/02/17, 23:53:57.950, 2426315547103, vstest.console.dll, CurrentDomain_AssemblyResolve: Resolving assembly 'Microsoft.Bcl.AsyncInterfaces'.
TpTrace Information: 0 : 16308, 1, 2023/02/17, 23:53:57.951, 2426315550326, vstest.console.dll, AssemblyResolver.OnResolve: Microsoft.Bcl.AsyncInterfaces: Resolving assembly.
TpTrace Information: 0 : 16308, 1, 2023/02/17, 23:53:57.951, 2426315552296, vstest.console.dll, AssemblyResolver.OnResolve: Microsoft.Bcl.AsyncInterfaces: Resolved from cache.
TpTrace Verbose: 0 : 16308, 1, 2023/02/17, 23:53:57.951, 2426315555291, vstest.console.dll, CurrentDomain_AssemblyResolve: Resolving assembly 'Microsoft.Bcl.AsyncInterfaces'.
TpTrace Verbose: 0 : 16308, 1, 2023/02/17, 23:53:57.951, 2426315557503, vstest.console.dll, CurrentDomainAssemblyResolve: Failed to resolve assembly 'Microsoft.Bcl.AsyncInterfaces'.
TpTrace Verbose: 0 : 16308, 1, 2023/02/17, 23:53:57.952, 2426315564200, vstest.console.dll, CurrentDomainAssemblyResolve: Failed to resolve assembly 'Microsoft.Bcl.AsyncInterfaces'.
TpTrace Warning: 0 : 16308, 1, 2023/02/17, 23:53:57.953, 2426315577965, vstest.console.dll, TestPluginDiscoverer: Failed to get types from assembly 'Microsoft.Diagnostics.NETCore.Client, Version=0.2.2.41902, Culture=neutral, PublicKeyToken=31bf3856ad364e35'.  Skipping test extension scan for this assembly.  Error: System.Reflection.ReflectionTypeLoadException: Unable to load one or more of the requested types.
Could not load file or assembly 'Microsoft.Bcl.AsyncInterfaces, Version=1.0.0.0, Culture=neutral, PublicKeyToken=cc7b13ffcd2ddd51'. The system cannot find the file specified.
   at System.Reflection.RuntimeModule.GetTypes(RuntimeModule module)
   at System.Reflection.RuntimeModule.GetTypes()
   at System.Reflection.Assembly.GetTypes()
   at Microsoft.VisualStudio.TestPlatform.Common.ExtensionFramework.TestPluginDiscoverer.GetTestExtensionsFromAssembly[TPluginInfo,TExtension](Assembly assembly, Dictionary`2 pluginInfos)
System.IO.FileNotFoundException: Could not load file or assembly 'Microsoft.Bcl.AsyncInterfaces, Version=1.0.0.0, Culture=neutral, PublicKeyToken=cc7b13ffcd2ddd51'. The system cannot find the file specified.
File name: 'Microsoft.Bcl.AsyncInterfaces, Version=1.0.0.0, Culture=neutral, PublicKeyToken=cc7b13ffcd2ddd51'
TpTrace Warning: 0 : 16308, 1, 2023/02/17, 23:53:57.954, 2426315581243, vstest.console.dll, LoaderExceptions: System.IO.FileNotFoundException: Could not load file or assembly 'Microsoft.Bcl.AsyncInterfaces, Version=1.0.0.0, Culture=neutral, PublicKeyToken=cc7b13ffcd2ddd51'. The system cannot find the file specified.
File name: 'Microsoft.Bcl.AsyncInterfaces, Version=1.0.0.0, Culture=neutral, PublicKeyToken=cc7b13ffcd2ddd51'
TpTrace Verbose: 0 : 16308, 1, 2023/02/17, 23:53:57.957, 2426315610840, vstest.console.dll, TestPluginCache: Discovered the extensions using extension path ''.
TpTrace Verbose: 0 : 16308, 1, 2023/02/17, 23:53:57.957, 2426315613891, vstest.console.dll, TestPluginCache: Discoverers are ''.
TpTrace Verbose: 0 : 16308, 1, 2023/02/17, 23:53:57.957, 2426315615888, vstest.console.dll, TestPluginCache: Executors are ''.
TpTrace Verbose: 0 : 16308, 1, 2023/02/17, 23:53:57.957, 2426315617689, vstest.console.dll, TestPluginCache: Executors2 are ''.
TpTrace Verbose: 0 : 16308, 1, 2023/02/17, 23:53:57.957, 2426315619870, vstest.console.dll, TestPluginCache: Setting providers are ''.
TpTrace Verbose: 0 : 16308, 1, 2023/02/17, 23:53:57.958, 2426315624626, vstest.console.dll, TestPluginCache: Loggers are 'logger://Microsoft/TestPlatform/Extensions/Blame/v1,logger://Microsoft/TestPlatform/HtmlLogger/v1,logger://Microsoft/TestPlatform/TrxLogger/v1'.
TpTrace Information: 0 : 16308, 1, 2023/02/17, 23:53:57.961, 2426315658606, vstest.console.dll, TestPluginManager.CreateTestExtension: Attempting to load test extension: Microsoft.TestPlatform.Extensions.BlameDataCollector.BlameLogger
TpTrace Information: 0 : 16308, 1, 2023/02/17, 23:53:58.010, 2426316142697, vstest.console.dll, TestPluginManager.CreateTestExtension: Attempting to load test extension: Microsoft.VisualStudio.TestPlatform.CrossPlatEngine.Hosting.DefaultTestHostManager
TpTrace Information: 0 : 16308, 1, 2023/02/17, 23:53:58.011, 2426316155494, vstest.console.dll, TestPluginManager.CreateTestExtension: Attempting to load test extension: Microsoft.VisualStudio.TestPlatform.CrossPlatEngine.Hosting.DotnetTestHostManager
TpTrace Verbose: 0 : 16308, 1, 2023/02/17, 23:53:58.014, 2426316189702, vstest.console.dll, TestEngine: Initializing Parallel Execution as MaxCpuCount is set to: 1
TpTrace Information: 0 : 16308, 1, 2023/02/17, 23:53:58.021, 2426316253149, vstest.console.dll, InferRunSettingsHelper.IsTestSettingsEnabled: Unable to navigate to RunSettings/MSTest. Current node: RunSettings
TpTrace Verbose: 0 : 16308, 1, 2023/02/17, 23:53:58.091, 2426316958735, vstest.console.dll, TestRequestSender is acting as server
TpTrace Verbose: 0 : 16308, 4, 2023/02/17, 23:53:58.112, 2426317163244, vstest.console.dll, DataCollectionRequestSender.InitializeCommunication : Initialize communication. 
TpTrace Information: 0 : 16308, 4, 2023/02/17, 23:53:58.189, 2426317933470, vstest.console.dll, Listening on Endpoint : 127.0.0.1:60463
TpTrace Verbose: 0 : 16308, 4, 2023/02/17, 23:53:58.254, 2426318583031, vstest.console.dll, DotnetDataCollectionLauncher: Full path of dotnet.exe is C:\Program Files\dotnet\dotnet.exe
TpTrace Verbose: 0 : 16308, 4, 2023/02/17, 23:53:58.255, 2426318595705, vstest.console.dll, DotnetDataCollectionLauncher: Adding  --runtimeconfig "C:\Program Files\dotnet\sdk\5.0.103\datacollector.runtimeconfig.json" in args
TpTrace Verbose: 0 : 16308, 4, 2023/02/17, 23:53:58.258, 2426318629635, vstest.console.dll, DotnetDataCollectionLauncher: Adding  --depsfile "C:\Program Files\dotnet\sdk\5.0.103\datacollector.deps.json" in args
TpTrace Information: 0 : 16308, 4, 2023/02/17, 23:53:58.349, 2426319531388, vstest.console.dll, ProxyDataCollectionManager.Initialize: Launched datacollector processId: 12312 port: 60463
TpTrace Information: 0 : 16308, 4, 2023/02/17, 23:53:58.349, 2426319536588, vstest.console.dll, ProxyDataCollectionManager.Initialize: waiting for connection with timeout: 90 seconds
TpTrace Verbose: 0 : 16308, 4, 2023/02/17, 23:53:58.349, 2426319539688, vstest.console.dll, DataCollectionRequestSender.WaitForRequestHandlerConnection : Waiting for connection with timeout: 90000
TpTrace Information: 0 : 16308, 7, 2023/02/17, 23:53:59.232, 2426328365860, vstest.console.dll, Using the buffer size of 16384 bytes
TpTrace Verbose: 0 : 16308, 4, 2023/02/17, 23:53:59.232, 2426328368182, vstest.console.dll, ProxyDataCollectionManager.InvokeDataCollectionServiceAction: Starting.
TpTrace Information: 0 : 16308, 7, 2023/02/17, 23:53:59.232, 2426328369732, vstest.console.dll, Accepted Client request and set the flag
TpTrace Information: 0 : 16308, 4, 2023/02/17, 23:53:59.233, 2426328374579, vstest.console.dll, ProxyDataCollectionManager.BeforeTestRunStart: Get environment variable and port for datacollector processId: 12312 port: 60463
TpTrace Verbose: 0 : 16308, 4, 2023/02/17, 23:53:59.234, 2426328381954, vstest.console.dll, DataCollectionRequestSender.SendBeforeTestRunStartAndGetResult : Send BeforeTestRunStart message with settingsXml <RunSettings><RunConfiguration><ResultsDirectory>C:\Users\MonPC\source\repos\allopromo\allopromo.Infrastructures.UnitTest\bin\Release\netcoreapp3.1\fine-code-coverage\coverage-tool-output</ResultsDirectory><TargetPlatform>X64</TargetPlatform><TargetFrameworkVersion>.NETCoreApp,Version=v3.1</TargetFrameworkVersion><DesignMode>False</DesignMode><CollectSourceInformation>False</CollectSourceInformation><TestAdaptersPaths>C:\Program Files\dotnet\sdk\5.0.103\Extensions</TestAdaptersPaths></RunConfiguration><LoggerRunSettings><Loggers><Logger friendlyName="blame" enabled="True" /><Logger friendlyName="Console" uri="logger://microsoft/TestPlatform/ConsoleLogger/v1" assemblyQualifiedName="Microsoft.VisualStudio.TestPlatform.CommandLine.Internal.ConsoleLogger, vstest.console, Version=15.0.0.0, Culture=neutral, PublicKeyToken=b03f5f7f11d50a3a" codeBase="C:\Program Files\dotnet\sdk\5.0.103\vstest.console.dll" enabled="True" /></Loggers></LoggerRunSettings><DataCollectionRunSettings><DataCollectors><DataCollector friendlyName="blame" enabled="True"><Configuration><ResultsDirectory>C:\Users\MonPC\source\repos\allopromo\allopromo.Infrastructures.UnitTest\bin\Release\netcoreapp3.1\fine-code-coverage\coverage-tool-output</ResultsDirectory></Configuration></DataCollector></DataCollectors></DataCollectionRunSettings></RunSettings> and sources System.Linq.Enumerable+Concat2Iterator`1[System.String]: 
TpTrace Verbose: 0 : 16308, 4, 2023/02/17, 23:53:59.683, 2426332877495, vstest.console.dll, DataCollectionRequestSender.SendBeforeTestRunStartAndGetResult : Received message: (DataCollection.SendMessage) -> {
  "FriendlyName": null,
  "Uri": null,
  "TestCaseId": "00000000-0000-0000-0000-000000000000",
  "Message": "Logging DataCollector Diagnostics in file: C:\\Users\\MonPC\\source\\repos\\allopromo\\allopromo.Infrastructures.UnitTest\\bin\\Release\\netcoreapp3.1\\fine-code-coverage\\coverage-tool-output\\diagnostics.datacollector.23-02-17_23-53-58_22433_4.log",
  "Level": 0
}
TpTrace Verbose: 0 : 16308, 4, 2023/02/17, 23:54:00.069, 2426336734214, vstest.console.dll, DataCollectionRequestSender.SendBeforeTestRunStartAndGetResult : Received message: (DataCollection.BeforeTestRunStartResult) -> {
  "EnvironmentVariables": {},
  "DataCollectionEventsPort": 60469
}
TpTrace Information: 0 : 16308, 4, 2023/02/17, 23:54:00.089, 2426336938072, vstest.console.dll, ProxyDataCollectionManager.BeforeTestRunStart: SendBeforeTestRunStartAndGetResult successful, env variable from datacollector:   and testhost port: 60469
TpTrace Information: 0 : 16308, 4, 2023/02/17, 23:54:00.090, 2426336943149, vstest.console.dll, ProxyDataCollectionManager.InvokeDataCollectionServiceAction: Completed.
TpTrace Verbose: 0 : 16308, 1, 2023/02/17, 23:54:00.090, 2426336949844, vstest.console.dll, TestRunRequest.ExecuteAsync: Creating test run request.
TpTrace Verbose: 0 : 16308, 1, 2023/02/17, 23:54:00.093, 2426336973412, vstest.console.dll, TestRunRequest.ExecuteAsync: Starting.
TpTrace Information: 0 : 16308, 1, 2023/02/17, 23:54:00.096, 2426337005125, vstest.console.dll, TestRunRequest.ExecuteAsync: Starting run with settings:TestRunCriteria:
   KeepAlive=False,FrequencyOfRunStatsChangeEvent=10,RunStatsChangeEventTimeout=00:00:01.5000000,TestCaseFilter=,TestExecutorLauncher=
   Settingsxml=<RunSettings>
  <RunConfiguration>
    <ResultsDirectory>C:\Users\MonPC\source\repos\allopromo\allopromo.Infrastructures.UnitTest\bin\Release\netcoreapp3.1\fine-code-coverage\coverage-tool-output</ResultsDirectory>
    <TargetPlatform>X64</TargetPlatform>
    <TargetFrameworkVersion>.NETCoreApp,Version=v3.1</TargetFrameworkVersion>
    <DesignMode>False</DesignMode>
    <CollectSourceInformation>False</CollectSourceInformation>
  </RunConfiguration>
  <LoggerRunSettings>
    <Loggers>
      <Logger friendlyName="blame" enabled="True" />
      <Logger friendlyName="Console" uri="logger://microsoft/TestPlatform/ConsoleLogger/v1" assemblyQualifiedName="Microsoft.VisualStudio.TestPlatform.CommandLine.Internal.ConsoleLogger, vstest.console, Version=15.0.0.0, Culture=neutral, PublicKeyToken=b03f5f7f11d50a3a" codeBase="C:\Program Files\dotnet\sdk\5.0.103\vstest.console.dll" enabled="True" />
    </Loggers>
  </LoggerRunSettings>
  <DataCollectionRunSettings>
    <DataCollectors>
      <DataCollector friendlyName="blame" enabled="True">
        <Configuration>
          <ResultsDirectory>C:\Users\MonPC\source\repos\allopromo\allopromo.Infrastructures.UnitTest\bin\Release\netcoreapp3.1\fine-code-coverage\coverage-tool-output</ResultsDirectory>
        </Configuration>
      </DataCollector>
    </DataCollectors>
  </DataCollectionRunSettings>
</RunSettings>

TpTrace Verbose: 0 : 16308, 1, 2023/02/17, 23:54:00.096, 2426337008691, vstest.console.dll, TestRunRequest.ExecuteAsync: Wait for the first run request is over.
TpTrace Verbose: 0 : 16308, 1, 2023/02/17, 23:54:00.098, 2426337028340, vstest.console.dll, ParallelProxyExecutionManager: Start execution. Total sources: 1
TpTrace Information: 0 : 16308, 1, 2023/02/17, 23:54:00.101, 2426337056266, vstest.console.dll, ProxyParallelExecutionManager: Triggering test run for next source: C:\Users\MonPC\source\repos\allopromo\allopromo.Infrastructures.UnitTest\bin\Release\netcoreapp3.1\fine-code-coverage\build-output\allopromo.Infrastructure.UnitTests.dll
TpTrace Verbose: 0 : 16308, 1, 2023/02/17, 23:54:00.102, 2426337065494, vstest.console.dll, ProxyParallelExecutionManager: No sources available for execution.
TpTrace Information: 0 : 16308, 1, 2023/02/17, 23:54:00.102, 2426337068770, vstest.console.dll, TestRunRequest.ExecuteAsync: Started.
TpTrace Verbose: 0 : 16308, 1, 2023/02/17, 23:54:00.103, 2426337072921, vstest.console.dll, TestRunRequest.WaitForCompletion: Waiting with timeout -1.
TpTrace Verbose: 0 : 16308, 10, 2023/02/17, 23:54:00.103, 2426337077029, vstest.console.dll, ParallelProxyExecutionManager: Execution started. Started clients: 1
TpTrace Verbose: 0 : 16308, 10, 2023/02/17, 23:54:00.105, 2426337092285, vstest.console.dll, TestRunRequest:SendTestRunMessage: Starting.
TpTrace Information: 0 : 16308, 10, 2023/02/17, 23:54:00.108, 2426337123575, vstest.console.dll, TestRunRequest:SendTestRunMessage: Completed.
TpTrace Verbose: 0 : 16308, 10, 2023/02/17, 23:54:00.110, 2426337145498, vstest.console.dll, ProxyExecutionManager: Test host is always Lazy initialize.
TpTrace Verbose: 0 : 16308, 10, 2023/02/17, 23:54:00.111, 2426337158306, vstest.console.dll, TestRequestSender.InitializeCommunication: initialize communication. 
TpTrace Information: 0 : 16308, 10, 2023/02/17, 23:54:00.114, 2426337182119, vstest.console.dll, SocketServer.Start: Listening on endpoint : 127.0.0.1:60470
TpTrace Verbose: 0 : 16308, 10, 2023/02/17, 23:54:00.118, 2426337224396, vstest.console.dll, DotnetTestHostmanager: Adding  --runtimeconfig "C:\Users\MonPC\source\repos\allopromo\allopromo.Infrastructures.UnitTest\bin\Release\netcoreapp3.1\fine-code-coverage\build-output\allopromo.Infrastructure.UnitTests.runtimeconfig.json" in args
TpTrace Verbose: 0 : 16308, 10, 2023/02/17, 23:54:00.118, 2426337229845, vstest.console.dll, DotnetTestHostmanager: Adding  --depsfile "C:\Users\MonPC\source\repos\allopromo\allopromo.Infrastructures.UnitTest\bin\Release\netcoreapp3.1\fine-code-coverage\build-output\allopromo.Infrastructure.UnitTests.deps.json" in args
TpTrace Verbose: 0 : 16308, 10, 2023/02/17, 23:54:00.120, 2426337243587, vstest.console.dll, DotnetTestHostManager: Testhost.exe/testhost.x86.exe found at path: C:\Users\MonPC\source\repos\allopromo\allopromo.Infrastructures.UnitTest\bin\Release\netcoreapp3.1\fine-code-coverage\build-output\testhost.exe
TpTrace Verbose: 0 : 16308, 10, 2023/02/17, 23:54:00.120, 2426337247232, vstest.console.dll, DotnetTestHostmanager: Full path of host exe is C:\Users\MonPC\source\repos\allopromo\allopromo.Infrastructures.UnitTest\bin\Release\netcoreapp3.1\fine-code-coverage\build-output\testhost.exe
TpTrace Verbose: 0 : 16308, 12, 2023/02/17, 23:54:00.131, 2426337359447, vstest.console.dll, DotnetTestHostManager: Starting process 'C:\Users\MonPC\source\repos\allopromo\allopromo.Infrastructures.UnitTest\bin\Release\netcoreapp3.1\fine-code-coverage\build-output\testhost.exe' with command line ' --runtimeconfig "C:\Users\MonPC\source\repos\allopromo\allopromo.Infrastructures.UnitTest\bin\Release\netcoreapp3.1\fine-code-coverage\build-output\allopromo.Infrastructure.UnitTests.runtimeconfig.json" --depsfile "C:\Users\MonPC\source\repos\allopromo\allopromo.Infrastructures.UnitTest\bin\Release\netcoreapp3.1\fine-code-coverage\build-output\allopromo.Infrastructure.UnitTests.deps.json" --port 60470 --endpoint 127.0.0.1:060470 --role client --parentprocessid 16308 --diag "C:\Users\MonPC\source\repos\allopromo\allopromo.Infrastructures.UnitTest\bin\Release\netcoreapp3.1\fine-code-coverage\coverage-tool-output\diagnostics.host.23-02-17_23-54-00_11679_10.log" --tracelevel 4 --datacollectionport 60469 --telemetryoptedin false'
TpTrace Verbose: 0 : 16308, 12, 2023/02/17, 23:54:00.174, 2426337784323, vstest.console.dll, Test Runtime launched
TpTrace Verbose: 0 : 16308, 10, 2023/02/17, 23:54:00.187, 2426337910412, vstest.console.dll, TestRequestSender.WaitForRequestHandlerConnection: waiting for connection with timeout: 90000
TpTrace Verbose: 0 : 16308, 9, 2023/02/17, 23:54:01.900, 2426355045738, vstest.console.dll, SocketServer.OnClientConnected: Client connected for endPoint: 127.0.0.1:60470, starting MessageLoopAsync:
TpTrace Verbose: 0 : 16308, 9, 2023/02/17, 23:54:01.901, 2426355054114, vstest.console.dll, TcpClientExtensions.MessageLoopAsync: Polling on remoteEndPoint: 127.0.0.1:60472 localEndPoint: 127.0.0.1:60470
TpTrace Verbose: 0 : 16308, 9, 2023/02/17, 23:54:02.870, 2426364740279, vstest.console.dll, TcpClientExtensions.MessageLoopAsync: NotifyDataAvailable remoteEndPoint: 127.0.0.1:60472 localEndPoint: 127.0.0.1:60470
TpTrace Verbose: 0 : 16308, 9, 2023/02/17, 23:54:02.870, 2426364747901, vstest.console.dll, TestRequestSender.CheckVersionWithTestHost: onMessageReceived received message: (ProtocolVersion) -> 2
TpTrace Verbose: 0 : 16308, 9, 2023/02/17, 23:54:02.872, 2426364763246, vstest.console.dll, TcpClientExtensions.MessageLoopAsync: Polling on remoteEndPoint: 127.0.0.1:60472 localEndPoint: 127.0.0.1:60470
TpTrace Verbose: 0 : 16308, 10, 2023/02/17, 23:54:02.872, 2426364766448, vstest.console.dll, TestPluginCache.GetExtensionPaths: Filtered extension paths: 
TpTrace Verbose: 0 : 16308, 10, 2023/02/17, 23:54:02.872, 2426364768930, vstest.console.dll, TestPluginCache.GetExtensionPaths: Added default extension paths: C:\Program Files\dotnet\sdk\5.0.103\Extensions\Microsoft.Diagnostics.NETCore.Client.dll
C:\Program Files\dotnet\sdk\5.0.103\Extensions\Microsoft.TestPlatform.Extensions.BlameDataCollector.dll
C:\Program Files\dotnet\sdk\5.0.103\Extensions\Microsoft.TestPlatform.Extensions.EventLogCollector.dll
C:\Program Files\dotnet\sdk\5.0.103\Extensions\Microsoft.TestPlatform.TestHostRuntimeProvider.dll
C:\Program Files\dotnet\sdk\5.0.103\Extensions\Microsoft.VisualStudio.TestPlatform.Extensions.Html.TestLogger.dll
C:\Program Files\dotnet\sdk\5.0.103\Extensions\Microsoft.VisualStudio.TestPlatform.Extensions.Trx.TestLogger.dll
TpTrace Verbose: 0 : 16308, 10, 2023/02/17, 23:54:02.873, 2426364771175, vstest.console.dll, TestPluginCache.GetExtensionPaths: Added unfilterableExtensionPaths: 
TpTrace Verbose: 0 : 16308, 10, 2023/02/17, 23:54:02.889, 2426364930786, vstest.console.dll, TestRequestSender.InitializeExecution: Sending initializing execution with message: {"Version":2,"MessageType":"TestExecution.Initialize","Payload":["C:\\Users\\MonPC\\source\\repos\\allopromo\\allopromo.Infrastructures.UnitTest\\bin\\Release\\netcoreapp3.1\\fine-code-coverage\\build-output\\NUnit3.TestAdapter.dll"]}
TpTrace Verbose: 0 : 16308, 9, 2023/02/17, 23:54:02.939, 2426365437766, vstest.console.dll, TcpClientExtensions.MessageLoopAsync: NotifyDataAvailable remoteEndPoint: 127.0.0.1:60472 localEndPoint: 127.0.0.1:60470
TpTrace Verbose: 0 : 16308, 9, 2023/02/17, 23:54:02.940, 2426365444599, vstest.console.dll, TestRequestSender.OnExecutionMessageReceived: Received message: {"Version":2,"MessageType":"TestSession.Message","Payload":{"MessageLevel":0,"Message":"Logging TestHost Diagnostics in file: C:\\Users\\MonPC\\source\\repos\\allopromo\\allopromo.Infrastructures.UnitTest\\bin\\Release\\netcoreapp3.1\\fine-code-coverage\\coverage-tool-output\\diagnostics.host.23-02-17_23-54-00_11679_10.log"}}
TpTrace Verbose: 0 : 16308, 10, 2023/02/17, 23:54:02.947, 2426365516830, vstest.console.dll, TestRequestSender.StartTestRun: Sending test run with message: {"Version":2,"MessageType":"TestExecution.StartWithSources","Payload":{"AdapterSourceMap":{"_none_":["C:\\Users\\MonPC\\source\\repos\\allopromo\\allopromo.Infrastructures.UnitTest\\bin\\Release\\netcoreapp3.1\\fine-code-coverage\\build-output\\allopromo.Infrastructure.UnitTests.dll"]},"RunSettings":"<RunSettings>\r\n  <RunConfiguration>\r\n    <ResultsDirectory>C:\\Users\\MonPC\\source\\repos\\allopromo\\allopromo.Infrastructures.UnitTest\\bin\\Release\\netcoreapp3.1\\fine-code-coverage\\coverage-tool-output</ResultsDirectory>\r\n    <TargetPlatform>X64</TargetPlatform>\r\n    <TargetFrameworkVersion>.NETCoreApp,Version=v3.1</TargetFrameworkVersion>\r\n    <DesignMode>False</DesignMode>\r\n    <CollectSourceInformation>False</CollectSourceInformation>\r\n  </RunConfiguration>\r\n  <LoggerRunSettings>\r\n    <Loggers>\r\n      <Logger friendlyName=\"blame\" enabled=\"True\" />\r\n      <Logger friendlyName=\"Console\" uri=\"logger://microsoft/TestPlatform/ConsoleLogger/v1\" assemblyQualifiedName=\"Microsoft.VisualStudio.TestPlatform.CommandLine.Internal.ConsoleLogger, vstest.console, Version=15.0.0.0, Culture=neutral, PublicKeyToken=b03f5f7f11d50a3a\" codeBase=\"C:\\Program Files\\dotnet\\sdk\\5.0.103\\vstest.console.dll\" enabled=\"True\" />\r\n    </Loggers>\r\n  </LoggerRunSettings>\r\n  <DataCollectionRunSettings>\r\n    <DataCollectors>\r\n      <DataCollector friendlyName=\"blame\" enabled=\"True\">\r\n        <Configuration>\r\n          <ResultsDirectory>C:\\Users\\MonPC\\source\\repos\\allopromo\\allopromo.Infrastructures.UnitTest\\bin\\Release\\netcoreapp3.1\\fine-code-coverage\\coverage-tool-output</ResultsDirectory>\r\n        </Configuration>\r\n      </DataCollector>\r\n    </DataCollectors>\r\n  </DataCollectionRunSettings>\r\n</RunSettings>","TestExecutionContext":{"FrequencyOfRunStatsChangeEvent":10,"RunStatsChangeEventTimeout":"00:00:01.5000000","InIsolation":false,"KeepAlive":false,"AreTestCaseLevelEventsRequired":false,"IsDebug":false,"TestCaseFilter":null,"FilterOptions":null},"Package":null}}
TpTrace Verbose: 0 : 16308, 9, 2023/02/17, 23:54:02.949, 2426365536115, vstest.console.dll, TestRunRequest:SendTestRunMessage: Starting.
TpTrace Information: 0 : 16308, 9, 2023/02/17, 23:54:02.950, 2426365540758, vstest.console.dll, TestRunRequest:SendTestRunMessage: Completed.
TpTrace Verbose: 0 : 16308, 9, 2023/02/17, 23:54:02.950, 2426365542946, vstest.console.dll, TcpClientExtensions.MessageLoopAsync: Polling on remoteEndPoint: 127.0.0.1:60472 localEndPoint: 127.0.0.1:60470
TpTrace Verbose: 0 : 16308, 9, 2023/02/17, 23:54:03.961, 2426375651517, vstest.console.dll, TcpClientExtensions.MessageLoopAsync: Polling on remoteEndPoint: 127.0.0.1:60472 localEndPoint: 127.0.0.1:60470
TpTrace Verbose: 0 : 16308, 9, 2023/02/17, 23:54:04.537, 2426381419941, vstest.console.dll, TcpClientExtensions.MessageLoopAsync: NotifyDataAvailable remoteEndPoint: 127.0.0.1:60472 localEndPoint: 127.0.0.1:60470
TpTrace Verbose: 0 : 16308, 9, 2023/02/17, 23:54:04.538, 2426381424356, vstest.console.dll, TestRequestSender.OnExecutionMessageReceived: Received message: {"Version":2,"MessageType":"TestSession.Message","Payload":{"MessageLevel":0,"Message":"NUnit Adapter 3.16.1.0: Test execution started"}}
TpTrace Verbose: 0 : 16308, 9, 2023/02/17, 23:54:04.539, 2426381435888, vstest.console.dll, TestRunRequest:SendTestRunMessage: Starting.
TpTrace Information: 0 : 16308, 9, 2023/02/17, 23:54:04.539, 2426381439417, vstest.console.dll, TestRunRequest:SendTestRunMessage: Completed.
TpTrace Verbose: 0 : 16308, 9, 2023/02/17, 23:54:04.540, 2426381441659, vstest.console.dll, TcpClientExtensions.MessageLoopAsync: Polling on remoteEndPoint: 127.0.0.1:60472 localEndPoint: 127.0.0.1:60470
TpTrace Verbose: 0 : 16308, 9, 2023/02/17, 23:54:04.591, 2426381955317, vstest.console.dll, TcpClientExtensions.MessageLoopAsync: NotifyDataAvailable remoteEndPoint: 127.0.0.1:60472 localEndPoint: 127.0.0.1:60470
TpTrace Verbose: 0 : 16308, 9, 2023/02/17, 23:54:04.591, 2426381959756, vstest.console.dll, TestRequestSender.OnExecutionMessageReceived: Received message: {"Version":2,"MessageType":"TestSession.Message","Payload":{"MessageLevel":0,"Message":"Running all tests in C:\\Users\\MonPC\\source\\repos\\allopromo\\allopromo.Infrastructures.UnitTest\\bin\\Release\\netcoreapp3.1\\fine-code-coverage\\build-output\\allopromo.Infrastructure.UnitTests.dll"}}
TpTrace Verbose: 0 : 16308, 9, 2023/02/17, 23:54:04.592, 2426381967722, vstest.console.dll, TestRunRequest:SendTestRunMessage: Starting.
TpTrace Information: 0 : 16308, 9, 2023/02/17, 23:54:04.593, 2426381971596, vstest.console.dll, TestRunRequest:SendTestRunMessage: Completed.
TpTrace Verbose: 0 : 16308, 9, 2023/02/17, 23:54:04.593, 2426381973779, vstest.console.dll, TcpClientExtensions.MessageLoopAsync: Polling on remoteEndPoint: 127.0.0.1:60472 localEndPoint: 127.0.0.1:60470
TpTrace Verbose: 0 : 16308, 9, 2023/02/17, 23:54:05.595, 2426391993486, vstest.console.dll, TcpClientExtensions.MessageLoopAsync: Polling on remoteEndPoint: 127.0.0.1:60472 localEndPoint: 127.0.0.1:60470
TpTrace Verbose: 0 : 16308, 9, 2023/02/17, 23:54:05.841, 2426394454051, vstest.console.dll, TcpClientExtensions.MessageLoopAsync: NotifyDataAvailable remoteEndPoint: 127.0.0.1:60472 localEndPoint: 127.0.0.1:60470
TpTrace Verbose: 0 : 16308, 9, 2023/02/17, 23:54:05.841, 2426394458297, vstest.console.dll, TestRequestSender.OnExecutionMessageReceived: Received message: {"Version":2,"MessageType":"TestSession.Message","Payload":{"MessageLevel":0,"Message":"   NUnit3TestExecutor converted 4 of 4 NUnit test cases"}}
TpTrace Verbose: 0 : 16308, 9, 2023/02/17, 23:54:05.842, 2426394464766, vstest.console.dll, TestRunRequest:SendTestRunMessage: Starting.
TpTrace Information: 0 : 16308, 9, 2023/02/17, 23:54:05.842, 2426394468158, vstest.console.dll, TestRunRequest:SendTestRunMessage: Completed.
TpTrace Verbose: 0 : 16308, 9, 2023/02/17, 23:54:05.843, 2426394470240, vstest.console.dll, TcpClientExtensions.MessageLoopAsync: Polling on remoteEndPoint: 127.0.0.1:60472 localEndPoint: 127.0.0.1:60470
TpTrace Verbose: 0 : 16308, 9, 2023/02/17, 23:54:06.283, 2426398877284, vstest.console.dll, TcpClientExtensions.MessageLoopAsync: NotifyDataAvailable remoteEndPoint: 127.0.0.1:60472 localEndPoint: 127.0.0.1:60470
TpTrace Verbose: 0 : 16308, 9, 2023/02/17, 23:54:06.284, 2426398882782, vstest.console.dll, TestRequestSender.OnExecutionMessageReceived: Received message: {"Version":2,"MessageType":"TestExecution.StatsChange","Payload":{"NewTestResults":[],"TestRunStatistics":{"ExecutedTests":0,"Stats":{}},"ActiveTests":[{"Id":"4d13d848-f15e-0b43-2635-9573cdfc9368","FullyQualifiedName":"allopromo.Infrastructure.UnitTests.Data.TRepositoryTests.Add_TEntity_DEVRAIT_RetournerTEntityCrees","DisplayName":"Add_TEntity_DEVRAIT_RetournerTEntityCrees","ExecutorUri":"executor://NUnit3TestExecutor","Source":"C:\\Users\\MonPC\\source\\repos\\allopromo\\allopromo.Infrastructures.UnitTest\\bin\\Release\\netcoreapp3.1\\fine-code-coverage\\build-output\\allopromo.Infrastructure.UnitTests.dll","CodeFilePath":null,"LineNumber":0,"Properties":[]}]}}
TpTrace Verbose: 0 : 16308, 9, 2023/02/17, 23:54:06.395, 2426399999820, vstest.console.dll, TestRunRequest:SendTestRunStatsChange: Starting.
TpTrace Verbose: 0 : 16308, 9, 2023/02/17, 23:54:06.396, 2426400005073, vstest.console.dll, InProgress is Add_TEntity_DEVRAIT_RetournerTEntityCrees
TpTrace Information: 0 : 16308, 9, 2023/02/17, 23:54:06.396, 2426400009213, vstest.console.dll, TestRunRequest:SendTestRunStatsChange: Completed.
TpTrace Verbose: 0 : 16308, 9, 2023/02/17, 23:54:06.397, 2426400011713, vstest.console.dll, TcpClientExtensions.MessageLoopAsync: Polling on remoteEndPoint: 127.0.0.1:60472 localEndPoint: 127.0.0.1:60470
TpTrace Verbose: 0 : 16308, 9, 2023/02/17, 23:54:07.398, 2426410022517, vstest.console.dll, TcpClientExtensions.MessageLoopAsync: Polling on remoteEndPoint: 127.0.0.1:60472 localEndPoint: 127.0.0.1:60470
TpTrace Verbose: 0 : 16308, 9, 2023/02/17, 23:54:08.265, 2426418698743, vstest.console.dll, TcpClientExtensions.MessageLoopAsync: NotifyDataAvailable remoteEndPoint: 127.0.0.1:60472 localEndPoint: 127.0.0.1:60470
TpTrace Verbose: 0 : 16308, 9, 2023/02/17, 23:54:08.266, 2426418708127, vstest.console.dll, TestRequestSender.OnExecutionMessageReceived: Received message: {"Version":2,"MessageType":"TestExecution.StatsChange","Payload":{"NewTestResults":[{"TestCase":{"Id":"4d13d848-f15e-0b43-2635-9573cdfc9368","FullyQualifiedName":"allopromo.Infrastructure.UnitTests.Data.TRepositoryTests.Add_TEntity_DEVRAIT_RetournerTEntityCrees","DisplayName":"Add_TEntity_DEVRAIT_RetournerTEntityCrees","ExecutorUri":"executor://NUnit3TestExecutor","Source":"C:\\Users\\MonPC\\source\\repos\\allopromo\\allopromo.Infrastructures.UnitTest\\bin\\Release\\netcoreapp3.1\\fine-code-coverage\\build-output\\allopromo.Infrastructure.UnitTests.dll","CodeFilePath":null,"LineNumber":0,"Properties":[]},"Attachments":[],"Outcome":1,"ErrorMessage":null,"ErrorStackTrace":null,"DisplayName":"Add_TEntity_DEVRAIT_RetournerTEntityCrees","Messages":[],"ComputerName":"DESKTOP-51CUQQV","Duration":"00:00:01.9721630","StartTime":"2023-02-18T04:54:06.1334699+00:00","EndTime":"2023-02-18T04:54:08.1051978+00:00","Properties":[]}],"TestRunStatistics":{"ExecutedTests":1,"Stats":{"Passed":1}},"ActiveTests":[{"Id":"a79f9270-0c47-3e86-6d05-538d646e019e","FullyQualifiedName":"allopromo.Infrastructure.UnitTests.Data.TRepositoryTests.Delete_TYPE_DEVRAIT_SUPPRIMER","DisplayName":"Delete_TYPE_DEVRAIT_SUPPRIMER","ExecutorUri":"executor://NUnit3TestExecutor","Source":"C:\\Users\\MonPC\\source\\repos\\allopromo\\allopromo.Infrastructures.UnitTest\\bin\\Release\\netcoreapp3.1\\fine-code-coverage\\build-output\\allopromo.Infrastructure.UnitTests.dll","CodeFilePath":null,"LineNumber":0,"Properties":[]}]}}
TpTrace Verbose: 0 : 16308, 9, 2023/02/17, 23:54:08.306, 2426419109727, vstest.console.dll, TestRunRequest:SendTestRunStatsChange: Starting.
TpTrace Verbose: 0 : 16308, 9, 2023/02/17, 23:54:08.307, 2426419113877, vstest.console.dll, InProgress is Delete_TYPE_DEVRAIT_SUPPRIMER
TpTrace Information: 0 : 16308, 9, 2023/02/17, 23:54:08.308, 2426419120710, vstest.console.dll, TestRunRequest:SendTestRunStatsChange: Completed.
TpTrace Verbose: 0 : 16308, 9, 2023/02/17, 23:54:08.308, 2426419123565, vstest.console.dll, TcpClientExtensions.MessageLoopAsync: Polling on remoteEndPoint: 127.0.0.1:60472 localEndPoint: 127.0.0.1:60470
TpTrace Verbose: 0 : 16308, 9, 2023/02/17, 23:54:08.318, 2426419227387, vstest.console.dll, TcpClientExtensions.MessageLoopAsync: NotifyDataAvailable remoteEndPoint: 127.0.0.1:60472 localEndPoint: 127.0.0.1:60470
TpTrace Verbose: 0 : 16308, 9, 2023/02/17, 23:54:08.319, 2426419233507, vstest.console.dll, TestRequestSender.OnExecutionMessageReceived: Received message: {"Version":2,"MessageType":"TestSession.Message","Payload":{"MessageLevel":0,"Message":"NUnit Adapter 3.16.1.0: Test execution complete"}}
TpTrace Verbose: 0 : 16308, 9, 2023/02/17, 23:54:08.320, 2426419240460, vstest.console.dll, TestRunRequest:SendTestRunMessage: Starting.
TpTrace Information: 0 : 16308, 9, 2023/02/17, 23:54:08.320, 2426419244207, vstest.console.dll, TestRunRequest:SendTestRunMessage: Completed.
TpTrace Verbose: 0 : 16308, 9, 2023/02/17, 23:54:08.320, 2426419246309, vstest.console.dll, TcpClientExtensions.MessageLoopAsync: Polling on remoteEndPoint: 127.0.0.1:60472 localEndPoint: 127.0.0.1:60470
TpTrace Verbose: 0 : 16308, 9, 2023/02/17, 23:54:08.421, 2426420258781, vstest.console.dll, TcpClientExtensions.MessageLoopAsync: NotifyDataAvailable remoteEndPoint: 127.0.0.1:60472 localEndPoint: 127.0.0.1:60470
TpTrace Verbose: 0 : 16308, 9, 2023/02/17, 23:54:08.422, 2426420266363, vstest.console.dll, TestRequestSender.OnExecutionMessageReceived: Received message: {"Version":2,"MessageType":"TestExecution.Completed","Payload":{"TestRunCompleteArgs":{"TestRunStatistics":{"ExecutedTests":4,"Stats":{"Passed":4}},"IsCanceled":false,"IsAborted":false,"Error":null,"AttachmentSets":[],"ElapsedTimeInRunningTests":"00:00:03.9581960","Metrics":{}},"LastRunTests":{"NewTestResults":[{"TestCase":{"Id":"a79f9270-0c47-3e86-6d05-538d646e019e","FullyQualifiedName":"allopromo.Infrastructure.UnitTests.Data.TRepositoryTests.Delete_TYPE_DEVRAIT_SUPPRIMER","DisplayName":"Delete_TYPE_DEVRAIT_SUPPRIMER","ExecutorUri":"executor://NUnit3TestExecutor","Source":"C:\\Users\\MonPC\\source\\repos\\allopromo\\allopromo.Infrastructures.UnitTest\\bin\\Release\\netcoreapp3.1\\fine-code-coverage\\build-output\\allopromo.Infrastructure.UnitTests.dll","CodeFilePath":null,"LineNumber":0,"Properties":[]},"Attachments":[],"Outcome":1,"ErrorMessage":null,"ErrorStackTrace":null,"DisplayName":"Delete_TYPE_DEVRAIT_SUPPRIMER","Messages":[],"ComputerName":"DESKTOP-51CUQQV","Duration":"00:00:00.0082480","StartTime":"2023-02-18T04:54:08.1190014+00:00","EndTime":"2023-02-18T04:54:08.1272418+00:00","Properties":[]},{"TestCase":{"Id":"d32db0d5-efb5-d79c-8ac2-cc60d0c65c1f","FullyQualifiedName":"allopromo.Infrastructure.UnitTests.Data.TRepositoryTests.GetByIdAsync_DEVRAIT_ReturnerObjet","DisplayName":"GetByIdAsync_DEVRAIT_ReturnerObjet","ExecutorUri":"executor://NUnit3TestExecutor","Source":"C:\\Users\\MonPC\\source\\repos\\allopromo\\allopromo.Infrastructures.UnitTest\\bin\\Release\\netcoreapp3.1\\fine-code-coverage\\build-output\\allopromo.Infrastructure.UnitTests.dll","CodeFilePath":null,"LineNumber":0,"Properties":[]},"Attachments":[],"Outcome":1,"ErrorMessage":null,"ErrorStackTrace":null,"DisplayName":"GetByIdAsync_DEVRAIT_ReturnerObjet","Messages":[],"ComputerName":"DESKTOP-51CUQQV","Duration":"00:00:00.0010620","StartTime":"2023-02-18T04:54:08.1286874+00:00","EndTime":"2023-02-18T04:54:08.129747+00:00","Properties":[]},{"TestCase":{"Id":"e38e82d3-ddc3-cc33-b938-148f09953a48","FullyQualifiedName":"allopromo.Infrastructure.UnitTests.Data.TRepositoryTests.UpDate_TYPE_DEVRAIT_ENREGISTRER","DisplayName":"UpDate_TYPE_DEVRAIT_ENREGISTRER","ExecutorUri":"executor://NUnit3TestExecutor","Source":"C:\\Users\\MonPC\\source\\repos\\allopromo\\allopromo.Infrastructures.UnitTest\\bin\\Release\\netcoreapp3.1\\fine-code-coverage\\build-output\\allopromo.Infrastructure.UnitTests.dll","CodeFilePath":null,"LineNumber":0,"Properties":[]},"Attachments":[],"Outcome":1,"ErrorMessage":null,"ErrorStackTrace":null,"DisplayName":"UpDate_TYPE_DEVRAIT_ENREGISTRER","Messages":[],"ComputerName":"DESKTOP-51CUQQV","Duration":"00:00:00.0480929","StartTime":"2023-02-18T04:54:08.1303479+00:00","EndTime":"2023-02-18T04:54:08.178442+00:00","Properties":[]}],"TestRunStatistics":{"ExecutedTests":4,"Stats":{"Passed":4}},"ActiveTests":[]},"RunAttachments":[],"ExecutorUris":["executor://nunit3testexecutor/"]}}
TpTrace Verbose: 0 : 16308, 9, 2023/02/17, 23:54:08.426, 2426420303964, vstest.console.dll, TestRequestSender.EndSession: Sending end session.
TpTrace Verbose: 0 : 16308, 9, 2023/02/17, 23:54:08.426, 2426420309288, vstest.console.dll, ProxyOperationManager.Close: waiting for test host to exit for 100 ms
TpTrace Warning: 0 : 16308, 4, 2023/02/17, 23:54:08.532, 2426421367335, vstest.console.dll, TestHostManagerCallbacks.ErrorReceivedCallback Test host standard error line: 
TpTrace Warning: 0 : 16308, 9, 2023/02/17, 23:54:08.566, 2426421709278, vstest.console.dll, ProxyOperationManager: Timed out waiting for test host to exit. Will terminate process.
TpTrace Verbose: 0 : 16308, 11, 2023/02/17, 23:54:08.570, 2426421746574, vstest.console.dll, TestHostProvider.ExitCallBack: Host exited starting callback.
TpTrace Information: 0 : 16308, 11, 2023/02/17, 23:54:08.571, 2426421750358, vstest.console.dll, TestHostManagerCallbacks.ExitCallBack: Testhost processId: 15584 exited with exitcode: 0 error: ''
TpTrace Verbose: 0 : 16308, 11, 2023/02/17, 23:54:08.571, 2426421752728, vstest.console.dll, DotnetTestHostManager.OnHostExited: invoking OnHostExited callback
TpTrace Verbose: 0 : 16308, 11, 2023/02/17, 23:54:08.571, 2426421755158, vstest.console.dll, CrossPlatEngine.TestHostManagerHostExited: calling on client process exit callback.
TpTrace Information: 0 : 16308, 11, 2023/02/17, 23:54:08.571, 2426421757884, vstest.console.dll, TestRequestSender.OnClientProcessExit: Test host process exited. Standard error: 
TpTrace Information: 0 : 16308, 11, 2023/02/17, 23:54:08.572, 2426421760493, vstest.console.dll, SocketServer.Stop: Stop server endPoint: 127.0.0.1:60470
TpTrace Information: 0 : 16308, 11, 2023/02/17, 23:54:08.572, 2426421767226, vstest.console.dll, SocketServer.Stop: Cancellation requested. Stopping message loop.
TpTrace Verbose: 0 : 16308, 9, 2023/02/17, 23:54:08.576, 2426421806481, vstest.console.dll, ProxyDataCollectionManager.InvokeDataCollectionServiceAction: Starting.
TpTrace Information: 0 : 16308, 9, 2023/02/17, 23:54:08.577, 2426421815285, vstest.console.dll, ProxyDataCollectionManager.AfterTestRunEnd: Get attachment set for datacollector processId: 12312 port: 60463
TpTrace Verbose: 0 : 16308, 9, 2023/02/17, 23:54:08.577, 2426421818571, vstest.console.dll, DataCollectionRequestSender.SendAfterTestRunStartAndGetResult : Send AfterTestRunEnd message with isCancelled: False
TpTrace Verbose: 0 : 16308, 9, 2023/02/17, 23:54:08.584, 2426421887562, vstest.console.dll, DataCollectionRequestSender.SendAfterTestRunStartAndGetResult : Received message: (DataCollection.AfterTestRunEndResult) -> []
TpTrace Information: 0 : 16308, 9, 2023/02/17, 23:54:08.588, 2426421927398, vstest.console.dll, ProxyDataCollectionManager.InvokeDataCollectionServiceAction: Completed.
TpTrace Warning: 0 : 16308, 6, 2023/02/17, 23:54:08.627, 2426422317609, vstest.console.dll, DataCollectionLauncher.ErrorReceivedCallback datacollector standard error line: 
TpTrace Information: 0 : 16308, 11, 2023/02/17, 23:54:08.653, 2426422573098, vstest.console.dll, DataCollectionLauncher.ExitCallBack: Data collector exited with exitcode: 0 error: ''
TpTrace Verbose: 0 : 16308, 9, 2023/02/17, 23:54:08.696, 2426423007325, vstest.console.dll, TestRunRequest:SendTestRunStatsChange: Starting.
TpTrace Information: 0 : 16308, 9, 2023/02/17, 23:54:08.697, 2426423010983, vstest.console.dll, TestRunRequest:SendTestRunStatsChange: Completed.
TpTrace Verbose: 0 : 16308, 9, 2023/02/17, 23:54:08.697, 2426423019940, vstest.console.dll, ParallelProxyExecutionManager: HandlePartialRunComplete: Total completed clients = 1, Run complete = True, Run canceled: False.
TpTrace Verbose: 0 : 16308, 9, 2023/02/17, 23:54:08.785, 2426423895110, vstest.console.dll, TestRunRequest:TestRunComplete: Starting. IsAborted:False IsCanceled:False.
TpTrace Verbose: 0 : 16308, 9, 2023/02/17, 23:54:08.786, 2426423901003, vstest.console.dll, TestLoggerManager.HandleTestRunComplete: Ignoring as the object is disposed.
TpTrace Information: 0 : 16308, 9, 2023/02/17, 23:54:08.787, 2426423914858, vstest.console.dll, TestRunRequest:TestRunComplete: Completed.
TpTrace Verbose: 0 : 16308, 1, 2023/02/17, 23:54:08.787, 2426423915183, vstest.console.dll, TestRunRequest.Dispose: Starting.
TpTrace Verbose: 0 : 16308, 9, 2023/02/17, 23:54:08.787, 2426423918044, vstest.console.dll, TestRequestSender.SetOperationComplete: Setting operation complete.
TpTrace Information: 0 : 16308, 1, 2023/02/17, 23:54:08.788, 2426423921479, vstest.console.dll, TestRunRequest.Dispose: Completed.
TpTrace Information: 0 : 16308, 9, 2023/02/17, 23:54:08.788, 2426423923898, vstest.console.dll, SocketServer.Stop: Stop server endPoint: 127.0.0.1:60470
TpTrace Information: 0 : 16308, 1, 2023/02/17, 23:54:08.788, 2426423926014, vstest.console.dll, TestRequestManager.RunTests: run tests completed.
TpTrace Information: 0 : 16308, 9, 2023/02/17, 23:54:08.788, 2426423927102, vstest.console.dll, SocketServer.Stop: Cancellation requested. Stopping message loop.
TpTrace Information: 0 : 16308, 1, 2023/02/17, 23:54:08.789, 2426423930534, vstest.console.dll, RunTestsArgumentProcessor:Execute: Test run is completed.
TpTrace Information: 0 : 16308, 9, 2023/02/17, 23:54:08.789, 2426423930731, vstest.console.dll, SocketServer.PrivateStop: Stop server endPoint: 127.0.0.1:60470 error: 
TpTrace Verbose: 0 : 16308, 1, 2023/02/17, 23:54:08.789, 2426423933034, vstest.console.dll, Executor.Execute: Exiting with exit code of 0
TpTrace Verbose: 0 : 16308, 9, 2023/02/17, 23:54:08.791, 2426423956902, vstest.console.dll, LengthPrefixCommunicationChannel.Dispose: Dispose reader and writer.
