TpTrace Verbose: 0 : 6540, 1, 2023/01/21, 19:11:05.735, 8604400830236, vstest.console.dll, Version: 16.8.3
TpTrace Information: 0 : 6540, 1, 2023/01/21, 19:11:05.776, 8604401149846, vstest.console.dll, FilePatternParser: The given file C:\Users\MonPC\source\repos\allopromo\allopromo.Core.UnitTests\bin\Release\netcoreapp3.1\fine-code-coverage\build-output\allopromo.Core.UnitTests.dll is a full path.
TpTrace Verbose: 0 : 6540, 1, 2023/01/21, 19:11:05.799, 8604401375337, vstest.console.dll, TestPluginCache.DiscoverTestExtensions: finding test extensions in assemblies ends with: RuntimeProvider.dll TPluginInfo: Microsoft.VisualStudio.TestPlatform.Common.ExtensionFramework.Utilities.TestRuntimePluginInformation TExtension: Microsoft.VisualStudio.TestPlatform.ObjectModel.Host.ITestRuntimeProvider
TpTrace Verbose: 0 : 6540, 1, 2023/01/21, 19:11:05.801, 8604401396513, vstest.console.dll, TestPluginCache.GetExtensionPaths: Filtered extension paths: 
TpTrace Verbose: 0 : 6540, 1, 2023/01/21, 19:11:05.802, 8604401400207, vstest.console.dll, TestPluginCache.GetExtensionPaths: Added default extension paths: C:\Program Files\dotnet\sdk\5.0.103\Extensions\Microsoft.Diagnostics.NETCore.Client.dll
C:\Program Files\dotnet\sdk\5.0.103\Extensions\Microsoft.TestPlatform.Extensions.BlameDataCollector.dll
C:\Program Files\dotnet\sdk\5.0.103\Extensions\Microsoft.TestPlatform.Extensions.EventLogCollector.dll
C:\Program Files\dotnet\sdk\5.0.103\Extensions\Microsoft.TestPlatform.TestHostRuntimeProvider.dll
C:\Program Files\dotnet\sdk\5.0.103\Extensions\Microsoft.VisualStudio.TestPlatform.Extensions.Html.TestLogger.dll
C:\Program Files\dotnet\sdk\5.0.103\Extensions\Microsoft.VisualStudio.TestPlatform.Extensions.Trx.TestLogger.dll
TpTrace Verbose: 0 : 6540, 1, 2023/01/21, 19:11:05.802, 8604401401803, vstest.console.dll, TestPluginCache.GetExtensionPaths: Added unfilterableExtensionPaths: 
TpTrace Information: 0 : 6540, 1, 2023/01/21, 19:11:05.805, 8604401430693, vstest.console.dll, AssemblyResolver.ctor: Creating AssemblyResolver with searchDirectories C:\Program Files\dotnet\sdk\5.0.103\Extensions,C:\Program Files\dotnet\sdk\5.0.103
TpTrace Verbose: 0 : 6540, 1, 2023/01/21, 19:11:05.807, 8604401458627, vstest.console.dll, TestPluginCache.DiscoverTestExtensions: Discovering the extensions using extension path.
TpTrace Verbose: 0 : 6540, 1, 2023/01/21, 19:11:05.808, 8604401463118, vstest.console.dll, TestPluginCache.GetExtensionPaths: Filtered extension paths: 
TpTrace Verbose: 0 : 6540, 1, 2023/01/21, 19:11:05.808, 8604401464687, vstest.console.dll, TestPluginCache.GetExtensionPaths: Added default extension paths: C:\Program Files\dotnet\sdk\5.0.103\Extensions\Microsoft.Diagnostics.NETCore.Client.dll
C:\Program Files\dotnet\sdk\5.0.103\Extensions\Microsoft.TestPlatform.Extensions.BlameDataCollector.dll
C:\Program Files\dotnet\sdk\5.0.103\Extensions\Microsoft.TestPlatform.Extensions.EventLogCollector.dll
C:\Program Files\dotnet\sdk\5.0.103\Extensions\Microsoft.TestPlatform.TestHostRuntimeProvider.dll
C:\Program Files\dotnet\sdk\5.0.103\Extensions\Microsoft.VisualStudio.TestPlatform.Extensions.Html.TestLogger.dll
C:\Program Files\dotnet\sdk\5.0.103\Extensions\Microsoft.VisualStudio.TestPlatform.Extensions.Trx.TestLogger.dll
TpTrace Verbose: 0 : 6540, 1, 2023/01/21, 19:11:05.808, 8604401466226, vstest.console.dll, TestPluginCache.GetExtensionPaths: Added unfilterableExtensionPaths: 
TpTrace Verbose: 0 : 6540, 1, 2023/01/21, 19:11:05.808, 8604401468740, vstest.console.dll, TestPluginCache.DiscoverTestExtensions: Discovering the extensions using allExtensionPaths: C:\Program Files\dotnet\sdk\5.0.103\Extensions\Microsoft.Diagnostics.NETCore.Client.dll
C:\Program Files\dotnet\sdk\5.0.103\Extensions\Microsoft.TestPlatform.Extensions.BlameDataCollector.dll
C:\Program Files\dotnet\sdk\5.0.103\Extensions\Microsoft.TestPlatform.Extensions.EventLogCollector.dll
C:\Program Files\dotnet\sdk\5.0.103\Extensions\Microsoft.TestPlatform.TestHostRuntimeProvider.dll
C:\Program Files\dotnet\sdk\5.0.103\Extensions\Microsoft.VisualStudio.TestPlatform.Extensions.Html.TestLogger.dll
C:\Program Files\dotnet\sdk\5.0.103\Extensions\Microsoft.VisualStudio.TestPlatform.Extensions.Trx.TestLogger.dll
TpTrace Information: 0 : 6540, 1, 2023/01/21, 19:11:05.809, 8604401472570, vstest.console.dll, AssemblyResolver.AddSearchDirectories: Adding more searchDirectories C:\Program Files\dotnet\sdk\5.0.103\Extensions,C:\Program Files\dotnet\sdk\5.0.103
TpTrace Information: 0 : 6540, 1, 2023/01/21, 19:11:05.809, 8604401474927, vstest.console.dll, AssemblyResolver.AddSearchDirectories: Adding more searchDirectories C:\Program Files\dotnet\sdk\5.0.103\Extensions,C:\Program Files\dotnet\sdk\5.0.103
TpTrace Information: 0 : 6540, 1, 2023/01/21, 19:11:05.809, 8604401476639, vstest.console.dll, AssemblyResolver.AddSearchDirectories: Adding more searchDirectories C:\Program Files\dotnet\sdk\5.0.103\Extensions,C:\Program Files\dotnet\sdk\5.0.103
TpTrace Information: 0 : 6540, 1, 2023/01/21, 19:11:05.809, 8604401478057, vstest.console.dll, AssemblyResolver.AddSearchDirectories: Adding more searchDirectories C:\Program Files\dotnet\sdk\5.0.103\Extensions,C:\Program Files\dotnet\sdk\5.0.103
TpTrace Information: 0 : 6540, 1, 2023/01/21, 19:11:05.809, 8604401479472, vstest.console.dll, AssemblyResolver.AddSearchDirectories: Adding more searchDirectories C:\Program Files\dotnet\sdk\5.0.103\Extensions,C:\Program Files\dotnet\sdk\5.0.103
TpTrace Information: 0 : 6540, 1, 2023/01/21, 19:11:05.810, 8604401480908, vstest.console.dll, AssemblyResolver.AddSearchDirectories: Adding more searchDirectories C:\Program Files\dotnet\sdk\5.0.103\Extensions,C:\Program Files\dotnet\sdk\5.0.103
TpTrace Information: 0 : 6540, 1, 2023/01/21, 19:11:05.811, 8604401495318, vstest.console.dll, AssemblyResolver.OnResolve: Microsoft.Diagnostics.NETCore.Client: Resolving assembly.
TpTrace Information: 0 : 6540, 1, 2023/01/21, 19:11:05.814, 8604401529091, vstest.console.dll, AssemblyResolver.OnResolve: Resolved assembly: Microsoft.Diagnostics.NETCore.Client, from path: C:\Program Files\dotnet\sdk\5.0.103\Extensions\Microsoft.Diagnostics.NETCore.Client.dll
TpTrace Information: 0 : 6540, 1, 2023/01/21, 19:11:05.822, 8604401604072, vstest.console.dll, AssemblyResolver.OnResolve: Microsoft.Bcl.AsyncInterfaces: Resolving assembly.
TpTrace Information: 0 : 6540, 1, 2023/01/21, 19:11:05.823, 8604401610734, vstest.console.dll, AssemblyResolver.OnResolve: Microsoft.Bcl.AsyncInterfaces: Failed to load assembly.
TpTrace Verbose: 0 : 6540, 1, 2023/01/21, 19:11:05.823, 8604401612628, vstest.console.dll, CurrentDomain_AssemblyResolve: Resolving assembly 'Microsoft.Bcl.AsyncInterfaces'.
TpTrace Information: 0 : 6540, 1, 2023/01/21, 19:11:05.823, 8604401615024, vstest.console.dll, AssemblyResolver.OnResolve: Microsoft.Bcl.AsyncInterfaces: Resolving assembly.
TpTrace Information: 0 : 6540, 1, 2023/01/21, 19:11:05.823, 8604401616694, vstest.console.dll, AssemblyResolver.OnResolve: Microsoft.Bcl.AsyncInterfaces: Resolved from cache.
TpTrace Verbose: 0 : 6540, 1, 2023/01/21, 19:11:05.823, 8604401618128, vstest.console.dll, CurrentDomain_AssemblyResolve: Resolving assembly 'Microsoft.Bcl.AsyncInterfaces'.
TpTrace Verbose: 0 : 6540, 1, 2023/01/21, 19:11:05.823, 8604401619797, vstest.console.dll, CurrentDomainAssemblyResolve: Failed to resolve assembly 'Microsoft.Bcl.AsyncInterfaces'.
TpTrace Verbose: 0 : 6540, 1, 2023/01/21, 19:11:05.826, 8604401642626, vstest.console.dll, CurrentDomainAssemblyResolve: Failed to resolve assembly 'Microsoft.Bcl.AsyncInterfaces'.
TpTrace Warning: 0 : 6540, 1, 2023/01/21, 19:11:05.877, 8604402154846, vstest.console.dll, TestPluginDiscoverer: Failed to get types from assembly 'Microsoft.Diagnostics.NETCore.Client, Version=0.2.2.41902, Culture=neutral, PublicKeyToken=31bf3856ad364e35'.  Skipping test extension scan for this assembly.  Error: System.Reflection.ReflectionTypeLoadException: Unable to load one or more of the requested types.
Could not load file or assembly 'Microsoft.Bcl.AsyncInterfaces, Version=1.0.0.0, Culture=neutral, PublicKeyToken=cc7b13ffcd2ddd51'. The system cannot find the file specified.
   at System.Reflection.RuntimeModule.GetTypes(RuntimeModule module)
   at System.Reflection.RuntimeModule.GetTypes()
   at System.Reflection.Assembly.GetTypes()
   at Microsoft.VisualStudio.TestPlatform.Common.ExtensionFramework.TestPluginDiscoverer.GetTestExtensionsFromAssembly[TPluginInfo,TExtension](Assembly assembly, Dictionary`2 pluginInfos)
System.IO.FileNotFoundException: Could not load file or assembly 'Microsoft.Bcl.AsyncInterfaces, Version=1.0.0.0, Culture=neutral, PublicKeyToken=cc7b13ffcd2ddd51'. The system cannot find the file specified.
File name: 'Microsoft.Bcl.AsyncInterfaces, Version=1.0.0.0, Culture=neutral, PublicKeyToken=cc7b13ffcd2ddd51'
TpTrace Warning: 0 : 6540, 1, 2023/01/21, 19:11:05.877, 8604402158878, vstest.console.dll, LoaderExceptions: System.IO.FileNotFoundException: Could not load file or assembly 'Microsoft.Bcl.AsyncInterfaces, Version=1.0.0.0, Culture=neutral, PublicKeyToken=cc7b13ffcd2ddd51'. The system cannot find the file specified.
File name: 'Microsoft.Bcl.AsyncInterfaces, Version=1.0.0.0, Culture=neutral, PublicKeyToken=cc7b13ffcd2ddd51'
TpTrace Information: 0 : 6540, 1, 2023/01/21, 19:11:05.878, 8604402163365, vstest.console.dll, AssemblyResolver.OnResolve: Microsoft.TestPlatform.Extensions.BlameDataCollector: Resolving assembly.
TpTrace Information: 0 : 6540, 1, 2023/01/21, 19:11:05.880, 8604402185733, vstest.console.dll, AssemblyResolver.OnResolve: Resolved assembly: Microsoft.TestPlatform.Extensions.BlameDataCollector, from path: C:\Program Files\dotnet\sdk\5.0.103\Extensions\Microsoft.TestPlatform.Extensions.BlameDataCollector.dll
TpTrace Information: 0 : 6540, 1, 2023/01/21, 19:11:05.883, 8604402215215, vstest.console.dll, AssemblyResolver.OnResolve: Microsoft.TestPlatform.Extensions.EventLogCollector: Resolving assembly.
TpTrace Information: 0 : 6540, 1, 2023/01/21, 19:11:05.885, 8604402232413, vstest.console.dll, AssemblyResolver.OnResolve: Resolved assembly: Microsoft.TestPlatform.Extensions.EventLogCollector, from path: C:\Program Files\dotnet\sdk\5.0.103\Extensions\Microsoft.TestPlatform.Extensions.EventLogCollector.dll
TpTrace Information: 0 : 6540, 1, 2023/01/21, 19:11:05.889, 8604402277728, vstest.console.dll, AssemblyResolver.OnResolve: Microsoft.TestPlatform.TestHostRuntimeProvider: Resolving assembly.
TpTrace Information: 0 : 6540, 1, 2023/01/21, 19:11:05.891, 8604402296008, vstest.console.dll, AssemblyResolver.OnResolve: Resolved assembly: Microsoft.TestPlatform.TestHostRuntimeProvider, from path: C:\Program Files\dotnet\sdk\5.0.103\Extensions\Microsoft.TestPlatform.TestHostRuntimeProvider.dll
TpTrace Information: 0 : 6540, 1, 2023/01/21, 19:11:05.896, 8604402345382, vstest.console.dll, AssemblyResolver.OnResolve: Microsoft.VisualStudio.TestPlatform.Extensions.Html.TestLogger: Resolving assembly.
TpTrace Information: 0 : 6540, 1, 2023/01/21, 19:11:05.898, 8604402366437, vstest.console.dll, AssemblyResolver.OnResolve: Resolved assembly: Microsoft.VisualStudio.TestPlatform.Extensions.Html.TestLogger, from path: C:\Program Files\dotnet\sdk\5.0.103\Extensions\Microsoft.VisualStudio.TestPlatform.Extensions.Html.TestLogger.dll
TpTrace Information: 0 : 6540, 1, 2023/01/21, 19:11:05.899, 8604402378951, vstest.console.dll, AssemblyResolver.OnResolve: Microsoft.VisualStudio.TestPlatform.Extensions.Trx.TestLogger: Resolving assembly.
TpTrace Information: 0 : 6540, 1, 2023/01/21, 19:11:05.902, 8604402402181, vstest.console.dll, AssemblyResolver.OnResolve: Resolved assembly: Microsoft.VisualStudio.TestPlatform.Extensions.Trx.TestLogger, from path: C:\Program Files\dotnet\sdk\5.0.103\Extensions\Microsoft.VisualStudio.TestPlatform.Extensions.Trx.TestLogger.dll
TpTrace Verbose: 0 : 6540, 1, 2023/01/21, 19:11:05.907, 8604402451181, vstest.console.dll, TestPluginCache: Discovered the extensions using extension path ''.
TpTrace Verbose: 0 : 6540, 1, 2023/01/21, 19:11:05.907, 8604402453669, vstest.console.dll, TestPluginCache: Discoverers are ''.
TpTrace Verbose: 0 : 6540, 1, 2023/01/21, 19:11:05.907, 8604402454949, vstest.console.dll, TestPluginCache: Executors are ''.
TpTrace Verbose: 0 : 6540, 1, 2023/01/21, 19:11:05.907, 8604402456406, vstest.console.dll, TestPluginCache: Executors2 are ''.
TpTrace Verbose: 0 : 6540, 1, 2023/01/21, 19:11:05.907, 8604402457777, vstest.console.dll, TestPluginCache: Setting providers are ''.
TpTrace Verbose: 0 : 6540, 1, 2023/01/21, 19:11:05.907, 8604402459286, vstest.console.dll, TestPluginCache: Loggers are ''.
TpTrace Information: 0 : 6540, 1, 2023/01/21, 19:11:05.923, 8604402614945, vstest.console.dll, RunTestsArgumentProcessor:Execute: Test run is starting.
TpTrace Verbose: 0 : 6540, 1, 2023/01/21, 19:11:05.923, 8604402617517, vstest.console.dll, RunTestsArgumentProcessor:Execute: Queuing Test run.
TpTrace Information: 0 : 6540, 1, 2023/01/21, 19:11:05.924, 8604402624893, vstest.console.dll, TestRequestManager.RunTests: run tests started.
TpTrace Information: 0 : 6540, 1, 2023/01/21, 19:11:05.947, 8604402858351, vstest.console.dll, AssemblyMetadataProvider.GetFrameWork: Determined framework:'.NETCoreApp,Version=v3.1' for source: 'C:\Users\MonPC\source\repos\allopromo\allopromo.Core.UnitTests\bin\Release\netcoreapp3.1\fine-code-coverage\build-output\allopromo.Core.UnitTests.dll'
TpTrace Information: 0 : 6540, 1, 2023/01/21, 19:11:05.948, 8604402863793, vstest.console.dll, Determined framework for all sources: .NETCoreApp,Version=v3.1
TpTrace Information: 0 : 6540, 1, 2023/01/21, 19:11:05.950, 8604402880888, vstest.console.dll, AssemblyMetadataProvider.GetArchitecture: Determined architecture:AnyCPU info for assembly: C:\Users\MonPC\source\repos\allopromo\allopromo.Core.UnitTests\bin\Release\netcoreapp3.1\fine-code-coverage\build-output\allopromo.Core.UnitTests.dll
TpTrace Information: 0 : 6540, 1, 2023/01/21, 19:11:05.955, 8604402933632, vstest.console.dll, Determined platform for all sources: X64
TpTrace Information: 0 : 6540, 1, 2023/01/21, 19:11:05.963, 8604403016345, vstest.console.dll, Compatible sources list : 
TpTrace Information: 0 : 6540, 1, 2023/01/21, 19:11:05.963, 8604403019548, vstest.console.dll, C:\Users\MonPC\source\repos\allopromo\allopromo.Core.UnitTests\bin\Release\netcoreapp3.1\fine-code-coverage\build-output\allopromo.Core.UnitTests.dll
TpTrace Information: 0 : 6540, 1, 2023/01/21, 19:11:05.971, 8604403090656, vstest.console.dll, InferRunSettingsHelper.IsTestSettingsEnabled: Unable to navigate to RunSettings/MSTest. Current node: RunSettings
TpTrace Information: 0 : 6540, 1, 2023/01/21, 19:11:05.973, 8604403118979, vstest.console.dll, AssemblyResolver.OnResolve: Microsoft.VisualStudio.TestPlatform.Fakes: Resolving assembly.
TpTrace Information: 0 : 6540, 1, 2023/01/21, 19:11:05.974, 8604403126649, vstest.console.dll, AssemblyResolver.OnResolve: Microsoft.VisualStudio.TestPlatform.Fakes: Failed to load assembly.
TpTrace Information: 0 : 6540, 1, 2023/01/21, 19:11:05.975, 8604403139565, vstest.console.dll, Failed to create newly implemented Fakes Configurator. Reason:System.IO.FileNotFoundException: Could not load file or assembly 'Microsoft.VisualStudio.TestPlatform.Fakes, Version=16.0.0.0, Culture=neutral, PublicKeyToken=null'. The system cannot find the file specified.
File name: 'Microsoft.VisualStudio.TestPlatform.Fakes, Version=16.0.0.0, Culture=neutral, PublicKeyToken=null'
   at System.Reflection.RuntimeAssembly.InternalLoad(ObjectHandleOnStack assemblyName, ObjectHandleOnStack requestingAssembly, StackCrawlMarkHandle stackMark, Boolean throwOnFileNotFound, ObjectHandleOnStack assemblyLoadContext, ObjectHandleOnStack retAssembly)
   at System.Reflection.RuntimeAssembly.InternalLoad(AssemblyName assemblyName, RuntimeAssembly requestingAssembly, StackCrawlMark& stackMark, Boolean throwOnFileNotFound, AssemblyLoadContext assemblyLoadContext)
   at System.Reflection.Assembly.Load(String assemblyString)
   at Microsoft.VisualStudio.TestPlatform.Common.Utilities.FakesUtilities.TryGetFakesCrossPlatformDataCollectorConfigurator() 
TpTrace Verbose: 0 : 6540, 1, 2023/01/21, 19:11:05.990, 8604403286797, vstest.console.dll, TestPluginCache.DiscoverTestExtensions: finding test extensions in assemblies ends with: TestLogger.dll TPluginInfo: Microsoft.VisualStudio.TestPlatform.Common.ExtensionFramework.Utilities.TestLoggerPluginInformation TExtension: Microsoft.VisualStudio.TestPlatform.ObjectModel.Client.ITestLogger
TpTrace Verbose: 0 : 6540, 1, 2023/01/21, 19:11:05.991, 8604403290716, vstest.console.dll, TestPluginCache.GetExtensionPaths: Filtered extension paths: 
TpTrace Verbose: 0 : 6540, 1, 2023/01/21, 19:11:05.991, 8604403292877, vstest.console.dll, TestPluginCache.GetExtensionPaths: Added default extension paths: C:\Program Files\dotnet\sdk\5.0.103\Extensions\Microsoft.Diagnostics.NETCore.Client.dll
C:\Program Files\dotnet\sdk\5.0.103\Extensions\Microsoft.TestPlatform.Extensions.BlameDataCollector.dll
C:\Program Files\dotnet\sdk\5.0.103\Extensions\Microsoft.TestPlatform.Extensions.EventLogCollector.dll
C:\Program Files\dotnet\sdk\5.0.103\Extensions\Microsoft.TestPlatform.TestHostRuntimeProvider.dll
C:\Program Files\dotnet\sdk\5.0.103\Extensions\Microsoft.VisualStudio.TestPlatform.Extensions.Html.TestLogger.dll
C:\Program Files\dotnet\sdk\5.0.103\Extensions\Microsoft.VisualStudio.TestPlatform.Extensions.Trx.TestLogger.dll
TpTrace Verbose: 0 : 6540, 1, 2023/01/21, 19:11:05.991, 8604403295187, vstest.console.dll, TestPluginCache.GetExtensionPaths: Added unfilterableExtensionPaths: 
TpTrace Information: 0 : 6540, 1, 2023/01/21, 19:11:05.992, 8604403301293, vstest.console.dll, AssemblyResolver.AddSearchDirectories: Adding more searchDirectories C:\Program Files\dotnet\sdk\5.0.103\Extensions,C:\Program Files\dotnet\sdk\5.0.103
TpTrace Verbose: 0 : 6540, 1, 2023/01/21, 19:11:05.992, 8604403304106, vstest.console.dll, TestPluginCache.DiscoverTestExtensions: Discovering the extensions using extension path.
TpTrace Verbose: 0 : 6540, 1, 2023/01/21, 19:11:05.992, 8604403305586, vstest.console.dll, TestPluginCache.GetExtensionPaths: Filtered extension paths: 
TpTrace Verbose: 0 : 6540, 1, 2023/01/21, 19:11:05.992, 8604403307046, vstest.console.dll, TestPluginCache.GetExtensionPaths: Added default extension paths: C:\Program Files\dotnet\sdk\5.0.103\Extensions\Microsoft.Diagnostics.NETCore.Client.dll
C:\Program Files\dotnet\sdk\5.0.103\Extensions\Microsoft.TestPlatform.Extensions.BlameDataCollector.dll
C:\Program Files\dotnet\sdk\5.0.103\Extensions\Microsoft.TestPlatform.Extensions.EventLogCollector.dll
C:\Program Files\dotnet\sdk\5.0.103\Extensions\Microsoft.TestPlatform.TestHostRuntimeProvider.dll
C:\Program Files\dotnet\sdk\5.0.103\Extensions\Microsoft.VisualStudio.TestPlatform.Extensions.Html.TestLogger.dll
C:\Program Files\dotnet\sdk\5.0.103\Extensions\Microsoft.VisualStudio.TestPlatform.Extensions.Trx.TestLogger.dll
TpTrace Verbose: 0 : 6540, 1, 2023/01/21, 19:11:05.992, 8604403308697, vstest.console.dll, TestPluginCache.GetExtensionPaths: Added unfilterableExtensionPaths: 
TpTrace Verbose: 0 : 6540, 1, 2023/01/21, 19:11:05.993, 8604403310178, vstest.console.dll, TestPluginCache.DiscoverTestExtensions: Discovering the extensions using allExtensionPaths: C:\Program Files\dotnet\sdk\5.0.103\Extensions\Microsoft.Diagnostics.NETCore.Client.dll
C:\Program Files\dotnet\sdk\5.0.103\Extensions\Microsoft.TestPlatform.Extensions.BlameDataCollector.dll
C:\Program Files\dotnet\sdk\5.0.103\Extensions\Microsoft.TestPlatform.Extensions.EventLogCollector.dll
C:\Program Files\dotnet\sdk\5.0.103\Extensions\Microsoft.TestPlatform.TestHostRuntimeProvider.dll
C:\Program Files\dotnet\sdk\5.0.103\Extensions\Microsoft.VisualStudio.TestPlatform.Extensions.Html.TestLogger.dll
C:\Program Files\dotnet\sdk\5.0.103\Extensions\Microsoft.VisualStudio.TestPlatform.Extensions.Trx.TestLogger.dll
TpTrace Information: 0 : 6540, 1, 2023/01/21, 19:11:05.993, 8604403312433, vstest.console.dll, AssemblyResolver.AddSearchDirectories: Adding more searchDirectories C:\Program Files\dotnet\sdk\5.0.103\Extensions,C:\Program Files\dotnet\sdk\5.0.103
TpTrace Information: 0 : 6540, 1, 2023/01/21, 19:11:05.993, 8604403313986, vstest.console.dll, AssemblyResolver.AddSearchDirectories: Adding more searchDirectories C:\Program Files\dotnet\sdk\5.0.103\Extensions,C:\Program Files\dotnet\sdk\5.0.103
TpTrace Information: 0 : 6540, 1, 2023/01/21, 19:11:05.993, 8604403315576, vstest.console.dll, AssemblyResolver.AddSearchDirectories: Adding more searchDirectories C:\Program Files\dotnet\sdk\5.0.103\Extensions,C:\Program Files\dotnet\sdk\5.0.103
TpTrace Information: 0 : 6540, 1, 2023/01/21, 19:11:05.993, 8604403317352, vstest.console.dll, AssemblyResolver.AddSearchDirectories: Adding more searchDirectories C:\Program Files\dotnet\sdk\5.0.103\Extensions,C:\Program Files\dotnet\sdk\5.0.103
TpTrace Information: 0 : 6540, 1, 2023/01/21, 19:11:05.993, 8604403318785, vstest.console.dll, AssemblyResolver.AddSearchDirectories: Adding more searchDirectories C:\Program Files\dotnet\sdk\5.0.103\Extensions,C:\Program Files\dotnet\sdk\5.0.103
TpTrace Information: 0 : 6540, 1, 2023/01/21, 19:11:05.994, 8604403320206, vstest.console.dll, AssemblyResolver.AddSearchDirectories: Adding more searchDirectories C:\Program Files\dotnet\sdk\5.0.103\Extensions,C:\Program Files\dotnet\sdk\5.0.103
TpTrace Information: 0 : 6540, 1, 2023/01/21, 19:11:05.994, 8604403326611, vstest.console.dll, AssemblyResolver.OnResolve: Microsoft.Bcl.AsyncInterfaces: Resolving assembly.
TpTrace Information: 0 : 6540, 1, 2023/01/21, 19:11:05.994, 8604403328381, vstest.console.dll, AssemblyResolver.OnResolve: Microsoft.Bcl.AsyncInterfaces: Resolved from cache.
TpTrace Verbose: 0 : 6540, 1, 2023/01/21, 19:11:05.994, 8604403329816, vstest.console.dll, CurrentDomain_AssemblyResolve: Resolving assembly 'Microsoft.Bcl.AsyncInterfaces'.
TpTrace Information: 0 : 6540, 1, 2023/01/21, 19:11:05.995, 8604403331827, vstest.console.dll, AssemblyResolver.OnResolve: Microsoft.Bcl.AsyncInterfaces: Resolving assembly.
TpTrace Information: 0 : 6540, 1, 2023/01/21, 19:11:05.995, 8604403333124, vstest.console.dll, AssemblyResolver.OnResolve: Microsoft.Bcl.AsyncInterfaces: Resolved from cache.
TpTrace Verbose: 0 : 6540, 1, 2023/01/21, 19:11:05.995, 8604403334753, vstest.console.dll, CurrentDomain_AssemblyResolve: Resolving assembly 'Microsoft.Bcl.AsyncInterfaces'.
TpTrace Verbose: 0 : 6540, 1, 2023/01/21, 19:11:05.995, 8604403336095, vstest.console.dll, CurrentDomainAssemblyResolve: Failed to resolve assembly 'Microsoft.Bcl.AsyncInterfaces'.
TpTrace Verbose: 0 : 6540, 1, 2023/01/21, 19:11:05.996, 8604403340889, vstest.console.dll, CurrentDomainAssemblyResolve: Failed to resolve assembly 'Microsoft.Bcl.AsyncInterfaces'.
TpTrace Warning: 0 : 6540, 1, 2023/01/21, 19:11:05.997, 8604403350376, vstest.console.dll, TestPluginDiscoverer: Failed to get types from assembly 'Microsoft.Diagnostics.NETCore.Client, Version=0.2.2.41902, Culture=neutral, PublicKeyToken=31bf3856ad364e35'.  Skipping test extension scan for this assembly.  Error: System.Reflection.ReflectionTypeLoadException: Unable to load one or more of the requested types.
Could not load file or assembly 'Microsoft.Bcl.AsyncInterfaces, Version=1.0.0.0, Culture=neutral, PublicKeyToken=cc7b13ffcd2ddd51'. The system cannot find the file specified.
   at System.Reflection.RuntimeModule.GetTypes(RuntimeModule module)
   at System.Reflection.RuntimeModule.GetTypes()
   at System.Reflection.Assembly.GetTypes()
   at Microsoft.VisualStudio.TestPlatform.Common.ExtensionFramework.TestPluginDiscoverer.GetTestExtensionsFromAssembly[TPluginInfo,TExtension](Assembly assembly, Dictionary`2 pluginInfos)
System.IO.FileNotFoundException: Could not load file or assembly 'Microsoft.Bcl.AsyncInterfaces, Version=1.0.0.0, Culture=neutral, PublicKeyToken=cc7b13ffcd2ddd51'. The system cannot find the file specified.
File name: 'Microsoft.Bcl.AsyncInterfaces, Version=1.0.0.0, Culture=neutral, PublicKeyToken=cc7b13ffcd2ddd51'
TpTrace Warning: 0 : 6540, 1, 2023/01/21, 19:11:05.997, 8604403352961, vstest.console.dll, LoaderExceptions: System.IO.FileNotFoundException: Could not load file or assembly 'Microsoft.Bcl.AsyncInterfaces, Version=1.0.0.0, Culture=neutral, PublicKeyToken=cc7b13ffcd2ddd51'. The system cannot find the file specified.
File name: 'Microsoft.Bcl.AsyncInterfaces, Version=1.0.0.0, Culture=neutral, PublicKeyToken=cc7b13ffcd2ddd51'
TpTrace Verbose: 0 : 6540, 1, 2023/01/21, 19:11:05.998, 8604403364473, vstest.console.dll, TestPluginCache: Discovered the extensions using extension path ''.
TpTrace Verbose: 0 : 6540, 1, 2023/01/21, 19:11:05.998, 8604403366830, vstest.console.dll, TestPluginCache: Discoverers are ''.
TpTrace Verbose: 0 : 6540, 1, 2023/01/21, 19:11:05.998, 8604403368145, vstest.console.dll, TestPluginCache: Executors are ''.
TpTrace Verbose: 0 : 6540, 1, 2023/01/21, 19:11:05.998, 8604403369444, vstest.console.dll, TestPluginCache: Executors2 are ''.
TpTrace Verbose: 0 : 6540, 1, 2023/01/21, 19:11:05.999, 8604403370740, vstest.console.dll, TestPluginCache: Setting providers are ''.
TpTrace Verbose: 0 : 6540, 1, 2023/01/21, 19:11:05.999, 8604403373704, vstest.console.dll, TestPluginCache: Loggers are 'logger://Microsoft/TestPlatform/Extensions/Blame/v1,logger://Microsoft/TestPlatform/HtmlLogger/v1,logger://Microsoft/TestPlatform/TrxLogger/v1'.
TpTrace Information: 0 : 6540, 1, 2023/01/21, 19:11:06.001, 8604403398389, vstest.console.dll, TestPluginManager.CreateTestExtension: Attempting to load test extension: Microsoft.TestPlatform.Extensions.BlameDataCollector.BlameLogger
TpTrace Information: 0 : 6540, 1, 2023/01/21, 19:11:06.031, 8604403699509, vstest.console.dll, TestPluginManager.CreateTestExtension: Attempting to load test extension: Microsoft.VisualStudio.TestPlatform.CrossPlatEngine.Hosting.DefaultTestHostManager
TpTrace Information: 0 : 6540, 1, 2023/01/21, 19:11:06.032, 8604403708544, vstest.console.dll, TestPluginManager.CreateTestExtension: Attempting to load test extension: Microsoft.VisualStudio.TestPlatform.CrossPlatEngine.Hosting.DotnetTestHostManager
TpTrace Verbose: 0 : 6540, 1, 2023/01/21, 19:11:06.035, 8604403730644, vstest.console.dll, TestEngine: Initializing Parallel Execution as MaxCpuCount is set to: 1
TpTrace Information: 0 : 6540, 1, 2023/01/21, 19:11:06.037, 8604403754359, vstest.console.dll, InferRunSettingsHelper.IsTestSettingsEnabled: Unable to navigate to RunSettings/MSTest. Current node: RunSettings
TpTrace Verbose: 0 : 6540, 1, 2023/01/21, 19:11:06.079, 8604404177270, vstest.console.dll, TestRequestSender is acting as server
TpTrace Verbose: 0 : 6540, 4, 2023/01/21, 19:11:06.100, 8604404381930, vstest.console.dll, DataCollectionRequestSender.InitializeCommunication : Initialize communication. 
TpTrace Information: 0 : 6540, 4, 2023/01/21, 19:11:06.143, 8604404810566, vstest.console.dll, Listening on Endpoint : 127.0.0.1:56893
TpTrace Verbose: 0 : 6540, 4, 2023/01/21, 19:11:06.184, 8604405229275, vstest.console.dll, DotnetDataCollectionLauncher: Full path of dotnet.exe is C:\Program Files\dotnet\dotnet.exe
TpTrace Verbose: 0 : 6540, 4, 2023/01/21, 19:11:06.185, 8604405235002, vstest.console.dll, DotnetDataCollectionLauncher: Adding  --runtimeconfig "C:\Program Files\dotnet\sdk\5.0.103\datacollector.runtimeconfig.json" in args
TpTrace Verbose: 0 : 6540, 4, 2023/01/21, 19:11:06.185, 8604405240047, vstest.console.dll, DotnetDataCollectionLauncher: Adding  --depsfile "C:\Program Files\dotnet\sdk\5.0.103\datacollector.deps.json" in args
TpTrace Information: 0 : 6540, 4, 2023/01/21, 19:11:06.232, 8604405704861, vstest.console.dll, ProxyDataCollectionManager.Initialize: Launched datacollector processId: 1744 port: 56893
TpTrace Information: 0 : 6540, 4, 2023/01/21, 19:11:06.232, 8604405709058, vstest.console.dll, ProxyDataCollectionManager.Initialize: waiting for connection with timeout: 90 seconds
TpTrace Verbose: 0 : 6540, 4, 2023/01/21, 19:11:06.233, 8604405711392, vstest.console.dll, DataCollectionRequestSender.WaitForRequestHandlerConnection : Waiting for connection with timeout: 90000
TpTrace Information: 0 : 6540, 7, 2023/01/21, 19:11:06.756, 8604410941081, vstest.console.dll, Using the buffer size of 16384 bytes
TpTrace Verbose: 0 : 6540, 4, 2023/01/21, 19:11:06.756, 8604410942907, vstest.console.dll, ProxyDataCollectionManager.InvokeDataCollectionServiceAction: Starting.
TpTrace Information: 0 : 6540, 7, 2023/01/21, 19:11:06.756, 8604410944288, vstest.console.dll, Accepted Client request and set the flag
TpTrace Information: 0 : 6540, 4, 2023/01/21, 19:11:06.756, 8604410948430, vstest.console.dll, ProxyDataCollectionManager.BeforeTestRunStart: Get environment variable and port for datacollector processId: 1744 port: 56893
TpTrace Verbose: 0 : 6540, 4, 2023/01/21, 19:11:06.757, 8604410953154, vstest.console.dll, DataCollectionRequestSender.SendBeforeTestRunStartAndGetResult : Send BeforeTestRunStart message with settingsXml <RunSettings><RunConfiguration><ResultsDirectory>C:\Users\MonPC\source\repos\allopromo\allopromo.Core.UnitTests\bin\Release\netcoreapp3.1\fine-code-coverage\coverage-tool-output</ResultsDirectory><TargetPlatform>X64</TargetPlatform><TargetFrameworkVersion>.NETCoreApp,Version=v3.1</TargetFrameworkVersion><DesignMode>False</DesignMode><CollectSourceInformation>False</CollectSourceInformation><TestAdaptersPaths>C:\Program Files\dotnet\sdk\5.0.103\Extensions</TestAdaptersPaths></RunConfiguration><LoggerRunSettings><Loggers><Logger friendlyName="blame" enabled="True" /><Logger friendlyName="Console" uri="logger://microsoft/TestPlatform/ConsoleLogger/v1" assemblyQualifiedName="Microsoft.VisualStudio.TestPlatform.CommandLine.Internal.ConsoleLogger, vstest.console, Version=15.0.0.0, Culture=neutral, PublicKeyToken=b03f5f7f11d50a3a" codeBase="C:\Program Files\dotnet\sdk\5.0.103\vstest.console.dll" enabled="True" /></Loggers></LoggerRunSettings><DataCollectionRunSettings><DataCollectors><DataCollector friendlyName="blame" enabled="True"><Configuration><ResultsDirectory>C:\Users\MonPC\source\repos\allopromo\allopromo.Core.UnitTests\bin\Release\netcoreapp3.1\fine-code-coverage\coverage-tool-output</ResultsDirectory></Configuration></DataCollector></DataCollectors></DataCollectionRunSettings></RunSettings> and sources System.Linq.Enumerable+Concat2Iterator`1[System.String]: 
TpTrace Verbose: 0 : 6540, 4, 2023/01/21, 19:11:07.018, 8604413566486, vstest.console.dll, DataCollectionRequestSender.SendBeforeTestRunStartAndGetResult : Received message: (DataCollection.SendMessage) -> {
  "FriendlyName": null,
  "Uri": null,
  "TestCaseId": "00000000-0000-0000-0000-000000000000",
  "Message": "Logging DataCollector Diagnostics in file: C:\\Users\\MonPC\\source\\repos\\allopromo\\allopromo.Core.UnitTests\\bin\\Release\\netcoreapp3.1\\fine-code-coverage\\coverage-tool-output\\diagnostics.datacollector.23-01-21_19-11-06_16575_4.log",
  "Level": 0
}
TpTrace Verbose: 0 : 6540, 4, 2023/01/21, 19:11:07.248, 8604415861688, vstest.console.dll, DataCollectionRequestSender.SendBeforeTestRunStartAndGetResult : Received message: (DataCollection.BeforeTestRunStartResult) -> {
  "EnvironmentVariables": {},
  "DataCollectionEventsPort": 56895
}
TpTrace Information: 0 : 6540, 4, 2023/01/21, 19:11:07.264, 8604416023663, vstest.console.dll, ProxyDataCollectionManager.BeforeTestRunStart: SendBeforeTestRunStartAndGetResult successful, env variable from datacollector:   and testhost port: 56895
TpTrace Information: 0 : 6540, 4, 2023/01/21, 19:11:07.264, 8604416026875, vstest.console.dll, ProxyDataCollectionManager.InvokeDataCollectionServiceAction: Completed.
TpTrace Verbose: 0 : 6540, 1, 2023/01/21, 19:11:07.265, 8604416030629, vstest.console.dll, TestRunRequest.ExecuteAsync: Creating test run request.
TpTrace Verbose: 0 : 6540, 1, 2023/01/21, 19:11:07.265, 8604416039380, vstest.console.dll, TestRunRequest.ExecuteAsync: Starting.
TpTrace Information: 0 : 6540, 1, 2023/01/21, 19:11:07.267, 8604416050094, vstest.console.dll, TestRunRequest.ExecuteAsync: Starting run with settings:TestRunCriteria:
   KeepAlive=False,FrequencyOfRunStatsChangeEvent=10,RunStatsChangeEventTimeout=00:00:01.5000000,TestCaseFilter=,TestExecutorLauncher=
   Settingsxml=<RunSettings>
  <RunConfiguration>
    <ResultsDirectory>C:\Users\MonPC\source\repos\allopromo\allopromo.Core.UnitTests\bin\Release\netcoreapp3.1\fine-code-coverage\coverage-tool-output</ResultsDirectory>
    <TargetPlatform>X64</TargetPlatform>
    <TargetFrameworkVersion>.NETCoreApp,Version=v3.1</TargetFrameworkVersion>
    <DesignMode>False</DesignMode>
    <CollectSourceInformation>False</CollectSourceInformation>
  </RunConfiguration>
  <LoggerRunSettings>
    <Loggers>
      <Logger friendlyName="blame" enabled="True" />
      <Logger friendlyName="Console" uri="logger://microsoft/TestPlatform/ConsoleLogger/v1" assemblyQualifiedName="Microsoft.VisualStudio.TestPlatform.CommandLine.Internal.ConsoleLogger, vstest.console, Version=15.0.0.0, Culture=neutral, PublicKeyToken=b03f5f7f11d50a3a" codeBase="C:\Program Files\dotnet\sdk\5.0.103\vstest.console.dll" enabled="True" />
    </Loggers>
  </LoggerRunSettings>
  <DataCollectionRunSettings>
    <DataCollectors>
      <DataCollector friendlyName="blame" enabled="True">
        <Configuration>
          <ResultsDirectory>C:\Users\MonPC\source\repos\allopromo\allopromo.Core.UnitTests\bin\Release\netcoreapp3.1\fine-code-coverage\coverage-tool-output</ResultsDirectory>
        </Configuration>
      </DataCollector>
    </DataCollectors>
  </DataCollectionRunSettings>
</RunSettings>

TpTrace Verbose: 0 : 6540, 1, 2023/01/21, 19:11:07.267, 8604416052777, vstest.console.dll, TestRunRequest.ExecuteAsync: Wait for the first run request is over.
TpTrace Verbose: 0 : 6540, 1, 2023/01/21, 19:11:07.268, 8604416067210, vstest.console.dll, ParallelProxyExecutionManager: Start execution. Total sources: 1
TpTrace Information: 0 : 6540, 1, 2023/01/21, 19:11:07.271, 8604416091286, vstest.console.dll, ProxyParallelExecutionManager: Triggering test run for next source: C:\Users\MonPC\source\repos\allopromo\allopromo.Core.UnitTests\bin\Release\netcoreapp3.1\fine-code-coverage\build-output\allopromo.Core.UnitTests.dll
TpTrace Verbose: 0 : 6540, 10, 2023/01/21, 19:11:07.271, 8604416097182, vstest.console.dll, ParallelProxyExecutionManager: Execution started. Started clients: 1
TpTrace Verbose: 0 : 6540, 1, 2023/01/21, 19:11:07.271, 8604416098572, vstest.console.dll, ProxyParallelExecutionManager: No sources available for execution.
TpTrace Information: 0 : 6540, 1, 2023/01/21, 19:11:07.272, 8604416100654, vstest.console.dll, TestRunRequest.ExecuteAsync: Started.
TpTrace Verbose: 0 : 6540, 1, 2023/01/21, 19:11:07.272, 8604416103470, vstest.console.dll, TestRunRequest.WaitForCompletion: Waiting with timeout -1.
TpTrace Verbose: 0 : 6540, 10, 2023/01/21, 19:11:07.272, 8604416108249, vstest.console.dll, TestRunRequest:SendTestRunMessage: Starting.
TpTrace Information: 0 : 6540, 10, 2023/01/21, 19:11:07.273, 8604416112383, vstest.console.dll, TestRunRequest:SendTestRunMessage: Completed.
TpTrace Verbose: 0 : 6540, 10, 2023/01/21, 19:11:07.273, 8604416119855, vstest.console.dll, ProxyExecutionManager: Test host is always Lazy initialize.
TpTrace Verbose: 0 : 6540, 10, 2023/01/21, 19:11:07.274, 8604416129162, vstest.console.dll, TestRequestSender.InitializeCommunication: initialize communication. 
TpTrace Information: 0 : 6540, 10, 2023/01/21, 19:11:07.276, 8604416147343, vstest.console.dll, SocketServer.Start: Listening on endpoint : 127.0.0.1:56896
TpTrace Verbose: 0 : 6540, 10, 2023/01/21, 19:11:07.279, 8604416171835, vstest.console.dll, DotnetTestHostmanager: Adding  --runtimeconfig "C:\Users\MonPC\source\repos\allopromo\allopromo.Core.UnitTests\bin\Release\netcoreapp3.1\fine-code-coverage\build-output\allopromo.Core.UnitTests.runtimeconfig.json" in args
TpTrace Verbose: 0 : 6540, 10, 2023/01/21, 19:11:07.279, 8604416176194, vstest.console.dll, DotnetTestHostmanager: Adding  --depsfile "C:\Users\MonPC\source\repos\allopromo\allopromo.Core.UnitTests\bin\Release\netcoreapp3.1\fine-code-coverage\build-output\allopromo.Core.UnitTests.deps.json" in args
TpTrace Verbose: 0 : 6540, 10, 2023/01/21, 19:11:07.280, 8604416184791, vstest.console.dll, DotnetTestHostManager: Testhost.exe/testhost.x86.exe found at path: C:\Users\MonPC\source\repos\allopromo\allopromo.Core.UnitTests\bin\Release\netcoreapp3.1\fine-code-coverage\build-output\testhost.exe
TpTrace Verbose: 0 : 6540, 10, 2023/01/21, 19:11:07.280, 8604416187679, vstest.console.dll, DotnetTestHostmanager: Full path of host exe is C:\Users\MonPC\source\repos\allopromo\allopromo.Core.UnitTests\bin\Release\netcoreapp3.1\fine-code-coverage\build-output\testhost.exe
TpTrace Verbose: 0 : 6540, 4, 2023/01/21, 19:11:07.283, 8604416213907, vstest.console.dll, DotnetTestHostManager: Starting process 'C:\Users\MonPC\source\repos\allopromo\allopromo.Core.UnitTests\bin\Release\netcoreapp3.1\fine-code-coverage\build-output\testhost.exe' with command line ' --runtimeconfig "C:\Users\MonPC\source\repos\allopromo\allopromo.Core.UnitTests\bin\Release\netcoreapp3.1\fine-code-coverage\build-output\allopromo.Core.UnitTests.runtimeconfig.json" --depsfile "C:\Users\MonPC\source\repos\allopromo\allopromo.Core.UnitTests\bin\Release\netcoreapp3.1\fine-code-coverage\build-output\allopromo.Core.UnitTests.deps.json" --port 56896 --endpoint 127.0.0.1:056896 --role client --parentprocessid 6540 --diag "C:\Users\MonPC\source\repos\allopromo\allopromo.Core.UnitTests\bin\Release\netcoreapp3.1\fine-code-coverage\coverage-tool-output\diagnostics.host.23-01-21_19-11-07_27797_10.log" --tracelevel 4 --datacollectionport 56895 --telemetryoptedin false'
TpTrace Verbose: 0 : 6540, 4, 2023/01/21, 19:11:07.298, 8604416361809, vstest.console.dll, Test Runtime launched
TpTrace Verbose: 0 : 6540, 10, 2023/01/21, 19:11:07.300, 8604416386657, vstest.console.dll, TestRequestSender.WaitForRequestHandlerConnection: waiting for connection with timeout: 90000
TpTrace Verbose: 0 : 6540, 9, 2023/01/21, 19:11:08.113, 8604424517421, vstest.console.dll, SocketServer.OnClientConnected: Client connected for endPoint: 127.0.0.1:56896, starting MessageLoopAsync:
TpTrace Verbose: 0 : 6540, 9, 2023/01/21, 19:11:08.114, 8604424524215, vstest.console.dll, TcpClientExtensions.MessageLoopAsync: Polling on remoteEndPoint: 127.0.0.1:56897 localEndPoint: 127.0.0.1:56896
TpTrace Verbose: 0 : 6540, 9, 2023/01/21, 19:11:08.703, 8604430419916, vstest.console.dll, TcpClientExtensions.MessageLoopAsync: NotifyDataAvailable remoteEndPoint: 127.0.0.1:56897 localEndPoint: 127.0.0.1:56896
TpTrace Verbose: 0 : 6540, 9, 2023/01/21, 19:11:08.704, 8604430426039, vstest.console.dll, TestRequestSender.CheckVersionWithTestHost: onMessageReceived received message: (ProtocolVersion) -> 2
TpTrace Verbose: 0 : 6540, 9, 2023/01/21, 19:11:08.705, 8604430437010, vstest.console.dll, TcpClientExtensions.MessageLoopAsync: Polling on remoteEndPoint: 127.0.0.1:56897 localEndPoint: 127.0.0.1:56896
TpTrace Verbose: 0 : 6540, 10, 2023/01/21, 19:11:08.705, 8604430439691, vstest.console.dll, TestPluginCache.GetExtensionPaths: Filtered extension paths: 
TpTrace Verbose: 0 : 6540, 10, 2023/01/21, 19:11:08.706, 8604430441689, vstest.console.dll, TestPluginCache.GetExtensionPaths: Added default extension paths: C:\Program Files\dotnet\sdk\5.0.103\Extensions\Microsoft.Diagnostics.NETCore.Client.dll
C:\Program Files\dotnet\sdk\5.0.103\Extensions\Microsoft.TestPlatform.Extensions.BlameDataCollector.dll
C:\Program Files\dotnet\sdk\5.0.103\Extensions\Microsoft.TestPlatform.Extensions.EventLogCollector.dll
C:\Program Files\dotnet\sdk\5.0.103\Extensions\Microsoft.TestPlatform.TestHostRuntimeProvider.dll
C:\Program Files\dotnet\sdk\5.0.103\Extensions\Microsoft.VisualStudio.TestPlatform.Extensions.Html.TestLogger.dll
C:\Program Files\dotnet\sdk\5.0.103\Extensions\Microsoft.VisualStudio.TestPlatform.Extensions.Trx.TestLogger.dll
TpTrace Verbose: 0 : 6540, 10, 2023/01/21, 19:11:08.706, 8604430443143, vstest.console.dll, TestPluginCache.GetExtensionPaths: Added unfilterableExtensionPaths: 
TpTrace Verbose: 0 : 6540, 10, 2023/01/21, 19:11:08.718, 8604430568202, vstest.console.dll, TestRequestSender.InitializeExecution: Sending initializing execution with message: {"Version":2,"MessageType":"TestExecution.Initialize","Payload":["C:\\Users\\MonPC\\source\\repos\\allopromo\\allopromo.Core.UnitTests\\bin\\Release\\netcoreapp3.1\\fine-code-coverage\\build-output\\NUnit3.TestAdapter.dll"]}
TpTrace Verbose: 0 : 6540, 9, 2023/01/21, 19:11:08.758, 8604430960418, vstest.console.dll, TcpClientExtensions.MessageLoopAsync: NotifyDataAvailable remoteEndPoint: 127.0.0.1:56897 localEndPoint: 127.0.0.1:56896
TpTrace Verbose: 0 : 6540, 9, 2023/01/21, 19:11:08.758, 8604430965423, vstest.console.dll, TestRequestSender.OnExecutionMessageReceived: Received message: {"Version":2,"MessageType":"TestSession.Message","Payload":{"MessageLevel":0,"Message":"Logging TestHost Diagnostics in file: C:\\Users\\MonPC\\source\\repos\\allopromo\\allopromo.Core.UnitTests\\bin\\Release\\netcoreapp3.1\\fine-code-coverage\\coverage-tool-output\\diagnostics.host.23-01-21_19-11-07_27797_10.log"}}
TpTrace Verbose: 0 : 6540, 10, 2023/01/21, 19:11:08.760, 8604430986178, vstest.console.dll, TestRequestSender.StartTestRun: Sending test run with message: {"Version":2,"MessageType":"TestExecution.StartWithSources","Payload":{"AdapterSourceMap":{"_none_":["C:\\Users\\MonPC\\source\\repos\\allopromo\\allopromo.Core.UnitTests\\bin\\Release\\netcoreapp3.1\\fine-code-coverage\\build-output\\allopromo.Core.UnitTests.dll"]},"RunSettings":"<RunSettings>\r\n  <RunConfiguration>\r\n    <ResultsDirectory>C:\\Users\\MonPC\\source\\repos\\allopromo\\allopromo.Core.UnitTests\\bin\\Release\\netcoreapp3.1\\fine-code-coverage\\coverage-tool-output</ResultsDirectory>\r\n    <TargetPlatform>X64</TargetPlatform>\r\n    <TargetFrameworkVersion>.NETCoreApp,Version=v3.1</TargetFrameworkVersion>\r\n    <DesignMode>False</DesignMode>\r\n    <CollectSourceInformation>False</CollectSourceInformation>\r\n  </RunConfiguration>\r\n  <LoggerRunSettings>\r\n    <Loggers>\r\n      <Logger friendlyName=\"blame\" enabled=\"True\" />\r\n      <Logger friendlyName=\"Console\" uri=\"logger://microsoft/TestPlatform/ConsoleLogger/v1\" assemblyQualifiedName=\"Microsoft.VisualStudio.TestPlatform.CommandLine.Internal.ConsoleLogger, vstest.console, Version=15.0.0.0, Culture=neutral, PublicKeyToken=b03f5f7f11d50a3a\" codeBase=\"C:\\Program Files\\dotnet\\sdk\\5.0.103\\vstest.console.dll\" enabled=\"True\" />\r\n    </Loggers>\r\n  </LoggerRunSettings>\r\n  <DataCollectionRunSettings>\r\n    <DataCollectors>\r\n      <DataCollector friendlyName=\"blame\" enabled=\"True\">\r\n        <Configuration>\r\n          <ResultsDirectory>C:\\Users\\MonPC\\source\\repos\\allopromo\\allopromo.Core.UnitTests\\bin\\Release\\netcoreapp3.1\\fine-code-coverage\\coverage-tool-output</ResultsDirectory>\r\n        </Configuration>\r\n      </DataCollector>\r\n    </DataCollectors>\r\n  </DataCollectionRunSettings>\r\n</RunSettings>","TestExecutionContext":{"FrequencyOfRunStatsChangeEvent":10,"RunStatsChangeEventTimeout":"00:00:01.5000000","InIsolation":false,"KeepAlive":false,"AreTestCaseLevelEventsRequired":false,"IsDebug":false,"TestCaseFilter":null,"FilterOptions":null},"Package":null}}
TpTrace Verbose: 0 : 6540, 9, 2023/01/21, 19:11:08.766, 8604431041525, vstest.console.dll, TestRunRequest:SendTestRunMessage: Starting.
TpTrace Information: 0 : 6540, 9, 2023/01/21, 19:11:08.766, 8604431045316, vstest.console.dll, TestRunRequest:SendTestRunMessage: Completed.
TpTrace Verbose: 0 : 6540, 9, 2023/01/21, 19:11:08.766, 8604431047502, vstest.console.dll, TcpClientExtensions.MessageLoopAsync: Polling on remoteEndPoint: 127.0.0.1:56897 localEndPoint: 127.0.0.1:56896
TpTrace Verbose: 0 : 6540, 9, 2023/01/21, 19:11:09.393, 8604437310605, vstest.console.dll, TcpClientExtensions.MessageLoopAsync: NotifyDataAvailable remoteEndPoint: 127.0.0.1:56897 localEndPoint: 127.0.0.1:56896
TpTrace Verbose: 0 : 6540, 9, 2023/01/21, 19:11:09.393, 8604437313949, vstest.console.dll, TestRequestSender.OnExecutionMessageReceived: Received message: {"Version":2,"MessageType":"TestSession.Message","Payload":{"MessageLevel":0,"Message":"NUnit Adapter 3.16.1.0: Test execution started"}}
TpTrace Verbose: 0 : 6540, 9, 2023/01/21, 19:11:09.394, 8604437321221, vstest.console.dll, TestRunRequest:SendTestRunMessage: Starting.
TpTrace Information: 0 : 6540, 9, 2023/01/21, 19:11:09.394, 8604437323902, vstest.console.dll, TestRunRequest:SendTestRunMessage: Completed.
TpTrace Verbose: 0 : 6540, 9, 2023/01/21, 19:11:09.394, 8604437325409, vstest.console.dll, TcpClientExtensions.MessageLoopAsync: Polling on remoteEndPoint: 127.0.0.1:56897 localEndPoint: 127.0.0.1:56896
TpTrace Verbose: 0 : 6540, 9, 2023/01/21, 19:11:09.421, 8604437595428, vstest.console.dll, TcpClientExtensions.MessageLoopAsync: NotifyDataAvailable remoteEndPoint: 127.0.0.1:56897 localEndPoint: 127.0.0.1:56896
TpTrace Verbose: 0 : 6540, 9, 2023/01/21, 19:11:09.421, 8604437599275, vstest.console.dll, TestRequestSender.OnExecutionMessageReceived: Received message: {"Version":2,"MessageType":"TestSession.Message","Payload":{"MessageLevel":0,"Message":"Running all tests in C:\\Users\\MonPC\\source\\repos\\allopromo\\allopromo.Core.UnitTests\\bin\\Release\\netcoreapp3.1\\fine-code-coverage\\build-output\\allopromo.Core.UnitTests.dll"}}
TpTrace Verbose: 0 : 6540, 9, 2023/01/21, 19:11:09.422, 8604437605189, vstest.console.dll, TestRunRequest:SendTestRunMessage: Starting.
TpTrace Information: 0 : 6540, 9, 2023/01/21, 19:11:09.422, 8604437608069, vstest.console.dll, TestRunRequest:SendTestRunMessage: Completed.
TpTrace Verbose: 0 : 6540, 9, 2023/01/21, 19:11:09.422, 8604437609686, vstest.console.dll, TcpClientExtensions.MessageLoopAsync: Polling on remoteEndPoint: 127.0.0.1:56897 localEndPoint: 127.0.0.1:56896
TpTrace Verbose: 0 : 6540, 9, 2023/01/21, 19:11:09.979, 8604443170718, vstest.console.dll, TcpClientExtensions.MessageLoopAsync: NotifyDataAvailable remoteEndPoint: 127.0.0.1:56897 localEndPoint: 127.0.0.1:56896
TpTrace Verbose: 0 : 6540, 9, 2023/01/21, 19:11:09.979, 8604443174441, vstest.console.dll, TestRequestSender.OnExecutionMessageReceived: Received message: {"Version":2,"MessageType":"TestSession.Message","Payload":{"MessageLevel":0,"Message":"   NUnit3TestExecutor converted 22 of 22 NUnit test cases"}}
TpTrace Verbose: 0 : 6540, 9, 2023/01/21, 19:11:09.979, 8604443178924, vstest.console.dll, TestRunRequest:SendTestRunMessage: Starting.
TpTrace Information: 0 : 6540, 9, 2023/01/21, 19:11:09.980, 8604443181068, vstest.console.dll, TestRunRequest:SendTestRunMessage: Completed.
TpTrace Verbose: 0 : 6540, 9, 2023/01/21, 19:11:09.980, 8604443182451, vstest.console.dll, TcpClientExtensions.MessageLoopAsync: Polling on remoteEndPoint: 127.0.0.1:56897 localEndPoint: 127.0.0.1:56896
TpTrace Verbose: 0 : 6540, 9, 2023/01/21, 19:11:10.711, 8604450499275, vstest.console.dll, TcpClientExtensions.MessageLoopAsync: NotifyDataAvailable remoteEndPoint: 127.0.0.1:56897 localEndPoint: 127.0.0.1:56896
TpTrace Verbose: 0 : 6540, 9, 2023/01/21, 19:11:10.712, 8604450505256, vstest.console.dll, TestRequestSender.OnExecutionMessageReceived: Received message: {"Version":2,"MessageType":"TestExecution.StatsChange","Payload":{"NewTestResults":[],"TestRunStatistics":{"ExecutedTests":0,"Stats":{}},"ActiveTests":[{"Id":"5c1e07b6-15f1-4392-ddb5-71f7e0ba20ea","FullyQualifiedName":"allopromo.Core.Application.UnitTests.DeparmentServiceTests.GetDepartments_SHOULD_Return_DepartmentsAsync()","DisplayName":"GetDepartments_SHOULD_Return_DepartmentsAsync()","ExecutorUri":"executor://NUnit3TestExecutor","Source":"C:\\Users\\MonPC\\source\\repos\\allopromo\\allopromo.Core.UnitTests\\bin\\Release\\netcoreapp3.1\\fine-code-coverage\\build-output\\allopromo.Core.UnitTests.dll","CodeFilePath":null,"LineNumber":0,"Properties":[]}]}}
TpTrace Verbose: 0 : 6540, 9, 2023/01/21, 19:11:10.773, 8604451110868, vstest.console.dll, TestRunRequest:SendTestRunStatsChange: Starting.
TpTrace Verbose: 0 : 6540, 9, 2023/01/21, 19:11:10.773, 8604451115191, vstest.console.dll, InProgress is GetDepartments_SHOULD_Return_DepartmentsAsync()
TpTrace Information: 0 : 6540, 9, 2023/01/21, 19:11:10.773, 8604451119264, vstest.console.dll, TestRunRequest:SendTestRunStatsChange: Completed.
TpTrace Verbose: 0 : 6540, 9, 2023/01/21, 19:11:10.774, 8604451121307, vstest.console.dll, TcpClientExtensions.MessageLoopAsync: Polling on remoteEndPoint: 127.0.0.1:56897 localEndPoint: 127.0.0.1:56896
TpTrace Verbose: 0 : 6540, 9, 2023/01/21, 19:11:11.786, 8604461245462, vstest.console.dll, TcpClientExtensions.MessageLoopAsync: Polling on remoteEndPoint: 127.0.0.1:56897 localEndPoint: 127.0.0.1:56896
TpTrace Verbose: 0 : 6540, 9, 2023/01/21, 19:11:12.269, 8604466071697, vstest.console.dll, TcpClientExtensions.MessageLoopAsync: NotifyDataAvailable remoteEndPoint: 127.0.0.1:56897 localEndPoint: 127.0.0.1:56896
TpTrace Verbose: 0 : 6540, 9, 2023/01/21, 19:11:12.271, 8604466098634, vstest.console.dll, TestRequestSender.OnExecutionMessageReceived: Received message: {"Version":2,"MessageType":"TestExecution.StatsChange","Payload":{"NewTestResults":[{"TestCase":{"Id":"5c1e07b6-15f1-4392-ddb5-71f7e0ba20ea","FullyQualifiedName":"allopromo.Core.Application.UnitTests.DeparmentServiceTests.GetDepartments_SHOULD_Return_DepartmentsAsync()","DisplayName":"GetDepartments_SHOULD_Return_DepartmentsAsync()","ExecutorUri":"executor://NUnit3TestExecutor","Source":"C:\\Users\\MonPC\\source\\repos\\allopromo\\allopromo.Core.UnitTests\\bin\\Release\\netcoreapp3.1\\fine-code-coverage\\build-output\\allopromo.Core.UnitTests.dll","CodeFilePath":null,"LineNumber":0,"Properties":[]},"Attachments":[],"Outcome":2,"ErrorMessage":"  Expected: <System.Collections.Generic.List`1[allopromo.Core.Application.Dto.DepartmentDto]>\r\n  But was:  <System.Collections.Generic.IEnumerable`1[allopromo.Core.Application.Dto.DepartmentDto]>\r\n","ErrorStackTrace":"   at allopromo.Core.Application.UnitTests.DeparmentServiceTests.GetDepartments_SHOULD_Return_DepartmentsAsync() in C:\\Users\\MonPC\\source\\repos\\allopromo\\allopromo.Core.UnitTests\\Application\\DepartmentServiceTests.cs:line 33\r\n   at NUnit.Framework.Internal.TaskAwaitAdapter.GenericAdapter`1.GetResult()\r\n   at NUnit.Framework.Internal.AsyncToSyncAdapter.Await(Func`1 invoke)\r\n   at NUnit.Framework.Internal.Commands.TestMethodCommand.RunTestMethod(TestExecutionContext context)\r\n   at NUnit.Framework.Internal.Commands.TestMethodCommand.Execute(TestExecutionContext context)\r\n   at NUnit.Framework.Internal.Commands.BeforeAndAfterTestCommand.<>c__DisplayClass1_0.<Execute>b__0()\r\n   at NUnit.Framework.Internal.Commands.DelegatingTestCommand.RunTestMethodInThreadAbortSafeZone(TestExecutionContext context, Action action)\r\n","DisplayName":"GetDepartments_SHOULD_Return_DepartmentsAsync()","Messages":[],"ComputerName":"DESKTOP-51CUQQV","Duration":"00:00:00.7325220","StartTime":"2023-01-22T00:11:10.6022301+00:00","EndTime":"2023-01-22T00:11:11.3343879+00:00","Properties":[]},{"TestCase":{"Id":"8d3345bb-43e7-7a7c-21df-a5371467f5f8","FullyQualifiedName":"allopromo.Core.UnitTest.ServicesTests.StoreServiceTests.GetStoresAsync","DisplayName":"GetStoresAsync","ExecutorUri":"executor://NUnit3TestExecutor","Source":"C:\\Users\\MonPC\\source\\repos\\allopromo\\allopromo.Core.UnitTests\\bin\\Release\\netcoreapp3.1\\fine-code-coverage\\build-output\\allopromo.Core.UnitTests.dll","CodeFilePath":null,"LineNumber":0,"Properties":[]},"Attachments":[],"Outcome":2,"ErrorMessage":"Method is not public","ErrorStackTrace":"","DisplayName":"GetStoresAsync","Messages":[],"ComputerName":"DESKTOP-51CUQQV","Duration":"00:00:00.0017680","StartTime":"2023-01-22T00:11:11.4539879+00:00","EndTime":"2023-01-22T00:11:11.4557539+00:00","Properties":[]},{"TestCase":{"Id":"775a8169-d109-f31f-92d8-36b2db201236","FullyQualifiedName":"allopromo.Core.UnitTest.ServicesTests.StoreServiceTests.StoreService_CreateStores_ReturnsStores_AndRaisesNotification()","DisplayName":"StoreService_CreateStores_ReturnsStores_AndRaisesNotification()","ExecutorUri":"executor://NUnit3TestExecutor","Source":"C:\\Users\\MonPC\\source\\repos\\allopromo\\allopromo.Core.UnitTests\\bin\\Release\\netcoreapp3.1\\fine-code-coverage\\build-output\\allopromo.Core.UnitTests.dll","CodeFilePath":null,"LineNumber":0,"Properties":[]},"Attachments":[],"Outcome":1,"ErrorMessage":null,"ErrorStackTrace":null,"DisplayName":"StoreService_CreateStores_ReturnsStores_AndRaisesNotification()","Messages":[],"ComputerName":"DESKTOP-51CUQQV","Duration":"00:00:00.0009260","StartTime":"2023-01-22T00:11:11.4559429+00:00","EndTime":"2023-01-22T00:11:11.4568656+00:00","Properties":[]},{"TestCase":{"Id":"21e2ccd8-b4d7-695d-9c60-3c6c72c69139","FullyQualifiedName":"allopromo.Core.UnitTest.ServicesTests.StoreServiceTests.StoreService_GetCategories_ReturnsCategories","DisplayName":"StoreService_GetCategories_ReturnsCategories","ExecutorUri":"executor://NUnit3TestExecutor","Source":"C:\\Users\\MonPC\\source\\repos\\allopromo\\allopromo.Core.UnitTests\\bin\\Release\\netcoreapp3.1\\fine-code-coverage\\build-output\\allopromo.Core.UnitTests.dll","CodeFilePath":null,"LineNumber":0,"Properties":[]},"Attachments":[],"Outcome":1,"ErrorMessage":null,"ErrorStackTrace":null,"DisplayName":"StoreService_GetCategories_ReturnsCategories","Messages":[],"ComputerName":"DESKTOP-51CUQQV","Duration":"00:00:00.0454120","StartTime":"2023-01-22T00:11:11.4569707+00:00","EndTime":"2023-01-22T00:11:11.5023786+00:00","Properties":[]}],"TestRunStatistics":{"ExecutedTests":4,"Stats":{"Failed":2,"Passed":2}},"ActiveTests":[{"Id":"19a13e7e-fb42-7b51-4b95-503ec386833b","FullyQualifiedName":"allopromo.Core.UnitTest.ServicesTests.StoreServiceTests.StoreService_GetImageUrl_SHOULD_Return_ImageLink","DisplayName":"StoreService_GetImageUrl_SHOULD_Return_ImageLink","ExecutorUri":"executor://NUnit3TestExecutor","Source":"C:\\Users\\MonPC\\source\\repos\\allopromo\\allopromo.Core.UnitTests\\bin\\Release\\netcoreapp3.1\\fine-code-coverage\\build-output\\allopromo.Core.UnitTests.dll","CodeFilePath":null,"LineNumber":0,"Properties":[]}]}}
TpTrace Verbose: 0 : 6540, 9, 2023/01/21, 19:11:12.303, 8604466412093, vstest.console.dll, TestRunRequest:SendTestRunStatsChange: Starting.
TpTrace Verbose: 0 : 6540, 9, 2023/01/21, 19:11:12.303, 8604466414546, vstest.console.dll, InProgress is StoreService_GetImageUrl_SHOULD_Return_ImageLink
TpTrace Information: 0 : 6540, 9, 2023/01/21, 19:11:12.303, 8604466419308, vstest.console.dll, TestRunRequest:SendTestRunStatsChange: Completed.
TpTrace Verbose: 0 : 6540, 9, 2023/01/21, 19:11:12.304, 8604466420952, vstest.console.dll, TcpClientExtensions.MessageLoopAsync: Polling on remoteEndPoint: 127.0.0.1:56897 localEndPoint: 127.0.0.1:56896
TpTrace Verbose: 0 : 6540, 9, 2023/01/21, 19:11:12.733, 8604470717902, vstest.console.dll, TcpClientExtensions.MessageLoopAsync: NotifyDataAvailable remoteEndPoint: 127.0.0.1:56897 localEndPoint: 127.0.0.1:56896
TpTrace Verbose: 0 : 6540, 9, 2023/01/21, 19:11:12.735, 8604470732337, vstest.console.dll, TestRequestSender.OnExecutionMessageReceived: Received message: {"Version":2,"MessageType":"TestExecution.StatsChange","Payload":{"NewTestResults":[{"TestCase":{"Id":"19a13e7e-fb42-7b51-4b95-503ec386833b","FullyQualifiedName":"allopromo.Core.UnitTest.ServicesTests.StoreServiceTests.StoreService_GetImageUrl_SHOULD_Return_ImageLink","DisplayName":"StoreService_GetImageUrl_SHOULD_Return_ImageLink","ExecutorUri":"executor://NUnit3TestExecutor","Source":"C:\\Users\\MonPC\\source\\repos\\allopromo\\allopromo.Core.UnitTests\\bin\\Release\\netcoreapp3.1\\fine-code-coverage\\build-output\\allopromo.Core.UnitTests.dll","CodeFilePath":null,"LineNumber":0,"Properties":[]},"Attachments":[],"Outcome":1,"ErrorMessage":null,"ErrorStackTrace":null,"DisplayName":"StoreService_GetImageUrl_SHOULD_Return_ImageLink","Messages":[],"ComputerName":"DESKTOP-51CUQQV","Duration":"00:00:00.9564120","StartTime":"2023-01-22T00:11:11.5028398+00:00","EndTime":"2023-01-22T00:11:12.4592521+00:00","Properties":[]},{"TestCase":{"Id":"10aecfee-c5a6-1b79-2f68-74e2d22c003d","FullyQualifiedName":"allopromo.Core.UnitTest.ServicesTests.StoreServiceTests.StoreService_GetStores_ByLocation_ReturnStoresByLocalization","DisplayName":"StoreService_GetStores_ByLocation_ReturnStoresByLocalization","ExecutorUri":"executor://NUnit3TestExecutor","Source":"C:\\Users\\MonPC\\source\\repos\\allopromo\\allopromo.Core.UnitTests\\bin\\Release\\netcoreapp3.1\\fine-code-coverage\\build-output\\allopromo.Core.UnitTests.dll","CodeFilePath":null,"LineNumber":0,"Properties":[]},"Attachments":[],"Outcome":2,"ErrorMessage":"  Expected: 0\r\n  But was:  3\r\n","ErrorStackTrace":"   at allopromo.Core.UnitTest.ServicesTests.StoreServiceTests.StoreService_GetStores_ByLocation_ReturnStoresByLocalization() in C:\\Users\\MonPC\\source\\repos\\allopromo\\allopromo.Core.UnitTests\\Application\\StoreServiceTests.cs:line 43\r\n","DisplayName":"StoreService_GetStores_ByLocation_ReturnStoresByLocalization","Messages":[],"ComputerName":"DESKTOP-51CUQQV","Duration":"00:00:00.1039520","StartTime":"2023-01-22T00:11:12.4595023+00:00","EndTime":"2023-01-22T00:11:12.563452+00:00","Properties":[]},{"TestCase":{"Id":"5c223901-8015-cdf9-e26d-2ac4cee4aee5","FullyQualifiedName":"allopromo.Core.UnitTest.ServicesTests.StoreServiceTests.StoreService_GetStores_ReturnStores","DisplayName":"StoreService_GetStores_ReturnStores","ExecutorUri":"executor://NUnit3TestExecutor","Source":"C:\\Users\\MonPC\\source\\repos\\allopromo\\allopromo.Core.UnitTests\\bin\\Release\\netcoreapp3.1\\fine-code-coverage\\build-output\\allopromo.Core.UnitTests.dll","CodeFilePath":null,"LineNumber":0,"Properties":[]},"Attachments":[],"Outcome":1,"ErrorMessage":null,"ErrorStackTrace":null,"DisplayName":"StoreService_GetStores_ReturnStores","Messages":[],"ComputerName":"DESKTOP-51CUQQV","Duration":"00:00:00.0293810","StartTime":"2023-01-22T00:11:12.5765934+00:00","EndTime":"2023-01-22T00:11:12.6059757+00:00","Properties":[]},{"TestCase":{"Id":"7ac73774-c01e-3c61-0348-ee7f9dea4fa4","FullyQualifiedName":"allopromo.Core.UnitTest.ServicesTests.StoreServiceTests.StoreService_GetStores_ReturnStoresCategories","DisplayName":"StoreService_GetStores_ReturnStoresCategories","ExecutorUri":"executor://NUnit3TestExecutor","Source":"C:\\Users\\MonPC\\source\\repos\\allopromo\\allopromo.Core.UnitTests\\bin\\Release\\netcoreapp3.1\\fine-code-coverage\\build-output\\allopromo.Core.UnitTests.dll","CodeFilePath":null,"LineNumber":0,"Properties":[]},"Attachments":[],"Outcome":1,"ErrorMessage":null,"ErrorStackTrace":null,"DisplayName":"StoreService_GetStores_ReturnStoresCategories","Messages":[],"ComputerName":"DESKTOP-51CUQQV","Duration":"00:00:00.0076740","StartTime":"2023-01-22T00:11:12.6068312+00:00","EndTime":"2023-01-22T00:11:12.6145048+00:00","Properties":[]},{"TestCase":{"Id":"1d25f6c7-eae4-c8e1-0628-3e97ddcbe137","FullyQualifiedName":"allopromo.Core.UnitTest.ServicesTests.StoreServiceTests.StoresService_DeleteStore_Deletes","DisplayName":"StoresService_DeleteStore_Deletes","ExecutorUri":"executor://NUnit3TestExecutor","Source":"C:\\Users\\MonPC\\source\\repos\\allopromo\\allopromo.Core.UnitTests\\bin\\Release\\netcoreapp3.1\\fine-code-coverage\\build-output\\allopromo.Core.UnitTests.dll","CodeFilePath":null,"LineNumber":0,"Properties":[]},"Attachments":[],"Outcome":1,"ErrorMessage":null,"ErrorStackTrace":null,"DisplayName":"StoresService_DeleteStore_Deletes","Messages":[],"ComputerName":"DESKTOP-51CUQQV","Duration":"00:00:00.0002940","StartTime":"2023-01-22T00:11:12.6162226+00:00","EndTime":"2023-01-22T00:11:12.6165214+00:00","Properties":[]},{"TestCase":{"Id":"82d2f30a-0996-9bb1-bfb5-a3c699e8f273","FullyQualifiedName":"allopromo.Core.UnitTest.ServicesTests.StoreServiceTests.UpdateStoreCategory_DEVRAIT_RetournerUpdatedStoreCategory","DisplayName":"UpdateStoreCategory_DEVRAIT_RetournerUpdatedStoreCategory","ExecutorUri":"executor://NUnit3TestExecutor","Source":"C:\\Users\\MonPC\\source\\repos\\allopromo\\allopromo.Core.UnitTests\\bin\\Release\\netcoreapp3.1\\fine-code-coverage\\build-output\\allopromo.Core.UnitTests.dll","CodeFilePath":null,"LineNumber":0,"Properties":[]},"Attachments":[],"Outcome":1,"ErrorMessage":null,"ErrorStackTrace":null,"DisplayName":"UpdateStoreCategory_DEVRAIT_RetournerUpdatedStoreCategory","Messages":[],"ComputerName":"DESKTOP-51CUQQV","Duration":"00:00:00.0491740","StartTime":"2023-01-22T00:11:12.6170573+00:00","EndTime":"2023-01-22T00:11:12.66623+00:00","Properties":[]},{"TestCase":{"Id":"066581a7-25d6-b1ed-8999-4ffb2438efac","FullyQualifiedName":"allopromo.Core.UnitTests.AccountServiceTests.AccountService_CreateUser_Returns_UserNotCreated","DisplayName":"AccountService_CreateUser_Returns_UserNotCreated","ExecutorUri":"executor://NUnit3TestExecutor","Source":"C:\\Users\\MonPC\\source\\repos\\allopromo\\allopromo.Core.UnitTests\\bin\\Release\\netcoreapp3.1\\fine-code-coverage\\build-output\\allopromo.Core.UnitTests.dll","CodeFilePath":null,"LineNumber":0,"Properties":[]},"Attachments":[],"Outcome":1,"ErrorMessage":null,"ErrorStackTrace":null,"DisplayName":"AccountService_CreateUser_Returns_UserNotCreated","Messages":[],"ComputerName":"DESKTOP-51CUQQV","Duration":"00:00:00.0178700","StartTime":"2023-01-22T00:11:12.6788159+00:00","EndTime":"2023-01-22T00:11:12.6966858+00:00","Properties":[]},{"TestCase":{"Id":"55567aef-19ff-edad-89bb-844e152e6394","FullyQualifiedName":"allopromo.Core.UnitTests.AccountServiceTests.AccountService_CreateUserAndAccount_Returns_UserNotCreated_False","DisplayName":"AccountService_CreateUserAndAccount_Returns_UserNotCreated_False","ExecutorUri":"executor://NUnit3TestExecutor","Source":"C:\\Users\\MonPC\\source\\repos\\allopromo\\allopromo.Core.UnitTests\\bin\\Release\\netcoreapp3.1\\fine-code-coverage\\build-output\\allopromo.Core.UnitTests.dll","CodeFilePath":null,"LineNumber":0,"Properties":[]},"Attachments":[],"Outcome":1,"ErrorMessage":null,"ErrorStackTrace":null,"DisplayName":"AccountService_CreateUserAndAccount_Returns_UserNotCreated_False","Messages":[],"ComputerName":"DESKTOP-51CUQQV","Duration":"00:00:00.0007910","StartTime":"2023-01-22T00:11:12.6967615+00:00","EndTime":"2023-01-22T00:11:12.6975493+00:00","Properties":[]},{"TestCase":{"Id":"7c5df336-8ce5-e1d3-adfb-348479fffac0","FullyQualifiedName":"allopromo.Core.UnitTests.AccountServiceTests.AccountService_Raises_EventEmailSend_When_UserAuthenticates()","DisplayName":"AccountService_Raises_EventEmailSend_When_UserAuthenticates()","ExecutorUri":"executor://NUnit3TestExecutor","Source":"C:\\Users\\MonPC\\source\\repos\\allopromo\\allopromo.Core.UnitTests\\bin\\Release\\netcoreapp3.1\\fine-code-coverage\\build-output\\allopromo.Core.UnitTests.dll","CodeFilePath":null,"LineNumber":0,"Properties":[]},"Attachments":[],"Outcome":1,"ErrorMessage":null,"ErrorStackTrace":null,"DisplayName":"AccountService_Raises_EventEmailSend_When_UserAuthenticates()","Messages":[],"ComputerName":"DESKTOP-51CUQQV","Duration":"00:00:00.0178410","StartTime":"2023-01-22T00:11:12.6986229+00:00","EndTime":"2023-01-22T00:11:12.7164602+00:00","Properties":[]}],"TestRunStatistics":{"ExecutedTests":13,"Stats":{"Failed":3,"Passed":10}},"ActiveTests":[{"Id":"580e0051-0685-3bbc-c6eb-4006f81d24e0","FullyQualifiedName":"allopromo.Core.UnitTests.Application.LocalisationServiceTests.GetUserCurrentCity_SHOULD_GetCityAsync","DisplayName":"GetUserCurrentCity_SHOULD_GetCityAsync","ExecutorUri":"executor://NUnit3TestExecutor","Source":"C:\\Users\\MonPC\\source\\repos\\allopromo\\allopromo.Core.UnitTests\\bin\\Release\\netcoreapp3.1\\fine-code-coverage\\build-output\\allopromo.Core.UnitTests.dll","CodeFilePath":null,"LineNumber":0,"Properties":[]}]}}
TpTrace Verbose: 0 : 6540, 9, 2023/01/21, 19:11:12.744, 8604470826293, vstest.console.dll, TestRunRequest:SendTestRunStatsChange: Starting.
TpTrace Verbose: 0 : 6540, 9, 2023/01/21, 19:11:12.744, 8604470828836, vstest.console.dll, InProgress is GetUserCurrentCity_SHOULD_GetCityAsync
TpTrace Information: 0 : 6540, 9, 2023/01/21, 19:11:12.745, 8604470831767, vstest.console.dll, TestRunRequest:SendTestRunStatsChange: Completed.
TpTrace Verbose: 0 : 6540, 9, 2023/01/21, 19:11:12.745, 8604470833449, vstest.console.dll, TcpClientExtensions.MessageLoopAsync: Polling on remoteEndPoint: 127.0.0.1:56897 localEndPoint: 127.0.0.1:56896
TpTrace Verbose: 0 : 6540, 9, 2023/01/21, 19:11:13.714, 8604480524135, vstest.console.dll, TcpClientExtensions.MessageLoopAsync: NotifyDataAvailable remoteEndPoint: 127.0.0.1:56897 localEndPoint: 127.0.0.1:56896
TpTrace Verbose: 0 : 6540, 9, 2023/01/21, 19:11:13.714, 8604480528233, vstest.console.dll, TestRequestSender.OnExecutionMessageReceived: Received message: {"Version":2,"MessageType":"TestSession.Message","Payload":{"MessageLevel":0,"Message":"NUnit Adapter 3.16.1.0: Test execution complete"}}
TpTrace Verbose: 0 : 6540, 9, 2023/01/21, 19:11:13.715, 8604480532715, vstest.console.dll, TestRunRequest:SendTestRunMessage: Starting.
TpTrace Information: 0 : 6540, 9, 2023/01/21, 19:11:13.715, 8604480538240, vstest.console.dll, TestRunRequest:SendTestRunMessage: Completed.
TpTrace Verbose: 0 : 6540, 9, 2023/01/21, 19:11:13.716, 8604480542397, vstest.console.dll, TcpClientExtensions.MessageLoopAsync: Polling on remoteEndPoint: 127.0.0.1:56897 localEndPoint: 127.0.0.1:56896
TpTrace Verbose: 0 : 6540, 9, 2023/01/21, 19:11:13.813, 8604481510078, vstest.console.dll, TcpClientExtensions.MessageLoopAsync: NotifyDataAvailable remoteEndPoint: 127.0.0.1:56897 localEndPoint: 127.0.0.1:56896
TpTrace Verbose: 0 : 6540, 9, 2023/01/21, 19:11:13.814, 8604481522801, vstest.console.dll, TestRequestSender.OnExecutionMessageReceived: Received message: {"Version":2,"MessageType":"TestExecution.Completed","Payload":{"TestRunCompleteArgs":{"TestRunStatistics":{"ExecutedTests":22,"Stats":{"Failed":4,"Passed":18}},"IsCanceled":false,"IsAborted":false,"Error":null,"AttachmentSets":[],"ElapsedTimeInRunningTests":"00:00:04.4079599","Metrics":{}},"LastRunTests":{"NewTestResults":[{"TestCase":{"Id":"580e0051-0685-3bbc-c6eb-4006f81d24e0","FullyQualifiedName":"allopromo.Core.UnitTests.Application.LocalisationServiceTests.GetUserCurrentCity_SHOULD_GetCityAsync","DisplayName":"GetUserCurrentCity_SHOULD_GetCityAsync","ExecutorUri":"executor://NUnit3TestExecutor","Source":"C:\\Users\\MonPC\\source\\repos\\allopromo\\allopromo.Core.UnitTests\\bin\\Release\\netcoreapp3.1\\fine-code-coverage\\build-output\\allopromo.Core.UnitTests.dll","CodeFilePath":null,"LineNumber":0,"Properties":[]},"Attachments":[],"Outcome":1,"ErrorMessage":null,"ErrorStackTrace":null,"DisplayName":"GetUserCurrentCity_SHOULD_GetCityAsync","Messages":[],"ComputerName":"DESKTOP-51CUQQV","Duration":"00:00:00.0559290","StartTime":"2023-01-22T00:11:12.719821+00:00","EndTime":"2023-01-22T00:11:12.7757513+00:00","Properties":[]},{"TestCase":{"Id":"9679ea52-b21a-edc7-8588-0ae0d57f50c0","FullyQualifiedName":"allopromo.Core.UnitTests.Application.MediaServiceTests.getImageInformationUrlAsync_SHOULD_Return","DisplayName":"getImageInformationUrlAsync_SHOULD_Return","ExecutorUri":"executor://NUnit3TestExecutor","Source":"C:\\Users\\MonPC\\source\\repos\\allopromo\\allopromo.Core.UnitTests\\bin\\Release\\netcoreapp3.1\\fine-code-coverage\\build-output\\allopromo.Core.UnitTests.dll","CodeFilePath":null,"LineNumber":0,"Properties":[]},"Attachments":[],"Outcome":1,"ErrorMessage":null,"ErrorStackTrace":null,"DisplayName":"getImageInformationUrlAsync_SHOULD_Return","Messages":[],"ComputerName":"DESKTOP-51CUQQV","Duration":"00:00:00.0002810","StartTime":"2023-01-22T00:11:12.7827672+00:00","EndTime":"2023-01-22T00:11:12.7830538+00:00","Properties":[]},{"TestCase":{"Id":"d1b5a7eb-234b-6628-ed59-fc5b4bc61cac","FullyQualifiedName":"allopromo.Core.UnitTests.UserServiceTest.UserService_CreateUser_SHOULD_Return_True_UserCreated","DisplayName":"UserService_CreateUser_SHOULD_Return_True_UserCreated","ExecutorUri":"executor://NUnit3TestExecutor","Source":"C:\\Users\\MonPC\\source\\repos\\allopromo\\allopromo.Core.UnitTests\\bin\\Release\\netcoreapp3.1\\fine-code-coverage\\build-output\\allopromo.Core.UnitTests.dll","CodeFilePath":null,"LineNumber":0,"Properties":[]},"Attachments":[],"Outcome":1,"ErrorMessage":null,"ErrorStackTrace":null,"DisplayName":"UserService_CreateUser_SHOULD_Return_True_UserCreated","Messages":[],"ComputerName":"DESKTOP-51CUQQV","Duration":"00:00:00.0086590","StartTime":"2023-01-22T00:11:13.4710808+00:00","EndTime":"2023-01-22T00:11:13.4797418+00:00","Properties":[]},{"TestCase":{"Id":"1910b455-db61-473d-da75-10969cbf5847","FullyQualifiedName":"allopromo.Core.UnitTests.UserServiceTest.UserService_CreateUser_SHOULD_Returns_False_ifUserNull","DisplayName":"UserService_CreateUser_SHOULD_Returns_False_ifUserNull","ExecutorUri":"executor://NUnit3TestExecutor","Source":"C:\\Users\\MonPC\\source\\repos\\allopromo\\allopromo.Core.UnitTests\\bin\\Release\\netcoreapp3.1\\fine-code-coverage\\build-output\\allopromo.Core.UnitTests.dll","CodeFilePath":null,"LineNumber":0,"Properties":[]},"Attachments":[],"Outcome":1,"ErrorMessage":null,"ErrorStackTrace":null,"DisplayName":"UserService_CreateUser_SHOULD_Returns_False_ifUserNull","Messages":[],"ComputerName":"DESKTOP-51CUQQV","Duration":"00:00:00.0042450","StartTime":"2023-01-22T00:11:13.5124311+00:00","EndTime":"2023-01-22T00:11:13.516678+00:00","Properties":[]},{"TestCase":{"Id":"9dbfa553-4c46-b149-9089-25e268a216d0","FullyQualifiedName":"allopromo.Core.UnitTests.UserServiceTest.UserService_GetUsers_SHOULD_Return_Users_With_RolesAsync","DisplayName":"UserService_GetUsers_SHOULD_Return_Users_With_RolesAsync","ExecutorUri":"executor://NUnit3TestExecutor","Source":"C:\\Users\\MonPC\\source\\repos\\allopromo\\allopromo.Core.UnitTests\\bin\\Release\\netcoreapp3.1\\fine-code-coverage\\build-output\\allopromo.Core.UnitTests.dll","CodeFilePath":null,"LineNumber":0,"Properties":[]},"Attachments":[],"Outcome":2,"ErrorMessage":"System.InvalidOperationException : Mapper not initialized. Call Initialize with appropriate configuration. If you are trying to use mapper instances through a container or otherwise, make sure you do not have any calls to the static Mapper.Map methods, and if you're using ProjectTo or UseAsDataSource extension methods, make sure you pass in the appropriate IConfigurationProvider instance.","ErrorStackTrace":"   at allopromo.Core.Model.UserService.GetUsersWithRoles() in C:\\Users\\MonPC\\source\\repos\\allopromo\\allopromo.Core\\Model\\UserService.cs:line 51\r\n   at allopromo.Core.UnitTests.UserServiceTest.UserService_GetUsers_SHOULD_Return_Users_With_RolesAsync() in C:\\Users\\MonPC\\source\\repos\\allopromo\\allopromo.Core.UnitTests\\Application\\UserServiceTests.cs:line 58\r\n   at NUnit.Framework.Internal.TaskAwaitAdapter.GenericAdapter`1.GetResult()\r\n   at NUnit.Framework.Internal.AsyncToSyncAdapter.Await(Func`1 invoke)\r\n   at NUnit.Framework.Internal.Commands.TestMethodCommand.RunTestMethod(TestExecutionContext context)\r\n   at NUnit.Framework.Internal.Commands.TestMethodCommand.Execute(TestExecutionContext context)\r\n   at NUnit.Framework.Internal.Commands.BeforeAndAfterTestCommand.<>c__DisplayClass1_0.<Execute>b__0()\r\n   at NUnit.Framework.Internal.Commands.DelegatingTestCommand.RunTestMethodInThreadAbortSafeZone(TestExecutionContext context, Action action)","DisplayName":"UserService_GetUsers_SHOULD_Return_Users_With_RolesAsync","Messages":[],"ComputerName":"DESKTOP-51CUQQV","Duration":"00:00:00.0579620","StartTime":"2023-01-22T00:11:13.5252622+00:00","EndTime":"2023-01-22T00:11:13.5832253+00:00","Properties":[]},{"TestCase":{"Id":"5e5144de-033b-8986-7031-31cfc2182ee4","FullyQualifiedName":"alloPromo.Core.UnitTests.Application.ProductServiceTest.ObtenirProduct_DEVRAIT_RetournerProduitParId_Trouve()","DisplayName":"ObtenirProduct_DEVRAIT_RetournerProduitParId_Trouve()","ExecutorUri":"executor://NUnit3TestExecutor","Source":"C:\\Users\\MonPC\\source\\repos\\allopromo\\allopromo.Core.UnitTests\\bin\\Release\\netcoreapp3.1\\fine-code-coverage\\build-output\\allopromo.Core.UnitTests.dll","CodeFilePath":null,"LineNumber":0,"Properties":[]},"Attachments":[],"Outcome":1,"ErrorMessage":null,"ErrorStackTrace":null,"DisplayName":"ObtenirProduct_DEVRAIT_RetournerProduitParId_Trouve()","Messages":[],"ComputerName":"DESKTOP-51CUQQV","Duration":"00:00:00.0506130","StartTime":"2023-01-22T00:11:13.598523+00:00","EndTime":"2023-01-22T00:11:13.6491314+00:00","Properties":[]},{"TestCase":{"Id":"0f8a2827-8964-0232-7967-591286c3cc5a","FullyQualifiedName":"alloPromo.Core.UnitTests.Application.ProductServiceTest.ObtenirProduct_DEVRAIT_RetournerProduitParIds()","DisplayName":"ObtenirProduct_DEVRAIT_RetournerProduitParIds()","ExecutorUri":"executor://NUnit3TestExecutor","Source":"C:\\Users\\MonPC\\source\\repos\\allopromo\\allopromo.Core.UnitTests\\bin\\Release\\netcoreapp3.1\\fine-code-coverage\\build-output\\allopromo.Core.UnitTests.dll","CodeFilePath":null,"LineNumber":0,"Properties":[]},"Attachments":[],"Outcome":1,"ErrorMessage":null,"ErrorStackTrace":null,"DisplayName":"ObtenirProduct_DEVRAIT_RetournerProduitParIds()","Messages":[],"ComputerName":"DESKTOP-51CUQQV","Duration":"00:00:00.0002740","StartTime":"2023-01-22T00:11:13.6525138+00:00","EndTime":"2023-01-22T00:11:13.6527849+00:00","Properties":[]},{"TestCase":{"Id":"55660235-86cb-b14d-28a5-53aadedfc71c","FullyQualifiedName":"alloPromo.Core.UnitTests.Application.ProductServiceTest.ObtenirProduct_DEVRAIT_RetournerUneException()","DisplayName":"ObtenirProduct_DEVRAIT_RetournerUneException()","ExecutorUri":"executor://NUnit3TestExecutor","Source":"C:\\Users\\MonPC\\source\\repos\\allopromo\\allopromo.Core.UnitTests\\bin\\Release\\netcoreapp3.1\\fine-code-coverage\\build-output\\allopromo.Core.UnitTests.dll","CodeFilePath":null,"LineNumber":0,"Properties":[]},"Attachments":[],"Outcome":1,"ErrorMessage":null,"ErrorStackTrace":null,"DisplayName":"ObtenirProduct_DEVRAIT_RetournerUneException()","Messages":[],"ComputerName":"DESKTOP-51CUQQV","Duration":"00:00:00.0043070","StartTime":"2023-01-22T00:11:13.6546455+00:00","EndTime":"2023-01-22T00:11:13.6589477+00:00","Properties":[]},{"TestCase":{"Id":"3f4048b3-1e01-ebe8-bc79-e855ef870000","FullyQualifiedName":"alloPromo.Core.UnitTests.Domain.Application.EmailServiceTests.CreateStore_SHOULD_CreateAndReturnStoreDto()","DisplayName":"CreateStore_SHOULD_CreateAndReturnStoreDto()","ExecutorUri":"executor://NUnit3TestExecutor","Source":"C:\\Users\\MonPC\\source\\repos\\allopromo\\allopromo.Core.UnitTests\\bin\\Release\\netcoreapp3.1\\fine-code-coverage\\build-output\\allopromo.Core.UnitTests.dll","CodeFilePath":null,"LineNumber":0,"Properties":[]},"Attachments":[],"Outcome":1,"ErrorMessage":null,"ErrorStackTrace":null,"DisplayName":"CreateStore_SHOULD_CreateAndReturnStoreDto()","Messages":[],"ComputerName":"DESKTOP-51CUQQV","Duration":"00:00:00.0002430","StartTime":"2023-01-22T00:11:13.6603746+00:00","EndTime":"2023-01-22T00:11:13.660617+00:00","Properties":[]}],"TestRunStatistics":{"ExecutedTests":22,"Stats":{"Failed":4,"Passed":18}},"ActiveTests":[]},"RunAttachments":[],"ExecutorUris":["executor://nunit3testexecutor/"]}}
TpTrace Verbose: 0 : 6540, 9, 2023/01/21, 19:11:13.819, 8604481577288, vstest.console.dll, TestRequestSender.EndSession: Sending end session.
TpTrace Verbose: 0 : 6540, 9, 2023/01/21, 19:11:13.820, 8604481582527, vstest.console.dll, ProxyOperationManager.Close: waiting for test host to exit for 100 ms
TpTrace Warning: 0 : 6540, 4, 2023/01/21, 19:11:13.914, 8604482524844, vstest.console.dll, TestHostManagerCallbacks.ErrorReceivedCallback Test host standard error line: 
TpTrace Warning: 0 : 6540, 9, 2023/01/21, 19:11:13.922, 8604482603994, vstest.console.dll, ProxyOperationManager: Timed out waiting for test host to exit. Will terminate process.
TpTrace Verbose: 0 : 6540, 9, 2023/01/21, 19:11:13.934, 8604482725604, vstest.console.dll, TestHostProvider.ExitCallBack: Host exited starting callback.
TpTrace Information: 0 : 6540, 9, 2023/01/21, 19:11:13.934, 8604482728973, vstest.console.dll, TestHostManagerCallbacks.ExitCallBack: Testhost processId: 8500 exited with exitcode: 0 error: ''
TpTrace Verbose: 0 : 6540, 9, 2023/01/21, 19:11:13.935, 8604482730792, vstest.console.dll, DotnetTestHostManager.OnHostExited: invoking OnHostExited callback
TpTrace Verbose: 0 : 6540, 9, 2023/01/21, 19:11:13.935, 8604482732939, vstest.console.dll, CrossPlatEngine.TestHostManagerHostExited: calling on client process exit callback.
TpTrace Information: 0 : 6540, 9, 2023/01/21, 19:11:13.935, 8604482735233, vstest.console.dll, TestRequestSender.OnClientProcessExit: Test host process exited. Standard error: 
TpTrace Information: 0 : 6540, 9, 2023/01/21, 19:11:13.935, 8604482737202, vstest.console.dll, SocketServer.Stop: Stop server endPoint: 127.0.0.1:56896
TpTrace Information: 0 : 6540, 9, 2023/01/21, 19:11:13.935, 8604482738667, vstest.console.dll, SocketServer.Stop: Cancellation requested. Stopping message loop.
TpTrace Verbose: 0 : 6540, 9, 2023/01/21, 19:11:13.938, 8604482768567, vstest.console.dll, ProxyDataCollectionManager.InvokeDataCollectionServiceAction: Starting.
TpTrace Information: 0 : 6540, 9, 2023/01/21, 19:11:13.939, 8604482771210, vstest.console.dll, ProxyDataCollectionManager.AfterTestRunEnd: Get attachment set for datacollector processId: 1744 port: 56893
TpTrace Verbose: 0 : 6540, 9, 2023/01/21, 19:11:13.939, 8604482773480, vstest.console.dll, DataCollectionRequestSender.SendAfterTestRunStartAndGetResult : Send AfterTestRunEnd message with isCancelled: False
TpTrace Verbose: 0 : 6540, 9, 2023/01/21, 19:11:13.944, 8604482827186, vstest.console.dll, DataCollectionRequestSender.SendAfterTestRunStartAndGetResult : Received message: (DataCollection.AfterTestRunEndResult) -> []
TpTrace Information: 0 : 6540, 9, 2023/01/21, 19:11:13.948, 8604482865196, vstest.console.dll, ProxyDataCollectionManager.InvokeDataCollectionServiceAction: Completed.
TpTrace Warning: 0 : 6540, 6, 2023/01/21, 19:11:13.982, 8604483205570, vstest.console.dll, DataCollectionLauncher.ErrorReceivedCallback datacollector standard error line: 
TpTrace Information: 0 : 6540, 7, 2023/01/21, 19:11:14.026, 8604483641349, vstest.console.dll, DataCollectionLauncher.ExitCallBack: Data collector exited with exitcode: 0 error: ''
TpTrace Verbose: 0 : 6540, 9, 2023/01/21, 19:11:14.055, 8604483938715, vstest.console.dll, TestRunRequest:SendTestRunStatsChange: Starting.
TpTrace Information: 0 : 6540, 9, 2023/01/21, 19:11:14.058, 8604483961841, vstest.console.dll, TestRunRequest:SendTestRunStatsChange: Completed.
TpTrace Verbose: 0 : 6540, 9, 2023/01/21, 19:11:14.059, 8604483978312, vstest.console.dll, ParallelProxyExecutionManager: HandlePartialRunComplete: Total completed clients = 1, Run complete = True, Run canceled: False.
TpTrace Verbose: 0 : 6540, 9, 2023/01/21, 19:11:14.143, 8604484818133, vstest.console.dll, TestRunRequest:TestRunComplete: Starting. IsAborted:False IsCanceled:False.
TpTrace Verbose: 0 : 6540, 9, 2023/01/21, 19:11:14.144, 8604484823694, vstest.console.dll, TestLoggerManager.HandleTestRunComplete: Ignoring as the object is disposed.
TpTrace Information: 0 : 6540, 9, 2023/01/21, 19:11:14.145, 8604484833518, vstest.console.dll, TestRunRequest:TestRunComplete: Completed.
TpTrace Verbose: 0 : 6540, 1, 2023/01/21, 19:11:14.145, 8604484834432, vstest.console.dll, TestRunRequest.Dispose: Starting.
TpTrace Verbose: 0 : 6540, 9, 2023/01/21, 19:11:14.145, 8604484836122, vstest.console.dll, TestRequestSender.SetOperationComplete: Setting operation complete.
TpTrace Information: 0 : 6540, 1, 2023/01/21, 19:11:14.145, 8604484839315, vstest.console.dll, TestRunRequest.Dispose: Completed.
TpTrace Information: 0 : 6540, 9, 2023/01/21, 19:11:14.146, 8604484840255, vstest.console.dll, SocketServer.Stop: Stop server endPoint: 127.0.0.1:56896
TpTrace Information: 0 : 6540, 1, 2023/01/21, 19:11:14.146, 8604484841979, vstest.console.dll, TestRequestManager.RunTests: run tests completed.
TpTrace Information: 0 : 6540, 9, 2023/01/21, 19:11:14.146, 8604484842828, vstest.console.dll, SocketServer.Stop: Cancellation requested. Stopping message loop.
TpTrace Information: 0 : 6540, 9, 2023/01/21, 19:11:14.146, 8604484847220, vstest.console.dll, SocketServer.PrivateStop: Stop server endPoint: 127.0.0.1:56896 error: 
TpTrace Information: 0 : 6540, 1, 2023/01/21, 19:11:14.146, 8604484847574, vstest.console.dll, RunTestsArgumentProcessor:Execute: Test run is completed.
TpTrace Verbose: 0 : 6540, 1, 2023/01/21, 19:11:14.147, 8604484850994, vstest.console.dll, Executor.Execute: Exiting with exit code of 1
TpTrace Verbose: 0 : 6540, 9, 2023/01/21, 19:11:14.148, 8604484864349, vstest.console.dll, LengthPrefixCommunicationChannel.Dispose: Dispose reader and writer.
TpTrace Information: 0 : 6540, 9, 2023/01/21, 19:11:14.148, 8604484867814, vstest.console.dll, SocketServer.Stop: Raise disconnected event endPoint: 127.0.0.1:56896 error: 
