TpTrace Verbose: 0 : 5884, 1, 2023/08/19, 18:41:30.480, 67363186421815, vstest.console.dll, Version: 16.8.3
TpTrace Information: 0 : 5884, 1, 2023/08/19, 18:41:30.538, 67363186954623, vstest.console.dll, FilePatternParser: The given file C:\Users\MonPC\source\repos\allopromo\allopromo.Core.UnitTests\bin\Debug\netcoreapp3.1\fine-code-coverage\build-output\allopromo.Core.UnitTests.dll is a full path.
TpTrace Verbose: 0 : 5884, 1, 2023/08/19, 18:41:30.578, 67363187357791, vstest.console.dll, TestPluginCache.DiscoverTestExtensions: finding test extensions in assemblies ends with: RuntimeProvider.dll TPluginInfo: Microsoft.VisualStudio.TestPlatform.Common.ExtensionFramework.Utilities.TestRuntimePluginInformation TExtension: Microsoft.VisualStudio.TestPlatform.ObjectModel.Host.ITestRuntimeProvider
TpTrace Verbose: 0 : 5884, 1, 2023/08/19, 18:41:30.580, 67363187373876, vstest.console.dll, TestPluginCache.GetExtensionPaths: Filtered extension paths: 
TpTrace Verbose: 0 : 5884, 1, 2023/08/19, 18:41:30.581, 67363187380177, vstest.console.dll, TestPluginCache.GetExtensionPaths: Added default extension paths: C:\Program Files\dotnet\sdk\5.0.103\Extensions\Microsoft.Diagnostics.NETCore.Client.dll
C:\Program Files\dotnet\sdk\5.0.103\Extensions\Microsoft.TestPlatform.Extensions.BlameDataCollector.dll
C:\Program Files\dotnet\sdk\5.0.103\Extensions\Microsoft.TestPlatform.Extensions.EventLogCollector.dll
C:\Program Files\dotnet\sdk\5.0.103\Extensions\Microsoft.TestPlatform.TestHostRuntimeProvider.dll
C:\Program Files\dotnet\sdk\5.0.103\Extensions\Microsoft.VisualStudio.TestPlatform.Extensions.Html.TestLogger.dll
C:\Program Files\dotnet\sdk\5.0.103\Extensions\Microsoft.VisualStudio.TestPlatform.Extensions.Trx.TestLogger.dll
TpTrace Verbose: 0 : 5884, 1, 2023/08/19, 18:41:30.581, 67363187383298, vstest.console.dll, TestPluginCache.GetExtensionPaths: Added unfilterableExtensionPaths: 
TpTrace Information: 0 : 5884, 1, 2023/08/19, 18:41:30.613, 67363187704780, vstest.console.dll, AssemblyResolver.ctor: Creating AssemblyResolver with searchDirectories C:\Program Files\dotnet\sdk\5.0.103\Extensions,C:\Program Files\dotnet\sdk\5.0.103
TpTrace Verbose: 0 : 5884, 1, 2023/08/19, 18:41:30.618, 67363187757374, vstest.console.dll, TestPluginCache.DiscoverTestExtensions: Discovering the extensions using extension path.
TpTrace Verbose: 0 : 5884, 1, 2023/08/19, 18:41:30.619, 67363187763995, vstest.console.dll, TestPluginCache.GetExtensionPaths: Filtered extension paths: 
TpTrace Verbose: 0 : 5884, 1, 2023/08/19, 18:41:30.619, 67363187768689, vstest.console.dll, TestPluginCache.GetExtensionPaths: Added default extension paths: C:\Program Files\dotnet\sdk\5.0.103\Extensions\Microsoft.Diagnostics.NETCore.Client.dll
C:\Program Files\dotnet\sdk\5.0.103\Extensions\Microsoft.TestPlatform.Extensions.BlameDataCollector.dll
C:\Program Files\dotnet\sdk\5.0.103\Extensions\Microsoft.TestPlatform.Extensions.EventLogCollector.dll
C:\Program Files\dotnet\sdk\5.0.103\Extensions\Microsoft.TestPlatform.TestHostRuntimeProvider.dll
C:\Program Files\dotnet\sdk\5.0.103\Extensions\Microsoft.VisualStudio.TestPlatform.Extensions.Html.TestLogger.dll
C:\Program Files\dotnet\sdk\5.0.103\Extensions\Microsoft.VisualStudio.TestPlatform.Extensions.Trx.TestLogger.dll
TpTrace Verbose: 0 : 5884, 1, 2023/08/19, 18:41:30.620, 67363187771449, vstest.console.dll, TestPluginCache.GetExtensionPaths: Added unfilterableExtensionPaths: 
TpTrace Verbose: 0 : 5884, 1, 2023/08/19, 18:41:30.620, 67363187775757, vstest.console.dll, TestPluginCache.DiscoverTestExtensions: Discovering the extensions using allExtensionPaths: C:\Program Files\dotnet\sdk\5.0.103\Extensions\Microsoft.Diagnostics.NETCore.Client.dll
C:\Program Files\dotnet\sdk\5.0.103\Extensions\Microsoft.TestPlatform.Extensions.BlameDataCollector.dll
C:\Program Files\dotnet\sdk\5.0.103\Extensions\Microsoft.TestPlatform.Extensions.EventLogCollector.dll
C:\Program Files\dotnet\sdk\5.0.103\Extensions\Microsoft.TestPlatform.TestHostRuntimeProvider.dll
C:\Program Files\dotnet\sdk\5.0.103\Extensions\Microsoft.VisualStudio.TestPlatform.Extensions.Html.TestLogger.dll
C:\Program Files\dotnet\sdk\5.0.103\Extensions\Microsoft.VisualStudio.TestPlatform.Extensions.Trx.TestLogger.dll
TpTrace Information: 0 : 5884, 1, 2023/08/19, 18:41:30.622, 67363187794592, vstest.console.dll, AssemblyResolver.AddSearchDirectories: Adding more searchDirectories C:\Program Files\dotnet\sdk\5.0.103\Extensions,C:\Program Files\dotnet\sdk\5.0.103
TpTrace Information: 0 : 5884, 1, 2023/08/19, 18:41:30.622, 67363187799170, vstest.console.dll, AssemblyResolver.AddSearchDirectories: Adding more searchDirectories C:\Program Files\dotnet\sdk\5.0.103\Extensions,C:\Program Files\dotnet\sdk\5.0.103
TpTrace Information: 0 : 5884, 1, 2023/08/19, 18:41:30.623, 67363187801427, vstest.console.dll, AssemblyResolver.AddSearchDirectories: Adding more searchDirectories C:\Program Files\dotnet\sdk\5.0.103\Extensions,C:\Program Files\dotnet\sdk\5.0.103
TpTrace Information: 0 : 5884, 1, 2023/08/19, 18:41:30.623, 67363187803407, vstest.console.dll, AssemblyResolver.AddSearchDirectories: Adding more searchDirectories C:\Program Files\dotnet\sdk\5.0.103\Extensions,C:\Program Files\dotnet\sdk\5.0.103
TpTrace Information: 0 : 5884, 1, 2023/08/19, 18:41:30.623, 67363187805540, vstest.console.dll, AssemblyResolver.AddSearchDirectories: Adding more searchDirectories C:\Program Files\dotnet\sdk\5.0.103\Extensions,C:\Program Files\dotnet\sdk\5.0.103
TpTrace Information: 0 : 5884, 1, 2023/08/19, 18:41:30.623, 67363187807492, vstest.console.dll, AssemblyResolver.AddSearchDirectories: Adding more searchDirectories C:\Program Files\dotnet\sdk\5.0.103\Extensions,C:\Program Files\dotnet\sdk\5.0.103
TpTrace Information: 0 : 5884, 1, 2023/08/19, 18:41:30.627, 67363187844392, vstest.console.dll, AssemblyResolver.OnResolve: Microsoft.Diagnostics.NETCore.Client: Resolving assembly.
TpTrace Information: 0 : 5884, 1, 2023/08/19, 18:41:30.634, 67363187915624, vstest.console.dll, AssemblyResolver.OnResolve: Resolved assembly: Microsoft.Diagnostics.NETCore.Client, from path: C:\Program Files\dotnet\sdk\5.0.103\Extensions\Microsoft.Diagnostics.NETCore.Client.dll
TpTrace Information: 0 : 5884, 1, 2023/08/19, 18:41:30.643, 67363188007669, vstest.console.dll, AssemblyResolver.OnResolve: Microsoft.Bcl.AsyncInterfaces: Resolving assembly.
TpTrace Information: 0 : 5884, 1, 2023/08/19, 18:41:30.644, 67363188016627, vstest.console.dll, AssemblyResolver.OnResolve: Microsoft.Bcl.AsyncInterfaces: Failed to load assembly.
TpTrace Verbose: 0 : 5884, 1, 2023/08/19, 18:41:30.644, 67363188019158, vstest.console.dll, CurrentDomain_AssemblyResolve: Resolving assembly 'Microsoft.Bcl.AsyncInterfaces'.
TpTrace Information: 0 : 5884, 1, 2023/08/19, 18:41:30.645, 67363188022155, vstest.console.dll, AssemblyResolver.OnResolve: Microsoft.Bcl.AsyncInterfaces: Resolving assembly.
TpTrace Information: 0 : 5884, 1, 2023/08/19, 18:41:30.645, 67363188024343, vstest.console.dll, AssemblyResolver.OnResolve: Microsoft.Bcl.AsyncInterfaces: Resolved from cache.
TpTrace Verbose: 0 : 5884, 1, 2023/08/19, 18:41:30.645, 67363188026870, vstest.console.dll, CurrentDomain_AssemblyResolve: Resolving assembly 'Microsoft.Bcl.AsyncInterfaces'.
TpTrace Verbose: 0 : 5884, 1, 2023/08/19, 18:41:30.645, 67363188029468, vstest.console.dll, CurrentDomainAssemblyResolve: Failed to resolve assembly 'Microsoft.Bcl.AsyncInterfaces'.
TpTrace Verbose: 0 : 5884, 1, 2023/08/19, 18:41:30.657, 67363188147259, vstest.console.dll, CurrentDomainAssemblyResolve: Failed to resolve assembly 'Microsoft.Bcl.AsyncInterfaces'.
TpTrace Warning: 0 : 5884, 1, 2023/08/19, 18:41:30.848, 67363190050112, vstest.console.dll, TestPluginDiscoverer: Failed to get types from assembly 'Microsoft.Diagnostics.NETCore.Client, Version=0.2.2.41902, Culture=neutral, PublicKeyToken=31bf3856ad364e35'.  Skipping test extension scan for this assembly.  Error: System.Reflection.ReflectionTypeLoadException: Unable to load one or more of the requested types.
Could not load file or assembly 'Microsoft.Bcl.AsyncInterfaces, Version=1.0.0.0, Culture=neutral, PublicKeyToken=cc7b13ffcd2ddd51'. The system cannot find the file specified.
   at System.Reflection.RuntimeModule.GetTypes(RuntimeModule module)
   at System.Reflection.RuntimeModule.GetTypes()
   at System.Reflection.Assembly.GetTypes()
   at Microsoft.VisualStudio.TestPlatform.Common.ExtensionFramework.TestPluginDiscoverer.GetTestExtensionsFromAssembly[TPluginInfo,TExtension](Assembly assembly, Dictionary`2 pluginInfos)
System.IO.FileNotFoundException: Could not load file or assembly 'Microsoft.Bcl.AsyncInterfaces, Version=1.0.0.0, Culture=neutral, PublicKeyToken=cc7b13ffcd2ddd51'. The system cannot find the file specified.
File name: 'Microsoft.Bcl.AsyncInterfaces, Version=1.0.0.0, Culture=neutral, PublicKeyToken=cc7b13ffcd2ddd51'
TpTrace Warning: 0 : 5884, 1, 2023/08/19, 18:41:30.848, 67363190054644, vstest.console.dll, LoaderExceptions: System.IO.FileNotFoundException: Could not load file or assembly 'Microsoft.Bcl.AsyncInterfaces, Version=1.0.0.0, Culture=neutral, PublicKeyToken=cc7b13ffcd2ddd51'. The system cannot find the file specified.
File name: 'Microsoft.Bcl.AsyncInterfaces, Version=1.0.0.0, Culture=neutral, PublicKeyToken=cc7b13ffcd2ddd51'
TpTrace Information: 0 : 5884, 1, 2023/08/19, 18:41:30.848, 67363190059380, vstest.console.dll, AssemblyResolver.OnResolve: Microsoft.TestPlatform.Extensions.BlameDataCollector: Resolving assembly.
TpTrace Information: 0 : 5884, 1, 2023/08/19, 18:41:30.855, 67363190125311, vstest.console.dll, AssemblyResolver.OnResolve: Resolved assembly: Microsoft.TestPlatform.Extensions.BlameDataCollector, from path: C:\Program Files\dotnet\sdk\5.0.103\Extensions\Microsoft.TestPlatform.Extensions.BlameDataCollector.dll
TpTrace Information: 0 : 5884, 1, 2023/08/19, 18:41:30.859, 67363190160621, vstest.console.dll, AssemblyResolver.OnResolve: Microsoft.TestPlatform.Extensions.EventLogCollector: Resolving assembly.
TpTrace Information: 0 : 5884, 1, 2023/08/19, 18:41:30.863, 67363190205224, vstest.console.dll, AssemblyResolver.OnResolve: Resolved assembly: Microsoft.TestPlatform.Extensions.EventLogCollector, from path: C:\Program Files\dotnet\sdk\5.0.103\Extensions\Microsoft.TestPlatform.Extensions.EventLogCollector.dll
TpTrace Information: 0 : 5884, 1, 2023/08/19, 18:41:30.871, 67363190287209, vstest.console.dll, AssemblyResolver.OnResolve: Microsoft.TestPlatform.TestHostRuntimeProvider: Resolving assembly.
TpTrace Information: 0 : 5884, 1, 2023/08/19, 18:41:30.876, 67363190335896, vstest.console.dll, AssemblyResolver.OnResolve: Resolved assembly: Microsoft.TestPlatform.TestHostRuntimeProvider, from path: C:\Program Files\dotnet\sdk\5.0.103\Extensions\Microsoft.TestPlatform.TestHostRuntimeProvider.dll
TpTrace Information: 0 : 5884, 1, 2023/08/19, 18:41:30.898, 67363190557917, vstest.console.dll, AssemblyResolver.OnResolve: Microsoft.VisualStudio.TestPlatform.Extensions.Html.TestLogger: Resolving assembly.
TpTrace Information: 0 : 5884, 1, 2023/08/19, 18:41:30.909, 67363190665613, vstest.console.dll, AssemblyResolver.OnResolve: Resolved assembly: Microsoft.VisualStudio.TestPlatform.Extensions.Html.TestLogger, from path: C:\Program Files\dotnet\sdk\5.0.103\Extensions\Microsoft.VisualStudio.TestPlatform.Extensions.Html.TestLogger.dll
TpTrace Information: 0 : 5884, 1, 2023/08/19, 18:41:30.911, 67363190680169, vstest.console.dll, AssemblyResolver.OnResolve: Microsoft.VisualStudio.TestPlatform.Extensions.Trx.TestLogger: Resolving assembly.
TpTrace Information: 0 : 5884, 1, 2023/08/19, 18:41:30.919, 67363190761031, vstest.console.dll, AssemblyResolver.OnResolve: Resolved assembly: Microsoft.VisualStudio.TestPlatform.Extensions.Trx.TestLogger, from path: C:\Program Files\dotnet\sdk\5.0.103\Extensions\Microsoft.VisualStudio.TestPlatform.Extensions.Trx.TestLogger.dll
TpTrace Verbose: 0 : 5884, 1, 2023/08/19, 18:41:30.926, 67363190833854, vstest.console.dll, TestPluginCache: Discovered the extensions using extension path ''.
TpTrace Verbose: 0 : 5884, 1, 2023/08/19, 18:41:30.926, 67363190837631, vstest.console.dll, TestPluginCache: Discoverers are ''.
TpTrace Verbose: 0 : 5884, 1, 2023/08/19, 18:41:30.926, 67363190839713, vstest.console.dll, TestPluginCache: Executors are ''.
TpTrace Verbose: 0 : 5884, 1, 2023/08/19, 18:41:30.927, 67363190841844, vstest.console.dll, TestPluginCache: Executors2 are ''.
TpTrace Verbose: 0 : 5884, 1, 2023/08/19, 18:41:30.927, 67363190844327, vstest.console.dll, TestPluginCache: Setting providers are ''.
TpTrace Verbose: 0 : 5884, 1, 2023/08/19, 18:41:30.927, 67363190847051, vstest.console.dll, TestPluginCache: Loggers are ''.
TpTrace Information: 0 : 5884, 1, 2023/08/19, 18:41:30.954, 67363191117940, vstest.console.dll, RunTestsArgumentProcessor:Execute: Test run is starting.
TpTrace Verbose: 0 : 5884, 1, 2023/08/19, 18:41:30.955, 67363191121374, vstest.console.dll, RunTestsArgumentProcessor:Execute: Queuing Test run.
TpTrace Information: 0 : 5884, 1, 2023/08/19, 18:41:30.956, 67363191131246, vstest.console.dll, TestRequestManager.RunTests: run tests started.
TpTrace Information: 0 : 5884, 1, 2023/08/19, 18:41:30.991, 67363191488756, vstest.console.dll, AssemblyMetadataProvider.GetFrameWork: Determined framework:'.NETCoreApp,Version=v3.1' for source: 'C:\Users\MonPC\source\repos\allopromo\allopromo.Core.UnitTests\bin\Debug\netcoreapp3.1\fine-code-coverage\build-output\allopromo.Core.UnitTests.dll'
TpTrace Information: 0 : 5884, 1, 2023/08/19, 18:41:30.992, 67363191495550, vstest.console.dll, Determined framework for all sources: .NETCoreApp,Version=v3.1
TpTrace Information: 0 : 5884, 1, 2023/08/19, 18:41:30.994, 67363191518234, vstest.console.dll, AssemblyMetadataProvider.GetArchitecture: Determined architecture:AnyCPU info for assembly: C:\Users\MonPC\source\repos\allopromo\allopromo.Core.UnitTests\bin\Debug\netcoreapp3.1\fine-code-coverage\build-output\allopromo.Core.UnitTests.dll
TpTrace Information: 0 : 5884, 1, 2023/08/19, 18:41:31.001, 67363191580005, vstest.console.dll, Determined platform for all sources: X64
TpTrace Information: 0 : 5884, 1, 2023/08/19, 18:41:31.010, 67363191673934, vstest.console.dll, Compatible sources list : 
TpTrace Information: 0 : 5884, 1, 2023/08/19, 18:41:31.010, 67363191678242, vstest.console.dll, C:\Users\MonPC\source\repos\allopromo\allopromo.Core.UnitTests\bin\Debug\netcoreapp3.1\fine-code-coverage\build-output\allopromo.Core.UnitTests.dll
TpTrace Information: 0 : 5884, 1, 2023/08/19, 18:41:31.035, 67363191924035, vstest.console.dll, InferRunSettingsHelper.IsTestSettingsEnabled: Unable to navigate to RunSettings/MSTest. Current node: RunSettings
TpTrace Information: 0 : 5884, 1, 2023/08/19, 18:41:31.038, 67363191957412, vstest.console.dll, AssemblyResolver.OnResolve: Microsoft.VisualStudio.TestPlatform.Fakes: Resolving assembly.
TpTrace Information: 0 : 5884, 1, 2023/08/19, 18:41:31.039, 67363191969041, vstest.console.dll, AssemblyResolver.OnResolve: Microsoft.VisualStudio.TestPlatform.Fakes: Failed to load assembly.
TpTrace Information: 0 : 5884, 1, 2023/08/19, 18:41:31.043, 67363192009352, vstest.console.dll, Failed to create newly implemented Fakes Configurator. Reason:System.IO.FileNotFoundException: Could not load file or assembly 'Microsoft.VisualStudio.TestPlatform.Fakes, Version=16.0.0.0, Culture=neutral, PublicKeyToken=null'. The system cannot find the file specified.
File name: 'Microsoft.VisualStudio.TestPlatform.Fakes, Version=16.0.0.0, Culture=neutral, PublicKeyToken=null'
   at System.Reflection.RuntimeAssembly.InternalLoad(ObjectHandleOnStack assemblyName, ObjectHandleOnStack requestingAssembly, StackCrawlMarkHandle stackMark, Boolean throwOnFileNotFound, ObjectHandleOnStack assemblyLoadContext, ObjectHandleOnStack retAssembly)
   at System.Reflection.RuntimeAssembly.InternalLoad(AssemblyName assemblyName, RuntimeAssembly requestingAssembly, StackCrawlMark& stackMark, Boolean throwOnFileNotFound, AssemblyLoadContext assemblyLoadContext)
   at System.Reflection.Assembly.Load(String assemblyString)
   at Microsoft.VisualStudio.TestPlatform.Common.Utilities.FakesUtilities.TryGetFakesCrossPlatformDataCollectorConfigurator() 
TpTrace Verbose: 0 : 5884, 1, 2023/08/19, 18:41:31.064, 67363192219149, vstest.console.dll, TestPluginCache.DiscoverTestExtensions: finding test extensions in assemblies ends with: TestLogger.dll TPluginInfo: Microsoft.VisualStudio.TestPlatform.Common.ExtensionFramework.Utilities.TestLoggerPluginInformation TExtension: Microsoft.VisualStudio.TestPlatform.ObjectModel.Client.ITestLogger
TpTrace Verbose: 0 : 5884, 1, 2023/08/19, 18:41:31.065, 67363192223525, vstest.console.dll, TestPluginCache.GetExtensionPaths: Filtered extension paths: 
TpTrace Verbose: 0 : 5884, 1, 2023/08/19, 18:41:31.065, 67363192226748, vstest.console.dll, TestPluginCache.GetExtensionPaths: Added default extension paths: C:\Program Files\dotnet\sdk\5.0.103\Extensions\Microsoft.Diagnostics.NETCore.Client.dll
C:\Program Files\dotnet\sdk\5.0.103\Extensions\Microsoft.TestPlatform.Extensions.BlameDataCollector.dll
C:\Program Files\dotnet\sdk\5.0.103\Extensions\Microsoft.TestPlatform.Extensions.EventLogCollector.dll
C:\Program Files\dotnet\sdk\5.0.103\Extensions\Microsoft.TestPlatform.TestHostRuntimeProvider.dll
C:\Program Files\dotnet\sdk\5.0.103\Extensions\Microsoft.VisualStudio.TestPlatform.Extensions.Html.TestLogger.dll
C:\Program Files\dotnet\sdk\5.0.103\Extensions\Microsoft.VisualStudio.TestPlatform.Extensions.Trx.TestLogger.dll
TpTrace Verbose: 0 : 5884, 1, 2023/08/19, 18:41:31.065, 67363192229236, vstest.console.dll, TestPluginCache.GetExtensionPaths: Added unfilterableExtensionPaths: 
TpTrace Information: 0 : 5884, 1, 2023/08/19, 18:41:31.066, 67363192236677, vstest.console.dll, AssemblyResolver.AddSearchDirectories: Adding more searchDirectories C:\Program Files\dotnet\sdk\5.0.103\Extensions,C:\Program Files\dotnet\sdk\5.0.103
TpTrace Verbose: 0 : 5884, 1, 2023/08/19, 18:41:31.066, 67363192239671, vstest.console.dll, TestPluginCache.DiscoverTestExtensions: Discovering the extensions using extension path.
TpTrace Verbose: 0 : 5884, 1, 2023/08/19, 18:41:31.067, 67363192241896, vstest.console.dll, TestPluginCache.GetExtensionPaths: Filtered extension paths: 
TpTrace Verbose: 0 : 5884, 1, 2023/08/19, 18:41:31.067, 67363192244503, vstest.console.dll, TestPluginCache.GetExtensionPaths: Added default extension paths: C:\Program Files\dotnet\sdk\5.0.103\Extensions\Microsoft.Diagnostics.NETCore.Client.dll
C:\Program Files\dotnet\sdk\5.0.103\Extensions\Microsoft.TestPlatform.Extensions.BlameDataCollector.dll
C:\Program Files\dotnet\sdk\5.0.103\Extensions\Microsoft.TestPlatform.Extensions.EventLogCollector.dll
C:\Program Files\dotnet\sdk\5.0.103\Extensions\Microsoft.TestPlatform.TestHostRuntimeProvider.dll
C:\Program Files\dotnet\sdk\5.0.103\Extensions\Microsoft.VisualStudio.TestPlatform.Extensions.Html.TestLogger.dll
C:\Program Files\dotnet\sdk\5.0.103\Extensions\Microsoft.VisualStudio.TestPlatform.Extensions.Trx.TestLogger.dll
TpTrace Verbose: 0 : 5884, 1, 2023/08/19, 18:41:31.067, 67363192247187, vstest.console.dll, TestPluginCache.GetExtensionPaths: Added unfilterableExtensionPaths: 
TpTrace Verbose: 0 : 5884, 1, 2023/08/19, 18:41:31.068, 67363192249956, vstest.console.dll, TestPluginCache.DiscoverTestExtensions: Discovering the extensions using allExtensionPaths: C:\Program Files\dotnet\sdk\5.0.103\Extensions\Microsoft.Diagnostics.NETCore.Client.dll
C:\Program Files\dotnet\sdk\5.0.103\Extensions\Microsoft.TestPlatform.Extensions.BlameDataCollector.dll
C:\Program Files\dotnet\sdk\5.0.103\Extensions\Microsoft.TestPlatform.Extensions.EventLogCollector.dll
C:\Program Files\dotnet\sdk\5.0.103\Extensions\Microsoft.TestPlatform.TestHostRuntimeProvider.dll
C:\Program Files\dotnet\sdk\5.0.103\Extensions\Microsoft.VisualStudio.TestPlatform.Extensions.Html.TestLogger.dll
C:\Program Files\dotnet\sdk\5.0.103\Extensions\Microsoft.VisualStudio.TestPlatform.Extensions.Trx.TestLogger.dll
TpTrace Information: 0 : 5884, 1, 2023/08/19, 18:41:31.068, 67363192253173, vstest.console.dll, AssemblyResolver.AddSearchDirectories: Adding more searchDirectories C:\Program Files\dotnet\sdk\5.0.103\Extensions,C:\Program Files\dotnet\sdk\5.0.103
TpTrace Information: 0 : 5884, 1, 2023/08/19, 18:41:31.068, 67363192256127, vstest.console.dll, AssemblyResolver.AddSearchDirectories: Adding more searchDirectories C:\Program Files\dotnet\sdk\5.0.103\Extensions,C:\Program Files\dotnet\sdk\5.0.103
TpTrace Information: 0 : 5884, 1, 2023/08/19, 18:41:31.068, 67363192259238, vstest.console.dll, AssemblyResolver.AddSearchDirectories: Adding more searchDirectories C:\Program Files\dotnet\sdk\5.0.103\Extensions,C:\Program Files\dotnet\sdk\5.0.103
TpTrace Information: 0 : 5884, 1, 2023/08/19, 18:41:31.069, 67363192261741, vstest.console.dll, AssemblyResolver.AddSearchDirectories: Adding more searchDirectories C:\Program Files\dotnet\sdk\5.0.103\Extensions,C:\Program Files\dotnet\sdk\5.0.103
TpTrace Information: 0 : 5884, 1, 2023/08/19, 18:41:31.069, 67363192264065, vstest.console.dll, AssemblyResolver.AddSearchDirectories: Adding more searchDirectories C:\Program Files\dotnet\sdk\5.0.103\Extensions,C:\Program Files\dotnet\sdk\5.0.103
TpTrace Information: 0 : 5884, 1, 2023/08/19, 18:41:31.069, 67363192267093, vstest.console.dll, AssemblyResolver.AddSearchDirectories: Adding more searchDirectories C:\Program Files\dotnet\sdk\5.0.103\Extensions,C:\Program Files\dotnet\sdk\5.0.103
TpTrace Information: 0 : 5884, 1, 2023/08/19, 18:41:31.070, 67363192274985, vstest.console.dll, AssemblyResolver.OnResolve: Microsoft.Bcl.AsyncInterfaces: Resolving assembly.
TpTrace Information: 0 : 5884, 1, 2023/08/19, 18:41:31.070, 67363192277977, vstest.console.dll, AssemblyResolver.OnResolve: Microsoft.Bcl.AsyncInterfaces: Resolved from cache.
TpTrace Verbose: 0 : 5884, 1, 2023/08/19, 18:41:31.071, 67363192280401, vstest.console.dll, CurrentDomain_AssemblyResolve: Resolving assembly 'Microsoft.Bcl.AsyncInterfaces'.
TpTrace Information: 0 : 5884, 1, 2023/08/19, 18:41:31.071, 67363192284224, vstest.console.dll, AssemblyResolver.OnResolve: Microsoft.Bcl.AsyncInterfaces: Resolving assembly.
TpTrace Information: 0 : 5884, 1, 2023/08/19, 18:41:31.071, 67363192288076, vstest.console.dll, AssemblyResolver.OnResolve: Microsoft.Bcl.AsyncInterfaces: Resolved from cache.
TpTrace Verbose: 0 : 5884, 1, 2023/08/19, 18:41:31.072, 67363192290612, vstest.console.dll, CurrentDomain_AssemblyResolve: Resolving assembly 'Microsoft.Bcl.AsyncInterfaces'.
TpTrace Verbose: 0 : 5884, 1, 2023/08/19, 18:41:31.072, 67363192292370, vstest.console.dll, CurrentDomainAssemblyResolve: Failed to resolve assembly 'Microsoft.Bcl.AsyncInterfaces'.
TpTrace Verbose: 0 : 5884, 1, 2023/08/19, 18:41:31.072, 67363192298928, vstest.console.dll, CurrentDomainAssemblyResolve: Failed to resolve assembly 'Microsoft.Bcl.AsyncInterfaces'.
TpTrace Warning: 0 : 5884, 1, 2023/08/19, 18:41:31.074, 67363192311536, vstest.console.dll, TestPluginDiscoverer: Failed to get types from assembly 'Microsoft.Diagnostics.NETCore.Client, Version=0.2.2.41902, Culture=neutral, PublicKeyToken=31bf3856ad364e35'.  Skipping test extension scan for this assembly.  Error: System.Reflection.ReflectionTypeLoadException: Unable to load one or more of the requested types.
Could not load file or assembly 'Microsoft.Bcl.AsyncInterfaces, Version=1.0.0.0, Culture=neutral, PublicKeyToken=cc7b13ffcd2ddd51'. The system cannot find the file specified.
   at System.Reflection.RuntimeModule.GetTypes(RuntimeModule module)
   at System.Reflection.RuntimeModule.GetTypes()
   at System.Reflection.Assembly.GetTypes()
   at Microsoft.VisualStudio.TestPlatform.Common.ExtensionFramework.TestPluginDiscoverer.GetTestExtensionsFromAssembly[TPluginInfo,TExtension](Assembly assembly, Dictionary`2 pluginInfos)
System.IO.FileNotFoundException: Could not load file or assembly 'Microsoft.Bcl.AsyncInterfaces, Version=1.0.0.0, Culture=neutral, PublicKeyToken=cc7b13ffcd2ddd51'. The system cannot find the file specified.
File name: 'Microsoft.Bcl.AsyncInterfaces, Version=1.0.0.0, Culture=neutral, PublicKeyToken=cc7b13ffcd2ddd51'
TpTrace Warning: 0 : 5884, 1, 2023/08/19, 18:41:31.074, 67363192314599, vstest.console.dll, LoaderExceptions: System.IO.FileNotFoundException: Could not load file or assembly 'Microsoft.Bcl.AsyncInterfaces, Version=1.0.0.0, Culture=neutral, PublicKeyToken=cc7b13ffcd2ddd51'. The system cannot find the file specified.
File name: 'Microsoft.Bcl.AsyncInterfaces, Version=1.0.0.0, Culture=neutral, PublicKeyToken=cc7b13ffcd2ddd51'
TpTrace Verbose: 0 : 5884, 1, 2023/08/19, 18:41:31.075, 67363192329140, vstest.console.dll, TestPluginCache: Discovered the extensions using extension path ''.
TpTrace Verbose: 0 : 5884, 1, 2023/08/19, 18:41:31.076, 67363192331869, vstest.console.dll, TestPluginCache: Discoverers are ''.
TpTrace Verbose: 0 : 5884, 1, 2023/08/19, 18:41:31.076, 67363192333855, vstest.console.dll, TestPluginCache: Executors are ''.
TpTrace Verbose: 0 : 5884, 1, 2023/08/19, 18:41:31.076, 67363192335775, vstest.console.dll, TestPluginCache: Executors2 are ''.
TpTrace Verbose: 0 : 5884, 1, 2023/08/19, 18:41:31.076, 67363192337474, vstest.console.dll, TestPluginCache: Setting providers are ''.
TpTrace Verbose: 0 : 5884, 1, 2023/08/19, 18:41:31.077, 67363192340778, vstest.console.dll, TestPluginCache: Loggers are 'logger://Microsoft/TestPlatform/Extensions/Blame/v1,logger://Microsoft/TestPlatform/HtmlLogger/v1,logger://Microsoft/TestPlatform/TrxLogger/v1'.
TpTrace Information: 0 : 5884, 1, 2023/08/19, 18:41:31.079, 67363192369699, vstest.console.dll, TestPluginManager.CreateTestExtension: Attempting to load test extension: Microsoft.TestPlatform.Extensions.BlameDataCollector.BlameLogger
TpTrace Information: 0 : 5884, 1, 2023/08/19, 18:41:31.118, 67363192754559, vstest.console.dll, TestPluginManager.CreateTestExtension: Attempting to load test extension: Microsoft.VisualStudio.TestPlatform.CrossPlatEngine.Hosting.DefaultTestHostManager
TpTrace Information: 0 : 5884, 1, 2023/08/19, 18:41:31.119, 67363192766478, vstest.console.dll, TestPluginManager.CreateTestExtension: Attempting to load test extension: Microsoft.VisualStudio.TestPlatform.CrossPlatEngine.Hosting.DotnetTestHostManager
TpTrace Verbose: 0 : 5884, 1, 2023/08/19, 18:41:31.123, 67363192808789, vstest.console.dll, TestEngine: Initializing Parallel Execution as MaxCpuCount is set to: 1
TpTrace Information: 0 : 5884, 1, 2023/08/19, 18:41:31.126, 67363192830648, vstest.console.dll, InferRunSettingsHelper.IsTestSettingsEnabled: Unable to navigate to RunSettings/MSTest. Current node: RunSettings
TpTrace Verbose: 0 : 5884, 1, 2023/08/19, 18:41:31.213, 67363193708176, vstest.console.dll, TestRequestSender is acting as server
TpTrace Verbose: 0 : 5884, 5, 2023/08/19, 18:41:31.246, 67363194037810, vstest.console.dll, DataCollectionRequestSender.InitializeCommunication : Initialize communication. 
TpTrace Information: 0 : 5884, 5, 2023/08/19, 18:41:31.325, 67363194823733, vstest.console.dll, Listening on Endpoint : 127.0.0.1:59590
TpTrace Verbose: 0 : 5884, 5, 2023/08/19, 18:41:31.411, 67363195681162, vstest.console.dll, DotnetDataCollectionLauncher: Full path of dotnet.exe is C:\Program Files\dotnet\dotnet.exe
TpTrace Verbose: 0 : 5884, 5, 2023/08/19, 18:41:31.412, 67363195689905, vstest.console.dll, DotnetDataCollectionLauncher: Adding  --runtimeconfig "C:\Program Files\dotnet\sdk\5.0.103\datacollector.runtimeconfig.json" in args
TpTrace Verbose: 0 : 5884, 5, 2023/08/19, 18:41:31.412, 67363195697296, vstest.console.dll, DotnetDataCollectionLauncher: Adding  --depsfile "C:\Program Files\dotnet\sdk\5.0.103\datacollector.deps.json" in args
TpTrace Information: 0 : 5884, 5, 2023/08/19, 18:41:31.599, 67363197561432, vstest.console.dll, ProxyDataCollectionManager.Initialize: Launched datacollector processId: 14172 port: 59590
TpTrace Information: 0 : 5884, 5, 2023/08/19, 18:41:31.599, 67363197566968, vstest.console.dll, ProxyDataCollectionManager.Initialize: waiting for connection with timeout: 90 seconds
TpTrace Verbose: 0 : 5884, 5, 2023/08/19, 18:41:31.600, 67363197570319, vstest.console.dll, DataCollectionRequestSender.WaitForRequestHandlerConnection : Waiting for connection with timeout: 90000
TpTrace Information: 0 : 5884, 7, 2023/08/19, 18:41:32.390, 67363205479299, vstest.console.dll, Using the buffer size of 16384 bytes
TpTrace Verbose: 0 : 5884, 5, 2023/08/19, 18:41:32.391, 67363205481337, vstest.console.dll, ProxyDataCollectionManager.InvokeDataCollectionServiceAction: Starting.
TpTrace Information: 0 : 5884, 7, 2023/08/19, 18:41:32.391, 67363205482567, vstest.console.dll, Accepted Client request and set the flag
TpTrace Information: 0 : 5884, 5, 2023/08/19, 18:41:32.391, 67363205487558, vstest.console.dll, ProxyDataCollectionManager.BeforeTestRunStart: Get environment variable and port for datacollector processId: 14172 port: 59590
TpTrace Verbose: 0 : 5884, 5, 2023/08/19, 18:41:32.392, 67363205492870, vstest.console.dll, DataCollectionRequestSender.SendBeforeTestRunStartAndGetResult : Send BeforeTestRunStart message with settingsXml <RunSettings><RunConfiguration><ResultsDirectory>C:\Users\MonPC\source\repos\allopromo\allopromo.Core.UnitTests\bin\Debug\netcoreapp3.1\fine-code-coverage\coverage-tool-output</ResultsDirectory><TargetPlatform>X64</TargetPlatform><TargetFrameworkVersion>.NETCoreApp,Version=v3.1</TargetFrameworkVersion><DesignMode>False</DesignMode><CollectSourceInformation>False</CollectSourceInformation><TestAdaptersPaths>C:\Program Files\dotnet\sdk\5.0.103\Extensions</TestAdaptersPaths></RunConfiguration><LoggerRunSettings><Loggers><Logger friendlyName="blame" enabled="True" /><Logger friendlyName="Console" uri="logger://microsoft/TestPlatform/ConsoleLogger/v1" assemblyQualifiedName="Microsoft.VisualStudio.TestPlatform.CommandLine.Internal.ConsoleLogger, vstest.console, Version=15.0.0.0, Culture=neutral, PublicKeyToken=b03f5f7f11d50a3a" codeBase="C:\Program Files\dotnet\sdk\5.0.103\vstest.console.dll" enabled="True" /></Loggers></LoggerRunSettings><DataCollectionRunSettings><DataCollectors><DataCollector friendlyName="blame" enabled="True"><Configuration><ResultsDirectory>C:\Users\MonPC\source\repos\allopromo\allopromo.Core.UnitTests\bin\Debug\netcoreapp3.1\fine-code-coverage\coverage-tool-output</ResultsDirectory></Configuration></DataCollector></DataCollectors></DataCollectionRunSettings></RunSettings> and sources System.Linq.Enumerable+Concat2Iterator`1[System.String]: 
TpTrace Verbose: 0 : 5884, 5, 2023/08/19, 18:41:32.832, 67363209892451, vstest.console.dll, DataCollectionRequestSender.SendBeforeTestRunStartAndGetResult : Received message: (DataCollection.SendMessage) -> {
  "FriendlyName": null,
  "Uri": null,
  "TestCaseId": "00000000-0000-0000-0000-000000000000",
  "Message": "Logging DataCollector Diagnostics in file: C:\\Users\\MonPC\\source\\repos\\allopromo\\allopromo.Core.UnitTests\\bin\\Debug\\netcoreapp3.1\\fine-code-coverage\\coverage-tool-output\\diagnostics.datacollector.23-08-19_18-41-31_36527_5.log",
  "Level": 0
}
TpTrace Verbose: 0 : 5884, 5, 2023/08/19, 18:41:33.332, 67363214890946, vstest.console.dll, DataCollectionRequestSender.SendBeforeTestRunStartAndGetResult : Received message: (DataCollection.BeforeTestRunStartResult) -> {
  "EnvironmentVariables": {},
  "DataCollectionEventsPort": 59592
}
TpTrace Information: 0 : 5884, 5, 2023/08/19, 18:41:33.359, 67363215162828, vstest.console.dll, ProxyDataCollectionManager.BeforeTestRunStart: SendBeforeTestRunStartAndGetResult successful, env variable from datacollector:   and testhost port: 59592
TpTrace Information: 0 : 5884, 5, 2023/08/19, 18:41:33.359, 67363215167128, vstest.console.dll, ProxyDataCollectionManager.InvokeDataCollectionServiceAction: Completed.
TpTrace Verbose: 0 : 5884, 1, 2023/08/19, 18:41:33.360, 67363215173021, vstest.console.dll, TestRunRequest.ExecuteAsync: Creating test run request.
TpTrace Verbose: 0 : 5884, 1, 2023/08/19, 18:41:33.364, 67363215217457, vstest.console.dll, TestRunRequest.ExecuteAsync: Starting.
TpTrace Information: 0 : 5884, 1, 2023/08/19, 18:41:33.366, 67363215238666, vstest.console.dll, TestRunRequest.ExecuteAsync: Starting run with settings:TestRunCriteria:
   KeepAlive=False,FrequencyOfRunStatsChangeEvent=10,RunStatsChangeEventTimeout=00:00:01.5000000,TestCaseFilter=,TestExecutorLauncher=
   Settingsxml=<RunSettings>
  <RunConfiguration>
    <ResultsDirectory>C:\Users\MonPC\source\repos\allopromo\allopromo.Core.UnitTests\bin\Debug\netcoreapp3.1\fine-code-coverage\coverage-tool-output</ResultsDirectory>
    <TargetPlatform>X64</TargetPlatform>
    <TargetFrameworkVersion>.NETCoreApp,Version=v3.1</TargetFrameworkVersion>
    <DesignMode>False</DesignMode>
    <CollectSourceInformation>False</CollectSourceInformation>
  </RunConfiguration>
  <LoggerRunSettings>
    <Loggers>
      <Logger friendlyName="blame" enabled="True" />
      <Logger friendlyName="Console" uri="logger://microsoft/TestPlatform/ConsoleLogger/v1" assemblyQualifiedName="Microsoft.VisualStudio.TestPlatform.CommandLine.Internal.ConsoleLogger, vstest.console, Version=15.0.0.0, Culture=neutral, PublicKeyToken=b03f5f7f11d50a3a" codeBase="C:\Program Files\dotnet\sdk\5.0.103\vstest.console.dll" enabled="True" />
    </Loggers>
  </LoggerRunSettings>
  <DataCollectionRunSettings>
    <DataCollectors>
      <DataCollector friendlyName="blame" enabled="True">
        <Configuration>
          <ResultsDirectory>C:\Users\MonPC\source\repos\allopromo\allopromo.Core.UnitTests\bin\Debug\netcoreapp3.1\fine-code-coverage\coverage-tool-output</ResultsDirectory>
        </Configuration>
      </DataCollector>
    </DataCollectors>
  </DataCollectionRunSettings>
</RunSettings>

TpTrace Verbose: 0 : 5884, 1, 2023/08/19, 18:41:33.367, 67363215242325, vstest.console.dll, TestRunRequest.ExecuteAsync: Wait for the first run request is over.
TpTrace Verbose: 0 : 5884, 1, 2023/08/19, 18:41:33.369, 67363215263760, vstest.console.dll, ParallelProxyExecutionManager: Start execution. Total sources: 1
TpTrace Information: 0 : 5884, 1, 2023/08/19, 18:41:33.372, 67363215295444, vstest.console.dll, ProxyParallelExecutionManager: Triggering test run for next source: C:\Users\MonPC\source\repos\allopromo\allopromo.Core.UnitTests\bin\Debug\netcoreapp3.1\fine-code-coverage\build-output\allopromo.Core.UnitTests.dll
TpTrace Verbose: 0 : 5884, 1, 2023/08/19, 18:41:33.373, 67363215305711, vstest.console.dll, ProxyParallelExecutionManager: No sources available for execution.
TpTrace Information: 0 : 5884, 1, 2023/08/19, 18:41:33.373, 67363215309437, vstest.console.dll, TestRunRequest.ExecuteAsync: Started.
TpTrace Verbose: 0 : 5884, 1, 2023/08/19, 18:41:33.374, 67363215313721, vstest.console.dll, TestRunRequest.WaitForCompletion: Waiting with timeout -1.
TpTrace Verbose: 0 : 5884, 9, 2023/08/19, 18:41:33.384, 67363215409846, vstest.console.dll, ParallelProxyExecutionManager: Execution started. Started clients: 1
TpTrace Verbose: 0 : 5884, 9, 2023/08/19, 18:41:33.385, 67363215423805, vstest.console.dll, TestRunRequest:SendTestRunMessage: Starting.
TpTrace Information: 0 : 5884, 9, 2023/08/19, 18:41:33.386, 67363215430082, vstest.console.dll, TestRunRequest:SendTestRunMessage: Completed.
TpTrace Verbose: 0 : 5884, 9, 2023/08/19, 18:41:33.387, 67363215440563, vstest.console.dll, ProxyExecutionManager: Test host is always Lazy initialize.
TpTrace Verbose: 0 : 5884, 9, 2023/08/19, 18:41:33.388, 67363215452546, vstest.console.dll, TestRequestSender.InitializeCommunication: initialize communication. 
TpTrace Information: 0 : 5884, 9, 2023/08/19, 18:41:33.391, 67363215486989, vstest.console.dll, SocketServer.Start: Listening on endpoint : 127.0.0.1:59593
TpTrace Verbose: 0 : 5884, 9, 2023/08/19, 18:41:33.394, 67363215519096, vstest.console.dll, DotnetTestHostmanager: Adding  --runtimeconfig "C:\Users\MonPC\source\repos\allopromo\allopromo.Core.UnitTests\bin\Debug\netcoreapp3.1\fine-code-coverage\build-output\allopromo.Core.UnitTests.runtimeconfig.json" in args
TpTrace Verbose: 0 : 5884, 9, 2023/08/19, 18:41:33.395, 67363215524602, vstest.console.dll, DotnetTestHostmanager: Adding  --depsfile "C:\Users\MonPC\source\repos\allopromo\allopromo.Core.UnitTests\bin\Debug\netcoreapp3.1\fine-code-coverage\build-output\allopromo.Core.UnitTests.deps.json" in args
TpTrace Verbose: 0 : 5884, 9, 2023/08/19, 18:41:33.396, 67363215536468, vstest.console.dll, DotnetTestHostManager: Testhost.exe/testhost.x86.exe found at path: C:\Users\MonPC\source\repos\allopromo\allopromo.Core.UnitTests\bin\Debug\netcoreapp3.1\fine-code-coverage\build-output\testhost.exe
TpTrace Verbose: 0 : 5884, 9, 2023/08/19, 18:41:33.396, 67363215539665, vstest.console.dll, DotnetTestHostmanager: Full path of host exe is C:\Users\MonPC\source\repos\allopromo\allopromo.Core.UnitTests\bin\Debug\netcoreapp3.1\fine-code-coverage\build-output\testhost.exe
TpTrace Verbose: 0 : 5884, 12, 2023/08/19, 18:41:33.415, 67363215726683, vstest.console.dll, DotnetTestHostManager: Starting process 'C:\Users\MonPC\source\repos\allopromo\allopromo.Core.UnitTests\bin\Debug\netcoreapp3.1\fine-code-coverage\build-output\testhost.exe' with command line ' --runtimeconfig "C:\Users\MonPC\source\repos\allopromo\allopromo.Core.UnitTests\bin\Debug\netcoreapp3.1\fine-code-coverage\build-output\allopromo.Core.UnitTests.runtimeconfig.json" --depsfile "C:\Users\MonPC\source\repos\allopromo\allopromo.Core.UnitTests\bin\Debug\netcoreapp3.1\fine-code-coverage\build-output\allopromo.Core.UnitTests.deps.json" --port 59593 --endpoint 127.0.0.1:059593 --role client --parentprocessid 5884 --diag "C:\Users\MonPC\source\repos\allopromo\allopromo.Core.UnitTests\bin\Debug\netcoreapp3.1\fine-code-coverage\coverage-tool-output\diagnostics.host.23-08-19_18-41-33_39326_9.log" --tracelevel 4 --datacollectionport 59592 --telemetryoptedin false'
TpTrace Verbose: 0 : 5884, 12, 2023/08/19, 18:41:33.520, 67363216770629, vstest.console.dll, Test Runtime launched
TpTrace Verbose: 0 : 5884, 9, 2023/08/19, 18:41:33.537, 67363216944497, vstest.console.dll, TestRequestSender.WaitForRequestHandlerConnection: waiting for connection with timeout: 90000
TpTrace Verbose: 0 : 5884, 5, 2023/08/19, 18:41:36.167, 67363243248132, vstest.console.dll, SocketServer.OnClientConnected: Client connected for endPoint: 127.0.0.1:59593, starting MessageLoopAsync:
TpTrace Verbose: 0 : 5884, 5, 2023/08/19, 18:41:36.168, 67363243255775, vstest.console.dll, TcpClientExtensions.MessageLoopAsync: Polling on remoteEndPoint: 127.0.0.1:59595 localEndPoint: 127.0.0.1:59593
TpTrace Verbose: 0 : 5884, 5, 2023/08/19, 18:41:37.177, 67363253346753, vstest.console.dll, TcpClientExtensions.MessageLoopAsync: Polling on remoteEndPoint: 127.0.0.1:59595 localEndPoint: 127.0.0.1:59593
TpTrace Verbose: 0 : 5884, 5, 2023/08/19, 18:41:37.190, 67363253477303, vstest.console.dll, TcpClientExtensions.MessageLoopAsync: NotifyDataAvailable remoteEndPoint: 127.0.0.1:59595 localEndPoint: 127.0.0.1:59593
TpTrace Verbose: 0 : 5884, 5, 2023/08/19, 18:41:37.191, 67363253483950, vstest.console.dll, TestRequestSender.CheckVersionWithTestHost: onMessageReceived received message: (ProtocolVersion) -> 2
TpTrace Verbose: 0 : 5884, 5, 2023/08/19, 18:41:37.192, 67363253498674, vstest.console.dll, TcpClientExtensions.MessageLoopAsync: Polling on remoteEndPoint: 127.0.0.1:59595 localEndPoint: 127.0.0.1:59593
TpTrace Verbose: 0 : 5884, 9, 2023/08/19, 18:41:37.193, 67363253501912, vstest.console.dll, TestPluginCache.GetExtensionPaths: Filtered extension paths: 
TpTrace Verbose: 0 : 5884, 9, 2023/08/19, 18:41:37.193, 67363253504324, vstest.console.dll, TestPluginCache.GetExtensionPaths: Added default extension paths: C:\Program Files\dotnet\sdk\5.0.103\Extensions\Microsoft.Diagnostics.NETCore.Client.dll
C:\Program Files\dotnet\sdk\5.0.103\Extensions\Microsoft.TestPlatform.Extensions.BlameDataCollector.dll
C:\Program Files\dotnet\sdk\5.0.103\Extensions\Microsoft.TestPlatform.Extensions.EventLogCollector.dll
C:\Program Files\dotnet\sdk\5.0.103\Extensions\Microsoft.TestPlatform.TestHostRuntimeProvider.dll
C:\Program Files\dotnet\sdk\5.0.103\Extensions\Microsoft.VisualStudio.TestPlatform.Extensions.Html.TestLogger.dll
C:\Program Files\dotnet\sdk\5.0.103\Extensions\Microsoft.VisualStudio.TestPlatform.Extensions.Trx.TestLogger.dll
TpTrace Verbose: 0 : 5884, 9, 2023/08/19, 18:41:37.193, 67363253506481, vstest.console.dll, TestPluginCache.GetExtensionPaths: Added unfilterableExtensionPaths: 
TpTrace Verbose: 0 : 5884, 9, 2023/08/19, 18:41:37.209, 67363253665843, vstest.console.dll, TestRequestSender.InitializeExecution: Sending initializing execution with message: {"Version":2,"MessageType":"TestExecution.Initialize","Payload":["C:\\Users\\MonPC\\source\\repos\\allopromo\\allopromo.Core.UnitTests\\bin\\Debug\\netcoreapp3.1\\fine-code-coverage\\build-output\\NUnit3.TestAdapter.dll"]}
TpTrace Verbose: 0 : 5884, 5, 2023/08/19, 18:41:37.273, 67363254308955, vstest.console.dll, TcpClientExtensions.MessageLoopAsync: NotifyDataAvailable remoteEndPoint: 127.0.0.1:59595 localEndPoint: 127.0.0.1:59593
TpTrace Verbose: 0 : 5884, 5, 2023/08/19, 18:41:37.274, 67363254314601, vstest.console.dll, TestRequestSender.OnExecutionMessageReceived: Received message: {"Version":2,"MessageType":"TestSession.Message","Payload":{"MessageLevel":0,"Message":"Logging TestHost Diagnostics in file: C:\\Users\\MonPC\\source\\repos\\allopromo\\allopromo.Core.UnitTests\\bin\\Debug\\netcoreapp3.1\\fine-code-coverage\\coverage-tool-output\\diagnostics.host.23-08-19_18-41-33_39326_9.log"}}
TpTrace Verbose: 0 : 5884, 5, 2023/08/19, 18:41:37.282, 67363254397176, vstest.console.dll, TestRunRequest:SendTestRunMessage: Starting.
TpTrace Information: 0 : 5884, 5, 2023/08/19, 18:41:37.283, 67363254402170, vstest.console.dll, TestRunRequest:SendTestRunMessage: Completed.
TpTrace Verbose: 0 : 5884, 5, 2023/08/19, 18:41:37.283, 67363254405626, vstest.console.dll, TcpClientExtensions.MessageLoopAsync: Polling on remoteEndPoint: 127.0.0.1:59595 localEndPoint: 127.0.0.1:59593
TpTrace Verbose: 0 : 5884, 9, 2023/08/19, 18:41:37.285, 67363254421051, vstest.console.dll, TestRequestSender.StartTestRun: Sending test run with message: {"Version":2,"MessageType":"TestExecution.StartWithSources","Payload":{"AdapterSourceMap":{"_none_":["C:\\Users\\MonPC\\source\\repos\\allopromo\\allopromo.Core.UnitTests\\bin\\Debug\\netcoreapp3.1\\fine-code-coverage\\build-output\\allopromo.Core.UnitTests.dll"]},"RunSettings":"<RunSettings>\r\n  <RunConfiguration>\r\n    <ResultsDirectory>C:\\Users\\MonPC\\source\\repos\\allopromo\\allopromo.Core.UnitTests\\bin\\Debug\\netcoreapp3.1\\fine-code-coverage\\coverage-tool-output</ResultsDirectory>\r\n    <TargetPlatform>X64</TargetPlatform>\r\n    <TargetFrameworkVersion>.NETCoreApp,Version=v3.1</TargetFrameworkVersion>\r\n    <DesignMode>False</DesignMode>\r\n    <CollectSourceInformation>False</CollectSourceInformation>\r\n  </RunConfiguration>\r\n  <LoggerRunSettings>\r\n    <Loggers>\r\n      <Logger friendlyName=\"blame\" enabled=\"True\" />\r\n      <Logger friendlyName=\"Console\" uri=\"logger://microsoft/TestPlatform/ConsoleLogger/v1\" assemblyQualifiedName=\"Microsoft.VisualStudio.TestPlatform.CommandLine.Internal.ConsoleLogger, vstest.console, Version=15.0.0.0, Culture=neutral, PublicKeyToken=b03f5f7f11d50a3a\" codeBase=\"C:\\Program Files\\dotnet\\sdk\\5.0.103\\vstest.console.dll\" enabled=\"True\" />\r\n    </Loggers>\r\n  </LoggerRunSettings>\r\n  <DataCollectionRunSettings>\r\n    <DataCollectors>\r\n      <DataCollector friendlyName=\"blame\" enabled=\"True\">\r\n        <Configuration>\r\n          <ResultsDirectory>C:\\Users\\MonPC\\source\\repos\\allopromo\\allopromo.Core.UnitTests\\bin\\Debug\\netcoreapp3.1\\fine-code-coverage\\coverage-tool-output</ResultsDirectory>\r\n        </Configuration>\r\n      </DataCollector>\r\n    </DataCollectors>\r\n  </DataCollectionRunSettings>\r\n</RunSettings>","TestExecutionContext":{"FrequencyOfRunStatsChangeEvent":10,"RunStatsChangeEventTimeout":"00:00:01.5000000","InIsolation":false,"KeepAlive":false,"AreTestCaseLevelEventsRequired":false,"IsDebug":false,"TestCaseFilter":null,"FilterOptions":null},"Package":null}}
TpTrace Verbose: 0 : 5884, 5, 2023/08/19, 18:41:38.274, 67363264318870, vstest.console.dll, TcpClientExtensions.MessageLoopAsync: NotifyDataAvailable remoteEndPoint: 127.0.0.1:59595 localEndPoint: 127.0.0.1:59593
TpTrace Verbose: 0 : 5884, 5, 2023/08/19, 18:41:38.275, 67363264322685, vstest.console.dll, TestRequestSender.OnExecutionMessageReceived: Received message: {"Version":2,"MessageType":"TestSession.Message","Payload":{"MessageLevel":0,"Message":"NUnit Adapter 3.16.1.0: Test execution started"}}
TpTrace Verbose: 0 : 5884, 5, 2023/08/19, 18:41:38.276, 67363264331082, vstest.console.dll, TestRunRequest:SendTestRunMessage: Starting.
TpTrace Information: 0 : 5884, 5, 2023/08/19, 18:41:38.276, 67363264334076, vstest.console.dll, TestRunRequest:SendTestRunMessage: Completed.
TpTrace Verbose: 0 : 5884, 5, 2023/08/19, 18:41:38.276, 67363264336327, vstest.console.dll, TcpClientExtensions.MessageLoopAsync: Polling on remoteEndPoint: 127.0.0.1:59595 localEndPoint: 127.0.0.1:59593
TpTrace Verbose: 0 : 5884, 5, 2023/08/19, 18:41:38.311, 67363264681228, vstest.console.dll, TcpClientExtensions.MessageLoopAsync: NotifyDataAvailable remoteEndPoint: 127.0.0.1:59595 localEndPoint: 127.0.0.1:59593
TpTrace Verbose: 0 : 5884, 5, 2023/08/19, 18:41:38.311, 67363264685931, vstest.console.dll, TestRequestSender.OnExecutionMessageReceived: Received message: {"Version":2,"MessageType":"TestSession.Message","Payload":{"MessageLevel":0,"Message":"Running all tests in C:\\Users\\MonPC\\source\\repos\\allopromo\\allopromo.Core.UnitTests\\bin\\Debug\\netcoreapp3.1\\fine-code-coverage\\build-output\\allopromo.Core.UnitTests.dll"}}
TpTrace Verbose: 0 : 5884, 5, 2023/08/19, 18:41:38.312, 67363264693496, vstest.console.dll, TestRunRequest:SendTestRunMessage: Starting.
TpTrace Information: 0 : 5884, 5, 2023/08/19, 18:41:38.312, 67363264697322, vstest.console.dll, TestRunRequest:SendTestRunMessage: Completed.
TpTrace Verbose: 0 : 5884, 5, 2023/08/19, 18:41:38.312, 67363264699379, vstest.console.dll, TcpClientExtensions.MessageLoopAsync: Polling on remoteEndPoint: 127.0.0.1:59595 localEndPoint: 127.0.0.1:59593
TpTrace Verbose: 0 : 5884, 5, 2023/08/19, 18:41:39.279, 67363274365399, vstest.console.dll, TcpClientExtensions.MessageLoopAsync: NotifyDataAvailable remoteEndPoint: 127.0.0.1:59595 localEndPoint: 127.0.0.1:59593
TpTrace Verbose: 0 : 5884, 5, 2023/08/19, 18:41:39.279, 67363274369644, vstest.console.dll, TestRequestSender.OnExecutionMessageReceived: Received message: {"Version":2,"MessageType":"TestSession.Message","Payload":{"MessageLevel":0,"Message":"   NUnit3TestExecutor converted 23 of 23 NUnit test cases"}}
TpTrace Verbose: 0 : 5884, 5, 2023/08/19, 18:41:39.280, 67363274376204, vstest.console.dll, TestRunRequest:SendTestRunMessage: Starting.
TpTrace Information: 0 : 5884, 5, 2023/08/19, 18:41:39.280, 67363274379700, vstest.console.dll, TestRunRequest:SendTestRunMessage: Completed.
TpTrace Verbose: 0 : 5884, 5, 2023/08/19, 18:41:39.281, 67363274381795, vstest.console.dll, TcpClientExtensions.MessageLoopAsync: Polling on remoteEndPoint: 127.0.0.1:59595 localEndPoint: 127.0.0.1:59593
TpTrace Verbose: 0 : 5884, 5, 2023/08/19, 18:41:40.283, 67363284406934, vstest.console.dll, TcpClientExtensions.MessageLoopAsync: Polling on remoteEndPoint: 127.0.0.1:59595 localEndPoint: 127.0.0.1:59593
TpTrace Verbose: 0 : 5884, 5, 2023/08/19, 18:41:40.789, 67363289467516, vstest.console.dll, TcpClientExtensions.MessageLoopAsync: NotifyDataAvailable remoteEndPoint: 127.0.0.1:59595 localEndPoint: 127.0.0.1:59593
TpTrace Verbose: 0 : 5884, 5, 2023/08/19, 18:41:40.790, 67363289472807, vstest.console.dll, TestRequestSender.OnExecutionMessageReceived: Received message: {"Version":2,"MessageType":"TestExecution.StatsChange","Payload":{"NewTestResults":[],"TestRunStatistics":{"ExecutedTests":0,"Stats":{}},"ActiveTests":[{"Id":"0993831d-c90a-bd11-9993-c49e1d197480","FullyQualifiedName":"allopromo.Core.Application.UnitTests.DeparmentServiceTests.CreateDepartment_SHOULD_CreateAndReturn","DisplayName":"CreateDepartment_SHOULD_CreateAndReturn","ExecutorUri":"executor://NUnit3TestExecutor","Source":"C:\\Users\\MonPC\\source\\repos\\allopromo\\allopromo.Core.UnitTests\\bin\\Debug\\netcoreapp3.1\\fine-code-coverage\\build-output\\allopromo.Core.UnitTests.dll","CodeFilePath":null,"LineNumber":0,"Properties":[]}]}}
TpTrace Verbose: 0 : 5884, 5, 2023/08/19, 18:41:40.884, 67363290416029, vstest.console.dll, TestRunRequest:SendTestRunStatsChange: Starting.
TpTrace Verbose: 0 : 5884, 5, 2023/08/19, 18:41:40.885, 67363290420919, vstest.console.dll, InProgress is CreateDepartment_SHOULD_CreateAndReturn
TpTrace Information: 0 : 5884, 5, 2023/08/19, 18:41:40.885, 67363290425600, vstest.console.dll, TestRunRequest:SendTestRunStatsChange: Completed.
TpTrace Verbose: 0 : 5884, 5, 2023/08/19, 18:41:40.885, 67363290428180, vstest.console.dll, TcpClientExtensions.MessageLoopAsync: Polling on remoteEndPoint: 127.0.0.1:59595 localEndPoint: 127.0.0.1:59593
TpTrace Verbose: 0 : 5884, 5, 2023/08/19, 18:41:41.900, 67363300576618, vstest.console.dll, TcpClientExtensions.MessageLoopAsync: Polling on remoteEndPoint: 127.0.0.1:59595 localEndPoint: 127.0.0.1:59593
TpTrace Verbose: 0 : 5884, 5, 2023/08/19, 18:41:42.587, 67363307443527, vstest.console.dll, TcpClientExtensions.MessageLoopAsync: NotifyDataAvailable remoteEndPoint: 127.0.0.1:59595 localEndPoint: 127.0.0.1:59593
TpTrace Verbose: 0 : 5884, 5, 2023/08/19, 18:41:42.588, 67363307456130, vstest.console.dll, TestRequestSender.OnExecutionMessageReceived: Received message: {"Version":2,"MessageType":"TestExecution.StatsChange","Payload":{"NewTestResults":[{"TestCase":{"Id":"0993831d-c90a-bd11-9993-c49e1d197480","FullyQualifiedName":"allopromo.Core.Application.UnitTests.DeparmentServiceTests.CreateDepartment_SHOULD_CreateAndReturn","DisplayName":"CreateDepartment_SHOULD_CreateAndReturn","ExecutorUri":"executor://NUnit3TestExecutor","Source":"C:\\Users\\MonPC\\source\\repos\\allopromo\\allopromo.Core.UnitTests\\bin\\Debug\\netcoreapp3.1\\fine-code-coverage\\build-output\\allopromo.Core.UnitTests.dll","CodeFilePath":null,"LineNumber":0,"Properties":[]},"Attachments":[],"Outcome":1,"ErrorMessage":null,"ErrorStackTrace":null,"DisplayName":"CreateDepartment_SHOULD_CreateAndReturn","Messages":[],"ComputerName":"DESKTOP-51CUQQV","Duration":"00:00:00.9089400","StartTime":"2023-08-19T18:41:40.6775725+00:00","EndTime":"2023-08-19T18:41:41.5861006+00:00","Properties":[]},{"TestCase":{"Id":"54dbb42f-45cc-79ca-1345-53277db57a1c","FullyQualifiedName":"allopromo.Core.Application.UnitTests.DeparmentServiceTests.GetDepartmentAsync_SHOULD_RETURN_DepartmentAsync","DisplayName":"GetDepartmentAsync_SHOULD_RETURN_DepartmentAsync","ExecutorUri":"executor://NUnit3TestExecutor","Source":"C:\\Users\\MonPC\\source\\repos\\allopromo\\allopromo.Core.UnitTests\\bin\\Debug\\netcoreapp3.1\\fine-code-coverage\\build-output\\allopromo.Core.UnitTests.dll","CodeFilePath":null,"LineNumber":0,"Properties":[]},"Attachments":[],"Outcome":1,"ErrorMessage":null,"ErrorStackTrace":null,"DisplayName":"GetDepartmentAsync_SHOULD_RETURN_DepartmentAsync","Messages":[],"ComputerName":"DESKTOP-51CUQQV","Duration":"00:00:00.2666580","StartTime":"2023-08-19T18:41:41.6512003+00:00","EndTime":"2023-08-19T18:41:41.9178421+00:00","Properties":[]},{"TestCase":{"Id":"50765696-50fb-b199-c2e3-36ca47d0968f","FullyQualifiedName":"allopromo.Core.Application.UnitTests.DeparmentServiceTests.GetDepartments_SHOULD_Return_DepartmentsAsync","DisplayName":"GetDepartments_SHOULD_Return_DepartmentsAsync","ExecutorUri":"executor://NUnit3TestExecutor","Source":"C:\\Users\\MonPC\\source\\repos\\allopromo\\allopromo.Core.UnitTests\\bin\\Debug\\netcoreapp3.1\\fine-code-coverage\\build-output\\allopromo.Core.UnitTests.dll","CodeFilePath":null,"LineNumber":0,"Properties":[]},"Attachments":[],"Outcome":1,"ErrorMessage":null,"ErrorStackTrace":null,"DisplayName":"GetDepartments_SHOULD_Return_DepartmentsAsync","Messages":[],"ComputerName":"DESKTOP-51CUQQV","Duration":"00:00:00.0044530","StartTime":"2023-08-19T18:41:41.9787679+00:00","EndTime":"2023-08-19T18:41:41.9832227+00:00","Properties":[]},{"TestCase":{"Id":"775a8169-d109-f31f-92d8-36b2db201236","FullyQualifiedName":"allopromo.Core.UnitTest.ServicesTests.StoreServiceTests.StoreService_CreateStores_ReturnsStores_AndRaisesNotification()","DisplayName":"StoreService_CreateStores_ReturnsStores_AndRaisesNotification()","ExecutorUri":"executor://NUnit3TestExecutor","Source":"C:\\Users\\MonPC\\source\\repos\\allopromo\\allopromo.Core.UnitTests\\bin\\Debug\\netcoreapp3.1\\fine-code-coverage\\build-output\\allopromo.Core.UnitTests.dll","CodeFilePath":null,"LineNumber":0,"Properties":[]},"Attachments":[],"Outcome":1,"ErrorMessage":null,"ErrorStackTrace":null,"DisplayName":"StoreService_CreateStores_ReturnsStores_AndRaisesNotification()","Messages":[],"ComputerName":"DESKTOP-51CUQQV","Duration":"00:00:00.0008930","StartTime":"2023-08-19T18:41:42.2255399+00:00","EndTime":"2023-08-19T18:41:42.2264362+00:00","Properties":[]}],"TestRunStatistics":{"ExecutedTests":4,"Stats":{"Passed":4}},"ActiveTests":[{"Id":"19a13e7e-fb42-7b51-4b95-503ec386833b","FullyQualifiedName":"allopromo.Core.UnitTest.ServicesTests.StoreServiceTests.StoreService_GetImageUrl_SHOULD_Return_ImageLink","DisplayName":"StoreService_GetImageUrl_SHOULD_Return_ImageLink","ExecutorUri":"executor://NUnit3TestExecutor","Source":"C:\\Users\\MonPC\\source\\repos\\allopromo\\allopromo.Core.UnitTests\\bin\\Debug\\netcoreapp3.1\\fine-code-coverage\\build-output\\allopromo.Core.UnitTests.dll","CodeFilePath":null,"LineNumber":0,"Properties":[]}]}}
TpTrace Verbose: 0 : 5884, 5, 2023/08/19, 18:41:42.642, 67363307995973, vstest.console.dll, TestRunRequest:SendTestRunStatsChange: Starting.
TpTrace Verbose: 0 : 5884, 5, 2023/08/19, 18:41:42.642, 67363307999176, vstest.console.dll, InProgress is StoreService_GetImageUrl_SHOULD_Return_ImageLink
TpTrace Information: 0 : 5884, 5, 2023/08/19, 18:41:42.643, 67363308005572, vstest.console.dll, TestRunRequest:SendTestRunStatsChange: Completed.
TpTrace Verbose: 0 : 5884, 5, 2023/08/19, 18:41:42.643, 67363308007989, vstest.console.dll, TcpClientExtensions.MessageLoopAsync: Polling on remoteEndPoint: 127.0.0.1:59595 localEndPoint: 127.0.0.1:59593
TpTrace Verbose: 0 : 5884, 5, 2023/08/19, 18:41:43.645, 67363318026287, vstest.console.dll, TcpClientExtensions.MessageLoopAsync: Polling on remoteEndPoint: 127.0.0.1:59595 localEndPoint: 127.0.0.1:59593
TpTrace Verbose: 0 : 5884, 5, 2023/08/19, 18:41:44.148, 67363323054256, vstest.console.dll, TcpClientExtensions.MessageLoopAsync: NotifyDataAvailable remoteEndPoint: 127.0.0.1:59595 localEndPoint: 127.0.0.1:59593
TpTrace Verbose: 0 : 5884, 5, 2023/08/19, 18:41:44.149, 67363323068326, vstest.console.dll, TestRequestSender.OnExecutionMessageReceived: Received message: {"Version":2,"MessageType":"TestExecution.StatsChange","Payload":{"NewTestResults":[{"TestCase":{"Id":"19a13e7e-fb42-7b51-4b95-503ec386833b","FullyQualifiedName":"allopromo.Core.UnitTest.ServicesTests.StoreServiceTests.StoreService_GetImageUrl_SHOULD_Return_ImageLink","DisplayName":"StoreService_GetImageUrl_SHOULD_Return_ImageLink","ExecutorUri":"executor://NUnit3TestExecutor","Source":"C:\\Users\\MonPC\\source\\repos\\allopromo\\allopromo.Core.UnitTests\\bin\\Debug\\netcoreapp3.1\\fine-code-coverage\\build-output\\allopromo.Core.UnitTests.dll","CodeFilePath":null,"LineNumber":0,"Properties":[]},"Attachments":[],"Outcome":2,"ErrorMessage":"System.NullReferenceException : Object reference not set to an instance of an object.","ErrorStackTrace":"   at allopromo.Core.UnitTest.ServicesTests.StoreServiceTests.StoreService_GetImageUrl_SHOULD_Return_ImageLink() in C:\\Users\\MonPC\\source\\repos\\allopromo\\allopromo.Core.UnitTests\\Application\\StoreServiceTests.cs:line 76\r\n   at NUnit.Framework.Internal.TaskAwaitAdapter.GenericAdapter`1.GetResult()\r\n   at NUnit.Framework.Internal.AsyncToSyncAdapter.Await(Func`1 invoke)\r\n   at NUnit.Framework.Internal.Commands.TestMethodCommand.RunTestMethod(TestExecutionContext context)\r\n   at NUnit.Framework.Internal.Commands.TestMethodCommand.Execute(TestExecutionContext context)\r\n   at NUnit.Framework.Internal.Execution.SimpleWorkItem.<>c__DisplayClass4_0.<PerformWork>b__0()\r\n   at NUnit.Framework.Internal.ContextUtils.<>c__DisplayClass1_0`1.<DoIsolated>b__0(Object _)\r\n   at System.Threading.ExecutionContext.RunInternal(ExecutionContext executionContext, ContextCallback callback, Object state)\r\n--- End of stack trace from previous location where exception was thrown ---\r\n   at System.Threading.ExecutionContext.RunInternal(ExecutionContext executionContext, ContextCallback callback, Object state)\r\n   at System.Threading.ExecutionContext.Run(ExecutionContext executionContext, ContextCallback callback, Object state)\r\n   at NUnit.Framework.Internal.ContextUtils.DoIsolated(ContextCallback callback, Object state)\r\n   at NUnit.Framework.Internal.ContextUtils.DoIsolated[T](Func`1 func)\r\n   at NUnit.Framework.Internal.Execution.SimpleWorkItem.PerformWork()","DisplayName":"StoreService_GetImageUrl_SHOULD_Return_ImageLink","Messages":[],"ComputerName":"DESKTOP-51CUQQV","Duration":"00:00:00.2405240","StartTime":"2023-08-19T18:41:42.3067131+00:00","EndTime":"2023-08-19T18:41:42.5472382+00:00","Properties":[]},{"TestCase":{"Id":"5c223901-8015-cdf9-e26d-2ac4cee4aee5","FullyQualifiedName":"allopromo.Core.UnitTest.ServicesTests.StoreServiceTests.StoreService_GetStores_ReturnStores","DisplayName":"StoreService_GetStores_ReturnStores","ExecutorUri":"executor://NUnit3TestExecutor","Source":"C:\\Users\\MonPC\\source\\repos\\allopromo\\allopromo.Core.UnitTests\\bin\\Debug\\netcoreapp3.1\\fine-code-coverage\\build-output\\allopromo.Core.UnitTests.dll","CodeFilePath":null,"LineNumber":0,"Properties":[]},"Attachments":[],"Outcome":2,"ErrorMessage":"System.NullReferenceException : Object reference not set to an instance of an object.","ErrorStackTrace":"   at allopromo.Core.UnitTest.ServicesTests.StoreServiceTests.StoreService_GetStores_ReturnStores() in C:\\Users\\MonPC\\source\\repos\\allopromo\\allopromo.Core.UnitTests\\Application\\StoreServiceTests.cs:line 31","DisplayName":"StoreService_GetStores_ReturnStores","Messages":[],"ComputerName":"DESKTOP-51CUQQV","Duration":"00:00:00.1046040","StartTime":"2023-08-19T18:41:42.6487965+00:00","EndTime":"2023-08-19T18:41:42.7534019+00:00","Properties":[]},{"TestCase":{"Id":"1d25f6c7-eae4-c8e1-0628-3e97ddcbe137","FullyQualifiedName":"allopromo.Core.UnitTest.ServicesTests.StoreServiceTests.StoresService_DeleteStore_Deletes","DisplayName":"StoresService_DeleteStore_Deletes","ExecutorUri":"executor://NUnit3TestExecutor","Source":"C:\\Users\\MonPC\\source\\repos\\allopromo\\allopromo.Core.UnitTests\\bin\\Debug\\netcoreapp3.1\\fine-code-coverage\\build-output\\allopromo.Core.UnitTests.dll","CodeFilePath":null,"LineNumber":0,"Properties":[]},"Attachments":[],"Outcome":1,"ErrorMessage":null,"ErrorStackTrace":null,"DisplayName":"StoresService_DeleteStore_Deletes","Messages":[],"ComputerName":"DESKTOP-51CUQQV","Duration":"00:00:00.0004720","StartTime":"2023-08-19T18:41:42.8165975+00:00","EndTime":"2023-08-19T18:41:42.8170743+00:00","Properties":[]},{"TestCase":{"Id":"82d2f30a-0996-9bb1-bfb5-a3c699e8f273","FullyQualifiedName":"allopromo.Core.UnitTest.ServicesTests.StoreServiceTests.UpdateStoreCategory_DEVRAIT_RetournerUpdatedStoreCategory","DisplayName":"UpdateStoreCategory_DEVRAIT_RetournerUpdatedStoreCategory","ExecutorUri":"executor://NUnit3TestExecutor","Source":"C:\\Users\\MonPC\\source\\repos\\allopromo\\allopromo.Core.UnitTests\\bin\\Debug\\netcoreapp3.1\\fine-code-coverage\\build-output\\allopromo.Core.UnitTests.dll","CodeFilePath":null,"LineNumber":0,"Properties":[]},"Attachments":[],"Outcome":1,"ErrorMessage":null,"ErrorStackTrace":null,"DisplayName":"UpdateStoreCategory_DEVRAIT_RetournerUpdatedStoreCategory","Messages":[],"ComputerName":"DESKTOP-51CUQQV","Duration":"00:00:00.1033110","StartTime":"2023-08-19T18:41:42.958545+00:00","EndTime":"2023-08-19T18:41:43.0618565+00:00","Properties":[]},{"TestCase":{"Id":"066581a7-25d6-b1ed-8999-4ffb2438efac","FullyQualifiedName":"allopromo.Core.UnitTests.AccountServiceTests.AccountService_CreateUser_Returns_UserNotCreated","DisplayName":"AccountService_CreateUser_Returns_UserNotCreated","ExecutorUri":"executor://NUnit3TestExecutor","Source":"C:\\Users\\MonPC\\source\\repos\\allopromo\\allopromo.Core.UnitTests\\bin\\Debug\\netcoreapp3.1\\fine-code-coverage\\build-output\\allopromo.Core.UnitTests.dll","CodeFilePath":null,"LineNumber":0,"Properties":[]},"Attachments":[],"Outcome":1,"ErrorMessage":null,"ErrorStackTrace":null,"DisplayName":"AccountService_CreateUser_Returns_UserNotCreated","Messages":[],"ComputerName":"DESKTOP-51CUQQV","Duration":"00:00:00.0200280","StartTime":"2023-08-19T18:41:43.278978+00:00","EndTime":"2023-08-19T18:41:43.2990064+00:00","Properties":[]},{"TestCase":{"Id":"55567aef-19ff-edad-89bb-844e152e6394","FullyQualifiedName":"allopromo.Core.UnitTests.AccountServiceTests.AccountService_CreateUserAndAccount_Returns_UserNotCreated_False","DisplayName":"AccountService_CreateUserAndAccount_Returns_UserNotCreated_False","ExecutorUri":"executor://NUnit3TestExecutor","Source":"C:\\Users\\MonPC\\source\\repos\\allopromo\\allopromo.Core.UnitTests\\bin\\Debug\\netcoreapp3.1\\fine-code-coverage\\build-output\\allopromo.Core.UnitTests.dll","CodeFilePath":null,"LineNumber":0,"Properties":[]},"Attachments":[],"Outcome":1,"ErrorMessage":null,"ErrorStackTrace":null,"DisplayName":"AccountService_CreateUserAndAccount_Returns_UserNotCreated_False","Messages":[],"ComputerName":"DESKTOP-51CUQQV","Duration":"00:00:00.0010760","StartTime":"2023-08-19T18:41:43.3538581+00:00","EndTime":"2023-08-19T18:41:43.3549369+00:00","Properties":[]},{"TestCase":{"Id":"7c5df336-8ce5-e1d3-adfb-348479fffac0","FullyQualifiedName":"allopromo.Core.UnitTests.AccountServiceTests.AccountService_Raises_EventEmailSend_When_UserAuthenticates()","DisplayName":"AccountService_Raises_EventEmailSend_When_UserAuthenticates()","ExecutorUri":"executor://NUnit3TestExecutor","Source":"C:\\Users\\MonPC\\source\\repos\\allopromo\\allopromo.Core.UnitTests\\bin\\Debug\\netcoreapp3.1\\fine-code-coverage\\build-output\\allopromo.Core.UnitTests.dll","CodeFilePath":null,"LineNumber":0,"Properties":[]},"Attachments":[],"Outcome":1,"ErrorMessage":null,"ErrorStackTrace":null,"DisplayName":"AccountService_Raises_EventEmailSend_When_UserAuthenticates()","Messages":[],"ComputerName":"DESKTOP-51CUQQV","Duration":"00:00:00.0004440","StartTime":"2023-08-19T18:41:43.4472109+00:00","EndTime":"2023-08-19T18:41:43.4476576+00:00","Properties":[]},{"TestCase":{"Id":"5073375d-1f78-4dff-7a0f-5d68f2c809ed","FullyQualifiedName":"allopromo.Core.UnitTests.Application.Command.AddUserTransactionTest.AddUserTransaction_Test_Execute_SHOULD_CREATE_AND_RETURN_Created_User","DisplayName":"AddUserTransaction_Test_Execute_SHOULD_CREATE_AND_RETURN_Created_User","ExecutorUri":"executor://NUnit3TestExecutor","Source":"C:\\Users\\MonPC\\source\\repos\\allopromo\\allopromo.Core.UnitTests\\bin\\Debug\\netcoreapp3.1\\fine-code-coverage\\build-output\\allopromo.Core.UnitTests.dll","CodeFilePath":null,"LineNumber":0,"Properties":[]},"Attachments":[],"Outcome":1,"ErrorMessage":null,"ErrorStackTrace":null,"DisplayName":"AddUserTransaction_Test_Execute_SHOULD_CREATE_AND_RETURN_Created_User","Messages":[],"ComputerName":"DESKTOP-51CUQQV","Duration":"00:00:00.0007370","StartTime":"2023-08-19T18:41:43.6068868+00:00","EndTime":"2023-08-19T18:41:43.6076281+00:00","Properties":[]},{"TestCase":{"Id":"9679ea52-b21a-edc7-8588-0ae0d57f50c0","FullyQualifiedName":"allopromo.Core.UnitTests.Application.MediaServiceTests.getImageInformationUrlAsync_SHOULD_Return","DisplayName":"getImageInformationUrlAsync_SHOULD_Return","ExecutorUri":"executor://NUnit3TestExecutor","Source":"C:\\Users\\MonPC\\source\\repos\\allopromo\\allopromo.Core.UnitTests\\bin\\Debug\\netcoreapp3.1\\fine-code-coverage\\build-output\\allopromo.Core.UnitTests.dll","CodeFilePath":null,"LineNumber":0,"Properties":[]},"Attachments":[],"Outcome":1,"ErrorMessage":null,"ErrorStackTrace":null,"DisplayName":"getImageInformationUrlAsync_SHOULD_Return","Messages":[],"ComputerName":"DESKTOP-51CUQQV","Duration":"00:00:00.0007500","StartTime":"2023-08-19T18:41:43.7692026+00:00","EndTime":"2023-08-19T18:41:43.7699774+00:00","Properties":[]}],"TestRunStatistics":{"ExecutedTests":13,"Stats":{"Passed":11,"Failed":2}},"ActiveTests":[]}}
TpTrace Verbose: 0 : 5884, 5, 2023/08/19, 18:41:44.160, 67363323170296, vstest.console.dll, TestRunRequest:SendTestRunStatsChange: Starting.
TpTrace Information: 0 : 5884, 5, 2023/08/19, 18:41:44.160, 67363323176859, vstest.console.dll, TestRunRequest:SendTestRunStatsChange: Completed.
TpTrace Verbose: 0 : 5884, 5, 2023/08/19, 18:41:44.160, 67363323179378, vstest.console.dll, TcpClientExtensions.MessageLoopAsync: Polling on remoteEndPoint: 127.0.0.1:59595 localEndPoint: 127.0.0.1:59593
TpTrace Verbose: 0 : 5884, 5, 2023/08/19, 18:41:45.173, 67363333306300, vstest.console.dll, TcpClientExtensions.MessageLoopAsync: Polling on remoteEndPoint: 127.0.0.1:59595 localEndPoint: 127.0.0.1:59593
TpTrace Verbose: 0 : 5884, 5, 2023/08/19, 18:41:45.690, 67363338471362, vstest.console.dll, TcpClientExtensions.MessageLoopAsync: NotifyDataAvailable remoteEndPoint: 127.0.0.1:59595 localEndPoint: 127.0.0.1:59593
TpTrace Verbose: 0 : 5884, 5, 2023/08/19, 18:41:45.691, 67363338487150, vstest.console.dll, TestRequestSender.OnExecutionMessageReceived: Received message: {"Version":2,"MessageType":"TestExecution.StatsChange","Payload":{"NewTestResults":[{"TestCase":{"Id":"d1b5a7eb-234b-6628-ed59-fc5b4bc61cac","FullyQualifiedName":"allopromo.Core.UnitTests.UserServiceTest.UserService_CreateUser_SHOULD_Return_True_UserCreated","DisplayName":"UserService_CreateUser_SHOULD_Return_True_UserCreated","ExecutorUri":"executor://NUnit3TestExecutor","Source":"C:\\Users\\MonPC\\source\\repos\\allopromo\\allopromo.Core.UnitTests\\bin\\Debug\\netcoreapp3.1\\fine-code-coverage\\build-output\\allopromo.Core.UnitTests.dll","CodeFilePath":null,"LineNumber":0,"Properties":[]},"Attachments":[],"Outcome":1,"ErrorMessage":null,"ErrorStackTrace":null,"DisplayName":"UserService_CreateUser_SHOULD_Return_True_UserCreated","Messages":[],"ComputerName":"DESKTOP-51CUQQV","Duration":"00:00:00.0351410","StartTime":"2023-08-19T18:41:44.67755+00:00","EndTime":"2023-08-19T18:41:44.7126919+00:00","Properties":[]},{"TestCase":{"Id":"1910b455-db61-473d-da75-10969cbf5847","FullyQualifiedName":"allopromo.Core.UnitTests.UserServiceTest.UserService_CreateUser_SHOULD_Returns_False_ifUserNull","DisplayName":"UserService_CreateUser_SHOULD_Returns_False_ifUserNull","ExecutorUri":"executor://NUnit3TestExecutor","Source":"C:\\Users\\MonPC\\source\\repos\\allopromo\\allopromo.Core.UnitTests\\bin\\Debug\\netcoreapp3.1\\fine-code-coverage\\build-output\\allopromo.Core.UnitTests.dll","CodeFilePath":null,"LineNumber":0,"Properties":[]},"Attachments":[],"Outcome":1,"ErrorMessage":null,"ErrorStackTrace":null,"DisplayName":"UserService_CreateUser_SHOULD_Returns_False_ifUserNull","Messages":[],"ComputerName":"DESKTOP-51CUQQV","Duration":"00:00:00.0279320","StartTime":"2023-08-19T18:41:44.7351202+00:00","EndTime":"2023-08-19T18:41:44.7630529+00:00","Properties":[]},{"TestCase":{"Id":"9df3f741-db60-a1f5-b97b-6b69711317e5","FullyQualifiedName":"allopromo.Core.UnitTests.UserServiceTest.UserService_GetRoles_SHOULD_Return_Roles","DisplayName":"UserService_GetRoles_SHOULD_Return_Roles","ExecutorUri":"executor://NUnit3TestExecutor","Source":"C:\\Users\\MonPC\\source\\repos\\allopromo\\allopromo.Core.UnitTests\\bin\\Debug\\netcoreapp3.1\\fine-code-coverage\\build-output\\allopromo.Core.UnitTests.dll","CodeFilePath":null,"LineNumber":0,"Properties":[]},"Attachments":[],"Outcome":1,"ErrorMessage":null,"ErrorStackTrace":null,"DisplayName":"UserService_GetRoles_SHOULD_Return_Roles","Messages":[],"ComputerName":"DESKTOP-51CUQQV","Duration":"00:00:00.0064310","StartTime":"2023-08-19T18:41:44.803453+00:00","EndTime":"2023-08-19T18:41:44.8098855+00:00","Properties":[]},{"TestCase":{"Id":"751fc343-73d5-ec87-5f77-b8549803ee79","FullyQualifiedName":"allopromo.Core.UnitTests.UserServiceTest.UserService_GetUsersAsync_SHOULD_Return_Users_With_RolesAsync","DisplayName":"UserService_GetUsersAsync_SHOULD_Return_Users_With_RolesAsync","ExecutorUri":"executor://NUnit3TestExecutor","Source":"C:\\Users\\MonPC\\source\\repos\\allopromo\\allopromo.Core.UnitTests\\bin\\Debug\\netcoreapp3.1\\fine-code-coverage\\build-output\\allopromo.Core.UnitTests.dll","CodeFilePath":null,"LineNumber":0,"Properties":[]},"Attachments":[],"Outcome":2,"ErrorMessage":"System.InvalidOperationException : The source 'IQueryable' doesn't implement 'IAsyncEnumerable<Microsoft.AspNetCore.Identity.IdentityUser>'. Only sources that implement 'IAsyncEnumerable' can be used for Entity Framework asynchronous operations.","ErrorStackTrace":"   at allopromo.Core.Model.UserService.GetUsersAsync() in C:\\Users\\MonPC\\source\\repos\\allopromo\\allopromo.Core\\Model\\UserService.cs:line 72\r\n   at allopromo.Core.UnitTests.UserServiceTest.UserService_GetUsersAsync_SHOULD_Return_Users_With_RolesAsync() in C:\\Users\\MonPC\\source\\repos\\allopromo\\allopromo.Core.UnitTests\\Application\\UserServiceTests.cs:line 48\r\n   at NUnit.Framework.Internal.TaskAwaitAdapter.GenericAdapter`1.GetResult()\r\n   at NUnit.Framework.Internal.AsyncToSyncAdapter.Await(Func`1 invoke)\r\n   at NUnit.Framework.Internal.Commands.TestMethodCommand.RunTestMethod(TestExecutionContext context)\r\n   at NUnit.Framework.Internal.Commands.TestMethodCommand.Execute(TestExecutionContext context)\r\n   at NUnit.Framework.Internal.Execution.SimpleWorkItem.<>c__DisplayClass4_0.<PerformWork>b__0()\r\n   at NUnit.Framework.Internal.ContextUtils.<>c__DisplayClass1_0`1.<DoIsolated>b__0(Object _)\r\n   at System.Threading.ExecutionContext.RunInternal(ExecutionContext executionContext, ContextCallback callback, Object state)\r\n--- End of stack trace from previous location where exception was thrown ---\r\n   at System.Threading.ExecutionContext.RunInternal(ExecutionContext executionContext, ContextCallback callback, Object state)\r\n   at System.Threading.ExecutionContext.Run(ExecutionContext executionContext, ContextCallback callback, Object state)\r\n   at NUnit.Framework.Internal.ContextUtils.DoIsolated(ContextCallback callback, Object state)\r\n   at NUnit.Framework.Internal.ContextUtils.DoIsolated[T](Func`1 func)\r\n   at NUnit.Framework.Internal.Execution.SimpleWorkItem.PerformWork()","DisplayName":"UserService_GetUsersAsync_SHOULD_Return_Users_With_RolesAsync","Messages":[],"ComputerName":"DESKTOP-51CUQQV","Duration":"00:00:00.1457880","StartTime":"2023-08-19T18:41:44.8399361+00:00","EndTime":"2023-08-19T18:41:44.9857264+00:00","Properties":[]},{"TestCase":{"Id":"09915a47-062d-bcac-4b5c-4c7540834a55","FullyQualifiedName":"allopromo.Core.UnitTests.UserServiceTest.UserServuce_GenerateToken_SHOULD_Generate_A_Token","DisplayName":"UserServuce_GenerateToken_SHOULD_Generate_A_Token","ExecutorUri":"executor://NUnit3TestExecutor","Source":"C:\\Users\\MonPC\\source\\repos\\allopromo\\allopromo.Core.UnitTests\\bin\\Debug\\netcoreapp3.1\\fine-code-coverage\\build-output\\allopromo.Core.UnitTests.dll","CodeFilePath":null,"LineNumber":0,"Properties":[]},"Attachments":[],"Outcome":1,"ErrorMessage":null,"ErrorStackTrace":null,"DisplayName":"UserServuce_GenerateToken_SHOULD_Generate_A_Token","Messages":[],"ComputerName":"DESKTOP-51CUQQV","Duration":"00:00:00.5059090","StartTime":"2023-08-19T18:41:45.023562+00:00","EndTime":"2023-08-19T18:41:45.5294722+00:00","Properties":[]}],"TestRunStatistics":{"ExecutedTests":18,"Stats":{"Passed":15,"Failed":3}},"ActiveTests":[{"Id":"7b588f35-bfed-3201-3216-c2b04d8be35d","FullyQualifiedName":"alloPromo.Core.UnitTests.Application.ProductServiceTest.CreateProducts_SHOULD_Return_CreatedProduct","DisplayName":"CreateProducts_SHOULD_Return_CreatedProduct","ExecutorUri":"executor://NUnit3TestExecutor","Source":"C:\\Users\\MonPC\\source\\repos\\allopromo\\allopromo.Core.UnitTests\\bin\\Debug\\netcoreapp3.1\\fine-code-coverage\\build-output\\allopromo.Core.UnitTests.dll","CodeFilePath":null,"LineNumber":0,"Properties":[]}]}}
TpTrace Verbose: 0 : 5884, 5, 2023/08/19, 18:41:45.699, 67363338561877, vstest.console.dll, TestRunRequest:SendTestRunStatsChange: Starting.
TpTrace Verbose: 0 : 5884, 5, 2023/08/19, 18:41:45.699, 67363338564979, vstest.console.dll, InProgress is CreateProducts_SHOULD_Return_CreatedProduct
TpTrace Information: 0 : 5884, 5, 2023/08/19, 18:41:45.699, 67363338568409, vstest.console.dll, TestRunRequest:SendTestRunStatsChange: Completed.
TpTrace Verbose: 0 : 5884, 5, 2023/08/19, 18:41:45.700, 67363338570231, vstest.console.dll, TcpClientExtensions.MessageLoopAsync: Polling on remoteEndPoint: 127.0.0.1:59595 localEndPoint: 127.0.0.1:59593
TpTrace Verbose: 0 : 5884, 5, 2023/08/19, 18:41:45.892, 67363340493642, vstest.console.dll, TcpClientExtensions.MessageLoopAsync: NotifyDataAvailable remoteEndPoint: 127.0.0.1:59595 localEndPoint: 127.0.0.1:59593
TpTrace Verbose: 0 : 5884, 5, 2023/08/19, 18:41:45.892, 67363340497951, vstest.console.dll, TestRequestSender.OnExecutionMessageReceived: Received message: {"Version":2,"MessageType":"TestSession.Message","Payload":{"MessageLevel":0,"Message":"NUnit Adapter 3.16.1.0: Test execution complete"}}
TpTrace Verbose: 0 : 5884, 5, 2023/08/19, 18:41:45.893, 67363340502621, vstest.console.dll, TestRunRequest:SendTestRunMessage: Starting.
TpTrace Information: 0 : 5884, 5, 2023/08/19, 18:41:45.893, 67363340507263, vstest.console.dll, TestRunRequest:SendTestRunMessage: Completed.
TpTrace Verbose: 0 : 5884, 5, 2023/08/19, 18:41:45.894, 67363340510241, vstest.console.dll, TcpClientExtensions.MessageLoopAsync: Polling on remoteEndPoint: 127.0.0.1:59595 localEndPoint: 127.0.0.1:59593
TpTrace Verbose: 0 : 5884, 5, 2023/08/19, 18:41:45.985, 67363341427428, vstest.console.dll, TcpClientExtensions.MessageLoopAsync: NotifyDataAvailable remoteEndPoint: 127.0.0.1:59595 localEndPoint: 127.0.0.1:59593
TpTrace Verbose: 0 : 5884, 5, 2023/08/19, 18:41:45.986, 67363341436195, vstest.console.dll, TestRequestSender.OnExecutionMessageReceived: Received message: {"Version":2,"MessageType":"TestExecution.Completed","Payload":{"TestRunCompleteArgs":{"TestRunStatistics":{"ExecutedTests":23,"Stats":{"Passed":20,"Failed":3}},"IsCanceled":false,"IsAborted":false,"Error":null,"AttachmentSets":[],"ElapsedTimeInRunningTests":"00:00:07.7295649","Metrics":{}},"LastRunTests":{"NewTestResults":[{"TestCase":{"Id":"7b588f35-bfed-3201-3216-c2b04d8be35d","FullyQualifiedName":"alloPromo.Core.UnitTests.Application.ProductServiceTest.CreateProducts_SHOULD_Return_CreatedProduct","DisplayName":"CreateProducts_SHOULD_Return_CreatedProduct","ExecutorUri":"executor://NUnit3TestExecutor","Source":"C:\\Users\\MonPC\\source\\repos\\allopromo\\allopromo.Core.UnitTests\\bin\\Debug\\netcoreapp3.1\\fine-code-coverage\\build-output\\allopromo.Core.UnitTests.dll","CodeFilePath":null,"LineNumber":0,"Properties":[]},"Attachments":[],"Outcome":1,"ErrorMessage":null,"ErrorStackTrace":null,"DisplayName":"CreateProducts_SHOULD_Return_CreatedProduct","Messages":[],"ComputerName":"DESKTOP-51CUQQV","Duration":"00:00:00.0306260","StartTime":"2023-08-19T18:41:45.7043665+00:00","EndTime":"2023-08-19T18:41:45.7349947+00:00","Properties":[]},{"TestCase":{"Id":"5e5144de-033b-8986-7031-31cfc2182ee4","FullyQualifiedName":"alloPromo.Core.UnitTests.Application.ProductServiceTest.ObtenirProduct_DEVRAIT_RetournerProduitParId_Trouve()","DisplayName":"ObtenirProduct_DEVRAIT_RetournerProduitParId_Trouve()","ExecutorUri":"executor://NUnit3TestExecutor","Source":"C:\\Users\\MonPC\\source\\repos\\allopromo\\allopromo.Core.UnitTests\\bin\\Debug\\netcoreapp3.1\\fine-code-coverage\\build-output\\allopromo.Core.UnitTests.dll","CodeFilePath":null,"LineNumber":0,"Properties":[]},"Attachments":[],"Outcome":1,"ErrorMessage":null,"ErrorStackTrace":null,"DisplayName":"ObtenirProduct_DEVRAIT_RetournerProduitParId_Trouve()","Messages":[],"ComputerName":"DESKTOP-51CUQQV","Duration":"00:00:00.0046330","StartTime":"2023-08-19T18:41:45.7697125+00:00","EndTime":"2023-08-19T18:41:45.7743459+00:00","Properties":[]},{"TestCase":{"Id":"0f8a2827-8964-0232-7967-591286c3cc5a","FullyQualifiedName":"alloPromo.Core.UnitTests.Application.ProductServiceTest.ObtenirProduct_DEVRAIT_RetournerProduitParIds()","DisplayName":"ObtenirProduct_DEVRAIT_RetournerProduitParIds()","ExecutorUri":"executor://NUnit3TestExecutor","Source":"C:\\Users\\MonPC\\source\\repos\\allopromo\\allopromo.Core.UnitTests\\bin\\Debug\\netcoreapp3.1\\fine-code-coverage\\build-output\\allopromo.Core.UnitTests.dll","CodeFilePath":null,"LineNumber":0,"Properties":[]},"Attachments":[],"Outcome":1,"ErrorMessage":null,"ErrorStackTrace":null,"DisplayName":"ObtenirProduct_DEVRAIT_RetournerProduitParIds()","Messages":[],"ComputerName":"DESKTOP-51CUQQV","Duration":"00:00:00.0003520","StartTime":"2023-08-19T18:41:45.8038688+00:00","EndTime":"2023-08-19T18:41:45.804226+00:00","Properties":[]},{"TestCase":{"Id":"55660235-86cb-b14d-28a5-53aadedfc71c","FullyQualifiedName":"alloPromo.Core.UnitTests.Application.ProductServiceTest.ObtenirProduct_DEVRAIT_RetournerUneException()","DisplayName":"ObtenirProduct_DEVRAIT_RetournerUneException()","ExecutorUri":"executor://NUnit3TestExecutor","Source":"C:\\Users\\MonPC\\source\\repos\\allopromo\\allopromo.Core.UnitTests\\bin\\Debug\\netcoreapp3.1\\fine-code-coverage\\build-output\\allopromo.Core.UnitTests.dll","CodeFilePath":null,"LineNumber":0,"Properties":[]},"Attachments":[],"Outcome":1,"ErrorMessage":null,"ErrorStackTrace":null,"DisplayName":"ObtenirProduct_DEVRAIT_RetournerUneException()","Messages":[],"ComputerName":"DESKTOP-51CUQQV","Duration":"00:00:00.0024440","StartTime":"2023-08-19T18:41:45.8268485+00:00","EndTime":"2023-08-19T18:41:45.8292939+00:00","Properties":[]},{"TestCase":{"Id":"3f4048b3-1e01-ebe8-bc79-e855ef870000","FullyQualifiedName":"alloPromo.Core.UnitTests.Domain.Application.EmailServiceTests.CreateStore_SHOULD_CreateAndReturnStoreDto()","DisplayName":"CreateStore_SHOULD_CreateAndReturnStoreDto()","ExecutorUri":"executor://NUnit3TestExecutor","Source":"C:\\Users\\MonPC\\source\\repos\\allopromo\\allopromo.Core.UnitTests\\bin\\Debug\\netcoreapp3.1\\fine-code-coverage\\build-output\\allopromo.Core.UnitTests.dll","CodeFilePath":null,"LineNumber":0,"Properties":[]},"Attachments":[],"Outcome":1,"ErrorMessage":null,"ErrorStackTrace":null,"DisplayName":"CreateStore_SHOULD_CreateAndReturnStoreDto()","Messages":[],"ComputerName":"DESKTOP-51CUQQV","Duration":"00:00:00.0004170","StartTime":"2023-08-19T18:41:45.848989+00:00","EndTime":"2023-08-19T18:41:45.8494103+00:00","Properties":[]}],"TestRunStatistics":{"ExecutedTests":23,"Stats":{"Passed":20,"Failed":3}},"ActiveTests":[]},"RunAttachments":[],"ExecutorUris":["executor://nunit3testexecutor/"]}}
TpTrace Verbose: 0 : 5884, 5, 2023/08/19, 18:41:45.987, 67363341448469, vstest.console.dll, TestRequestSender.EndSession: Sending end session.
TpTrace Verbose: 0 : 5884, 5, 2023/08/19, 18:41:45.988, 67363341452831, vstest.console.dll, ProxyOperationManager.Close: waiting for test host to exit for 100 ms
TpTrace Warning: 0 : 5884, 5, 2023/08/19, 18:41:46.112, 67363342698034, vstest.console.dll, ProxyOperationManager: Timed out waiting for test host to exit. Will terminate process.
TpTrace Warning: 0 : 5884, 12, 2023/08/19, 18:41:46.258, 67363344154612, vstest.console.dll, TestHostManagerCallbacks.ErrorReceivedCallback Test host standard error line: 
TpTrace Verbose: 0 : 5884, 5, 2023/08/19, 18:41:46.278, 67363344357842, vstest.console.dll, TestHostProvider.ExitCallBack: Host exited starting callback.
TpTrace Information: 0 : 5884, 5, 2023/08/19, 18:41:46.279, 67363344361790, vstest.console.dll, TestHostManagerCallbacks.ExitCallBack: Testhost processId: 13400 exited with exitcode: 0 error: ''
TpTrace Verbose: 0 : 5884, 5, 2023/08/19, 18:41:46.279, 67363344363570, vstest.console.dll, DotnetTestHostManager.OnHostExited: invoking OnHostExited callback
TpTrace Verbose: 0 : 5884, 5, 2023/08/19, 18:41:46.279, 67363344365955, vstest.console.dll, CrossPlatEngine.TestHostManagerHostExited: calling on client process exit callback.
TpTrace Information: 0 : 5884, 5, 2023/08/19, 18:41:46.279, 67363344368178, vstest.console.dll, TestRequestSender.OnClientProcessExit: Test host process exited. Standard error: 
TpTrace Information: 0 : 5884, 5, 2023/08/19, 18:41:46.280, 67363344370123, vstest.console.dll, SocketServer.Stop: Stop server endPoint: 127.0.0.1:59593
TpTrace Information: 0 : 5884, 5, 2023/08/19, 18:41:46.280, 67363344371644, vstest.console.dll, SocketServer.Stop: Cancellation requested. Stopping message loop.
TpTrace Verbose: 0 : 5884, 5, 2023/08/19, 18:41:46.282, 67363344395844, vstest.console.dll, ProxyDataCollectionManager.InvokeDataCollectionServiceAction: Starting.
TpTrace Information: 0 : 5884, 5, 2023/08/19, 18:41:46.282, 67363344398509, vstest.console.dll, ProxyDataCollectionManager.AfterTestRunEnd: Get attachment set for datacollector processId: 14172 port: 59590
TpTrace Verbose: 0 : 5884, 5, 2023/08/19, 18:41:46.283, 67363344400829, vstest.console.dll, DataCollectionRequestSender.SendAfterTestRunStartAndGetResult : Send AfterTestRunEnd message with isCancelled: False
TpTrace Verbose: 0 : 5884, 5, 2023/08/19, 18:41:46.288, 67363344458151, vstest.console.dll, DataCollectionRequestSender.SendAfterTestRunStartAndGetResult : Received message: (DataCollection.AfterTestRunEndResult) -> []
TpTrace Information: 0 : 5884, 5, 2023/08/19, 18:41:46.292, 67363344494688, vstest.console.dll, ProxyDataCollectionManager.InvokeDataCollectionServiceAction: Completed.
TpTrace Warning: 0 : 5884, 4, 2023/08/19, 18:41:46.306, 67363344639508, vstest.console.dll, DataCollectionLauncher.ErrorReceivedCallback datacollector standard error line: 
TpTrace Information: 0 : 5884, 11, 2023/08/19, 18:41:46.332, 67363344899015, vstest.console.dll, DataCollectionLauncher.ExitCallBack: Data collector exited with exitcode: 0 error: ''
TpTrace Verbose: 0 : 5884, 5, 2023/08/19, 18:41:46.388, 67363345454155, vstest.console.dll, TestRunRequest:SendTestRunStatsChange: Starting.
TpTrace Information: 0 : 5884, 5, 2023/08/19, 18:41:46.388, 67363345458791, vstest.console.dll, TestRunRequest:SendTestRunStatsChange: Completed.
TpTrace Verbose: 0 : 5884, 5, 2023/08/19, 18:41:46.389, 67363345468204, vstest.console.dll, ParallelProxyExecutionManager: HandlePartialRunComplete: Total completed clients = 1, Run complete = True, Run canceled: False.
TpTrace Verbose: 0 : 5884, 5, 2023/08/19, 18:41:46.467, 67363346249212, vstest.console.dll, TestRunRequest:TestRunComplete: Starting. IsAborted:False IsCanceled:False.
TpTrace Verbose: 0 : 5884, 5, 2023/08/19, 18:41:46.468, 67363346254979, vstest.console.dll, TestLoggerManager.HandleTestRunComplete: Ignoring as the object is disposed.
TpTrace Information: 0 : 5884, 5, 2023/08/19, 18:41:46.469, 67363346264223, vstest.console.dll, TestRunRequest:TestRunComplete: Completed.
TpTrace Verbose: 0 : 5884, 1, 2023/08/19, 18:41:46.469, 67363346266006, vstest.console.dll, TestRunRequest.Dispose: Starting.
TpTrace Verbose: 0 : 5884, 5, 2023/08/19, 18:41:46.469, 67363346267154, vstest.console.dll, TestRequestSender.SetOperationComplete: Setting operation complete.
TpTrace Information: 0 : 5884, 1, 2023/08/19, 18:41:46.470, 67363346270357, vstest.console.dll, TestRunRequest.Dispose: Completed.
TpTrace Information: 0 : 5884, 5, 2023/08/19, 18:41:46.470, 67363346272054, vstest.console.dll, SocketServer.Stop: Stop server endPoint: 127.0.0.1:59593
TpTrace Information: 0 : 5884, 1, 2023/08/19, 18:41:46.470, 67363346274111, vstest.console.dll, TestRequestManager.RunTests: run tests completed.
TpTrace Information: 0 : 5884, 5, 2023/08/19, 18:41:46.470, 67363346275358, vstest.console.dll, SocketServer.Stop: Cancellation requested. Stopping message loop.
TpTrace Information: 0 : 5884, 1, 2023/08/19, 18:41:46.470, 67363346278963, vstest.console.dll, RunTestsArgumentProcessor:Execute: Test run is completed.
TpTrace Information: 0 : 5884, 5, 2023/08/19, 18:41:46.470, 67363346279154, vstest.console.dll, SocketServer.PrivateStop: Stop server endPoint: 127.0.0.1:59593 error: 
TpTrace Verbose: 0 : 5884, 1, 2023/08/19, 18:41:46.471, 67363346281323, vstest.console.dll, Executor.Execute: Exiting with exit code of 1
TpTrace Verbose: 0 : 5884, 5, 2023/08/19, 18:41:46.472, 67363346299241, vstest.console.dll, LengthPrefixCommunicationChannel.Dispose: Dispose reader and writer.
