TpTrace Verbose: 0 : 18436, 1, 2023/07/24, 09:18:45.464, 44559044704998, vstest.console.dll, Version: 16.8.3
TpTrace Information: 0 : 18436, 1, 2023/07/24, 09:18:45.549, 44559045509314, vstest.console.dll, FilePatternParser: The given file C:\Users\MonPC\source\repos\allopromo\allopromo.Api.UnitTests\bin\Debug\netcoreapp3.1\fine-code-coverage\build-output\allopromo.Api.UnitTests.dll is a full path.
TpTrace Verbose: 0 : 18436, 1, 2023/07/24, 09:18:45.657, 44559046582780, vstest.console.dll, TestPluginCache.DiscoverTestExtensions: finding test extensions in assemblies ends with: RuntimeProvider.dll TPluginInfo: Microsoft.VisualStudio.TestPlatform.Common.ExtensionFramework.Utilities.TestRuntimePluginInformation TExtension: Microsoft.VisualStudio.TestPlatform.ObjectModel.Host.ITestRuntimeProvider
TpTrace Verbose: 0 : 18436, 1, 2023/07/24, 09:18:45.659, 44559046600364, vstest.console.dll, TestPluginCache.GetExtensionPaths: Filtered extension paths: 
TpTrace Verbose: 0 : 18436, 1, 2023/07/24, 09:18:45.659, 44559046605952, vstest.console.dll, TestPluginCache.GetExtensionPaths: Added default extension paths: C:\Program Files\dotnet\sdk\5.0.103\Extensions\Microsoft.Diagnostics.NETCore.Client.dll
C:\Program Files\dotnet\sdk\5.0.103\Extensions\Microsoft.TestPlatform.Extensions.BlameDataCollector.dll
C:\Program Files\dotnet\sdk\5.0.103\Extensions\Microsoft.TestPlatform.Extensions.EventLogCollector.dll
C:\Program Files\dotnet\sdk\5.0.103\Extensions\Microsoft.TestPlatform.TestHostRuntimeProvider.dll
C:\Program Files\dotnet\sdk\5.0.103\Extensions\Microsoft.VisualStudio.TestPlatform.Extensions.Html.TestLogger.dll
C:\Program Files\dotnet\sdk\5.0.103\Extensions\Microsoft.VisualStudio.TestPlatform.Extensions.Trx.TestLogger.dll
TpTrace Verbose: 0 : 18436, 1, 2023/07/24, 09:18:45.660, 44559046610036, vstest.console.dll, TestPluginCache.GetExtensionPaths: Added unfilterableExtensionPaths: 
TpTrace Information: 0 : 18436, 1, 2023/07/24, 09:18:45.668, 44559046693474, vstest.console.dll, AssemblyResolver.ctor: Creating AssemblyResolver with searchDirectories C:\Program Files\dotnet\sdk\5.0.103\Extensions,C:\Program Files\dotnet\sdk\5.0.103
TpTrace Verbose: 0 : 18436, 1, 2023/07/24, 09:18:45.672, 44559046734062, vstest.console.dll, TestPluginCache.DiscoverTestExtensions: Discovering the extensions using extension path.
TpTrace Verbose: 0 : 18436, 1, 2023/07/24, 09:18:45.691, 44559046927521, vstest.console.dll, TestPluginCache.GetExtensionPaths: Filtered extension paths: 
TpTrace Verbose: 0 : 18436, 1, 2023/07/24, 09:18:45.692, 44559046932428, vstest.console.dll, TestPluginCache.GetExtensionPaths: Added default extension paths: C:\Program Files\dotnet\sdk\5.0.103\Extensions\Microsoft.Diagnostics.NETCore.Client.dll
C:\Program Files\dotnet\sdk\5.0.103\Extensions\Microsoft.TestPlatform.Extensions.BlameDataCollector.dll
C:\Program Files\dotnet\sdk\5.0.103\Extensions\Microsoft.TestPlatform.Extensions.EventLogCollector.dll
C:\Program Files\dotnet\sdk\5.0.103\Extensions\Microsoft.TestPlatform.TestHostRuntimeProvider.dll
C:\Program Files\dotnet\sdk\5.0.103\Extensions\Microsoft.VisualStudio.TestPlatform.Extensions.Html.TestLogger.dll
C:\Program Files\dotnet\sdk\5.0.103\Extensions\Microsoft.VisualStudio.TestPlatform.Extensions.Trx.TestLogger.dll
TpTrace Verbose: 0 : 18436, 1, 2023/07/24, 09:18:45.692, 44559046934643, vstest.console.dll, TestPluginCache.GetExtensionPaths: Added unfilterableExtensionPaths: 
TpTrace Verbose: 0 : 18436, 1, 2023/07/24, 09:18:45.692, 44559046938431, vstest.console.dll, TestPluginCache.DiscoverTestExtensions: Discovering the extensions using allExtensionPaths: C:\Program Files\dotnet\sdk\5.0.103\Extensions\Microsoft.Diagnostics.NETCore.Client.dll
C:\Program Files\dotnet\sdk\5.0.103\Extensions\Microsoft.TestPlatform.Extensions.BlameDataCollector.dll
C:\Program Files\dotnet\sdk\5.0.103\Extensions\Microsoft.TestPlatform.Extensions.EventLogCollector.dll
C:\Program Files\dotnet\sdk\5.0.103\Extensions\Microsoft.TestPlatform.TestHostRuntimeProvider.dll
C:\Program Files\dotnet\sdk\5.0.103\Extensions\Microsoft.VisualStudio.TestPlatform.Extensions.Html.TestLogger.dll
C:\Program Files\dotnet\sdk\5.0.103\Extensions\Microsoft.VisualStudio.TestPlatform.Extensions.Trx.TestLogger.dll
TpTrace Information: 0 : 18436, 1, 2023/07/24, 09:18:45.693, 44559046944053, vstest.console.dll, AssemblyResolver.AddSearchDirectories: Adding more searchDirectories C:\Program Files\dotnet\sdk\5.0.103\Extensions,C:\Program Files\dotnet\sdk\5.0.103
TpTrace Information: 0 : 18436, 1, 2023/07/24, 09:18:45.693, 44559046947448, vstest.console.dll, AssemblyResolver.AddSearchDirectories: Adding more searchDirectories C:\Program Files\dotnet\sdk\5.0.103\Extensions,C:\Program Files\dotnet\sdk\5.0.103
TpTrace Information: 0 : 18436, 1, 2023/07/24, 09:18:45.693, 44559046949594, vstest.console.dll, AssemblyResolver.AddSearchDirectories: Adding more searchDirectories C:\Program Files\dotnet\sdk\5.0.103\Extensions,C:\Program Files\dotnet\sdk\5.0.103
TpTrace Information: 0 : 18436, 1, 2023/07/24, 09:18:45.694, 44559046957290, vstest.console.dll, AssemblyResolver.AddSearchDirectories: Adding more searchDirectories C:\Program Files\dotnet\sdk\5.0.103\Extensions,C:\Program Files\dotnet\sdk\5.0.103
TpTrace Information: 0 : 18436, 1, 2023/07/24, 09:18:45.695, 44559046961227, vstest.console.dll, AssemblyResolver.AddSearchDirectories: Adding more searchDirectories C:\Program Files\dotnet\sdk\5.0.103\Extensions,C:\Program Files\dotnet\sdk\5.0.103
TpTrace Information: 0 : 18436, 1, 2023/07/24, 09:18:45.695, 44559046963526, vstest.console.dll, AssemblyResolver.AddSearchDirectories: Adding more searchDirectories C:\Program Files\dotnet\sdk\5.0.103\Extensions,C:\Program Files\dotnet\sdk\5.0.103
TpTrace Information: 0 : 18436, 1, 2023/07/24, 09:18:45.706, 44559047072870, vstest.console.dll, AssemblyResolver.OnResolve: Microsoft.Diagnostics.NETCore.Client: Resolving assembly.
TpTrace Information: 0 : 18436, 1, 2023/07/24, 09:18:45.716, 44559047174691, vstest.console.dll, AssemblyResolver.OnResolve: Resolved assembly: Microsoft.Diagnostics.NETCore.Client, from path: C:\Program Files\dotnet\sdk\5.0.103\Extensions\Microsoft.Diagnostics.NETCore.Client.dll
TpTrace Information: 0 : 18436, 1, 2023/07/24, 09:18:45.727, 44559047286036, vstest.console.dll, AssemblyResolver.OnResolve: Microsoft.Bcl.AsyncInterfaces: Resolving assembly.
TpTrace Information: 0 : 18436, 1, 2023/07/24, 09:18:45.732, 44559047330616, vstest.console.dll, AssemblyResolver.OnResolve: Microsoft.Bcl.AsyncInterfaces: Failed to load assembly.
TpTrace Verbose: 0 : 18436, 1, 2023/07/24, 09:18:45.732, 44559047336473, vstest.console.dll, CurrentDomain_AssemblyResolve: Resolving assembly 'Microsoft.Bcl.AsyncInterfaces'.
TpTrace Information: 0 : 18436, 1, 2023/07/24, 09:18:45.733, 44559047342680, vstest.console.dll, AssemblyResolver.OnResolve: Microsoft.Bcl.AsyncInterfaces: Resolving assembly.
TpTrace Information: 0 : 18436, 1, 2023/07/24, 09:18:45.733, 44559047347918, vstest.console.dll, AssemblyResolver.OnResolve: Microsoft.Bcl.AsyncInterfaces: Resolved from cache.
TpTrace Verbose: 0 : 18436, 1, 2023/07/24, 09:18:45.734, 44559047351217, vstest.console.dll, CurrentDomain_AssemblyResolve: Resolving assembly 'Microsoft.Bcl.AsyncInterfaces'.
TpTrace Verbose: 0 : 18436, 1, 2023/07/24, 09:18:45.734, 44559047354167, vstest.console.dll, CurrentDomainAssemblyResolve: Failed to resolve assembly 'Microsoft.Bcl.AsyncInterfaces'.
TpTrace Verbose: 0 : 18436, 1, 2023/07/24, 09:18:45.790, 44559047912175, vstest.console.dll, CurrentDomainAssemblyResolve: Failed to resolve assembly 'Microsoft.Bcl.AsyncInterfaces'.
TpTrace Warning: 0 : 18436, 1, 2023/07/24, 09:18:45.966, 44559049669741, vstest.console.dll, TestPluginDiscoverer: Failed to get types from assembly 'Microsoft.Diagnostics.NETCore.Client, Version=0.2.2.41902, Culture=neutral, PublicKeyToken=31bf3856ad364e35'.  Skipping test extension scan for this assembly.  Error: System.Reflection.ReflectionTypeLoadException: Unable to load one or more of the requested types.
Could not load file or assembly 'Microsoft.Bcl.AsyncInterfaces, Version=1.0.0.0, Culture=neutral, PublicKeyToken=cc7b13ffcd2ddd51'. The system cannot find the file specified.
   at System.Reflection.RuntimeModule.GetTypes(RuntimeModule module)
   at System.Reflection.RuntimeModule.GetTypes()
   at System.Reflection.Assembly.GetTypes()
   at Microsoft.VisualStudio.TestPlatform.Common.ExtensionFramework.TestPluginDiscoverer.GetTestExtensionsFromAssembly[TPluginInfo,TExtension](Assembly assembly, Dictionary`2 pluginInfos)
System.IO.FileNotFoundException: Could not load file or assembly 'Microsoft.Bcl.AsyncInterfaces, Version=1.0.0.0, Culture=neutral, PublicKeyToken=cc7b13ffcd2ddd51'. The system cannot find the file specified.
File name: 'Microsoft.Bcl.AsyncInterfaces, Version=1.0.0.0, Culture=neutral, PublicKeyToken=cc7b13ffcd2ddd51'
TpTrace Warning: 0 : 18436, 1, 2023/07/24, 09:18:45.972, 44559049731874, vstest.console.dll, LoaderExceptions: System.IO.FileNotFoundException: Could not load file or assembly 'Microsoft.Bcl.AsyncInterfaces, Version=1.0.0.0, Culture=neutral, PublicKeyToken=cc7b13ffcd2ddd51'. The system cannot find the file specified.
File name: 'Microsoft.Bcl.AsyncInterfaces, Version=1.0.0.0, Culture=neutral, PublicKeyToken=cc7b13ffcd2ddd51'
TpTrace Information: 0 : 18436, 1, 2023/07/24, 09:18:45.973, 44559049744355, vstest.console.dll, AssemblyResolver.OnResolve: Microsoft.TestPlatform.Extensions.BlameDataCollector: Resolving assembly.
TpTrace Information: 0 : 18436, 1, 2023/07/24, 09:18:45.990, 44559049915358, vstest.console.dll, AssemblyResolver.OnResolve: Resolved assembly: Microsoft.TestPlatform.Extensions.BlameDataCollector, from path: C:\Program Files\dotnet\sdk\5.0.103\Extensions\Microsoft.TestPlatform.Extensions.BlameDataCollector.dll
TpTrace Information: 0 : 18436, 1, 2023/07/24, 09:18:45.994, 44559049951132, vstest.console.dll, AssemblyResolver.OnResolve: Microsoft.TestPlatform.Extensions.EventLogCollector: Resolving assembly.
TpTrace Information: 0 : 18436, 1, 2023/07/24, 09:18:45.997, 44559049985778, vstest.console.dll, AssemblyResolver.OnResolve: Resolved assembly: Microsoft.TestPlatform.Extensions.EventLogCollector, from path: C:\Program Files\dotnet\sdk\5.0.103\Extensions\Microsoft.TestPlatform.Extensions.EventLogCollector.dll
TpTrace Information: 0 : 18436, 1, 2023/07/24, 09:18:46.007, 44559050086233, vstest.console.dll, AssemblyResolver.OnResolve: Microsoft.TestPlatform.TestHostRuntimeProvider: Resolving assembly.
TpTrace Information: 0 : 18436, 1, 2023/07/24, 09:18:46.011, 44559050128745, vstest.console.dll, AssemblyResolver.OnResolve: Resolved assembly: Microsoft.TestPlatform.TestHostRuntimeProvider, from path: C:\Program Files\dotnet\sdk\5.0.103\Extensions\Microsoft.TestPlatform.TestHostRuntimeProvider.dll
TpTrace Information: 0 : 18436, 1, 2023/07/24, 09:18:46.038, 44559050399470, vstest.console.dll, AssemblyResolver.OnResolve: Microsoft.VisualStudio.TestPlatform.Extensions.Html.TestLogger: Resolving assembly.
TpTrace Information: 0 : 18436, 1, 2023/07/24, 09:18:46.045, 44559050459988, vstest.console.dll, AssemblyResolver.OnResolve: Resolved assembly: Microsoft.VisualStudio.TestPlatform.Extensions.Html.TestLogger, from path: C:\Program Files\dotnet\sdk\5.0.103\Extensions\Microsoft.VisualStudio.TestPlatform.Extensions.Html.TestLogger.dll
TpTrace Information: 0 : 18436, 1, 2023/07/24, 09:18:46.046, 44559050474049, vstest.console.dll, AssemblyResolver.OnResolve: Microsoft.VisualStudio.TestPlatform.Extensions.Trx.TestLogger: Resolving assembly.
TpTrace Information: 0 : 18436, 1, 2023/07/24, 09:18:46.056, 44559050578825, vstest.console.dll, AssemblyResolver.OnResolve: Resolved assembly: Microsoft.VisualStudio.TestPlatform.Extensions.Trx.TestLogger, from path: C:\Program Files\dotnet\sdk\5.0.103\Extensions\Microsoft.VisualStudio.TestPlatform.Extensions.Trx.TestLogger.dll
TpTrace Verbose: 0 : 18436, 1, 2023/07/24, 09:18:46.064, 44559050658225, vstest.console.dll, TestPluginCache: Discovered the extensions using extension path ''.
TpTrace Verbose: 0 : 18436, 1, 2023/07/24, 09:18:46.065, 44559050661901, vstest.console.dll, TestPluginCache: Discoverers are ''.
TpTrace Verbose: 0 : 18436, 1, 2023/07/24, 09:18:46.065, 44559050664115, vstest.console.dll, TestPluginCache: Executors are ''.
TpTrace Verbose: 0 : 18436, 1, 2023/07/24, 09:18:46.065, 44559050666091, vstest.console.dll, TestPluginCache: Executors2 are ''.
TpTrace Verbose: 0 : 18436, 1, 2023/07/24, 09:18:46.065, 44559050668349, vstest.console.dll, TestPluginCache: Setting providers are ''.
TpTrace Verbose: 0 : 18436, 1, 2023/07/24, 09:18:46.066, 44559050670322, vstest.console.dll, TestPluginCache: Loggers are ''.
TpTrace Information: 0 : 18436, 1, 2023/07/24, 09:18:46.108, 44559051096479, vstest.console.dll, RunTestsArgumentProcessor:Execute: Test run is starting.
TpTrace Verbose: 0 : 18436, 1, 2023/07/24, 09:18:46.108, 44559051099678, vstest.console.dll, RunTestsArgumentProcessor:Execute: Queuing Test run.
TpTrace Information: 0 : 18436, 1, 2023/07/24, 09:18:46.110, 44559051110812, vstest.console.dll, TestRequestManager.RunTests: run tests started.
TpTrace Information: 0 : 18436, 1, 2023/07/24, 09:18:46.181, 44559051821480, vstest.console.dll, AssemblyMetadataProvider.GetFrameWork: Determined framework:'.NETCoreApp,Version=v3.1' for source: 'C:\Users\MonPC\source\repos\allopromo\allopromo.Api.UnitTests\bin\Debug\netcoreapp3.1\fine-code-coverage\build-output\allopromo.Api.UnitTests.dll'
TpTrace Information: 0 : 18436, 1, 2023/07/24, 09:18:46.181, 44559051828562, vstest.console.dll, Determined framework for all sources: .NETCoreApp,Version=v3.1
TpTrace Information: 0 : 18436, 1, 2023/07/24, 09:18:46.221, 44559052220932, vstest.console.dll, AssemblyMetadataProvider.GetArchitecture: Determined architecture:AnyCPU info for assembly: C:\Users\MonPC\source\repos\allopromo\allopromo.Api.UnitTests\bin\Debug\netcoreapp3.1\fine-code-coverage\build-output\allopromo.Api.UnitTests.dll
TpTrace Information: 0 : 18436, 1, 2023/07/24, 09:18:46.255, 44559052568887, vstest.console.dll, Determined platform for all sources: X64
TpTrace Information: 0 : 18436, 1, 2023/07/24, 09:18:46.285, 44559052869204, vstest.console.dll, Compatible sources list : 
TpTrace Information: 0 : 18436, 1, 2023/07/24, 09:18:46.286, 44559052873773, vstest.console.dll, C:\Users\MonPC\source\repos\allopromo\allopromo.Api.UnitTests\bin\Debug\netcoreapp3.1\fine-code-coverage\build-output\allopromo.Api.UnitTests.dll
TpTrace Information: 0 : 18436, 1, 2023/07/24, 09:18:46.348, 44559053494116, vstest.console.dll, InferRunSettingsHelper.IsTestSettingsEnabled: Unable to navigate to RunSettings/MSTest. Current node: RunSettings
TpTrace Information: 0 : 18436, 1, 2023/07/24, 09:18:46.357, 44559053584362, vstest.console.dll, AssemblyResolver.OnResolve: Microsoft.VisualStudio.TestPlatform.Fakes: Resolving assembly.
TpTrace Information: 0 : 18436, 1, 2023/07/24, 09:18:46.359, 44559053604944, vstest.console.dll, AssemblyResolver.OnResolve: Microsoft.VisualStudio.TestPlatform.Fakes: Failed to load assembly.
TpTrace Information: 0 : 18436, 1, 2023/07/24, 09:18:46.363, 44559053643074, vstest.console.dll, Failed to create newly implemented Fakes Configurator. Reason:System.IO.FileNotFoundException: Could not load file or assembly 'Microsoft.VisualStudio.TestPlatform.Fakes, Version=16.0.0.0, Culture=neutral, PublicKeyToken=null'. The system cannot find the file specified.
File name: 'Microsoft.VisualStudio.TestPlatform.Fakes, Version=16.0.0.0, Culture=neutral, PublicKeyToken=null'
   at System.Reflection.RuntimeAssembly.InternalLoad(ObjectHandleOnStack assemblyName, ObjectHandleOnStack requestingAssembly, StackCrawlMarkHandle stackMark, Boolean throwOnFileNotFound, ObjectHandleOnStack assemblyLoadContext, ObjectHandleOnStack retAssembly)
   at System.Reflection.RuntimeAssembly.InternalLoad(AssemblyName assemblyName, RuntimeAssembly requestingAssembly, StackCrawlMark& stackMark, Boolean throwOnFileNotFound, AssemblyLoadContext assemblyLoadContext)
   at System.Reflection.Assembly.Load(String assemblyString)
   at Microsoft.VisualStudio.TestPlatform.Common.Utilities.FakesUtilities.TryGetFakesCrossPlatformDataCollectorConfigurator() 
TpTrace Verbose: 0 : 18436, 1, 2023/07/24, 09:18:46.490, 44559054914752, vstest.console.dll, TestPluginCache.DiscoverTestExtensions: finding test extensions in assemblies ends with: TestLogger.dll TPluginInfo: Microsoft.VisualStudio.TestPlatform.Common.ExtensionFramework.Utilities.TestLoggerPluginInformation TExtension: Microsoft.VisualStudio.TestPlatform.ObjectModel.Client.ITestLogger
TpTrace Verbose: 0 : 18436, 1, 2023/07/24, 09:18:46.490, 44559054919177, vstest.console.dll, TestPluginCache.GetExtensionPaths: Filtered extension paths: 
TpTrace Verbose: 0 : 18436, 1, 2023/07/24, 09:18:46.491, 44559054921910, vstest.console.dll, TestPluginCache.GetExtensionPaths: Added default extension paths: C:\Program Files\dotnet\sdk\5.0.103\Extensions\Microsoft.Diagnostics.NETCore.Client.dll
C:\Program Files\dotnet\sdk\5.0.103\Extensions\Microsoft.TestPlatform.Extensions.BlameDataCollector.dll
C:\Program Files\dotnet\sdk\5.0.103\Extensions\Microsoft.TestPlatform.Extensions.EventLogCollector.dll
C:\Program Files\dotnet\sdk\5.0.103\Extensions\Microsoft.TestPlatform.TestHostRuntimeProvider.dll
C:\Program Files\dotnet\sdk\5.0.103\Extensions\Microsoft.VisualStudio.TestPlatform.Extensions.Html.TestLogger.dll
C:\Program Files\dotnet\sdk\5.0.103\Extensions\Microsoft.VisualStudio.TestPlatform.Extensions.Trx.TestLogger.dll
TpTrace Verbose: 0 : 18436, 1, 2023/07/24, 09:18:46.491, 44559054924422, vstest.console.dll, TestPluginCache.GetExtensionPaths: Added unfilterableExtensionPaths: 
TpTrace Information: 0 : 18436, 1, 2023/07/24, 09:18:46.492, 44559054932309, vstest.console.dll, AssemblyResolver.AddSearchDirectories: Adding more searchDirectories C:\Program Files\dotnet\sdk\5.0.103\Extensions,C:\Program Files\dotnet\sdk\5.0.103
TpTrace Verbose: 0 : 18436, 1, 2023/07/24, 09:18:46.492, 44559054936250, vstest.console.dll, TestPluginCache.DiscoverTestExtensions: Discovering the extensions using extension path.
TpTrace Verbose: 0 : 18436, 1, 2023/07/24, 09:18:46.492, 44559054938639, vstest.console.dll, TestPluginCache.GetExtensionPaths: Filtered extension paths: 
TpTrace Verbose: 0 : 18436, 1, 2023/07/24, 09:18:46.493, 44559054941065, vstest.console.dll, TestPluginCache.GetExtensionPaths: Added default extension paths: C:\Program Files\dotnet\sdk\5.0.103\Extensions\Microsoft.Diagnostics.NETCore.Client.dll
C:\Program Files\dotnet\sdk\5.0.103\Extensions\Microsoft.TestPlatform.Extensions.BlameDataCollector.dll
C:\Program Files\dotnet\sdk\5.0.103\Extensions\Microsoft.TestPlatform.Extensions.EventLogCollector.dll
C:\Program Files\dotnet\sdk\5.0.103\Extensions\Microsoft.TestPlatform.TestHostRuntimeProvider.dll
C:\Program Files\dotnet\sdk\5.0.103\Extensions\Microsoft.VisualStudio.TestPlatform.Extensions.Html.TestLogger.dll
C:\Program Files\dotnet\sdk\5.0.103\Extensions\Microsoft.VisualStudio.TestPlatform.Extensions.Trx.TestLogger.dll
TpTrace Verbose: 0 : 18436, 1, 2023/07/24, 09:18:46.493, 44559054943830, vstest.console.dll, TestPluginCache.GetExtensionPaths: Added unfilterableExtensionPaths: 
TpTrace Verbose: 0 : 18436, 1, 2023/07/24, 09:18:46.493, 44559054946149, vstest.console.dll, TestPluginCache.DiscoverTestExtensions: Discovering the extensions using allExtensionPaths: C:\Program Files\dotnet\sdk\5.0.103\Extensions\Microsoft.Diagnostics.NETCore.Client.dll
C:\Program Files\dotnet\sdk\5.0.103\Extensions\Microsoft.TestPlatform.Extensions.BlameDataCollector.dll
C:\Program Files\dotnet\sdk\5.0.103\Extensions\Microsoft.TestPlatform.Extensions.EventLogCollector.dll
C:\Program Files\dotnet\sdk\5.0.103\Extensions\Microsoft.TestPlatform.TestHostRuntimeProvider.dll
C:\Program Files\dotnet\sdk\5.0.103\Extensions\Microsoft.VisualStudio.TestPlatform.Extensions.Html.TestLogger.dll
C:\Program Files\dotnet\sdk\5.0.103\Extensions\Microsoft.VisualStudio.TestPlatform.Extensions.Trx.TestLogger.dll
TpTrace Information: 0 : 18436, 1, 2023/07/24, 09:18:46.494, 44559054950506, vstest.console.dll, AssemblyResolver.AddSearchDirectories: Adding more searchDirectories C:\Program Files\dotnet\sdk\5.0.103\Extensions,C:\Program Files\dotnet\sdk\5.0.103
TpTrace Information: 0 : 18436, 1, 2023/07/24, 09:18:46.494, 44559054953672, vstest.console.dll, AssemblyResolver.AddSearchDirectories: Adding more searchDirectories C:\Program Files\dotnet\sdk\5.0.103\Extensions,C:\Program Files\dotnet\sdk\5.0.103
TpTrace Information: 0 : 18436, 1, 2023/07/24, 09:18:46.494, 44559054955925, vstest.console.dll, AssemblyResolver.AddSearchDirectories: Adding more searchDirectories C:\Program Files\dotnet\sdk\5.0.103\Extensions,C:\Program Files\dotnet\sdk\5.0.103
TpTrace Information: 0 : 18436, 1, 2023/07/24, 09:18:46.494, 44559054958375, vstest.console.dll, AssemblyResolver.AddSearchDirectories: Adding more searchDirectories C:\Program Files\dotnet\sdk\5.0.103\Extensions,C:\Program Files\dotnet\sdk\5.0.103
TpTrace Information: 0 : 18436, 1, 2023/07/24, 09:18:46.495, 44559054960725, vstest.console.dll, AssemblyResolver.AddSearchDirectories: Adding more searchDirectories C:\Program Files\dotnet\sdk\5.0.103\Extensions,C:\Program Files\dotnet\sdk\5.0.103
TpTrace Information: 0 : 18436, 1, 2023/07/24, 09:18:46.495, 44559054963185, vstest.console.dll, AssemblyResolver.AddSearchDirectories: Adding more searchDirectories C:\Program Files\dotnet\sdk\5.0.103\Extensions,C:\Program Files\dotnet\sdk\5.0.103
TpTrace Information: 0 : 18436, 1, 2023/07/24, 09:18:46.496, 44559054972555, vstest.console.dll, AssemblyResolver.OnResolve: Microsoft.Bcl.AsyncInterfaces: Resolving assembly.
TpTrace Information: 0 : 18436, 1, 2023/07/24, 09:18:46.496, 44559054975746, vstest.console.dll, AssemblyResolver.OnResolve: Microsoft.Bcl.AsyncInterfaces: Resolved from cache.
TpTrace Verbose: 0 : 18436, 1, 2023/07/24, 09:18:46.496, 44559054978407, vstest.console.dll, CurrentDomain_AssemblyResolve: Resolving assembly 'Microsoft.Bcl.AsyncInterfaces'.
TpTrace Information: 0 : 18436, 1, 2023/07/24, 09:18:46.497, 44559054982705, vstest.console.dll, AssemblyResolver.OnResolve: Microsoft.Bcl.AsyncInterfaces: Resolving assembly.
TpTrace Information: 0 : 18436, 1, 2023/07/24, 09:18:46.497, 44559054985541, vstest.console.dll, AssemblyResolver.OnResolve: Microsoft.Bcl.AsyncInterfaces: Resolved from cache.
TpTrace Verbose: 0 : 18436, 1, 2023/07/24, 09:18:46.497, 44559054988870, vstest.console.dll, CurrentDomain_AssemblyResolve: Resolving assembly 'Microsoft.Bcl.AsyncInterfaces'.
TpTrace Verbose: 0 : 18436, 1, 2023/07/24, 09:18:46.498, 44559054991929, vstest.console.dll, CurrentDomainAssemblyResolve: Failed to resolve assembly 'Microsoft.Bcl.AsyncInterfaces'.
TpTrace Verbose: 0 : 18436, 1, 2023/07/24, 09:18:46.498, 44559054999099, vstest.console.dll, CurrentDomainAssemblyResolve: Failed to resolve assembly 'Microsoft.Bcl.AsyncInterfaces'.
TpTrace Warning: 0 : 18436, 1, 2023/07/24, 09:18:46.501, 44559055024721, vstest.console.dll, TestPluginDiscoverer: Failed to get types from assembly 'Microsoft.Diagnostics.NETCore.Client, Version=0.2.2.41902, Culture=neutral, PublicKeyToken=31bf3856ad364e35'.  Skipping test extension scan for this assembly.  Error: System.Reflection.ReflectionTypeLoadException: Unable to load one or more of the requested types.
Could not load file or assembly 'Microsoft.Bcl.AsyncInterfaces, Version=1.0.0.0, Culture=neutral, PublicKeyToken=cc7b13ffcd2ddd51'. The system cannot find the file specified.
   at System.Reflection.RuntimeModule.GetTypes(RuntimeModule module)
   at System.Reflection.RuntimeModule.GetTypes()
   at System.Reflection.Assembly.GetTypes()
   at Microsoft.VisualStudio.TestPlatform.Common.ExtensionFramework.TestPluginDiscoverer.GetTestExtensionsFromAssembly[TPluginInfo,TExtension](Assembly assembly, Dictionary`2 pluginInfos)
System.IO.FileNotFoundException: Could not load file or assembly 'Microsoft.Bcl.AsyncInterfaces, Version=1.0.0.0, Culture=neutral, PublicKeyToken=cc7b13ffcd2ddd51'. The system cannot find the file specified.
File name: 'Microsoft.Bcl.AsyncInterfaces, Version=1.0.0.0, Culture=neutral, PublicKeyToken=cc7b13ffcd2ddd51'
TpTrace Warning: 0 : 18436, 1, 2023/07/24, 09:18:46.501, 44559055028167, vstest.console.dll, LoaderExceptions: System.IO.FileNotFoundException: Could not load file or assembly 'Microsoft.Bcl.AsyncInterfaces, Version=1.0.0.0, Culture=neutral, PublicKeyToken=cc7b13ffcd2ddd51'. The system cannot find the file specified.
File name: 'Microsoft.Bcl.AsyncInterfaces, Version=1.0.0.0, Culture=neutral, PublicKeyToken=cc7b13ffcd2ddd51'
TpTrace Verbose: 0 : 18436, 1, 2023/07/24, 09:18:46.504, 44559055051934, vstest.console.dll, TestPluginCache: Discovered the extensions using extension path ''.
TpTrace Verbose: 0 : 18436, 1, 2023/07/24, 09:18:46.504, 44559055056295, vstest.console.dll, TestPluginCache: Discoverers are ''.
TpTrace Verbose: 0 : 18436, 1, 2023/07/24, 09:18:46.504, 44559055059130, vstest.console.dll, TestPluginCache: Executors are ''.
TpTrace Verbose: 0 : 18436, 1, 2023/07/24, 09:18:46.505, 44559055062452, vstest.console.dll, TestPluginCache: Executors2 are ''.
TpTrace Verbose: 0 : 18436, 1, 2023/07/24, 09:18:46.505, 44559055064747, vstest.console.dll, TestPluginCache: Setting providers are ''.
TpTrace Verbose: 0 : 18436, 1, 2023/07/24, 09:18:46.506, 44559055071779, vstest.console.dll, TestPluginCache: Loggers are 'logger://Microsoft/TestPlatform/Extensions/Blame/v1,logger://Microsoft/TestPlatform/HtmlLogger/v1,logger://Microsoft/TestPlatform/TrxLogger/v1'.
TpTrace Information: 0 : 18436, 1, 2023/07/24, 09:18:46.510, 44559055117809, vstest.console.dll, TestPluginManager.CreateTestExtension: Attempting to load test extension: Microsoft.TestPlatform.Extensions.BlameDataCollector.BlameLogger
TpTrace Information: 0 : 18436, 1, 2023/07/24, 09:18:46.655, 44559056564303, vstest.console.dll, TestPluginManager.CreateTestExtension: Attempting to load test extension: Microsoft.VisualStudio.TestPlatform.CrossPlatEngine.Hosting.DefaultTestHostManager
TpTrace Information: 0 : 18436, 1, 2023/07/24, 09:18:46.656, 44559056577014, vstest.console.dll, TestPluginManager.CreateTestExtension: Attempting to load test extension: Microsoft.VisualStudio.TestPlatform.CrossPlatEngine.Hosting.DotnetTestHostManager
TpTrace Verbose: 0 : 18436, 1, 2023/07/24, 09:18:46.666, 44559056678058, vstest.console.dll, TestEngine: Initializing Parallel Execution as MaxCpuCount is set to: 1
TpTrace Information: 0 : 18436, 1, 2023/07/24, 09:18:46.673, 44559056746088, vstest.console.dll, InferRunSettingsHelper.IsTestSettingsEnabled: Unable to navigate to RunSettings/MSTest. Current node: RunSettings
TpTrace Verbose: 0 : 18436, 1, 2023/07/24, 09:18:46.843, 44559058447242, vstest.console.dll, TestRequestSender is acting as server
TpTrace Verbose: 0 : 18436, 4, 2023/07/24, 09:18:46.888, 44559058896503, vstest.console.dll, DataCollectionRequestSender.InitializeCommunication : Initialize communication. 
TpTrace Information: 0 : 18436, 4, 2023/07/24, 09:18:47.173, 44559061742737, vstest.console.dll, Listening on Endpoint : 127.0.0.1:54042
TpTrace Verbose: 0 : 18436, 4, 2023/07/24, 09:18:47.333, 44559063347662, vstest.console.dll, DotnetDataCollectionLauncher: Full path of dotnet.exe is C:\Program Files\dotnet\dotnet.exe
TpTrace Verbose: 0 : 18436, 4, 2023/07/24, 09:18:47.394, 44559063952658, vstest.console.dll, DotnetDataCollectionLauncher: Adding  --runtimeconfig "C:\Program Files\dotnet\sdk\5.0.103\datacollector.runtimeconfig.json" in args
TpTrace Verbose: 0 : 18436, 4, 2023/07/24, 09:18:47.394, 44559063958480, vstest.console.dll, DotnetDataCollectionLauncher: Adding  --depsfile "C:\Program Files\dotnet\sdk\5.0.103\datacollector.deps.json" in args
TpTrace Information: 0 : 18436, 4, 2023/07/24, 09:18:47.639, 44559066403357, vstest.console.dll, ProxyDataCollectionManager.Initialize: Launched datacollector processId: 21488 port: 54042
TpTrace Information: 0 : 18436, 4, 2023/07/24, 09:18:47.640, 44559066418010, vstest.console.dll, ProxyDataCollectionManager.Initialize: waiting for connection with timeout: 90 seconds
TpTrace Verbose: 0 : 18436, 4, 2023/07/24, 09:18:47.641, 44559066422234, vstest.console.dll, DataCollectionRequestSender.WaitForRequestHandlerConnection : Waiting for connection with timeout: 90000
TpTrace Information: 0 : 18436, 8, 2023/07/24, 09:18:51.624, 44559106251800, vstest.console.dll, Using the buffer size of 16384 bytes
TpTrace Verbose: 0 : 18436, 4, 2023/07/24, 09:18:51.624, 44559106254303, vstest.console.dll, ProxyDataCollectionManager.InvokeDataCollectionServiceAction: Starting.
TpTrace Information: 0 : 18436, 8, 2023/07/24, 09:18:51.624, 44559106256317, vstest.console.dll, Accepted Client request and set the flag
TpTrace Information: 0 : 18436, 4, 2023/07/24, 09:18:51.625, 44559106262073, vstest.console.dll, ProxyDataCollectionManager.BeforeTestRunStart: Get environment variable and port for datacollector processId: 21488 port: 54042
TpTrace Verbose: 0 : 18436, 4, 2023/07/24, 09:18:51.626, 44559106270798, vstest.console.dll, DataCollectionRequestSender.SendBeforeTestRunStartAndGetResult : Send BeforeTestRunStart message with settingsXml <RunSettings><RunConfiguration><ResultsDirectory>C:\Users\MonPC\source\repos\allopromo\allopromo.Api.UnitTests\bin\Debug\netcoreapp3.1\fine-code-coverage\coverage-tool-output</ResultsDirectory><TargetPlatform>X64</TargetPlatform><TargetFrameworkVersion>.NETCoreApp,Version=v3.1</TargetFrameworkVersion><DesignMode>False</DesignMode><CollectSourceInformation>False</CollectSourceInformation><TestAdaptersPaths>C:\Program Files\dotnet\sdk\5.0.103\Extensions</TestAdaptersPaths></RunConfiguration><LoggerRunSettings><Loggers><Logger friendlyName="blame" enabled="True" /><Logger friendlyName="Console" uri="logger://microsoft/TestPlatform/ConsoleLogger/v1" assemblyQualifiedName="Microsoft.VisualStudio.TestPlatform.CommandLine.Internal.ConsoleLogger, vstest.console, Version=15.0.0.0, Culture=neutral, PublicKeyToken=b03f5f7f11d50a3a" codeBase="C:\Program Files\dotnet\sdk\5.0.103\vstest.console.dll" enabled="True" /></Loggers></LoggerRunSettings><DataCollectionRunSettings><DataCollectors><DataCollector friendlyName="blame" enabled="True"><Configuration><ResultsDirectory>C:\Users\MonPC\source\repos\allopromo\allopromo.Api.UnitTests\bin\Debug\netcoreapp3.1\fine-code-coverage\coverage-tool-output</ResultsDirectory></Configuration></DataCollector></DataCollectors></DataCollectionRunSettings></RunSettings> and sources System.Linq.Enumerable+Concat2Iterator`1[System.String]: 
TpTrace Verbose: 0 : 18436, 4, 2023/07/24, 09:18:52.527, 44559115286216, vstest.console.dll, DataCollectionRequestSender.SendBeforeTestRunStartAndGetResult : Received message: (DataCollection.SendMessage) -> {
  "FriendlyName": null,
  "Uri": null,
  "TestCaseId": "00000000-0000-0000-0000-000000000000",
  "Message": "Logging DataCollector Diagnostics in file: C:\\Users\\MonPC\\source\\repos\\allopromo\\allopromo.Api.UnitTests\\bin\\Debug\\netcoreapp3.1\\fine-code-coverage\\coverage-tool-output\\diagnostics.datacollector.23-07-24_09-18-47_25242_4.log",
  "Level": 0
}
TpTrace Verbose: 0 : 18436, 4, 2023/07/24, 09:18:53.462, 44559124637088, vstest.console.dll, DataCollectionRequestSender.SendBeforeTestRunStartAndGetResult : Received message: (DataCollection.BeforeTestRunStartResult) -> {
  "EnvironmentVariables": {},
  "DataCollectionEventsPort": 54050
}
TpTrace Information: 0 : 18436, 4, 2023/07/24, 09:18:53.483, 44559124844396, vstest.console.dll, ProxyDataCollectionManager.BeforeTestRunStart: SendBeforeTestRunStartAndGetResult successful, env variable from datacollector:   and testhost port: 54050
TpTrace Information: 0 : 18436, 4, 2023/07/24, 09:18:53.483, 44559124848119, vstest.console.dll, ProxyDataCollectionManager.InvokeDataCollectionServiceAction: Completed.
TpTrace Verbose: 0 : 18436, 1, 2023/07/24, 09:18:53.484, 44559124855399, vstest.console.dll, TestRunRequest.ExecuteAsync: Creating test run request.
TpTrace Verbose: 0 : 18436, 1, 2023/07/24, 09:18:53.486, 44559124877522, vstest.console.dll, TestRunRequest.ExecuteAsync: Starting.
TpTrace Information: 0 : 18436, 1, 2023/07/24, 09:18:53.489, 44559124902104, vstest.console.dll, TestRunRequest.ExecuteAsync: Starting run with settings:TestRunCriteria:
   KeepAlive=False,FrequencyOfRunStatsChangeEvent=10,RunStatsChangeEventTimeout=00:00:01.5000000,TestCaseFilter=,TestExecutorLauncher=
   Settingsxml=<RunSettings>
  <RunConfiguration>
    <ResultsDirectory>C:\Users\MonPC\source\repos\allopromo\allopromo.Api.UnitTests\bin\Debug\netcoreapp3.1\fine-code-coverage\coverage-tool-output</ResultsDirectory>
    <TargetPlatform>X64</TargetPlatform>
    <TargetFrameworkVersion>.NETCoreApp,Version=v3.1</TargetFrameworkVersion>
    <DesignMode>False</DesignMode>
    <CollectSourceInformation>False</CollectSourceInformation>
  </RunConfiguration>
  <LoggerRunSettings>
    <Loggers>
      <Logger friendlyName="blame" enabled="True" />
      <Logger friendlyName="Console" uri="logger://microsoft/TestPlatform/ConsoleLogger/v1" assemblyQualifiedName="Microsoft.VisualStudio.TestPlatform.CommandLine.Internal.ConsoleLogger, vstest.console, Version=15.0.0.0, Culture=neutral, PublicKeyToken=b03f5f7f11d50a3a" codeBase="C:\Program Files\dotnet\sdk\5.0.103\vstest.console.dll" enabled="True" />
    </Loggers>
  </LoggerRunSettings>
  <DataCollectionRunSettings>
    <DataCollectors>
      <DataCollector friendlyName="blame" enabled="True">
        <Configuration>
          <ResultsDirectory>C:\Users\MonPC\source\repos\allopromo\allopromo.Api.UnitTests\bin\Debug\netcoreapp3.1\fine-code-coverage\coverage-tool-output</ResultsDirectory>
        </Configuration>
      </DataCollector>
    </DataCollectors>
  </DataCollectionRunSettings>
</RunSettings>

TpTrace Verbose: 0 : 18436, 1, 2023/07/24, 09:18:53.489, 44559124905830, vstest.console.dll, TestRunRequest.ExecuteAsync: Wait for the first run request is over.
TpTrace Verbose: 0 : 18436, 1, 2023/07/24, 09:18:53.491, 44559124925905, vstest.console.dll, ParallelProxyExecutionManager: Start execution. Total sources: 1
TpTrace Information: 0 : 18436, 1, 2023/07/24, 09:18:53.494, 44559124959148, vstest.console.dll, ProxyParallelExecutionManager: Triggering test run for next source: C:\Users\MonPC\source\repos\allopromo\allopromo.Api.UnitTests\bin\Debug\netcoreapp3.1\fine-code-coverage\build-output\allopromo.Api.UnitTests.dll
TpTrace Verbose: 0 : 18436, 1, 2023/07/24, 09:18:53.495, 44559124969133, vstest.console.dll, ProxyParallelExecutionManager: No sources available for execution.
TpTrace Information: 0 : 18436, 1, 2023/07/24, 09:18:53.496, 44559124972963, vstest.console.dll, TestRunRequest.ExecuteAsync: Started.
TpTrace Verbose: 0 : 18436, 1, 2023/07/24, 09:18:53.496, 44559124978379, vstest.console.dll, TestRunRequest.WaitForCompletion: Waiting with timeout -1.
TpTrace Verbose: 0 : 18436, 7, 2023/07/24, 09:18:53.499, 44559125008455, vstest.console.dll, ParallelProxyExecutionManager: Execution started. Started clients: 1
TpTrace Verbose: 0 : 18436, 7, 2023/07/24, 09:18:53.502, 44559125033860, vstest.console.dll, TestRunRequest:SendTestRunMessage: Starting.
TpTrace Information: 0 : 18436, 7, 2023/07/24, 09:18:53.503, 44559125042037, vstest.console.dll, TestRunRequest:SendTestRunMessage: Completed.
TpTrace Verbose: 0 : 18436, 7, 2023/07/24, 09:18:53.504, 44559125052746, vstest.console.dll, ProxyExecutionManager: Test host is always Lazy initialize.
TpTrace Verbose: 0 : 18436, 7, 2023/07/24, 09:18:53.506, 44559125071979, vstest.console.dll, TestRequestSender.InitializeCommunication: initialize communication. 
TpTrace Information: 0 : 18436, 7, 2023/07/24, 09:18:53.508, 44559125096615, vstest.console.dll, SocketServer.Start: Listening on endpoint : 127.0.0.1:54051
TpTrace Verbose: 0 : 18436, 7, 2023/07/24, 09:18:53.513, 44559125146501, vstest.console.dll, DotnetTestHostmanager: Adding  --runtimeconfig "C:\Users\MonPC\source\repos\allopromo\allopromo.Api.UnitTests\bin\Debug\netcoreapp3.1\fine-code-coverage\build-output\allopromo.Api.UnitTests.runtimeconfig.json" in args
TpTrace Verbose: 0 : 18436, 7, 2023/07/24, 09:18:53.515, 44559125160479, vstest.console.dll, DotnetTestHostmanager: Adding  --depsfile "C:\Users\MonPC\source\repos\allopromo\allopromo.Api.UnitTests\bin\Debug\netcoreapp3.1\fine-code-coverage\build-output\allopromo.Api.UnitTests.deps.json" in args
TpTrace Verbose: 0 : 18436, 7, 2023/07/24, 09:18:53.516, 44559125173345, vstest.console.dll, DotnetTestHostManager: Testhost.exe/testhost.x86.exe found at path: C:\Users\MonPC\source\repos\allopromo\allopromo.Api.UnitTests\bin\Debug\netcoreapp3.1\fine-code-coverage\build-output\testhost.exe
TpTrace Verbose: 0 : 18436, 7, 2023/07/24, 09:18:53.516, 44559125177138, vstest.console.dll, DotnetTestHostmanager: Full path of host exe is C:\Users\MonPC\source\repos\allopromo\allopromo.Api.UnitTests\bin\Debug\netcoreapp3.1\fine-code-coverage\build-output\testhost.exe
TpTrace Verbose: 0 : 18436, 10, 2023/07/24, 09:18:53.551, 44559125523740, vstest.console.dll, DotnetTestHostManager: Starting process 'C:\Users\MonPC\source\repos\allopromo\allopromo.Api.UnitTests\bin\Debug\netcoreapp3.1\fine-code-coverage\build-output\testhost.exe' with command line ' --runtimeconfig "C:\Users\MonPC\source\repos\allopromo\allopromo.Api.UnitTests\bin\Debug\netcoreapp3.1\fine-code-coverage\build-output\allopromo.Api.UnitTests.runtimeconfig.json" --depsfile "C:\Users\MonPC\source\repos\allopromo\allopromo.Api.UnitTests\bin\Debug\netcoreapp3.1\fine-code-coverage\build-output\allopromo.Api.UnitTests.deps.json" --port 54051 --endpoint 127.0.0.1:054051 --role client --parentprocessid 18436 --diag "C:\Users\MonPC\source\repos\allopromo\allopromo.Api.UnitTests\bin\Debug\netcoreapp3.1\fine-code-coverage\coverage-tool-output\diagnostics.host.23-07-24_09-18-53_51036_7.log" --tracelevel 4 --datacollectionport 54050 --telemetryoptedin false'
TpTrace Verbose: 0 : 18436, 10, 2023/07/24, 09:18:53.688, 44559126894586, vstest.console.dll, Test Runtime launched
TpTrace Verbose: 0 : 18436, 7, 2023/07/24, 09:18:53.738, 44559127397982, vstest.console.dll, TestRequestSender.WaitForRequestHandlerConnection: waiting for connection with timeout: 90000
TpTrace Verbose: 0 : 18436, 4, 2023/07/24, 09:18:56.981, 44559159828367, vstest.console.dll, SocketServer.OnClientConnected: Client connected for endPoint: 127.0.0.1:54051, starting MessageLoopAsync:
TpTrace Verbose: 0 : 18436, 4, 2023/07/24, 09:18:56.984, 44559159852747, vstest.console.dll, TcpClientExtensions.MessageLoopAsync: Polling on remoteEndPoint: 127.0.0.1:54054 localEndPoint: 127.0.0.1:54051
TpTrace Verbose: 0 : 18436, 4, 2023/07/24, 09:18:58.002, 44559170031228, vstest.console.dll, TcpClientExtensions.MessageLoopAsync: Polling on remoteEndPoint: 127.0.0.1:54054 localEndPoint: 127.0.0.1:54051
TpTrace Verbose: 0 : 18436, 4, 2023/07/24, 09:18:59.014, 44559180152498, vstest.console.dll, TcpClientExtensions.MessageLoopAsync: Polling on remoteEndPoint: 127.0.0.1:54054 localEndPoint: 127.0.0.1:54051
TpTrace Verbose: 0 : 18436, 4, 2023/07/24, 09:18:59.369, 44559183700812, vstest.console.dll, TcpClientExtensions.MessageLoopAsync: NotifyDataAvailable remoteEndPoint: 127.0.0.1:54054 localEndPoint: 127.0.0.1:54051
TpTrace Verbose: 0 : 18436, 4, 2023/07/24, 09:18:59.369, 44559183708210, vstest.console.dll, TestRequestSender.CheckVersionWithTestHost: onMessageReceived received message: (ProtocolVersion) -> 2
TpTrace Verbose: 0 : 18436, 4, 2023/07/24, 09:18:59.371, 44559183729389, vstest.console.dll, TcpClientExtensions.MessageLoopAsync: Polling on remoteEndPoint: 127.0.0.1:54054 localEndPoint: 127.0.0.1:54051
TpTrace Verbose: 0 : 18436, 7, 2023/07/24, 09:18:59.372, 44559183738288, vstest.console.dll, TestPluginCache.GetExtensionPaths: Filtered extension paths: 
TpTrace Verbose: 0 : 18436, 7, 2023/07/24, 09:18:59.373, 44559183746384, vstest.console.dll, TestPluginCache.GetExtensionPaths: Added default extension paths: C:\Program Files\dotnet\sdk\5.0.103\Extensions\Microsoft.Diagnostics.NETCore.Client.dll
C:\Program Files\dotnet\sdk\5.0.103\Extensions\Microsoft.TestPlatform.Extensions.BlameDataCollector.dll
C:\Program Files\dotnet\sdk\5.0.103\Extensions\Microsoft.TestPlatform.Extensions.EventLogCollector.dll
C:\Program Files\dotnet\sdk\5.0.103\Extensions\Microsoft.TestPlatform.TestHostRuntimeProvider.dll
C:\Program Files\dotnet\sdk\5.0.103\Extensions\Microsoft.VisualStudio.TestPlatform.Extensions.Html.TestLogger.dll
C:\Program Files\dotnet\sdk\5.0.103\Extensions\Microsoft.VisualStudio.TestPlatform.Extensions.Trx.TestLogger.dll
TpTrace Verbose: 0 : 18436, 7, 2023/07/24, 09:18:59.374, 44559183756831, vstest.console.dll, TestPluginCache.GetExtensionPaths: Added unfilterableExtensionPaths: 
TpTrace Verbose: 0 : 18436, 7, 2023/07/24, 09:18:59.395, 44559183965351, vstest.console.dll, TestRequestSender.InitializeExecution: Sending initializing execution with message: {"Version":2,"MessageType":"TestExecution.Initialize","Payload":["C:\\Users\\MonPC\\source\\repos\\allopromo\\allopromo.Api.UnitTests\\bin\\Debug\\netcoreapp3.1\\fine-code-coverage\\build-output\\NUnit3.TestAdapter.dll"]}
TpTrace Verbose: 0 : 18436, 4, 2023/07/24, 09:18:59.621, 44559186224447, vstest.console.dll, TcpClientExtensions.MessageLoopAsync: NotifyDataAvailable remoteEndPoint: 127.0.0.1:54054 localEndPoint: 127.0.0.1:54051
TpTrace Verbose: 0 : 18436, 4, 2023/07/24, 09:18:59.622, 44559186230493, vstest.console.dll, TestRequestSender.OnExecutionMessageReceived: Received message: {"Version":2,"MessageType":"TestSession.Message","Payload":{"MessageLevel":0,"Message":"Logging TestHost Diagnostics in file: C:\\Users\\MonPC\\source\\repos\\allopromo\\allopromo.Api.UnitTests\\bin\\Debug\\netcoreapp3.1\\fine-code-coverage\\coverage-tool-output\\diagnostics.host.23-07-24_09-18-53_51036_7.log"}}
TpTrace Verbose: 0 : 18436, 7, 2023/07/24, 09:18:59.629, 44559186309256, vstest.console.dll, TestRequestSender.StartTestRun: Sending test run with message: {"Version":2,"MessageType":"TestExecution.StartWithSources","Payload":{"AdapterSourceMap":{"_none_":["C:\\Users\\MonPC\\source\\repos\\allopromo\\allopromo.Api.UnitTests\\bin\\Debug\\netcoreapp3.1\\fine-code-coverage\\build-output\\allopromo.Api.UnitTests.dll"]},"RunSettings":"<RunSettings>\r\n  <RunConfiguration>\r\n    <ResultsDirectory>C:\\Users\\MonPC\\source\\repos\\allopromo\\allopromo.Api.UnitTests\\bin\\Debug\\netcoreapp3.1\\fine-code-coverage\\coverage-tool-output</ResultsDirectory>\r\n    <TargetPlatform>X64</TargetPlatform>\r\n    <TargetFrameworkVersion>.NETCoreApp,Version=v3.1</TargetFrameworkVersion>\r\n    <DesignMode>False</DesignMode>\r\n    <CollectSourceInformation>False</CollectSourceInformation>\r\n  </RunConfiguration>\r\n  <LoggerRunSettings>\r\n    <Loggers>\r\n      <Logger friendlyName=\"blame\" enabled=\"True\" />\r\n      <Logger friendlyName=\"Console\" uri=\"logger://microsoft/TestPlatform/ConsoleLogger/v1\" assemblyQualifiedName=\"Microsoft.VisualStudio.TestPlatform.CommandLine.Internal.ConsoleLogger, vstest.console, Version=15.0.0.0, Culture=neutral, PublicKeyToken=b03f5f7f11d50a3a\" codeBase=\"C:\\Program Files\\dotnet\\sdk\\5.0.103\\vstest.console.dll\" enabled=\"True\" />\r\n    </Loggers>\r\n  </LoggerRunSettings>\r\n  <DataCollectionRunSettings>\r\n    <DataCollectors>\r\n      <DataCollector friendlyName=\"blame\" enabled=\"True\">\r\n        <Configuration>\r\n          <ResultsDirectory>C:\\Users\\MonPC\\source\\repos\\allopromo\\allopromo.Api.UnitTests\\bin\\Debug\\netcoreapp3.1\\fine-code-coverage\\coverage-tool-output</ResultsDirectory>\r\n        </Configuration>\r\n      </DataCollector>\r\n    </DataCollectors>\r\n  </DataCollectionRunSettings>\r\n</RunSettings>","TestExecutionContext":{"FrequencyOfRunStatsChangeEvent":10,"RunStatsChangeEventTimeout":"00:00:01.5000000","InIsolation":false,"KeepAlive":false,"AreTestCaseLevelEventsRequired":false,"IsDebug":false,"TestCaseFilter":null,"FilterOptions":null},"Package":null}}
TpTrace Verbose: 0 : 18436, 4, 2023/07/24, 09:18:59.630, 44559186316809, vstest.console.dll, TestRunRequest:SendTestRunMessage: Starting.
TpTrace Information: 0 : 18436, 4, 2023/07/24, 09:18:59.631, 44559186321137, vstest.console.dll, TestRunRequest:SendTestRunMessage: Completed.
TpTrace Verbose: 0 : 18436, 4, 2023/07/24, 09:18:59.631, 44559186323244, vstest.console.dll, TcpClientExtensions.MessageLoopAsync: Polling on remoteEndPoint: 127.0.0.1:54054 localEndPoint: 127.0.0.1:54051
TpTrace Verbose: 0 : 18436, 4, 2023/07/24, 09:19:00.639, 44559196402417, vstest.console.dll, TcpClientExtensions.MessageLoopAsync: Polling on remoteEndPoint: 127.0.0.1:54054 localEndPoint: 127.0.0.1:54051
TpTrace Verbose: 0 : 18436, 4, 2023/07/24, 09:19:01.645, 44559206461763, vstest.console.dll, TcpClientExtensions.MessageLoopAsync: Polling on remoteEndPoint: 127.0.0.1:54054 localEndPoint: 127.0.0.1:54051
TpTrace Verbose: 0 : 18436, 4, 2023/07/24, 09:19:02.649, 44559216503998, vstest.console.dll, TcpClientExtensions.MessageLoopAsync: Polling on remoteEndPoint: 127.0.0.1:54054 localEndPoint: 127.0.0.1:54051
TpTrace Verbose: 0 : 18436, 4, 2023/07/24, 09:19:02.909, 44559219106402, vstest.console.dll, TcpClientExtensions.MessageLoopAsync: NotifyDataAvailable remoteEndPoint: 127.0.0.1:54054 localEndPoint: 127.0.0.1:54051
TpTrace Verbose: 0 : 18436, 4, 2023/07/24, 09:19:02.910, 44559219110833, vstest.console.dll, TestRequestSender.OnExecutionMessageReceived: Received message: {"Version":2,"MessageType":"TestSession.Message","Payload":{"MessageLevel":0,"Message":"NUnit Adapter 3.16.1.0: Test execution started"}}
TpTrace Verbose: 0 : 18436, 4, 2023/07/24, 09:19:02.911, 44559219123158, vstest.console.dll, TestRunRequest:SendTestRunMessage: Starting.
TpTrace Information: 0 : 18436, 4, 2023/07/24, 09:19:02.911, 44559219126975, vstest.console.dll, TestRunRequest:SendTestRunMessage: Completed.
TpTrace Verbose: 0 : 18436, 4, 2023/07/24, 09:19:02.911, 44559219129345, vstest.console.dll, TcpClientExtensions.MessageLoopAsync: Polling on remoteEndPoint: 127.0.0.1:54054 localEndPoint: 127.0.0.1:54051
TpTrace Verbose: 0 : 18436, 4, 2023/07/24, 09:19:02.996, 44559219978193, vstest.console.dll, TcpClientExtensions.MessageLoopAsync: NotifyDataAvailable remoteEndPoint: 127.0.0.1:54054 localEndPoint: 127.0.0.1:54051
TpTrace Verbose: 0 : 18436, 4, 2023/07/24, 09:19:02.997, 44559219982420, vstest.console.dll, TestRequestSender.OnExecutionMessageReceived: Received message: {"Version":2,"MessageType":"TestSession.Message","Payload":{"MessageLevel":0,"Message":"Running all tests in C:\\Users\\MonPC\\source\\repos\\allopromo\\allopromo.Api.UnitTests\\bin\\Debug\\netcoreapp3.1\\fine-code-coverage\\build-output\\allopromo.Api.UnitTests.dll"}}
TpTrace Verbose: 0 : 18436, 4, 2023/07/24, 09:19:02.998, 44559219992288, vstest.console.dll, TestRunRequest:SendTestRunMessage: Starting.
TpTrace Information: 0 : 18436, 4, 2023/07/24, 09:19:02.998, 44559219996010, vstest.console.dll, TestRunRequest:SendTestRunMessage: Completed.
TpTrace Verbose: 0 : 18436, 4, 2023/07/24, 09:19:02.998, 44559219998164, vstest.console.dll, TcpClientExtensions.MessageLoopAsync: Polling on remoteEndPoint: 127.0.0.1:54054 localEndPoint: 127.0.0.1:54051
TpTrace Verbose: 0 : 18436, 4, 2023/07/24, 09:19:03.999, 44559230003261, vstest.console.dll, TcpClientExtensions.MessageLoopAsync: Polling on remoteEndPoint: 127.0.0.1:54054 localEndPoint: 127.0.0.1:54051
TpTrace Verbose: 0 : 18436, 4, 2023/07/24, 09:19:05.007, 44559240081783, vstest.console.dll, TcpClientExtensions.MessageLoopAsync: Polling on remoteEndPoint: 127.0.0.1:54054 localEndPoint: 127.0.0.1:54051
TpTrace Verbose: 0 : 18436, 4, 2023/07/24, 09:19:06.020, 44559250212713, vstest.console.dll, TcpClientExtensions.MessageLoopAsync: Polling on remoteEndPoint: 127.0.0.1:54054 localEndPoint: 127.0.0.1:54051
TpTrace Verbose: 0 : 18436, 4, 2023/07/24, 09:19:06.049, 44559250502163, vstest.console.dll, TcpClientExtensions.MessageLoopAsync: NotifyDataAvailable remoteEndPoint: 127.0.0.1:54054 localEndPoint: 127.0.0.1:54051
TpTrace Verbose: 0 : 18436, 4, 2023/07/24, 09:19:06.049, 44559250508974, vstest.console.dll, TestRequestSender.OnExecutionMessageReceived: Received message: {"Version":2,"MessageType":"TestSession.Message","Payload":{"MessageLevel":0,"Message":"   NUnit3TestExecutor converted 34 of 34 NUnit test cases"}}
TpTrace Verbose: 0 : 18436, 4, 2023/07/24, 09:19:06.050, 44559250516054, vstest.console.dll, TestRunRequest:SendTestRunMessage: Starting.
TpTrace Information: 0 : 18436, 4, 2023/07/24, 09:19:06.051, 44559250520619, vstest.console.dll, TestRunRequest:SendTestRunMessage: Completed.
TpTrace Verbose: 0 : 18436, 4, 2023/07/24, 09:19:06.051, 44559250526456, vstest.console.dll, TcpClientExtensions.MessageLoopAsync: Polling on remoteEndPoint: 127.0.0.1:54054 localEndPoint: 127.0.0.1:54051
TpTrace Verbose: 0 : 18436, 4, 2023/07/24, 09:19:07.063, 44559260642768, vstest.console.dll, TcpClientExtensions.MessageLoopAsync: Polling on remoteEndPoint: 127.0.0.1:54054 localEndPoint: 127.0.0.1:54051
TpTrace Verbose: 0 : 18436, 4, 2023/07/24, 09:19:07.748, 44559267490003, vstest.console.dll, TcpClientExtensions.MessageLoopAsync: NotifyDataAvailable remoteEndPoint: 127.0.0.1:54054 localEndPoint: 127.0.0.1:54051
TpTrace Verbose: 0 : 18436, 4, 2023/07/24, 09:19:07.748, 44559267499545, vstest.console.dll, TestRequestSender.OnExecutionMessageReceived: Received message: {"Version":2,"MessageType":"TestExecution.StatsChange","Payload":{"NewTestResults":[],"TestRunStatistics":{"ExecutedTests":0,"Stats":{}},"ActiveTests":[{"Id":"67cfbab9-f2a1-5247-08f6-4c0f5cbe65bf","FullyQualifiedName":"allopromo.Api.UnitTests.CitiesControllerTests.CitiesController_GetCurrentCity_RETURN_Cities","DisplayName":"CitiesController_GetCurrentCity_RETURN_Cities","ExecutorUri":"executor://NUnit3TestExecutor","Source":"C:\\Users\\MonPC\\source\\repos\\allopromo\\allopromo.Api.UnitTests\\bin\\Debug\\netcoreapp3.1\\fine-code-coverage\\build-output\\allopromo.Api.UnitTests.dll","CodeFilePath":null,"LineNumber":0,"Properties":[]}]}}
TpTrace Verbose: 0 : 18436, 4, 2023/07/24, 09:19:07.889, 44559268904918, vstest.console.dll, TestRunRequest:SendTestRunStatsChange: Starting.
TpTrace Verbose: 0 : 18436, 4, 2023/07/24, 09:19:07.890, 44559268910113, vstest.console.dll, InProgress is CitiesController_GetCurrentCity_RETURN_Cities
TpTrace Information: 0 : 18436, 4, 2023/07/24, 09:19:07.890, 44559268914955, vstest.console.dll, TestRunRequest:SendTestRunStatsChange: Completed.
TpTrace Verbose: 0 : 18436, 4, 2023/07/24, 09:19:07.890, 44559268917341, vstest.console.dll, TcpClientExtensions.MessageLoopAsync: Polling on remoteEndPoint: 127.0.0.1:54054 localEndPoint: 127.0.0.1:54051
TpTrace Verbose: 0 : 18436, 4, 2023/07/24, 09:19:08.903, 44559279041789, vstest.console.dll, TcpClientExtensions.MessageLoopAsync: Polling on remoteEndPoint: 127.0.0.1:54054 localEndPoint: 127.0.0.1:54051
TpTrace Verbose: 0 : 18436, 4, 2023/07/24, 09:19:09.336, 44559283373258, vstest.console.dll, TcpClientExtensions.MessageLoopAsync: NotifyDataAvailable remoteEndPoint: 127.0.0.1:54054 localEndPoint: 127.0.0.1:54051
TpTrace Verbose: 0 : 18436, 4, 2023/07/24, 09:19:09.338, 44559283393866, vstest.console.dll, TestRequestSender.OnExecutionMessageReceived: Received message: {"Version":2,"MessageType":"TestExecution.StatsChange","Payload":{"NewTestResults":[{"TestCase":{"Id":"67cfbab9-f2a1-5247-08f6-4c0f5cbe65bf","FullyQualifiedName":"allopromo.Api.UnitTests.CitiesControllerTests.CitiesController_GetCurrentCity_RETURN_Cities","DisplayName":"CitiesController_GetCurrentCity_RETURN_Cities","ExecutorUri":"executor://NUnit3TestExecutor","Source":"C:\\Users\\MonPC\\source\\repos\\allopromo\\allopromo.Api.UnitTests\\bin\\Debug\\netcoreapp3.1\\fine-code-coverage\\build-output\\allopromo.Api.UnitTests.dll","CodeFilePath":null,"LineNumber":0,"Properties":[]},"Attachments":[],"Outcome":1,"ErrorMessage":null,"ErrorStackTrace":null,"DisplayName":"CitiesController_GetCurrentCity_RETURN_Cities","Messages":[],"ComputerName":"DESKTOP-51CUQQV","Duration":"00:00:00.4098589","StartTime":"2023-07-24T09:19:07.6010983+00:00","EndTime":"2023-07-24T09:19:08.010469+00:00","Properties":[]},{"TestCase":{"Id":"4d8714c4-56fd-465c-46af-1ee6c55b100d","FullyQualifiedName":"allopromo.Api.UnitTests.CitiesControllerTests.CitiesController_GetCurrentCity_RETURN_City","DisplayName":"CitiesController_GetCurrentCity_RETURN_City","ExecutorUri":"executor://NUnit3TestExecutor","Source":"C:\\Users\\MonPC\\source\\repos\\allopromo\\allopromo.Api.UnitTests\\bin\\Debug\\netcoreapp3.1\\fine-code-coverage\\build-output\\allopromo.Api.UnitTests.dll","CodeFilePath":null,"LineNumber":0,"Properties":[]},"Attachments":[],"Outcome":1,"ErrorMessage":null,"ErrorStackTrace":null,"DisplayName":"CitiesController_GetCurrentCity_RETURN_City","Messages":[],"ComputerName":"DESKTOP-51CUQQV","Duration":"00:00:00.2466140","StartTime":"2023-07-24T09:19:08.0898982+00:00","EndTime":"2023-07-24T09:19:08.3365045+00:00","Properties":[]},{"TestCase":{"Id":"6af802fc-2214-c0b9-c36a-d471947eb127","FullyQualifiedName":"allopromo.Api.UnitTests.CitiesControllerTests.PostCreatesCityTest()","DisplayName":"PostCreatesCityTest()","ExecutorUri":"executor://NUnit3TestExecutor","Source":"C:\\Users\\MonPC\\source\\repos\\allopromo\\allopromo.Api.UnitTests\\bin\\Debug\\netcoreapp3.1\\fine-code-coverage\\build-output\\allopromo.Api.UnitTests.dll","CodeFilePath":null,"LineNumber":0,"Properties":[]},"Attachments":[],"Outcome":1,"ErrorMessage":null,"ErrorStackTrace":null,"DisplayName":"PostCreatesCityTest()","Messages":[],"ComputerName":"DESKTOP-51CUQQV","Duration":"00:00:00.0004760","StartTime":"2023-07-24T09:19:08.4024309+00:00","EndTime":"2023-07-24T09:19:08.4029094+00:00","Properties":[]},{"TestCase":{"Id":"f6adc5fd-74c0-899e-aaae-6d304b538aa9","FullyQualifiedName":"allopromo.Api.UnitTests.CitiesControllerTests.PostCreatesCityTest1()","DisplayName":"PostCreatesCityTest1()","ExecutorUri":"executor://NUnit3TestExecutor","Source":"C:\\Users\\MonPC\\source\\repos\\allopromo\\allopromo.Api.UnitTests\\bin\\Debug\\netcoreapp3.1\\fine-code-coverage\\build-output\\allopromo.Api.UnitTests.dll","CodeFilePath":null,"LineNumber":0,"Properties":[]},"Attachments":[],"Outcome":1,"ErrorMessage":null,"ErrorStackTrace":null,"DisplayName":"PostCreatesCityTest1()","Messages":[],"ComputerName":"DESKTOP-51CUQQV","Duration":"00:00:00.0003940","StartTime":"2023-07-24T09:19:08.612089+00:00","EndTime":"2023-07-24T09:19:08.6124846+00:00","Properties":[]},{"TestCase":{"Id":"173a4edd-a7e1-f485-2d04-246a982b6180","FullyQualifiedName":"allopromo.Api.UnitTests.Controllers.StoreCategoriesControllerTests.PostCreateShouldSaveCustomerAndReturnDetailsView","DisplayName":"PostCreateShouldSaveCustomerAndReturnDetailsView","ExecutorUri":"executor://NUnit3TestExecutor","Source":"C:\\Users\\MonPC\\source\\repos\\allopromo\\allopromo.Api.UnitTests\\bin\\Debug\\netcoreapp3.1\\fine-code-coverage\\build-output\\allopromo.Api.UnitTests.dll","CodeFilePath":null,"LineNumber":0,"Properties":[]},"Attachments":[],"Outcome":1,"ErrorMessage":null,"ErrorStackTrace":null,"DisplayName":"PostCreateShouldSaveCustomerAndReturnDetailsView","Messages":[],"ComputerName":"DESKTOP-51CUQQV","Duration":"00:00:00.0048040","StartTime":"2023-07-24T09:19:08.8088191+00:00","EndTime":"2023-07-24T09:19:08.8136223+00:00","Properties":[]},{"TestCase":{"Id":"bfc834aa-6efb-209d-80b9-efa89575f975","FullyQualifiedName":"allopromo.Api.UnitTests.DepartmentControllerTests.GetDepartmentS_SHOULD_RETURN_Departments","DisplayName":"GetDepartmentS_SHOULD_RETURN_Departments","ExecutorUri":"executor://NUnit3TestExecutor","Source":"C:\\Users\\MonPC\\source\\repos\\allopromo\\allopromo.Api.UnitTests\\bin\\Debug\\netcoreapp3.1\\fine-code-coverage\\build-output\\allopromo.Api.UnitTests.dll","CodeFilePath":null,"LineNumber":0,"Properties":[]},"Attachments":[],"Outcome":1,"ErrorMessage":null,"ErrorStackTrace":null,"DisplayName":"GetDepartmentS_SHOULD_RETURN_Departments","Messages":[],"ComputerName":"DESKTOP-51CUQQV","Duration":"00:00:00.0204660","StartTime":"2023-07-24T09:19:09.1956845+00:00","EndTime":"2023-07-24T09:19:09.2161531+00:00","Properties":[]}],"TestRunStatistics":{"ExecutedTests":6,"Stats":{"Passed":6}},"ActiveTests":[{"Id":"9455f936-64da-0424-0157-e63b93868bbb","FullyQualifiedName":"allopromo.Api.UnitTests.DepartmentControllerTests.PostDepartment_SHOULD_Return_CreatedDeparmentDto","DisplayName":"PostDepartment_SHOULD_Return_CreatedDeparmentDto","ExecutorUri":"executor://NUnit3TestExecutor","Source":"C:\\Users\\MonPC\\source\\repos\\allopromo\\allopromo.Api.UnitTests\\bin\\Debug\\netcoreapp3.1\\fine-code-coverage\\build-output\\allopromo.Api.UnitTests.dll","CodeFilePath":null,"LineNumber":0,"Properties":[]}]}}
TpTrace Verbose: 0 : 18436, 4, 2023/07/24, 09:19:09.413, 44559284144471, vstest.console.dll, TestRunRequest:SendTestRunStatsChange: Starting.
TpTrace Verbose: 0 : 18436, 4, 2023/07/24, 09:19:09.413, 44559284147854, vstest.console.dll, InProgress is PostDepartment_SHOULD_Return_CreatedDeparmentDto
TpTrace Information: 0 : 18436, 4, 2023/07/24, 09:19:09.475, 44559284764821, vstest.console.dll, TestRunRequest:SendTestRunStatsChange: Completed.
TpTrace Verbose: 0 : 18436, 4, 2023/07/24, 09:19:09.475, 44559284767895, vstest.console.dll, TcpClientExtensions.MessageLoopAsync: Polling on remoteEndPoint: 127.0.0.1:54054 localEndPoint: 127.0.0.1:54051
TpTrace Verbose: 0 : 18436, 4, 2023/07/24, 09:19:10.488, 44559294890541, vstest.console.dll, TcpClientExtensions.MessageLoopAsync: Polling on remoteEndPoint: 127.0.0.1:54054 localEndPoint: 127.0.0.1:54051
TpTrace Verbose: 0 : 18436, 4, 2023/07/24, 09:19:10.856, 44559298575780, vstest.console.dll, TcpClientExtensions.MessageLoopAsync: NotifyDataAvailable remoteEndPoint: 127.0.0.1:54054 localEndPoint: 127.0.0.1:54051
TpTrace Verbose: 0 : 18436, 4, 2023/07/24, 09:19:10.857, 44559298586079, vstest.console.dll, TestRequestSender.OnExecutionMessageReceived: Received message: {"Version":2,"MessageType":"TestExecution.StatsChange","Payload":{"NewTestResults":[{"TestCase":{"Id":"9455f936-64da-0424-0157-e63b93868bbb","FullyQualifiedName":"allopromo.Api.UnitTests.DepartmentControllerTests.PostDepartment_SHOULD_Return_CreatedDeparmentDto","DisplayName":"PostDepartment_SHOULD_Return_CreatedDeparmentDto","ExecutorUri":"executor://NUnit3TestExecutor","Source":"C:\\Users\\MonPC\\source\\repos\\allopromo\\allopromo.Api.UnitTests\\bin\\Debug\\netcoreapp3.1\\fine-code-coverage\\build-output\\allopromo.Api.UnitTests.dll","CodeFilePath":null,"LineNumber":0,"Properties":[]},"Attachments":[],"Outcome":1,"ErrorMessage":null,"ErrorStackTrace":null,"DisplayName":"PostDepartment_SHOULD_Return_CreatedDeparmentDto","Messages":[],"ComputerName":"DESKTOP-51CUQQV","Duration":"00:00:00.0198760","StartTime":"2023-07-24T09:19:09.4312039+00:00","EndTime":"2023-07-24T09:19:09.4511329+00:00","Properties":[]},{"TestCase":{"Id":"70252f55-0f68-e915-585d-ae803eca28bc","FullyQualifiedName":"allopromo.Api.UnitTests.StoreControllerTest.GetStoreByCategoryId_ShouldReturn_StoresbyCategoryId","DisplayName":"GetStoreByCategoryId_ShouldReturn_StoresbyCategoryId","ExecutorUri":"executor://NUnit3TestExecutor","Source":"C:\\Users\\MonPC\\source\\repos\\allopromo\\allopromo.Api.UnitTests\\bin\\Debug\\netcoreapp3.1\\fine-code-coverage\\build-output\\allopromo.Api.UnitTests.dll","CodeFilePath":null,"LineNumber":0,"Properties":[]},"Attachments":[],"Outcome":1,"ErrorMessage":null,"ErrorStackTrace":null,"DisplayName":"GetStoreByCategoryId_ShouldReturn_StoresbyCategoryId","Messages":[],"ComputerName":"DESKTOP-51CUQQV","Duration":"00:00:00.3422750","StartTime":"2023-07-24T09:19:09.5159542+00:00","EndTime":"2023-07-24T09:19:09.8582306+00:00","Properties":[]},{"TestCase":{"Id":"dd178f78-5a75-90d6-c632-57fda979e6ba","FullyQualifiedName":"allopromo.Api.UnitTests.StoreControllerTest.PostCreateShouldSaveCustomerAndReturnDetailsView","DisplayName":"PostCreateShouldSaveCustomerAndReturnDetailsView","ExecutorUri":"executor://NUnit3TestExecutor","Source":"C:\\Users\\MonPC\\source\\repos\\allopromo\\allopromo.Api.UnitTests\\bin\\Debug\\netcoreapp3.1\\fine-code-coverage\\build-output\\allopromo.Api.UnitTests.dll","CodeFilePath":null,"LineNumber":0,"Properties":[]},"Attachments":[],"Outcome":1,"ErrorMessage":null,"ErrorStackTrace":null,"DisplayName":"PostCreateShouldSaveCustomerAndReturnDetailsView","Messages":[],"ComputerName":"DESKTOP-51CUQQV","Duration":"00:00:00.0016590","StartTime":"2023-07-24T09:19:09.9546199+00:00","EndTime":"2023-07-24T09:19:09.9562899+00:00","Properties":[]},{"TestCase":{"Id":"87f7cdc7-2492-77bc-3253-6cafb0ca8b80","FullyQualifiedName":"allopromo.Api.UnitTests.StoreControllerTest.PutStoreCategory_SHOULD_Update","DisplayName":"PutStoreCategory_SHOULD_Update","ExecutorUri":"executor://NUnit3TestExecutor","Source":"C:\\Users\\MonPC\\source\\repos\\allopromo\\allopromo.Api.UnitTests\\bin\\Debug\\netcoreapp3.1\\fine-code-coverage\\build-output\\allopromo.Api.UnitTests.dll","CodeFilePath":null,"LineNumber":0,"Properties":[]},"Attachments":[],"Outcome":1,"ErrorMessage":null,"ErrorStackTrace":null,"DisplayName":"PutStoreCategory_SHOULD_Update","Messages":[],"ComputerName":"DESKTOP-51CUQQV","Duration":"00:00:00.0026710","StartTime":"2023-07-24T09:19:10.0305165+00:00","EndTime":"2023-07-24T09:19:10.0331867+00:00","Properties":[]}],"TestRunStatistics":{"ExecutedTests":10,"Stats":{"Passed":10}},"ActiveTests":[{"Id":"f678d7db-1f2e-a906-bcd6-6e3cea0e943d","FullyQualifiedName":"allopromo.Api.UnitTests.StoreControllerTest.StoreController_CreateProductAsync_SHOULD_Return_CreatedProduct","DisplayName":"StoreController_CreateProductAsync_SHOULD_Return_CreatedProduct","ExecutorUri":"executor://NUnit3TestExecutor","Source":"C:\\Users\\MonPC\\source\\repos\\allopromo\\allopromo.Api.UnitTests\\bin\\Debug\\netcoreapp3.1\\fine-code-coverage\\build-output\\allopromo.Api.UnitTests.dll","CodeFilePath":null,"LineNumber":0,"Properties":[]}]}}
TpTrace Verbose: 0 : 18436, 4, 2023/07/24, 09:19:10.865, 44559298665789, vstest.console.dll, TestRunRequest:SendTestRunStatsChange: Starting.
TpTrace Verbose: 0 : 18436, 4, 2023/07/24, 09:19:10.865, 44559298668681, vstest.console.dll, InProgress is StoreController_CreateProductAsync_SHOULD_Return_CreatedProduct
TpTrace Information: 0 : 18436, 4, 2023/07/24, 09:19:10.866, 44559298672144, vstest.console.dll, TestRunRequest:SendTestRunStatsChange: Completed.
TpTrace Verbose: 0 : 18436, 4, 2023/07/24, 09:19:10.866, 44559298674443, vstest.console.dll, TcpClientExtensions.MessageLoopAsync: Polling on remoteEndPoint: 127.0.0.1:54054 localEndPoint: 127.0.0.1:54051
TpTrace Verbose: 0 : 18436, 4, 2023/07/24, 09:19:11.687, 44559306888838, vstest.console.dll, TcpClientExtensions.MessageLoopAsync: NotifyDataAvailable remoteEndPoint: 127.0.0.1:54054 localEndPoint: 127.0.0.1:54051
TpTrace Verbose: 0 : 18436, 4, 2023/07/24, 09:19:11.690, 44559306909799, vstest.console.dll, TestRequestSender.OnExecutionMessageReceived: Received message: {"Version":2,"MessageType":"TestExecution.StatsChange","Payload":{"NewTestResults":[{"TestCase":{"Id":"f678d7db-1f2e-a906-bcd6-6e3cea0e943d","FullyQualifiedName":"allopromo.Api.UnitTests.StoreControllerTest.StoreController_CreateProductAsync_SHOULD_Return_CreatedProduct","DisplayName":"StoreController_CreateProductAsync_SHOULD_Return_CreatedProduct","ExecutorUri":"executor://NUnit3TestExecutor","Source":"C:\\Users\\MonPC\\source\\repos\\allopromo\\allopromo.Api.UnitTests\\bin\\Debug\\netcoreapp3.1\\fine-code-coverage\\build-output\\allopromo.Api.UnitTests.dll","CodeFilePath":null,"LineNumber":0,"Properties":[]},"Attachments":[],"Outcome":2,"ErrorMessage":"System.AggregateException : One or more errors occurred. (Mapper not initialized. Call Initialize with appropriate configuration. If you are trying to use mapper instances through a container or otherwise, make sure you do not have any calls to the static Mapper.Map methods, and if you're using ProjectTo or UseAsDataSource extension methods, make sure you pass in the appropriate IConfigurationProvider instance.)\r\n  ----> System.InvalidOperationException : Mapper not initialized. Call Initialize with appropriate configuration. If you are trying to use mapper instances through a container or otherwise, make sure you do not have any calls to the static Mapper.Map methods, and if you're using ProjectTo or UseAsDataSource extension methods, make sure you pass in the appropriate IConfigurationProvider instance.","ErrorStackTrace":"   at System.Threading.Tasks.Task.ThrowIfExceptional(Boolean includeTaskCanceledExceptions)\r\n   at System.Threading.Tasks.Task`1.GetResultCore(Boolean waitCompletionNotification)\r\n   at System.Threading.Tasks.Task`1.get_Result()\r\n   at allopromo.Api.UnitTests.StoreControllerTest.StoreController_CreateProductAsync_SHOULD_Return_CreatedProduct() in C:\\Users\\MonPC\\source\\repos\\allopromo\\allopromo.Api.UnitTests\\Controllers\\StoreControllerTests.cs:line 109\r\n--InvalidOperationException\r\n   at AutoMapper.Mapper.get_Instance()\r\n   at AutoMapper.Mapper.Map[TDestination](Object source)\r\n   at allopromo.Api.Controllers.StoreController.CreateProductAsync(ProductDto product) in C:\\Users\\MonPC\\source\\repos\\allopromo\\allopromo.Api\\Controllers\\StoreController.cs:line 124","DisplayName":"StoreController_CreateProductAsync_SHOULD_Return_CreatedProduct","Messages":[],"ComputerName":"DESKTOP-51CUQQV","Duration":"00:00:01.1563880","StartTime":"2023-07-24T09:19:10.0543077+00:00","EndTime":"2023-07-24T09:19:11.2106961+00:00","Properties":[]},{"TestCase":{"Id":"ab508305-8b33-752c-9fb9-54b43e736747","FullyQualifiedName":"allopromo.Api.UnitTests.StoreControllerTest.StoreController_CreateProductAsync_SHOULD_Return_NotAuthenticated_IfUserNotAuthenticated","DisplayName":"StoreController_CreateProductAsync_SHOULD_Return_NotAuthenticated_IfUserNotAuthenticated","ExecutorUri":"executor://NUnit3TestExecutor","Source":"C:\\Users\\MonPC\\source\\repos\\allopromo\\allopromo.Api.UnitTests\\bin\\Debug\\netcoreapp3.1\\fine-code-coverage\\build-output\\allopromo.Api.UnitTests.dll","CodeFilePath":null,"LineNumber":0,"Properties":[]},"Attachments":[],"Outcome":2,"ErrorMessage":"System.AggregateException : One or more errors occurred. (Object reference not set to an instance of an object.)\r\n  ----> System.NullReferenceException : Object reference not set to an instance of an object.","ErrorStackTrace":"   at System.Threading.Tasks.Task.ThrowIfExceptional(Boolean includeTaskCanceledExceptions)\r\n   at System.Threading.Tasks.Task`1.GetResultCore(Boolean waitCompletionNotification)\r\n   at System.Threading.Tasks.Task`1.get_Result()\r\n   at allopromo.Api.UnitTests.StoreControllerTest.StoreController_CreateProductAsync_SHOULD_Return_NotAuthenticated_IfUserNotAuthenticated() in C:\\Users\\MonPC\\source\\repos\\allopromo\\allopromo.Api.UnitTests\\Controllers\\StoreControllerTests.cs:line 121\r\n--NullReferenceException\r\n   at allopromo.Api.Controllers.StoreController.CreateProductAsync(ProductDto product) in C:\\Users\\MonPC\\source\\repos\\allopromo\\allopromo.Api\\Controllers\\StoreController.cs:line 115","DisplayName":"StoreController_CreateProductAsync_SHOULD_Return_NotAuthenticated_IfUserNotAuthenticated","Messages":[],"ComputerName":"DESKTOP-51CUQQV","Duration":"00:00:00.0078010","StartTime":"2023-07-24T09:19:11.269378+00:00","EndTime":"2023-07-24T09:19:11.2771805+00:00","Properties":[]},{"TestCase":{"Id":"6ac95dd2-3f9f-6406-f364-64f4c8678348","FullyQualifiedName":"allopromo.Api.UnitTests.StoreControllerTest.StoreController_CreateProductAsync_SHOULD_Return_UnauthorizedAccess","DisplayName":"StoreController_CreateProductAsync_SHOULD_Return_UnauthorizedAccess","ExecutorUri":"executor://NUnit3TestExecutor","Source":"C:\\Users\\MonPC\\source\\repos\\allopromo\\allopromo.Api.UnitTests\\bin\\Debug\\netcoreapp3.1\\fine-code-coverage\\build-output\\allopromo.Api.UnitTests.dll","CodeFilePath":null,"LineNumber":0,"Properties":[]},"Attachments":[],"Outcome":1,"ErrorMessage":null,"ErrorStackTrace":null,"DisplayName":"StoreController_CreateProductAsync_SHOULD_Return_UnauthorizedAccess","Messages":[],"ComputerName":"DESKTOP-51CUQQV","Duration":"00:00:00.0130650","StartTime":"2023-07-24T09:19:11.3347413+00:00","EndTime":"2023-07-24T09:19:11.3478172+00:00","Properties":[]},{"TestCase":{"Id":"555fbf02-547f-e0e2-c9ce-cd18b415189c","FullyQualifiedName":"allopromo.Api.UnitTests.StoreControllerTest.StoreController_DeleteStoreCategory_SHOULD_Delete","DisplayName":"StoreController_DeleteStoreCategory_SHOULD_Delete","ExecutorUri":"executor://NUnit3TestExecutor","Source":"C:\\Users\\MonPC\\source\\repos\\allopromo\\allopromo.Api.UnitTests\\bin\\Debug\\netcoreapp3.1\\fine-code-coverage\\build-output\\allopromo.Api.UnitTests.dll","CodeFilePath":null,"LineNumber":0,"Properties":[]},"Attachments":[],"Outcome":1,"ErrorMessage":null,"ErrorStackTrace":null,"DisplayName":"StoreController_DeleteStoreCategory_SHOULD_Delete","Messages":[],"ComputerName":"DESKTOP-51CUQQV","Duration":"00:00:00.0036120","StartTime":"2023-07-24T09:19:11.3902459+00:00","EndTime":"2023-07-24T09:19:11.3938581+00:00","Properties":[]},{"TestCase":{"Id":"64253142-87de-a5ef-5b8b-bf976c89199d","FullyQualifiedName":"allopromo.Api.UnitTests.StoreControllerTest.StoreController_DeleteStoreCategory_SHOULD_NotReturnNotfound","DisplayName":"StoreController_DeleteStoreCategory_SHOULD_NotReturnNotfound","ExecutorUri":"executor://NUnit3TestExecutor","Source":"C:\\Users\\MonPC\\source\\repos\\allopromo\\allopromo.Api.UnitTests\\bin\\Debug\\netcoreapp3.1\\fine-code-coverage\\build-output\\allopromo.Api.UnitTests.dll","CodeFilePath":null,"LineNumber":0,"Properties":[]},"Attachments":[],"Outcome":1,"ErrorMessage":null,"ErrorStackTrace":null,"DisplayName":"StoreController_DeleteStoreCategory_SHOULD_NotReturnNotfound","Messages":[],"ComputerName":"DESKTOP-51CUQQV","Duration":"00:00:00.0083300","StartTime":"2023-07-24T09:19:11.4130272+00:00","EndTime":"2023-07-24T09:19:11.4213577+00:00","Properties":[]},{"TestCase":{"Id":"b7fee329-9500-3e2a-b5cf-23a25b786c4a","FullyQualifiedName":"allopromo.Api.UnitTests.StoreControllerTest.StoreController_Get_StoresWithLimit_Rerturns_OnlyLimitedStores","DisplayName":"StoreController_Get_StoresWithLimit_Rerturns_OnlyLimitedStores","ExecutorUri":"executor://NUnit3TestExecutor","Source":"C:\\Users\\MonPC\\source\\repos\\allopromo\\allopromo.Api.UnitTests\\bin\\Debug\\netcoreapp3.1\\fine-code-coverage\\build-output\\allopromo.Api.UnitTests.dll","CodeFilePath":null,"LineNumber":0,"Properties":[]},"Attachments":[],"Outcome":1,"ErrorMessage":null,"ErrorStackTrace":null,"DisplayName":"StoreController_Get_StoresWithLimit_Rerturns_OnlyLimitedStores","Messages":[],"ComputerName":"DESKTOP-51CUQQV","Duration":"00:00:00.0241280","StartTime":"2023-07-24T09:19:11.4862195+00:00","EndTime":"2023-07-24T09:19:11.5103585+00:00","Properties":[]},{"TestCase":{"Id":"a6ec2678-c5d6-b3fe-7fa8-9a0f74c26c2f","FullyQualifiedName":"allopromo.Api.UnitTests.StoreControllerTest.StoreController_GetProductsByCategoryIdAsync_SHOULD_Return_Products","DisplayName":"StoreController_GetProductsByCategoryIdAsync_SHOULD_Return_Products","ExecutorUri":"executor://NUnit3TestExecutor","Source":"C:\\Users\\MonPC\\source\\repos\\allopromo\\allopromo.Api.UnitTests\\bin\\Debug\\netcoreapp3.1\\fine-code-coverage\\build-output\\allopromo.Api.UnitTests.dll","CodeFilePath":null,"LineNumber":0,"Properties":[]},"Attachments":[],"Outcome":1,"ErrorMessage":null,"ErrorStackTrace":null,"DisplayName":"StoreController_GetProductsByCategoryIdAsync_SHOULD_Return_Products","Messages":[],"ComputerName":"DESKTOP-51CUQQV","Duration":"00:00:00.0011790","StartTime":"2023-07-24T09:19:11.585375+00:00","EndTime":"2023-07-24T09:19:11.5865557+00:00","Properties":[]},{"TestCase":{"Id":"52e40e16-8eeb-866c-2c81-191ecf41b827","FullyQualifiedName":"allopromo.Api.UnitTests.StoreControllerTest.StoreController_GetStorCategoryThumbnail_SHOULD_ReTurnImageDirectory","DisplayName":"StoreController_GetStorCategoryThumbnail_SHOULD_ReTurnImageDirectory","ExecutorUri":"executor://NUnit3TestExecutor","Source":"C:\\Users\\MonPC\\source\\repos\\allopromo\\allopromo.Api.UnitTests\\bin\\Debug\\netcoreapp3.1\\fine-code-coverage\\build-output\\allopromo.Api.UnitTests.dll","CodeFilePath":null,"LineNumber":0,"Properties":[]},"Attachments":[],"Outcome":1,"ErrorMessage":null,"ErrorStackTrace":null,"DisplayName":"StoreController_GetStorCategoryThumbnail_SHOULD_ReTurnImageDirectory","Messages":[],"ComputerName":"DESKTOP-51CUQQV","Duration":"00:00:00.0009020","StartTime":"2023-07-24T09:19:11.6006463+00:00","EndTime":"2023-07-24T09:19:11.6015497+00:00","Properties":[]},{"TestCase":{"Id":"80aa1482-d578-c5ed-3fec-a81b90355c4e","FullyQualifiedName":"allopromo.Api.UnitTests.StoreControllerTest.StoreController_ModifyStoreCategory_SHOULD_ReturnStatus","DisplayName":"StoreController_ModifyStoreCategory_SHOULD_ReturnStatus","ExecutorUri":"executor://NUnit3TestExecutor","Source":"C:\\Users\\MonPC\\source\\repos\\allopromo\\allopromo.Api.UnitTests\\bin\\Debug\\netcoreapp3.1\\fine-code-coverage\\build-output\\allopromo.Api.UnitTests.dll","CodeFilePath":null,"LineNumber":0,"Properties":[]},"Attachments":[],"Outcome":1,"ErrorMessage":null,"ErrorStackTrace":null,"DisplayName":"StoreController_ModifyStoreCategory_SHOULD_ReturnStatus","Messages":[],"ComputerName":"DESKTOP-51CUQQV","Duration":"00:00:00.0095330","StartTime":"2023-07-24T09:19:11.6543465+00:00","EndTime":"2023-07-24T09:19:11.663876+00:00","Properties":[]}],"TestRunStatistics":{"ExecutedTests":19,"Stats":{"Passed":17,"Failed":2}},"ActiveTests":[{"Id":"338842fa-adcb-fbc8-be38-5513ae69668a","FullyQualifiedName":"allopromo.Api.UnitTests.StoreControllerTest.StoreController_Put_StoreCategory_Null_SHOULD_ReturnStoreNotFoundResult","DisplayName":"StoreController_Put_StoreCategory_Null_SHOULD_ReturnStoreNotFoundResult","ExecutorUri":"executor://NUnit3TestExecutor","Source":"C:\\Users\\MonPC\\source\\repos\\allopromo\\allopromo.Api.UnitTests\\bin\\Debug\\netcoreapp3.1\\fine-code-coverage\\build-output\\allopromo.Api.UnitTests.dll","CodeFilePath":null,"LineNumber":0,"Properties":[]}]}}
TpTrace Verbose: 0 : 18436, 4, 2023/07/24, 09:19:11.701, 44559307024019, vstest.console.dll, TestRunRequest:SendTestRunStatsChange: Starting.
TpTrace Verbose: 0 : 18436, 4, 2023/07/24, 09:19:11.701, 44559307027939, vstest.console.dll, InProgress is StoreController_Put_StoreCategory_Null_SHOULD_ReturnStoreNotFoundResult
TpTrace Information: 0 : 18436, 4, 2023/07/24, 09:19:11.702, 44559307032443, vstest.console.dll, TestRunRequest:SendTestRunStatsChange: Completed.
TpTrace Verbose: 0 : 18436, 4, 2023/07/24, 09:19:11.702, 44559307034798, vstest.console.dll, TcpClientExtensions.MessageLoopAsync: Polling on remoteEndPoint: 127.0.0.1:54054 localEndPoint: 127.0.0.1:54051
TpTrace Verbose: 0 : 18436, 4, 2023/07/24, 09:19:12.713, 44559317142384, vstest.console.dll, TcpClientExtensions.MessageLoopAsync: Polling on remoteEndPoint: 127.0.0.1:54054 localEndPoint: 127.0.0.1:54051
TpTrace Verbose: 0 : 18436, 4, 2023/07/24, 09:19:13.325, 44559323260683, vstest.console.dll, TcpClientExtensions.MessageLoopAsync: NotifyDataAvailable remoteEndPoint: 127.0.0.1:54054 localEndPoint: 127.0.0.1:54051
TpTrace Verbose: 0 : 18436, 4, 2023/07/24, 09:19:13.325, 44559323269691, vstest.console.dll, TestRequestSender.OnExecutionMessageReceived: Received message: {"Version":2,"MessageType":"TestExecution.StatsChange","Payload":{"NewTestResults":[{"TestCase":{"Id":"338842fa-adcb-fbc8-be38-5513ae69668a","FullyQualifiedName":"allopromo.Api.UnitTests.StoreControllerTest.StoreController_Put_StoreCategory_Null_SHOULD_ReturnStoreNotFoundResult","DisplayName":"StoreController_Put_StoreCategory_Null_SHOULD_ReturnStoreNotFoundResult","ExecutorUri":"executor://NUnit3TestExecutor","Source":"C:\\Users\\MonPC\\source\\repos\\allopromo\\allopromo.Api.UnitTests\\bin\\Debug\\netcoreapp3.1\\fine-code-coverage\\build-output\\allopromo.Api.UnitTests.dll","CodeFilePath":null,"LineNumber":0,"Properties":[]},"Attachments":[],"Outcome":1,"ErrorMessage":null,"ErrorStackTrace":null,"DisplayName":"StoreController_Put_StoreCategory_Null_SHOULD_ReturnStoreNotFoundResult","Messages":[],"ComputerName":"DESKTOP-51CUQQV","Duration":"00:00:00.0025060","StartTime":"2023-07-24T09:19:11.7177253+00:00","EndTime":"2023-07-24T09:19:11.7202309+00:00","Properties":[]},{"TestCase":{"Id":"c9f78699-6493-44b1-3702-f900669cfd02","FullyQualifiedName":"allopromo.Api.UnitTests.StoreControllerTest.StoreController_Put_StoreCategory_SHOULD_ModifyStoreCategory","DisplayName":"StoreController_Put_StoreCategory_SHOULD_ModifyStoreCategory","ExecutorUri":"executor://NUnit3TestExecutor","Source":"C:\\Users\\MonPC\\source\\repos\\allopromo\\allopromo.Api.UnitTests\\bin\\Debug\\netcoreapp3.1\\fine-code-coverage\\build-output\\allopromo.Api.UnitTests.dll","CodeFilePath":null,"LineNumber":0,"Properties":[]},"Attachments":[],"Outcome":1,"ErrorMessage":null,"ErrorStackTrace":null,"DisplayName":"StoreController_Put_StoreCategory_SHOULD_ModifyStoreCategory","Messages":[],"ComputerName":"DESKTOP-51CUQQV","Duration":"00:00:00.0081240","StartTime":"2023-07-24T09:19:11.7585664+00:00","EndTime":"2023-07-24T09:19:11.7666995+00:00","Properties":[]},{"TestCase":{"Id":"16e8199a-f0d0-79f6-ea62-cf63ba31ba56","FullyQualifiedName":"allopromo.Api.UnitTests.StoreControllerTest.StoreCrontroller_CreateStore_ReturnsStoreCreated_RaisesNotificationEvent","DisplayName":"StoreCrontroller_CreateStore_ReturnsStoreCreated_RaisesNotificationEvent","ExecutorUri":"executor://NUnit3TestExecutor","Source":"C:\\Users\\MonPC\\source\\repos\\allopromo\\allopromo.Api.UnitTests\\bin\\Debug\\netcoreapp3.1\\fine-code-coverage\\build-output\\allopromo.Api.UnitTests.dll","CodeFilePath":null,"LineNumber":0,"Properties":[]},"Attachments":[],"Outcome":1,"ErrorMessage":null,"ErrorStackTrace":null,"DisplayName":"StoreCrontroller_CreateStore_ReturnsStoreCreated_RaisesNotificationEvent","Messages":[],"ComputerName":"DESKTOP-51CUQQV","Duration":"00:00:00.0062550","StartTime":"2023-07-24T09:19:11.7830867+00:00","EndTime":"2023-07-24T09:19:11.7893991+00:00","Properties":[]},{"TestCase":{"Id":"195f8ea6-b525-1de0-e20f-cf392abc8c88","FullyQualifiedName":"allopromo.Api.UnitTests.StoreControllerTest.StoreCrontroller_CreateStoreAsync_ReturnsStoreCreated_RaisesNotificationEventAsync","DisplayName":"StoreCrontroller_CreateStoreAsync_ReturnsStoreCreated_RaisesNotificationEventAsync","ExecutorUri":"executor://NUnit3TestExecutor","Source":"C:\\Users\\MonPC\\source\\repos\\allopromo\\allopromo.Api.UnitTests\\bin\\Debug\\netcoreapp3.1\\fine-code-coverage\\build-output\\allopromo.Api.UnitTests.dll","CodeFilePath":null,"LineNumber":0,"Properties":[]},"Attachments":[],"Outcome":1,"ErrorMessage":null,"ErrorStackTrace":null,"DisplayName":"StoreCrontroller_CreateStoreAsync_ReturnsStoreCreated_RaisesNotificationEventAsync","Messages":[],"ComputerName":"DESKTOP-51CUQQV","Duration":"00:00:00.2041320","StartTime":"2023-07-24T09:19:11.8224271+00:00","EndTime":"2023-07-24T09:19:12.0265619+00:00","Properties":[]}],"TestRunStatistics":{"ExecutedTests":23,"Stats":{"Passed":21,"Failed":2}},"ActiveTests":[]}}
TpTrace Verbose: 0 : 18436, 4, 2023/07/24, 09:19:13.332, 44559323336587, vstest.console.dll, TestRunRequest:SendTestRunStatsChange: Starting.
TpTrace Information: 0 : 18436, 4, 2023/07/24, 09:19:13.333, 44559323342721, vstest.console.dll, TestRunRequest:SendTestRunStatsChange: Completed.
TpTrace Verbose: 0 : 18436, 4, 2023/07/24, 09:19:13.333, 44559323346087, vstest.console.dll, TcpClientExtensions.MessageLoopAsync: Polling on remoteEndPoint: 127.0.0.1:54054 localEndPoint: 127.0.0.1:54051
TpTrace Verbose: 0 : 18436, 4, 2023/07/24, 09:19:13.824, 44559328258144, vstest.console.dll, TcpClientExtensions.MessageLoopAsync: NotifyDataAvailable remoteEndPoint: 127.0.0.1:54054 localEndPoint: 127.0.0.1:54051
TpTrace Verbose: 0 : 18436, 4, 2023/07/24, 09:19:13.825, 44559328264999, vstest.console.dll, TestRequestSender.OnExecutionMessageReceived: Received message: {"Version":2,"MessageType":"TestSession.Message","Payload":{"MessageLevel":1,"Message":"SetUp failed for test fixture allopromo.Api.UnitTests.UserControllerTests"}}
TpTrace Verbose: 0 : 18436, 4, 2023/07/24, 09:19:13.826, 44559328272545, vstest.console.dll, TestRunRequest:SendTestRunMessage: Starting.
TpTrace Information: 0 : 18436, 4, 2023/07/24, 09:19:13.826, 44559328277419, vstest.console.dll, TestRunRequest:SendTestRunMessage: Completed.
TpTrace Verbose: 0 : 18436, 4, 2023/07/24, 09:19:13.827, 44559328280832, vstest.console.dll, TcpClientExtensions.MessageLoopAsync: Polling on remoteEndPoint: 127.0.0.1:54054 localEndPoint: 127.0.0.1:54051
TpTrace Verbose: 0 : 18436, 4, 2023/07/24, 09:19:13.827, 44559328283384, vstest.console.dll, TcpClientExtensions.MessageLoopAsync: NotifyDataAvailable remoteEndPoint: 127.0.0.1:54054 localEndPoint: 127.0.0.1:54051
TpTrace Verbose: 0 : 18436, 4, 2023/07/24, 09:19:13.827, 44559328286749, vstest.console.dll, TestRequestSender.OnExecutionMessageReceived: Received message: {"Version":2,"MessageType":"TestSession.Message","Payload":{"MessageLevel":1,"Message":"Castle.DynamicProxy.InvalidProxyConstructorArgumentsException : Can not instantiate proxy of class: Microsoft.AspNetCore.Identity.UserManager`1[[Microsoft.AspNetCore.Identity.IdentityUser, Microsoft.Extensions.Identity.Stores, Version=5.0.0.0, Culture=neutral, PublicKeyToken=adb9793829ddae60]].\r\nCould not find a parameterless constructor."}}
TpTrace Verbose: 0 : 18436, 4, 2023/07/24, 09:19:13.828, 44559328292416, vstest.console.dll, TestRunRequest:SendTestRunMessage: Starting.
TpTrace Information: 0 : 18436, 4, 2023/07/24, 09:19:13.828, 44559328296027, vstest.console.dll, TestRunRequest:SendTestRunMessage: Completed.
TpTrace Verbose: 0 : 18436, 4, 2023/07/24, 09:19:13.828, 44559328297886, vstest.console.dll, TcpClientExtensions.MessageLoopAsync: Polling on remoteEndPoint: 127.0.0.1:54054 localEndPoint: 127.0.0.1:54051
TpTrace Verbose: 0 : 18436, 4, 2023/07/24, 09:19:13.829, 44559328300420, vstest.console.dll, TcpClientExtensions.MessageLoopAsync: NotifyDataAvailable remoteEndPoint: 127.0.0.1:54054 localEndPoint: 127.0.0.1:54051
TpTrace Verbose: 0 : 18436, 4, 2023/07/24, 09:19:13.829, 44559328304386, vstest.console.dll, TestRequestSender.OnExecutionMessageReceived: Received message: {"Version":2,"MessageType":"TestSession.Message","Payload":{"MessageLevel":1,"Message":"   at Castle.DynamicProxy.ProxyGenerator.CreateClassProxyInstance(Type proxyType, List`1 proxyArguments, Type classToProxy, Object[] constructorArguments)\r\n   at Castle.DynamicProxy.ProxyGenerator.CreateClassProxy(Type classToProxy, Type[] additionalInterfacesToProxy, ProxyGenerationOptions options, Object[] constructorArguments, IInterceptor[] interceptors)\r\n   at Moq.CastleProxyFactory.CreateProxy(Type mockType, IInterceptor interceptor, Type[] interfaces, Object[] arguments) in C:\\projects\\moq4\\src\\Moq\\Interception\\CastleProxyFactory.cs:line 62\r\n   at Moq.Mock`1.InitializeInstance() in C:\\projects\\moq4\\src\\Moq\\Mock`1.cs:line 309\r\n   at Moq.Mock`1.OnGetObject() in C:\\projects\\moq4\\src\\Moq\\Mock`1.cs:line 326\r\n   at Moq.Mock.get_Object() in C:\\projects\\moq4\\src\\Moq\\Mock.cs:line 179\r\n   at Moq.Mock`1.get_Object() in C:\\projects\\moq4\\src\\Moq\\Mock`1.cs:line 281\r\n   at allopromo.Api.UnitTests.UserControllerTests..ctor() in C:\\Users\\MonPC\\source\\repos\\allopromo\\allopromo.Api.UnitTests\\Controllers\\UserControllerTests.cs:line 36"}}
TpTrace Verbose: 0 : 18436, 4, 2023/07/24, 09:19:13.830, 44559328309797, vstest.console.dll, TestRunRequest:SendTestRunMessage: Starting.
TpTrace Information: 0 : 18436, 4, 2023/07/24, 09:19:13.830, 44559328312876, vstest.console.dll, TestRunRequest:SendTestRunMessage: Completed.
TpTrace Verbose: 0 : 18436, 4, 2023/07/24, 09:19:13.830, 44559328314534, vstest.console.dll, TcpClientExtensions.MessageLoopAsync: Polling on remoteEndPoint: 127.0.0.1:54054 localEndPoint: 127.0.0.1:54051
TpTrace Verbose: 0 : 18436, 4, 2023/07/24, 09:19:13.894, 44559328954226, vstest.console.dll, TcpClientExtensions.MessageLoopAsync: NotifyDataAvailable remoteEndPoint: 127.0.0.1:54054 localEndPoint: 127.0.0.1:54051
TpTrace Verbose: 0 : 18436, 4, 2023/07/24, 09:19:13.896, 44559328973077, vstest.console.dll, TestRequestSender.OnExecutionMessageReceived: Received message: {"Version":2,"MessageType":"TestExecution.StatsChange","Payload":{"NewTestResults":[{"TestCase":{"Id":"552452fa-3cf4-5f62-9171-07534e668171","FullyQualifiedName":"allopromo.Api.UnitTests.UserControllerTests.UserController_CreateUser_Returns_NotFound","DisplayName":"UserController_CreateUser_Returns_NotFound","ExecutorUri":"executor://NUnit3TestExecutor","Source":"C:\\Users\\MonPC\\source\\repos\\allopromo\\allopromo.Api.UnitTests\\bin\\Debug\\netcoreapp3.1\\fine-code-coverage\\build-output\\allopromo.Api.UnitTests.dll","CodeFilePath":null,"LineNumber":0,"Properties":[]},"Attachments":[],"Outcome":2,"ErrorMessage":"OneTimeSetUp: Castle.DynamicProxy.InvalidProxyConstructorArgumentsException : Can not instantiate proxy of class: Microsoft.AspNetCore.Identity.UserManager`1[[Microsoft.AspNetCore.Identity.IdentityUser, Microsoft.Extensions.Identity.Stores, Version=5.0.0.0, Culture=neutral, PublicKeyToken=adb9793829ddae60]].\r\nCould not find a parameterless constructor.","ErrorStackTrace":"","DisplayName":"UserController_CreateUser_Returns_NotFound","Messages":[],"ComputerName":"DESKTOP-51CUQQV","Duration":"00:00:01.5326860","StartTime":"2023-07-24T09:19:12.1267463+00:00","EndTime":"2023-07-24T09:19:13.6594321+00:00","Properties":[]},{"TestCase":{"Id":"2ca5d8e5-923b-9836-850c-5ebe5bbfdacf","FullyQualifiedName":"allopromo.Api.UnitTests.UserControllerTests.UserController_CreateUser_User_Or_Password_Invalid_ReturnsException","DisplayName":"UserController_CreateUser_User_Or_Password_Invalid_ReturnsException","ExecutorUri":"executor://NUnit3TestExecutor","Source":"C:\\Users\\MonPC\\source\\repos\\allopromo\\allopromo.Api.UnitTests\\bin\\Debug\\netcoreapp3.1\\fine-code-coverage\\build-output\\allopromo.Api.UnitTests.dll","CodeFilePath":null,"LineNumber":0,"Properties":[]},"Attachments":[],"Outcome":2,"ErrorMessage":"OneTimeSetUp: Castle.DynamicProxy.InvalidProxyConstructorArgumentsException : Can not instantiate proxy of class: Microsoft.AspNetCore.Identity.UserManager`1[[Microsoft.AspNetCore.Identity.IdentityUser, Microsoft.Extensions.Identity.Stores, Version=5.0.0.0, Culture=neutral, PublicKeyToken=adb9793829ddae60]].\r\nCould not find a parameterless constructor.","ErrorStackTrace":"","DisplayName":"UserController_CreateUser_User_Or_Password_Invalid_ReturnsException","Messages":[],"ComputerName":"DESKTOP-51CUQQV","Duration":"00:00:01.5412840","StartTime":"2023-07-24T09:19:12.1267463+00:00","EndTime":"2023-07-24T09:19:13.6679302+00:00","Properties":[]},{"TestCase":{"Id":"e8f30966-0354-24d5-7848-b6c74d3f96ab","FullyQualifiedName":"allopromo.Api.UnitTests.UserControllerTests.UserController_CreateUser_UserIsInvalid_OrNull_SHOULD_ThrowAnException","DisplayName":"UserController_CreateUser_UserIsInvalid_OrNull_SHOULD_ThrowAnException","ExecutorUri":"executor://NUnit3TestExecutor","Source":"C:\\Users\\MonPC\\source\\repos\\allopromo\\allopromo.Api.UnitTests\\bin\\Debug\\netcoreapp3.1\\fine-code-coverage\\build-output\\allopromo.Api.UnitTests.dll","CodeFilePath":null,"LineNumber":0,"Properties":[]},"Attachments":[],"Outcome":2,"ErrorMessage":"OneTimeSetUp: Castle.DynamicProxy.InvalidProxyConstructorArgumentsException : Can not instantiate proxy of class: Microsoft.AspNetCore.Identity.UserManager`1[[Microsoft.AspNetCore.Identity.IdentityUser, Microsoft.Extensions.Identity.Stores, Version=5.0.0.0, Culture=neutral, PublicKeyToken=adb9793829ddae60]].\r\nCould not find a parameterless constructor.","ErrorStackTrace":"","DisplayName":"UserController_CreateUser_UserIsInvalid_OrNull_SHOULD_ThrowAnException","Messages":[],"ComputerName":"DESKTOP-51CUQQV","Duration":"00:00:01.5914610","StartTime":"2023-07-24T09:19:12.1267463+00:00","EndTime":"2023-07-24T09:19:13.7182074+00:00","Properties":[]},{"TestCase":{"Id":"928e2050-2512-a679-6d7d-293fa5115f63","FullyQualifiedName":"allopromo.Api.UnitTests.UserControllerTests.UserController_CreateUser_UserValid_PasswordValid_ReturnsOkCreated","DisplayName":"UserController_CreateUser_UserValid_PasswordValid_ReturnsOkCreated","ExecutorUri":"executor://NUnit3TestExecutor","Source":"C:\\Users\\MonPC\\source\\repos\\allopromo\\allopromo.Api.UnitTests\\bin\\Debug\\netcoreapp3.1\\fine-code-coverage\\build-output\\allopromo.Api.UnitTests.dll","CodeFilePath":null,"LineNumber":0,"Properties":[]},"Attachments":[],"Outcome":2,"ErrorMessage":"OneTimeSetUp: Castle.DynamicProxy.InvalidProxyConstructorArgumentsException : Can not instantiate proxy of class: Microsoft.AspNetCore.Identity.UserManager`1[[Microsoft.AspNetCore.Identity.IdentityUser, Microsoft.Extensions.Identity.Stores, Version=5.0.0.0, Culture=neutral, PublicKeyToken=adb9793829ddae60]].\r\nCould not find a parameterless constructor.","ErrorStackTrace":"","DisplayName":"UserController_CreateUser_UserValid_PasswordValid_ReturnsOkCreated","Messages":[],"ComputerName":"DESKTOP-51CUQQV","Duration":"00:00:01.5948130","StartTime":"2023-07-24T09:19:12.1267463+00:00","EndTime":"2023-07-24T09:19:13.7215598+00:00","Properties":[]},{"TestCase":{"Id":"05dad48f-0e50-ed7c-4ea1-d1837b8d0ec5","FullyQualifiedName":"allopromo.Api.UnitTests.UserControllerTests.UserController_GetUsers_ShouldReturnUsers_ByRole","DisplayName":"UserController_GetUsers_ShouldReturnUsers_ByRole","ExecutorUri":"executor://NUnit3TestExecutor","Source":"C:\\Users\\MonPC\\source\\repos\\allopromo\\allopromo.Api.UnitTests\\bin\\Debug\\netcoreapp3.1\\fine-code-coverage\\build-output\\allopromo.Api.UnitTests.dll","CodeFilePath":null,"LineNumber":0,"Properties":[]},"Attachments":[],"Outcome":2,"ErrorMessage":"OneTimeSetUp: Castle.DynamicProxy.InvalidProxyConstructorArgumentsException : Can not instantiate proxy of class: Microsoft.AspNetCore.Identity.UserManager`1[[Microsoft.AspNetCore.Identity.IdentityUser, Microsoft.Extensions.Identity.Stores, Version=5.0.0.0, Culture=neutral, PublicKeyToken=adb9793829ddae60]].\r\nCould not find a parameterless constructor.","ErrorStackTrace":"","DisplayName":"UserController_GetUsers_ShouldReturnUsers_ByRole","Messages":[],"ComputerName":"DESKTOP-51CUQQV","Duration":"00:00:01.5992380","StartTime":"2023-07-24T09:19:12.1267463+00:00","EndTime":"2023-07-24T09:19:13.7259849+00:00","Properties":[]},{"TestCase":{"Id":"d20d5979-b1d3-08a4-73f9-d8ac53cf5185","FullyQualifiedName":"allopromo.Api.UnitTests.UserControllerTests.UserController_LOGIN_ReturnsBad_Request_OrNotFound","DisplayName":"UserController_LOGIN_ReturnsBad_Request_OrNotFound","ExecutorUri":"executor://NUnit3TestExecutor","Source":"C:\\Users\\MonPC\\source\\repos\\allopromo\\allopromo.Api.UnitTests\\bin\\Debug\\netcoreapp3.1\\fine-code-coverage\\build-output\\allopromo.Api.UnitTests.dll","CodeFilePath":null,"LineNumber":0,"Properties":[]},"Attachments":[],"Outcome":2,"ErrorMessage":"OneTimeSetUp: Castle.DynamicProxy.InvalidProxyConstructorArgumentsException : Can not instantiate proxy of class: Microsoft.AspNetCore.Identity.UserManager`1[[Microsoft.AspNetCore.Identity.IdentityUser, Microsoft.Extensions.Identity.Stores, Version=5.0.0.0, Culture=neutral, PublicKeyToken=adb9793829ddae60]].\r\nCould not find a parameterless constructor.","ErrorStackTrace":"","DisplayName":"UserController_LOGIN_ReturnsBad_Request_OrNotFound","Messages":[],"ComputerName":"DESKTOP-51CUQQV","Duration":"00:00:01.6176830","StartTime":"2023-07-24T09:19:12.1267463+00:00","EndTime":"2023-07-24T09:19:13.7444212+00:00","Properties":[]},{"TestCase":{"Id":"da516fb3-bb18-9339-70aa-95512a3b5920","FullyQualifiedName":"allopromo.Api.UnitTests.UserControllerTests.UserController_LOGIN_SHOULD_Return_UserOK","DisplayName":"UserController_LOGIN_SHOULD_Return_UserOK","ExecutorUri":"executor://NUnit3TestExecutor","Source":"C:\\Users\\MonPC\\source\\repos\\allopromo\\allopromo.Api.UnitTests\\bin\\Debug\\netcoreapp3.1\\fine-code-coverage\\build-output\\allopromo.Api.UnitTests.dll","CodeFilePath":null,"LineNumber":0,"Properties":[]},"Attachments":[],"Outcome":2,"ErrorMessage":"OneTimeSetUp: Castle.DynamicProxy.InvalidProxyConstructorArgumentsException : Can not instantiate proxy of class: Microsoft.AspNetCore.Identity.UserManager`1[[Microsoft.AspNetCore.Identity.IdentityUser, Microsoft.Extensions.Identity.Stores, Version=5.0.0.0, Culture=neutral, PublicKeyToken=adb9793829ddae60]].\r\nCould not find a parameterless constructor.","ErrorStackTrace":"","DisplayName":"UserController_LOGIN_SHOULD_Return_UserOK","Messages":[],"ComputerName":"DESKTOP-51CUQQV","Duration":"00:00:01.6492010","StartTime":"2023-07-24T09:19:12.1267463+00:00","EndTime":"2023-07-24T09:19:13.7759399+00:00","Properties":[]},{"TestCase":{"Id":"14a5a8f0-aa8d-eef3-96a0-1bf52e37e7ab","FullyQualifiedName":"allopromo.Api.UnitTests.UserControllerTests.UserController_LOGIN_SHOULD_ReturnsNull","DisplayName":"UserController_LOGIN_SHOULD_ReturnsNull","ExecutorUri":"executor://NUnit3TestExecutor","Source":"C:\\Users\\MonPC\\source\\repos\\allopromo\\allopromo.Api.UnitTests\\bin\\Debug\\netcoreapp3.1\\fine-code-coverage\\build-output\\allopromo.Api.UnitTests.dll","CodeFilePath":null,"LineNumber":0,"Properties":[]},"Attachments":[],"Outcome":2,"ErrorMessage":"OneTimeSetUp: Castle.DynamicProxy.InvalidProxyConstructorArgumentsException : Can not instantiate proxy of class: Microsoft.AspNetCore.Identity.UserManager`1[[Microsoft.AspNetCore.Identity.IdentityUser, Microsoft.Extensions.Identity.Stores, Version=5.0.0.0, Culture=neutral, PublicKeyToken=adb9793829ddae60]].\r\nCould not find a parameterless constructor.","ErrorStackTrace":"","DisplayName":"UserController_LOGIN_SHOULD_ReturnsNull","Messages":[],"ComputerName":"DESKTOP-51CUQQV","Duration":"00:00:01.6605260","StartTime":"2023-07-24T09:19:12.1267463+00:00","EndTime":"2023-07-24T09:19:13.7872658+00:00","Properties":[]},{"TestCase":{"Id":"af9db9a1-2e75-f21c-19ee-657e098f9d57","FullyQualifiedName":"alloPromoTests.ApiControllers.RoleControllerTest.UserController_CreatesUser_ReturnCreated_User()","DisplayName":"UserController_CreatesUser_ReturnCreated_User()","ExecutorUri":"executor://NUnit3TestExecutor","Source":"C:\\Users\\MonPC\\source\\repos\\allopromo\\allopromo.Api.UnitTests\\bin\\Debug\\netcoreapp3.1\\fine-code-coverage\\build-output\\allopromo.Api.UnitTests.dll","CodeFilePath":null,"LineNumber":0,"Properties":[]},"Attachments":[],"Outcome":1,"ErrorMessage":null,"ErrorStackTrace":null,"DisplayName":"UserController_CreatesUser_ReturnCreated_User()","Messages":[],"ComputerName":"DESKTOP-51CUQQV","Duration":"00:00:00.0007260","StartTime":"2023-07-24T09:19:13.8678948+00:00","EndTime":"2023-07-24T09:19:13.8686227+00:00","Properties":[]}],"TestRunStatistics":{"ExecutedTests":32,"Stats":{"Passed":22,"Failed":10}},"ActiveTests":[{"Id":"7b87d1e1-62f0-aef2-9436-442284065dee","FullyQualifiedName":"alloPromoTests.ApiControllers.RoleControllerTest.UserController_CreatesUser_UserNull_ReturnsException()","DisplayName":"UserController_CreatesUser_UserNull_ReturnsException()","ExecutorUri":"executor://NUnit3TestExecutor","Source":"C:\\Users\\MonPC\\source\\repos\\allopromo\\allopromo.Api.UnitTests\\bin\\Debug\\netcoreapp3.1\\fine-code-coverage\\build-output\\allopromo.Api.UnitTests.dll","CodeFilePath":null,"LineNumber":0,"Properties":[]}]}}
TpTrace Verbose: 0 : 18436, 4, 2023/07/24, 09:19:13.906, 44559329078720, vstest.console.dll, TestRunRequest:SendTestRunStatsChange: Starting.
TpTrace Verbose: 0 : 18436, 4, 2023/07/24, 09:19:13.907, 44559329082193, vstest.console.dll, InProgress is UserController_CreatesUser_UserNull_ReturnsException()
TpTrace Information: 0 : 18436, 4, 2023/07/24, 09:19:13.907, 44559329085486, vstest.console.dll, TestRunRequest:SendTestRunStatsChange: Completed.
TpTrace Verbose: 0 : 18436, 4, 2023/07/24, 09:19:13.907, 44559329087473, vstest.console.dll, TcpClientExtensions.MessageLoopAsync: Polling on remoteEndPoint: 127.0.0.1:54054 localEndPoint: 127.0.0.1:54051
TpTrace Verbose: 0 : 18436, 4, 2023/07/24, 09:19:14.006, 44559330079332, vstest.console.dll, TcpClientExtensions.MessageLoopAsync: NotifyDataAvailable remoteEndPoint: 127.0.0.1:54054 localEndPoint: 127.0.0.1:54051
TpTrace Verbose: 0 : 18436, 4, 2023/07/24, 09:19:14.007, 44559330083920, vstest.console.dll, TestRequestSender.OnExecutionMessageReceived: Received message: {"Version":2,"MessageType":"TestSession.Message","Payload":{"MessageLevel":0,"Message":"NUnit Adapter 3.16.1.0: Test execution complete"}}
TpTrace Verbose: 0 : 18436, 4, 2023/07/24, 09:19:14.007, 44559330089710, vstest.console.dll, TestRunRequest:SendTestRunMessage: Starting.
TpTrace Information: 0 : 18436, 4, 2023/07/24, 09:19:14.008, 44559330095085, vstest.console.dll, TestRunRequest:SendTestRunMessage: Completed.
TpTrace Verbose: 0 : 18436, 4, 2023/07/24, 09:19:14.008, 44559330098131, vstest.console.dll, TcpClientExtensions.MessageLoopAsync: Polling on remoteEndPoint: 127.0.0.1:54054 localEndPoint: 127.0.0.1:54051
TpTrace Verbose: 0 : 18436, 4, 2023/07/24, 09:19:14.285, 44559332861467, vstest.console.dll, TcpClientExtensions.MessageLoopAsync: NotifyDataAvailable remoteEndPoint: 127.0.0.1:54054 localEndPoint: 127.0.0.1:54051
TpTrace Verbose: 0 : 18436, 4, 2023/07/24, 09:19:14.286, 44559332870403, vstest.console.dll, TestRequestSender.OnExecutionMessageReceived: Received message: {"Version":2,"MessageType":"TestExecution.Completed","Payload":{"TestRunCompleteArgs":{"TestRunStatistics":{"ExecutedTests":34,"Stats":{"Passed":24,"Failed":10}},"IsCanceled":false,"IsAborted":false,"Error":null,"AttachmentSets":[],"ElapsedTimeInRunningTests":"00:00:11.3614794","Metrics":{}},"LastRunTests":{"NewTestResults":[{"TestCase":{"Id":"7b87d1e1-62f0-aef2-9436-442284065dee","FullyQualifiedName":"alloPromoTests.ApiControllers.RoleControllerTest.UserController_CreatesUser_UserNull_ReturnsException()","DisplayName":"UserController_CreatesUser_UserNull_ReturnsException()","ExecutorUri":"executor://NUnit3TestExecutor","Source":"C:\\Users\\MonPC\\source\\repos\\allopromo\\allopromo.Api.UnitTests\\bin\\Debug\\netcoreapp3.1\\fine-code-coverage\\build-output\\allopromo.Api.UnitTests.dll","CodeFilePath":null,"LineNumber":0,"Properties":[]},"Attachments":[],"Outcome":1,"ErrorMessage":null,"ErrorStackTrace":null,"DisplayName":"UserController_CreatesUser_UserNull_ReturnsException()","Messages":[],"ComputerName":"DESKTOP-51CUQQV","Duration":"00:00:00.0003780","StartTime":"2023-07-24T09:19:13.8902388+00:00","EndTime":"2023-07-24T09:19:13.8906228+00:00","Properties":[]},{"TestCase":{"Id":"ba7a0ea3-ee78-e6f9-043e-47a251ed954c","FullyQualifiedName":"alloPromoTests.ApiControllers.RoleControllerTest.UserController_GetUser_Returns_UserWithRole()","DisplayName":"UserController_GetUser_Returns_UserWithRole()","ExecutorUri":"executor://NUnit3TestExecutor","Source":"C:\\Users\\MonPC\\source\\repos\\allopromo\\allopromo.Api.UnitTests\\bin\\Debug\\netcoreapp3.1\\fine-code-coverage\\build-output\\allopromo.Api.UnitTests.dll","CodeFilePath":null,"LineNumber":0,"Properties":[]},"Attachments":[],"Outcome":1,"ErrorMessage":null,"ErrorStackTrace":null,"DisplayName":"UserController_GetUser_Returns_UserWithRole()","Messages":[],"ComputerName":"DESKTOP-51CUQQV","Duration":"00:00:00.0004730","StartTime":"2023-07-24T09:19:13.9252763+00:00","EndTime":"2023-07-24T09:19:13.9257509+00:00","Properties":[]}],"TestRunStatistics":{"ExecutedTests":34,"Stats":{"Passed":24,"Failed":10}},"ActiveTests":[]},"RunAttachments":[],"ExecutorUris":["executor://nunit3testexecutor/"]}}
TpTrace Verbose: 0 : 18436, 4, 2023/07/24, 09:19:14.287, 44559332882376, vstest.console.dll, TestRequestSender.EndSession: Sending end session.
TpTrace Verbose: 0 : 18436, 4, 2023/07/24, 09:19:14.287, 44559332888645, vstest.console.dll, ProxyOperationManager.Close: waiting for test host to exit for 100 ms
TpTrace Warning: 0 : 18436, 10, 2023/07/24, 09:19:14.422, 44559334233761, vstest.console.dll, TestHostManagerCallbacks.ErrorReceivedCallback Test host standard error line: 
TpTrace Warning: 0 : 18436, 4, 2023/07/24, 09:19:14.517, 44559335187683, vstest.console.dll, ProxyOperationManager: Timed out waiting for test host to exit. Will terminate process.
TpTrace Verbose: 0 : 18436, 11, 2023/07/24, 09:19:14.557, 44559335586341, vstest.console.dll, TestHostProvider.ExitCallBack: Host exited starting callback.
TpTrace Information: 0 : 18436, 11, 2023/07/24, 09:19:14.558, 44559335591893, vstest.console.dll, TestHostManagerCallbacks.ExitCallBack: Testhost processId: 2364 exited with exitcode: 0 error: ''
TpTrace Verbose: 0 : 18436, 11, 2023/07/24, 09:19:14.558, 44559335595215, vstest.console.dll, DotnetTestHostManager.OnHostExited: invoking OnHostExited callback
TpTrace Verbose: 0 : 18436, 11, 2023/07/24, 09:19:14.559, 44559335600733, vstest.console.dll, CrossPlatEngine.TestHostManagerHostExited: calling on client process exit callback.
TpTrace Information: 0 : 18436, 11, 2023/07/24, 09:19:14.559, 44559335609062, vstest.console.dll, TestRequestSender.OnClientProcessExit: Test host process exited. Standard error: 
TpTrace Information: 0 : 18436, 11, 2023/07/24, 09:19:14.560, 44559335613093, vstest.console.dll, SocketServer.Stop: Stop server endPoint: 127.0.0.1:54051
TpTrace Information: 0 : 18436, 11, 2023/07/24, 09:19:14.560, 44559335615062, vstest.console.dll, SocketServer.Stop: Cancellation requested. Stopping message loop.
TpTrace Verbose: 0 : 18436, 4, 2023/07/24, 09:19:14.563, 44559335643775, vstest.console.dll, ProxyDataCollectionManager.InvokeDataCollectionServiceAction: Starting.
TpTrace Information: 0 : 18436, 4, 2023/07/24, 09:19:14.563, 44559335646890, vstest.console.dll, ProxyDataCollectionManager.AfterTestRunEnd: Get attachment set for datacollector processId: 21488 port: 54042
TpTrace Verbose: 0 : 18436, 4, 2023/07/24, 09:19:14.563, 44559335649607, vstest.console.dll, DataCollectionRequestSender.SendAfterTestRunStartAndGetResult : Send AfterTestRunEnd message with isCancelled: False
TpTrace Verbose: 0 : 18436, 4, 2023/07/24, 09:19:14.570, 44559335716515, vstest.console.dll, DataCollectionRequestSender.SendAfterTestRunStartAndGetResult : Received message: (DataCollection.AfterTestRunEndResult) -> []
TpTrace Information: 0 : 18436, 4, 2023/07/24, 09:19:14.575, 44559335768581, vstest.console.dll, ProxyDataCollectionManager.InvokeDataCollectionServiceAction: Completed.
TpTrace Warning: 0 : 18436, 6, 2023/07/24, 09:19:14.640, 44559336416158, vstest.console.dll, DataCollectionLauncher.ErrorReceivedCallback datacollector standard error line: 
TpTrace Information: 0 : 18436, 13, 2023/07/24, 09:19:14.706, 44559337075864, vstest.console.dll, DataCollectionLauncher.ExitCallBack: Data collector exited with exitcode: 0 error: ''
TpTrace Verbose: 0 : 18436, 4, 2023/07/24, 09:19:14.757, 44559337588633, vstest.console.dll, TestRunRequest:SendTestRunStatsChange: Starting.
TpTrace Information: 0 : 18436, 4, 2023/07/24, 09:19:14.760, 44559337612241, vstest.console.dll, TestRunRequest:SendTestRunStatsChange: Completed.
TpTrace Verbose: 0 : 18436, 4, 2023/07/24, 09:19:14.762, 44559337638734, vstest.console.dll, ParallelProxyExecutionManager: HandlePartialRunComplete: Total completed clients = 1, Run complete = True, Run canceled: False.
TpTrace Verbose: 0 : 18436, 4, 2023/07/24, 09:19:14.892, 44559338939106, vstest.console.dll, TestRunRequest:TestRunComplete: Starting. IsAborted:False IsCanceled:False.
TpTrace Verbose: 0 : 18436, 4, 2023/07/24, 09:19:14.893, 44559338947602, vstest.console.dll, TestLoggerManager.HandleTestRunComplete: Ignoring as the object is disposed.
TpTrace Information: 0 : 18436, 4, 2023/07/24, 09:19:14.896, 44559338977750, vstest.console.dll, TestRunRequest:TestRunComplete: Completed.
TpTrace Verbose: 0 : 18436, 1, 2023/07/24, 09:19:14.896, 44559338977814, vstest.console.dll, TestRunRequest.Dispose: Starting.
TpTrace Verbose: 0 : 18436, 4, 2023/07/24, 09:19:14.897, 44559338982610, vstest.console.dll, TestRequestSender.SetOperationComplete: Setting operation complete.
TpTrace Information: 0 : 18436, 4, 2023/07/24, 09:19:14.897, 44559338989612, vstest.console.dll, SocketServer.Stop: Stop server endPoint: 127.0.0.1:54051
TpTrace Information: 0 : 18436, 1, 2023/07/24, 09:19:14.898, 44559338990787, vstest.console.dll, TestRunRequest.Dispose: Completed.
TpTrace Information: 0 : 18436, 4, 2023/07/24, 09:19:14.898, 44559338992517, vstest.console.dll, SocketServer.Stop: Cancellation requested. Stopping message loop.
TpTrace Information: 0 : 18436, 1, 2023/07/24, 09:19:14.898, 44559338995346, vstest.console.dll, TestRequestManager.RunTests: run tests completed.
TpTrace Information: 0 : 18436, 4, 2023/07/24, 09:19:14.898, 44559338997222, vstest.console.dll, SocketServer.PrivateStop: Stop server endPoint: 127.0.0.1:54051 error: 
TpTrace Information: 0 : 18436, 1, 2023/07/24, 09:19:14.899, 44559339007052, vstest.console.dll, RunTestsArgumentProcessor:Execute: Test run is completed.
TpTrace Verbose: 0 : 18436, 1, 2023/07/24, 09:19:14.900, 44559339011944, vstest.console.dll, Executor.Execute: Exiting with exit code of 1
TpTrace Verbose: 0 : 18436, 4, 2023/07/24, 09:19:14.902, 44559339033933, vstest.console.dll, LengthPrefixCommunicationChannel.Dispose: Dispose reader and writer.
TpTrace Information: 0 : 18436, 4, 2023/07/24, 09:19:14.902, 44559339037933, vstest.console.dll, SocketServer.Stop: Raise disconnected event endPoint: 127.0.0.1:54051 error: 
TpTrace Verbose: 0 : 18436, 4, 2023/07/24, 09:19:14.903, 44559339042302, vstest.console.dll, TestRequestSender: OnTestRunAbort: Operation is already complete. Skip error message.
TpTrace Verbose: 0 : 18436, 4, 2023/07/24, 09:19:14.903, 44559339044862, vstest.console.dll, TcpClientExtensions.MessageLoopAsync: exiting MessageLoopAsync remoteEndPoint: 127.0.0.1:54054 localEndPoint: 127.0.0.1:54051
